#
# There is insufficient memory for the Java Runtime Environment to continue.
# Native memory allocation (malloc) failed to allocate 1043216 bytes for Chunk::new
# Possible reasons:
#   The system is out of physical RAM or swap space
#   The process is running with CompressedOops enabled, and the Java Heap may be blocking the growth of the native heap
# Possible solutions:
#   Reduce memory load on the system
#   Increase physical memory or swap space
#   Check if swap backing store is full
#   Decrease Java heap size (-Xmx/-Xms)
#   Decrease number of Java threads
#   Decrease Java thread stack sizes (-Xss)
#   Set larger code cache with -XX:ReservedCodeCacheSize=
#   JVM is running with Zero Based Compressed Oops mode in which the Java heap is
#     placed in the first 32GB address space. The Java Heap base address is the
#     maximum limit for the native heap growth. Please use -XX:HeapBaseMinAddress
#     to set the Java Heap base and to place the Java Heap above 32GB virtual address.
# This output file may be truncated or incomplete.
#
#  Out of Memory Error (./src/hotspot/share/memory/arena.cpp:197), pid=13580, tid=11068
#
# JRE version: OpenJDK Runtime Environment (11.0.10) (build 11.0.10+0-b96-7249189)
# Java VM: OpenJDK 64-Bit Server VM (11.0.10+0-b96-7249189, mixed mode, tiered, compressed oops, g1 gc, windows-amd64)
# No core dump will be written. Minidumps are not enabled by default on client versions of Windows
#

---------------  S U M M A R Y ------------

Command Line: org.jetbrains.kotlin.cli.jvm.K2JVMCompiler @C:\Users\musta\AndroidStudioProjects\Flixster\app\build\20220304_12358589038433836257.compiler.options

Host: Intel(R) Core(TM) i5-8350U CPU @ 1.70GHz, 8 cores, 15G,  Windows 10 , 64 bit Build 19041 (10.0.19041.1503)
Time: Fri Mar  4 14:23:23 2022 Eastern Standard Time elapsed time: 2.684876 seconds (0d 0h 0m 2s)

---------------  T H R E A D  ---------------

Current thread (0x00000122bc7c0000):  JavaThread "C2 CompilerThread1" daemon [_thread_in_native, id=11068, stack(0x000000165b400000,0x000000165b500000)]


Current CompileTask:
C2:   2684 2838       4       java.lang.ClassLoader::loadClass (7 bytes)

Stack: [0x000000165b400000,0x000000165b500000]
Native frames: (J=compiled Java code, j=interpreted, Vv=VM code, C=native code)
V  [jvm.dll+0x5ecfaa]
V  [jvm.dll+0x722bd5]
V  [jvm.dll+0x72412d]
V  [jvm.dll+0x7247e3]
V  [jvm.dll+0x242928]
V  [jvm.dll+0xbc4fc]
V  [jvm.dll+0xbca0c]
V  [jvm.dll+0x2b4fd4]
V  [jvm.dll+0x506028]
V  [jvm.dll+0x203253]
V  [jvm.dll+0x1fd07c]
V  [jvm.dll+0x1fa77f]
V  [jvm.dll+0x18354c]
V  [jvm.dll+0x208ee7]
V  [jvm.dll+0x207731]
V  [jvm.dll+0x6eb1cf]
V  [jvm.dll+0x6e3d45]
V  [jvm.dll+0x5ebe96]
C  [ucrtbase.dll+0x21bb2]
C  [KERNEL32.DLL+0x17034]
C  [ntdll.dll+0x52651]


---------------  P R O C E S S  ---------------

Threads class SMR info:
_java_thread_list=0x00000122bd4b23d0, length=12, elements={
0x000001229b781800, 0x00000122ba7fe000, 0x00000122ba7f3800, 0x00000122bb0be000,
0x00000122bb0c0800, 0x00000122bb0c1800, 0x00000122bb0c7800, 0x00000122bb110000,
0x00000122bb119000, 0x00000122bb26b000, 0x00000122bc7c0000, 0x00000122bd15f800
}

Java Threads: ( => current thread )
  0x000001229b781800 JavaThread "main" [_thread_in_vm, id=26376, stack(0x000000165a300000,0x000000165a400000)]
  0x00000122ba7fe000 JavaThread "Reference Handler" daemon [_thread_blocked, id=3392, stack(0x000000165aa00000,0x000000165ab00000)]
  0x00000122ba7f3800 JavaThread "Finalizer" daemon [_thread_blocked, id=4636, stack(0x000000165ab00000,0x000000165ac00000)]
  0x00000122bb0be000 JavaThread "Signal Dispatcher" daemon [_thread_blocked, id=9176, stack(0x000000165ac00000,0x000000165ad00000)]
  0x00000122bb0c0800 JavaThread "Attach Listener" daemon [_thread_blocked, id=18608, stack(0x000000165ad00000,0x000000165ae00000)]
  0x00000122bb0c1800 JavaThread "Service Thread" daemon [_thread_blocked, id=3488, stack(0x000000165ae00000,0x000000165af00000)]
  0x00000122bb0c7800 JavaThread "C2 CompilerThread0" daemon [_thread_blocked, id=24952, stack(0x000000165af00000,0x000000165b000000)]
  0x00000122bb110000 JavaThread "C1 CompilerThread0" daemon [_thread_in_vm, id=14444, stack(0x000000165b000000,0x000000165b100000)]
  0x00000122bb119000 JavaThread "Sweeper thread" daemon [_thread_blocked, id=23084, stack(0x000000165b100000,0x000000165b200000)]
  0x00000122bb26b000 JavaThread "Common-Cleaner" daemon [_thread_blocked, id=18552, stack(0x000000165b300000,0x000000165b400000)]
=>0x00000122bc7c0000 JavaThread "C2 CompilerThread1" daemon [_thread_in_native, id=11068, stack(0x000000165b400000,0x000000165b500000)]
  0x00000122bd15f800 JavaThread "C2 CompilerThread2" daemon [_thread_blocked, id=6968, stack(0x000000165b500000,0x000000165b600000)]

Other Threads:
  0x00000122ba7ea800 VMThread "VM Thread" [stack: 0x000000165a900000,0x000000165aa00000] [id=17236]
  0x00000122bb260800 WatcherThread [stack: 0x000000165b200000,0x000000165b300000] [id=9740]
  0x000001229b799000 GCTaskThread "GC Thread#0" [stack: 0x000000165a400000,0x000000165a500000] [id=10496]
  0x00000122bb9d1000 GCTaskThread "GC Thread#1" [stack: 0x000000165b600000,0x000000165b700000] [id=18028]
  0x00000122bb9d1800 GCTaskThread "GC Thread#2" [stack: 0x000000165b700000,0x000000165b800000] [id=27000]
  0x00000122bba6b800 GCTaskThread "GC Thread#3" [stack: 0x000000165b800000,0x000000165b900000] [id=18268]
  0x00000122bba6c000 GCTaskThread "GC Thread#4" [stack: 0x000000165b900000,0x000000165ba00000] [id=23196]
  0x00000122bba85000 GCTaskThread "GC Thread#5" [stack: 0x000000165ba00000,0x000000165bb00000] [id=16672]
  0x000001229b7f6800 ConcurrentGCThread "G1 Main Marker" [stack: 0x000000165a500000,0x000000165a600000] [id=10996]
  0x000001229b7fa000 ConcurrentGCThread "G1 Conc#0" [stack: 0x000000165a600000,0x000000165a700000] [id=15784]
  0x00000122bc60c800 ConcurrentGCThread "G1 Conc#1" [stack: 0x000000165bb00000,0x000000165bc00000] [id=23344]
  0x00000122ba6c4800 ConcurrentGCThread "G1 Refine#0" [stack: 0x000000165a700000,0x000000165a800000] [id=15024]
  0x00000122bc599000 ConcurrentGCThread "G1 Refine#1" [stack: 0x000000165bc00000,0x000000165bd00000] [id=10368]
  0x00000122bc686800 ConcurrentGCThread "G1 Refine#2" [stack: 0x000000165bd00000,0x000000165be00000] [id=8532]
  0x00000122ba6c8000 ConcurrentGCThread "G1 Young RemSet Sampling" [stack: 0x000000165a800000,0x000000165a900000] [id=4156]

Threads with active compile tasks:
C2 CompilerThread1   2706 2838       4       java.lang.ClassLoader::loadClass (7 bytes)

VM state:not at safepoint (normal execution)

VM Mutex/Monitor currently owned by a thread: None

Heap address: 0x0000000702200000, size: 4062 MB, Compressed Oops mode: Zero based, Oop shift amount: 3
Narrow klass base: 0x0000000800000000, Narrow klass shift: 0
Compressed class space size: 1073741824 Address: 0x0000000800000000

Heap:
 garbage-first heap   total 260096K, used 28480K [0x0000000702200000, 0x0000000800000000)
  region size 1024K, 11 young (11264K), 5 survivors (5120K)
 Metaspace       used 43395K, capacity 43961K, committed 44188K, reserved 1087488K
  class space    used 5173K, capacity 5387K, committed 5452K, reserved 1048576K
Heap Regions: E=young(eden), S=young(survivor), O=old, HS=humongous(starts), HC=humongous(continues), CS=collection set, F=free, A=archive, TAMS=top-at-mark-start (previous, next)
|   0|0x0000000702200000, 0x0000000702300000, 0x0000000702300000|100%|HS|  |TAMS 0x0000000702300000, 0x0000000702200000| Complete 
|   1|0x0000000702300000, 0x0000000702400000, 0x0000000702400000|100%|HC|  |TAMS 0x0000000702400000, 0x0000000702300000| Complete 
|   2|0x0000000702400000, 0x0000000702500000, 0x0000000702500000|100%|HC|  |TAMS 0x0000000702500000, 0x0000000702400000| Complete 
|   3|0x0000000702500000, 0x0000000702600000, 0x0000000702600000|100%|HS|  |TAMS 0x0000000702600000, 0x0000000702500000| Complete 
|   4|0x0000000702600000, 0x0000000702700000, 0x0000000702700000|100%|HC|  |TAMS 0x0000000702700000, 0x0000000702600000| Complete 
|   5|0x0000000702700000, 0x0000000702800000, 0x0000000702800000|100%|HC|  |TAMS 0x0000000702800000, 0x0000000702700000| Complete 
|   6|0x0000000702800000, 0x0000000702900000, 0x0000000702900000|100%| O|  |TAMS 0x0000000702800000, 0x0000000702800000| Untracked 
|   7|0x0000000702900000, 0x0000000702a00000, 0x0000000702a00000|100%| O|  |TAMS 0x0000000702900000, 0x0000000702900000| Untracked 
|   8|0x0000000702a00000, 0x0000000702b00000, 0x0000000702b00000|100%| O|  |TAMS 0x0000000702b00000, 0x0000000702a00000| Untracked 
|   9|0x0000000702b00000, 0x0000000702c00000, 0x0000000702c00000|100%| O|  |TAMS 0x0000000702c00000, 0x0000000702b00000| Untracked 
|  10|0x0000000702c00000, 0x0000000702d00000, 0x0000000702d00000|100%| O|  |TAMS 0x0000000702d00000, 0x0000000702c00000| Untracked 
|  11|0x0000000702d00000, 0x0000000702e00000, 0x0000000702e00000|100%| O|  |TAMS 0x0000000702e00000, 0x0000000702d00000| Untracked 
|  12|0x0000000702e00000, 0x0000000702f00000, 0x0000000702f00000|100%| O|  |TAMS 0x0000000702f00000, 0x0000000702e00000| Untracked 
|  13|0x0000000702f00000, 0x0000000703000000, 0x0000000703000000|100%| O|  |TAMS 0x0000000703000000, 0x0000000702f00000| Untracked 
|  14|0x0000000703000000, 0x0000000703100000, 0x0000000703100000|100%| O|  |TAMS 0x0000000703100000, 0x0000000703000000| Untracked 
|  15|0x0000000703100000, 0x0000000703200000, 0x0000000703200000|100%| O|  |TAMS 0x00000007031be600, 0x0000000703100000| Untracked 
|  16|0x0000000703200000, 0x0000000703300000, 0x0000000703300000|100%| O|  |TAMS 0x0000000703200000, 0x0000000703200000| Untracked 
|  17|0x0000000703300000, 0x0000000703400000, 0x0000000703400000|100%| O|  |TAMS 0x0000000703300000, 0x0000000703300000| Untracked 
|  18|0x0000000703400000, 0x0000000703416200, 0x0000000703500000|  8%| O|  |TAMS 0x0000000703400000, 0x0000000703400000| Untracked 
|  19|0x0000000703500000, 0x0000000703500000, 0x0000000703600000|  0%| F|  |TAMS 0x0000000703500000, 0x0000000703500000| Untracked 
|  20|0x0000000703600000, 0x0000000703600000, 0x0000000703700000|  0%| F|  |TAMS 0x0000000703600000, 0x0000000703600000| Untracked 
|  21|0x0000000703700000, 0x0000000703700000, 0x0000000703800000|  0%| F|  |TAMS 0x0000000703700000, 0x0000000703700000| Untracked 
|  22|0x0000000703800000, 0x0000000703800000, 0x0000000703900000|  0%| F|  |TAMS 0x0000000703800000, 0x0000000703800000| Untracked 
|  23|0x0000000703900000, 0x0000000703900000, 0x0000000703a00000|  0%| F|  |TAMS 0x0000000703900000, 0x0000000703900000| Untracked 
|  24|0x0000000703a00000, 0x0000000703a00000, 0x0000000703b00000|  0%| F|  |TAMS 0x0000000703a00000, 0x0000000703a00000| Untracked 
|  25|0x0000000703b00000, 0x0000000703b00000, 0x0000000703c00000|  0%| F|  |TAMS 0x0000000703b00000, 0x0000000703b00000| Untracked 
|  26|0x0000000703c00000, 0x0000000703c00000, 0x0000000703d00000|  0%| F|  |TAMS 0x0000000703c00000, 0x0000000703c00000| Untracked 
|  27|0x0000000703d00000, 0x0000000703d00000, 0x0000000703e00000|  0%| F|  |TAMS 0x0000000703d00000, 0x0000000703d00000| Untracked 
|  28|0x0000000703e00000, 0x0000000703e00000, 0x0000000703f00000|  0%| F|  |TAMS 0x0000000703e00000, 0x0000000703e00000| Untracked 
|  29|0x0000000703f00000, 0x0000000703f00000, 0x0000000704000000|  0%| F|  |TAMS 0x0000000703f00000, 0x0000000703f00000| Untracked 
|  30|0x0000000704000000, 0x0000000704000000, 0x0000000704100000|  0%| F|  |TAMS 0x0000000704000000, 0x0000000704000000| Untracked 
|  31|0x0000000704100000, 0x0000000704100000, 0x0000000704200000|  0%| F|  |TAMS 0x0000000704100000, 0x0000000704100000| Untracked 
|  32|0x0000000704200000, 0x0000000704200000, 0x0000000704300000|  0%| F|  |TAMS 0x0000000704200000, 0x0000000704200000| Untracked 
|  33|0x0000000704300000, 0x0000000704300000, 0x0000000704400000|  0%| F|  |TAMS 0x0000000704300000, 0x0000000704300000| Untracked 
|  34|0x0000000704400000, 0x0000000704400000, 0x0000000704500000|  0%| F|  |TAMS 0x0000000704400000, 0x0000000704400000| Untracked 
|  35|0x0000000704500000, 0x0000000704500000, 0x0000000704600000|  0%| F|  |TAMS 0x0000000704500000, 0x0000000704500000| Untracked 
|  36|0x0000000704600000, 0x0000000704600000, 0x0000000704700000|  0%| F|  |TAMS 0x0000000704600000, 0x0000000704600000| Untracked 
|  37|0x0000000704700000, 0x0000000704700000, 0x0000000704800000|  0%| F|  |TAMS 0x0000000704700000, 0x0000000704700000| Untracked 
|  38|0x0000000704800000, 0x0000000704800000, 0x0000000704900000|  0%| F|  |TAMS 0x0000000704800000, 0x0000000704800000| Untracked 
|  39|0x0000000704900000, 0x0000000704900000, 0x0000000704a00000|  0%| F|  |TAMS 0x0000000704900000, 0x0000000704900000| Untracked 
|  40|0x0000000704a00000, 0x0000000704a00000, 0x0000000704b00000|  0%| F|  |TAMS 0x0000000704a00000, 0x0000000704a00000| Untracked 
|  41|0x0000000704b00000, 0x0000000704b00000, 0x0000000704c00000|  0%| F|  |TAMS 0x0000000704b00000, 0x0000000704b00000| Untracked 
|  42|0x0000000704c00000, 0x0000000704c00000, 0x0000000704d00000|  0%| F|  |TAMS 0x0000000704c00000, 0x0000000704c00000| Untracked 
|  43|0x0000000704d00000, 0x0000000704d00000, 0x0000000704e00000|  0%| F|  |TAMS 0x0000000704d00000, 0x0000000704d00000| Untracked 
|  44|0x0000000704e00000, 0x0000000704e00000, 0x0000000704f00000|  0%| F|  |TAMS 0x0000000704e00000, 0x0000000704e00000| Untracked 
|  45|0x0000000704f00000, 0x0000000704f00000, 0x0000000705000000|  0%| F|  |TAMS 0x0000000704f00000, 0x0000000704f00000| Untracked 
|  46|0x0000000705000000, 0x0000000705000000, 0x0000000705100000|  0%| F|  |TAMS 0x0000000705000000, 0x0000000705000000| Untracked 
|  47|0x0000000705100000, 0x0000000705100000, 0x0000000705200000|  0%| F|  |TAMS 0x0000000705100000, 0x0000000705100000| Untracked 
|  48|0x0000000705200000, 0x0000000705200000, 0x0000000705300000|  0%| F|  |TAMS 0x0000000705200000, 0x0000000705200000| Untracked 
|  49|0x0000000705300000, 0x0000000705300000, 0x0000000705400000|  0%| F|  |TAMS 0x0000000705300000, 0x0000000705300000| Untracked 
|  50|0x0000000705400000, 0x0000000705400000, 0x0000000705500000|  0%| F|  |TAMS 0x0000000705400000, 0x0000000705400000| Untracked 
|  51|0x0000000705500000, 0x0000000705500000, 0x0000000705600000|  0%| F|  |TAMS 0x0000000705500000, 0x0000000705500000| Untracked 
|  52|0x0000000705600000, 0x0000000705600000, 0x0000000705700000|  0%| F|  |TAMS 0x0000000705600000, 0x0000000705600000| Untracked 
|  53|0x0000000705700000, 0x0000000705700000, 0x0000000705800000|  0%| F|  |TAMS 0x0000000705700000, 0x0000000705700000| Untracked 
|  54|0x0000000705800000, 0x0000000705800000, 0x0000000705900000|  0%| F|  |TAMS 0x0000000705800000, 0x0000000705800000| Untracked 
|  55|0x0000000705900000, 0x0000000705900000, 0x0000000705a00000|  0%| F|  |TAMS 0x0000000705900000, 0x0000000705900000| Untracked 
|  56|0x0000000705a00000, 0x0000000705a00000, 0x0000000705b00000|  0%| F|  |TAMS 0x0000000705a00000, 0x0000000705a00000| Untracked 
|  57|0x0000000705b00000, 0x0000000705b00000, 0x0000000705c00000|  0%| F|  |TAMS 0x0000000705b00000, 0x0000000705b00000| Untracked 
|  58|0x0000000705c00000, 0x0000000705c00000, 0x0000000705d00000|  0%| F|  |TAMS 0x0000000705c00000, 0x0000000705c00000| Untracked 
|  59|0x0000000705d00000, 0x0000000705d00000, 0x0000000705e00000|  0%| F|  |TAMS 0x0000000705d00000, 0x0000000705d00000| Untracked 
|  60|0x0000000705e00000, 0x0000000705e00000, 0x0000000705f00000|  0%| F|  |TAMS 0x0000000705e00000, 0x0000000705e00000| Untracked 
|  61|0x0000000705f00000, 0x0000000705f00000, 0x0000000706000000|  0%| F|  |TAMS 0x0000000705f00000, 0x0000000705f00000| Untracked 
|  62|0x0000000706000000, 0x0000000706000000, 0x0000000706100000|  0%| F|  |TAMS 0x0000000706000000, 0x0000000706000000| Untracked 
|  63|0x0000000706100000, 0x0000000706100000, 0x0000000706200000|  0%| F|  |TAMS 0x0000000706100000, 0x0000000706100000| Untracked 
|  64|0x0000000706200000, 0x0000000706200000, 0x0000000706300000|  0%| F|  |TAMS 0x0000000706200000, 0x0000000706200000| Untracked 
|  65|0x0000000706300000, 0x0000000706300000, 0x0000000706400000|  0%| F|  |TAMS 0x0000000706300000, 0x0000000706300000| Untracked 
|  66|0x0000000706400000, 0x0000000706400000, 0x0000000706500000|  0%| F|  |TAMS 0x0000000706400000, 0x0000000706400000| Untracked 
|  67|0x0000000706500000, 0x0000000706500000, 0x0000000706600000|  0%| F|  |TAMS 0x0000000706500000, 0x0000000706500000| Untracked 
|  68|0x0000000706600000, 0x0000000706600000, 0x0000000706700000|  0%| F|  |TAMS 0x0000000706600000, 0x0000000706600000| Untracked 
|  69|0x0000000706700000, 0x0000000706700000, 0x0000000706800000|  0%| F|  |TAMS 0x0000000706700000, 0x0000000706700000| Untracked 
|  70|0x0000000706800000, 0x0000000706800000, 0x0000000706900000|  0%| F|  |TAMS 0x0000000706800000, 0x0000000706800000| Untracked 
|  71|0x0000000706900000, 0x0000000706900000, 0x0000000706a00000|  0%| F|  |TAMS 0x0000000706900000, 0x0000000706900000| Untracked 
|  72|0x0000000706a00000, 0x0000000706a00000, 0x0000000706b00000|  0%| F|  |TAMS 0x0000000706a00000, 0x0000000706a00000| Untracked 
|  73|0x0000000706b00000, 0x0000000706b00000, 0x0000000706c00000|  0%| F|  |TAMS 0x0000000706b00000, 0x0000000706b00000| Untracked 
|  74|0x0000000706c00000, 0x0000000706c00000, 0x0000000706d00000|  0%| F|  |TAMS 0x0000000706c00000, 0x0000000706c00000| Untracked 
|  75|0x0000000706d00000, 0x0000000706d00000, 0x0000000706e00000|  0%| F|  |TAMS 0x0000000706d00000, 0x0000000706d00000| Untracked 
|  76|0x0000000706e00000, 0x0000000706e00000, 0x0000000706f00000|  0%| F|  |TAMS 0x0000000706e00000, 0x0000000706e00000| Untracked 
|  77|0x0000000706f00000, 0x0000000706f00000, 0x0000000707000000|  0%| F|  |TAMS 0x0000000706f00000, 0x0000000706f00000| Untracked 
|  78|0x0000000707000000, 0x0000000707000000, 0x0000000707100000|  0%| F|  |TAMS 0x0000000707000000, 0x0000000707000000| Untracked 
|  79|0x0000000707100000, 0x0000000707100000, 0x0000000707200000|  0%| F|  |TAMS 0x0000000707100000, 0x0000000707100000| Untracked 
|  80|0x0000000707200000, 0x0000000707200000, 0x0000000707300000|  0%| F|  |TAMS 0x0000000707200000, 0x0000000707200000| Untracked 
|  81|0x0000000707300000, 0x0000000707300000, 0x0000000707400000|  0%| F|  |TAMS 0x0000000707300000, 0x0000000707300000| Untracked 
|  82|0x0000000707400000, 0x0000000707400000, 0x0000000707500000|  0%| F|  |TAMS 0x0000000707400000, 0x0000000707400000| Untracked 
|  83|0x0000000707500000, 0x0000000707500000, 0x0000000707600000|  0%| F|  |TAMS 0x0000000707500000, 0x0000000707500000| Untracked 
|  84|0x0000000707600000, 0x0000000707600000, 0x0000000707700000|  0%| F|  |TAMS 0x0000000707600000, 0x0000000707600000| Untracked 
|  85|0x0000000707700000, 0x0000000707700000, 0x0000000707800000|  0%| F|  |TAMS 0x0000000707700000, 0x0000000707700000| Untracked 
|  86|0x0000000707800000, 0x0000000707800000, 0x0000000707900000|  0%| F|  |TAMS 0x0000000707800000, 0x0000000707800000| Untracked 
|  87|0x0000000707900000, 0x0000000707900000, 0x0000000707a00000|  0%| F|  |TAMS 0x0000000707900000, 0x0000000707900000| Untracked 
|  88|0x0000000707a00000, 0x0000000707a00000, 0x0000000707b00000|  0%| F|  |TAMS 0x0000000707a00000, 0x0000000707a00000| Untracked 
|  89|0x0000000707b00000, 0x0000000707b00000, 0x0000000707c00000|  0%| F|  |TAMS 0x0000000707b00000, 0x0000000707b00000| Untracked 
|  90|0x0000000707c00000, 0x0000000707c00000, 0x0000000707d00000|  0%| F|  |TAMS 0x0000000707c00000, 0x0000000707c00000| Untracked 
|  91|0x0000000707d00000, 0x0000000707d00000, 0x0000000707e00000|  0%| F|  |TAMS 0x0000000707d00000, 0x0000000707d00000| Untracked 
|  92|0x0000000707e00000, 0x0000000707e00000, 0x0000000707f00000|  0%| F|  |TAMS 0x0000000707e00000, 0x0000000707e00000| Untracked 
|  93|0x0000000707f00000, 0x0000000707f00000, 0x0000000708000000|  0%| F|  |TAMS 0x0000000707f00000, 0x0000000707f00000| Untracked 
|  94|0x0000000708000000, 0x0000000708000000, 0x0000000708100000|  0%| F|  |TAMS 0x0000000708000000, 0x0000000708000000| Untracked 
|  95|0x0000000708100000, 0x0000000708100000, 0x0000000708200000|  0%| F|  |TAMS 0x0000000708100000, 0x0000000708100000| Untracked 
|  96|0x0000000708200000, 0x0000000708200000, 0x0000000708300000|  0%| F|  |TAMS 0x0000000708200000, 0x0000000708200000| Untracked 
|  97|0x0000000708300000, 0x0000000708300000, 0x0000000708400000|  0%| F|  |TAMS 0x0000000708300000, 0x0000000708300000| Untracked 
|  98|0x0000000708400000, 0x0000000708400000, 0x0000000708500000|  0%| F|  |TAMS 0x0000000708400000, 0x0000000708400000| Untracked 
|  99|0x0000000708500000, 0x0000000708500000, 0x0000000708600000|  0%| F|  |TAMS 0x0000000708500000, 0x0000000708500000| Untracked 
| 100|0x0000000708600000, 0x0000000708600000, 0x0000000708700000|  0%| F|  |TAMS 0x0000000708600000, 0x0000000708600000| Untracked 
| 101|0x0000000708700000, 0x0000000708700000, 0x0000000708800000|  0%| F|  |TAMS 0x0000000708700000, 0x0000000708700000| Untracked 
| 102|0x0000000708800000, 0x0000000708800000, 0x0000000708900000|  0%| F|  |TAMS 0x0000000708800000, 0x0000000708800000| Untracked 
| 103|0x0000000708900000, 0x0000000708900000, 0x0000000708a00000|  0%| F|  |TAMS 0x0000000708900000, 0x0000000708900000| Untracked 
| 104|0x0000000708a00000, 0x0000000708a00000, 0x0000000708b00000|  0%| F|  |TAMS 0x0000000708a00000, 0x0000000708a00000| Untracked 
| 105|0x0000000708b00000, 0x0000000708b00000, 0x0000000708c00000|  0%| F|  |TAMS 0x0000000708b00000, 0x0000000708b00000| Untracked 
| 106|0x0000000708c00000, 0x0000000708c00000, 0x0000000708d00000|  0%| F|  |TAMS 0x0000000708c00000, 0x0000000708c00000| Untracked 
| 107|0x0000000708d00000, 0x0000000708d00000, 0x0000000708e00000|  0%| F|  |TAMS 0x0000000708d00000, 0x0000000708d00000| Untracked 
| 108|0x0000000708e00000, 0x0000000708e00000, 0x0000000708f00000|  0%| F|  |TAMS 0x0000000708e00000, 0x0000000708e00000| Untracked 
| 109|0x0000000708f00000, 0x0000000708f00000, 0x0000000709000000|  0%| F|  |TAMS 0x0000000708f00000, 0x0000000708f00000| Untracked 
| 110|0x0000000709000000, 0x0000000709000000, 0x0000000709100000|  0%| F|  |TAMS 0x0000000709000000, 0x0000000709000000| Untracked 
| 111|0x0000000709100000, 0x0000000709100000, 0x0000000709200000|  0%| F|  |TAMS 0x0000000709100000, 0x0000000709100000| Untracked 
| 112|0x0000000709200000, 0x0000000709200000, 0x0000000709300000|  0%| F|  |TAMS 0x0000000709200000, 0x0000000709200000| Untracked 
| 113|0x0000000709300000, 0x0000000709300000, 0x0000000709400000|  0%| F|  |TAMS 0x0000000709300000, 0x0000000709300000| Untracked 
| 114|0x0000000709400000, 0x0000000709400000, 0x0000000709500000|  0%| F|  |TAMS 0x0000000709400000, 0x0000000709400000| Untracked 
| 115|0x0000000709500000, 0x0000000709500000, 0x0000000709600000|  0%| F|  |TAMS 0x0000000709500000, 0x0000000709500000| Untracked 
| 116|0x0000000709600000, 0x0000000709600000, 0x0000000709700000|  0%| F|  |TAMS 0x0000000709600000, 0x0000000709600000| Untracked 
| 117|0x0000000709700000, 0x0000000709700000, 0x0000000709800000|  0%| F|  |TAMS 0x0000000709700000, 0x0000000709700000| Untracked 
| 118|0x0000000709800000, 0x0000000709800000, 0x0000000709900000|  0%| F|  |TAMS 0x0000000709800000, 0x0000000709800000| Untracked 
| 119|0x0000000709900000, 0x0000000709900000, 0x0000000709a00000|  0%| F|  |TAMS 0x0000000709900000, 0x0000000709900000| Untracked 
| 120|0x0000000709a00000, 0x0000000709a00000, 0x0000000709b00000|  0%| F|  |TAMS 0x0000000709a00000, 0x0000000709a00000| Untracked 
| 121|0x0000000709b00000, 0x0000000709b00000, 0x0000000709c00000|  0%| F|  |TAMS 0x0000000709b00000, 0x0000000709b00000| Untracked 
| 122|0x0000000709c00000, 0x0000000709c00000, 0x0000000709d00000|  0%| F|  |TAMS 0x0000000709c00000, 0x0000000709c00000| Untracked 
| 123|0x0000000709d00000, 0x0000000709d00000, 0x0000000709e00000|  0%| F|  |TAMS 0x0000000709d00000, 0x0000000709d00000| Untracked 
| 124|0x0000000709e00000, 0x0000000709e00000, 0x0000000709f00000|  0%| F|  |TAMS 0x0000000709e00000, 0x0000000709e00000| Untracked 
| 125|0x0000000709f00000, 0x0000000709f00000, 0x000000070a000000|  0%| F|  |TAMS 0x0000000709f00000, 0x0000000709f00000| Untracked 
| 126|0x000000070a000000, 0x000000070a000000, 0x000000070a100000|  0%| F|  |TAMS 0x000000070a000000, 0x000000070a000000| Untracked 
| 127|0x000000070a100000, 0x000000070a100000, 0x000000070a200000|  0%| F|  |TAMS 0x000000070a100000, 0x000000070a100000| Untracked 
| 128|0x000000070a200000, 0x000000070a200000, 0x000000070a300000|  0%| F|  |TAMS 0x000000070a200000, 0x000000070a200000| Untracked 
| 129|0x000000070a300000, 0x000000070a300000, 0x000000070a400000|  0%| F|  |TAMS 0x000000070a300000, 0x000000070a300000| Untracked 
| 130|0x000000070a400000, 0x000000070a400000, 0x000000070a500000|  0%| F|  |TAMS 0x000000070a400000, 0x000000070a400000| Untracked 
| 131|0x000000070a500000, 0x000000070a500000, 0x000000070a600000|  0%| F|  |TAMS 0x000000070a500000, 0x000000070a500000| Untracked 
| 132|0x000000070a600000, 0x000000070a600000, 0x000000070a700000|  0%| F|  |TAMS 0x000000070a600000, 0x000000070a600000| Untracked 
| 133|0x000000070a700000, 0x000000070a700000, 0x000000070a800000|  0%| F|  |TAMS 0x000000070a700000, 0x000000070a700000| Untracked 
| 134|0x000000070a800000, 0x000000070a800000, 0x000000070a900000|  0%| F|  |TAMS 0x000000070a800000, 0x000000070a800000| Untracked 
| 135|0x000000070a900000, 0x000000070a900000, 0x000000070aa00000|  0%| F|  |TAMS 0x000000070a900000, 0x000000070a900000| Untracked 
| 136|0x000000070aa00000, 0x000000070aa00000, 0x000000070ab00000|  0%| F|  |TAMS 0x000000070aa00000, 0x000000070aa00000| Untracked 
| 137|0x000000070ab00000, 0x000000070ab00000, 0x000000070ac00000|  0%| F|  |TAMS 0x000000070ab00000, 0x000000070ab00000| Untracked 
| 138|0x000000070ac00000, 0x000000070ac00000, 0x000000070ad00000|  0%| F|  |TAMS 0x000000070ac00000, 0x000000070ac00000| Untracked 
| 139|0x000000070ad00000, 0x000000070ad00000, 0x000000070ae00000|  0%| F|  |TAMS 0x000000070ad00000, 0x000000070ad00000| Untracked 
| 140|0x000000070ae00000, 0x000000070ae00000, 0x000000070af00000|  0%| F|  |TAMS 0x000000070ae00000, 0x000000070ae00000| Untracked 
| 141|0x000000070af00000, 0x000000070af00000, 0x000000070b000000|  0%| F|  |TAMS 0x000000070af00000, 0x000000070af00000| Untracked 
| 142|0x000000070b000000, 0x000000070b000000, 0x000000070b100000|  0%| F|  |TAMS 0x000000070b000000, 0x000000070b000000| Untracked 
| 143|0x000000070b100000, 0x000000070b100000, 0x000000070b200000|  0%| F|  |TAMS 0x000000070b100000, 0x000000070b100000| Untracked 
| 144|0x000000070b200000, 0x000000070b200000, 0x000000070b300000|  0%| F|  |TAMS 0x000000070b200000, 0x000000070b200000| Untracked 
| 145|0x000000070b300000, 0x000000070b300000, 0x000000070b400000|  0%| F|  |TAMS 0x000000070b300000, 0x000000070b300000| Untracked 
| 146|0x000000070b400000, 0x000000070b400000, 0x000000070b500000|  0%| F|  |TAMS 0x000000070b400000, 0x000000070b400000| Untracked 
| 147|0x000000070b500000, 0x000000070b500000, 0x000000070b600000|  0%| F|  |TAMS 0x000000070b500000, 0x000000070b500000| Untracked 
| 148|0x000000070b600000, 0x000000070b600000, 0x000000070b700000|  0%| F|  |TAMS 0x000000070b600000, 0x000000070b600000| Untracked 
| 149|0x000000070b700000, 0x000000070b700000, 0x000000070b800000|  0%| F|  |TAMS 0x000000070b700000, 0x000000070b700000| Untracked 
| 150|0x000000070b800000, 0x000000070b800000, 0x000000070b900000|  0%| F|  |TAMS 0x000000070b800000, 0x000000070b800000| Untracked 
| 151|0x000000070b900000, 0x000000070b900000, 0x000000070ba00000|  0%| F|  |TAMS 0x000000070b900000, 0x000000070b900000| Untracked 
| 152|0x000000070ba00000, 0x000000070ba00000, 0x000000070bb00000|  0%| F|  |TAMS 0x000000070ba00000, 0x000000070ba00000| Untracked 
| 153|0x000000070bb00000, 0x000000070bb00000, 0x000000070bc00000|  0%| F|  |TAMS 0x000000070bb00000, 0x000000070bb00000| Untracked 
| 154|0x000000070bc00000, 0x000000070bc00000, 0x000000070bd00000|  0%| F|  |TAMS 0x000000070bc00000, 0x000000070bc00000| Untracked 
| 155|0x000000070bd00000, 0x000000070bd00000, 0x000000070be00000|  0%| F|  |TAMS 0x000000070bd00000, 0x000000070bd00000| Untracked 
| 156|0x000000070be00000, 0x000000070be00000, 0x000000070bf00000|  0%| F|  |TAMS 0x000000070be00000, 0x000000070be00000| Untracked 
| 157|0x000000070bf00000, 0x000000070bf00000, 0x000000070c000000|  0%| F|  |TAMS 0x000000070bf00000, 0x000000070bf00000| Untracked 
| 158|0x000000070c000000, 0x000000070c000000, 0x000000070c100000|  0%| F|  |TAMS 0x000000070c000000, 0x000000070c000000| Untracked 
| 159|0x000000070c100000, 0x000000070c100000, 0x000000070c200000|  0%| F|  |TAMS 0x000000070c100000, 0x000000070c100000| Untracked 
| 160|0x000000070c200000, 0x000000070c200000, 0x000000070c300000|  0%| F|  |TAMS 0x000000070c200000, 0x000000070c200000| Untracked 
| 161|0x000000070c300000, 0x000000070c300000, 0x000000070c400000|  0%| F|  |TAMS 0x000000070c300000, 0x000000070c300000| Untracked 
| 162|0x000000070c400000, 0x000000070c400000, 0x000000070c500000|  0%| F|  |TAMS 0x000000070c400000, 0x000000070c400000| Untracked 
| 163|0x000000070c500000, 0x000000070c500000, 0x000000070c600000|  0%| F|  |TAMS 0x000000070c500000, 0x000000070c500000| Untracked 
| 164|0x000000070c600000, 0x000000070c600000, 0x000000070c700000|  0%| F|  |TAMS 0x000000070c600000, 0x000000070c600000| Untracked 
| 165|0x000000070c700000, 0x000000070c700000, 0x000000070c800000|  0%| F|  |TAMS 0x000000070c700000, 0x000000070c700000| Untracked 
| 166|0x000000070c800000, 0x000000070c800000, 0x000000070c900000|  0%| F|  |TAMS 0x000000070c800000, 0x000000070c800000| Untracked 
| 167|0x000000070c900000, 0x000000070c900000, 0x000000070ca00000|  0%| F|  |TAMS 0x000000070c900000, 0x000000070c900000| Untracked 
| 168|0x000000070ca00000, 0x000000070ca00000, 0x000000070cb00000|  0%| F|  |TAMS 0x000000070ca00000, 0x000000070ca00000| Untracked 
| 169|0x000000070cb00000, 0x000000070cb00000, 0x000000070cc00000|  0%| F|  |TAMS 0x000000070cb00000, 0x000000070cb00000| Untracked 
| 170|0x000000070cc00000, 0x000000070cc00000, 0x000000070cd00000|  0%| F|  |TAMS 0x000000070cc00000, 0x000000070cc00000| Untracked 
| 171|0x000000070cd00000, 0x000000070cd00000, 0x000000070ce00000|  0%| F|  |TAMS 0x000000070cd00000, 0x000000070cd00000| Untracked 
| 172|0x000000070ce00000, 0x000000070ce00000, 0x000000070cf00000|  0%| F|  |TAMS 0x000000070ce00000, 0x000000070ce00000| Untracked 
| 173|0x000000070cf00000, 0x000000070cf00000, 0x000000070d000000|  0%| F|  |TAMS 0x000000070cf00000, 0x000000070cf00000| Untracked 
| 174|0x000000070d000000, 0x000000070d000000, 0x000000070d100000|  0%| F|  |TAMS 0x000000070d000000, 0x000000070d000000| Untracked 
| 175|0x000000070d100000, 0x000000070d100000, 0x000000070d200000|  0%| F|  |TAMS 0x000000070d100000, 0x000000070d100000| Untracked 
| 176|0x000000070d200000, 0x000000070d200000, 0x000000070d300000|  0%| F|  |TAMS 0x000000070d200000, 0x000000070d200000| Untracked 
| 177|0x000000070d300000, 0x000000070d300000, 0x000000070d400000|  0%| F|  |TAMS 0x000000070d300000, 0x000000070d300000| Untracked 
| 178|0x000000070d400000, 0x000000070d400000, 0x000000070d500000|  0%| F|  |TAMS 0x000000070d400000, 0x000000070d400000| Untracked 
| 179|0x000000070d500000, 0x000000070d500000, 0x000000070d600000|  0%| F|  |TAMS 0x000000070d500000, 0x000000070d500000| Untracked 
| 180|0x000000070d600000, 0x000000070d600000, 0x000000070d700000|  0%| F|  |TAMS 0x000000070d600000, 0x000000070d600000| Untracked 
| 181|0x000000070d700000, 0x000000070d700000, 0x000000070d800000|  0%| F|  |TAMS 0x000000070d700000, 0x000000070d700000| Untracked 
| 182|0x000000070d800000, 0x000000070d800000, 0x000000070d900000|  0%| F|  |TAMS 0x000000070d800000, 0x000000070d800000| Untracked 
| 183|0x000000070d900000, 0x000000070d900000, 0x000000070da00000|  0%| F|  |TAMS 0x000000070d900000, 0x000000070d900000| Untracked 
| 184|0x000000070da00000, 0x000000070da00000, 0x000000070db00000|  0%| F|  |TAMS 0x000000070da00000, 0x000000070da00000| Untracked 
| 185|0x000000070db00000, 0x000000070db00000, 0x000000070dc00000|  0%| F|  |TAMS 0x000000070db00000, 0x000000070db00000| Untracked 
| 186|0x000000070dc00000, 0x000000070dc00000, 0x000000070dd00000|  0%| F|  |TAMS 0x000000070dc00000, 0x000000070dc00000| Untracked 
| 187|0x000000070dd00000, 0x000000070dd00000, 0x000000070de00000|  0%| F|  |TAMS 0x000000070dd00000, 0x000000070dd00000| Untracked 
| 188|0x000000070de00000, 0x000000070de00000, 0x000000070df00000|  0%| F|  |TAMS 0x000000070de00000, 0x000000070de00000| Untracked 
| 189|0x000000070df00000, 0x000000070df00000, 0x000000070e000000|  0%| F|  |TAMS 0x000000070df00000, 0x000000070df00000| Untracked 
| 190|0x000000070e000000, 0x000000070e000000, 0x000000070e100000|  0%| F|  |TAMS 0x000000070e000000, 0x000000070e000000| Untracked 
| 191|0x000000070e100000, 0x000000070e100000, 0x000000070e200000|  0%| F|  |TAMS 0x000000070e100000, 0x000000070e100000| Untracked 
| 192|0x000000070e200000, 0x000000070e200000, 0x000000070e300000|  0%| F|  |TAMS 0x000000070e200000, 0x000000070e200000| Untracked 
| 193|0x000000070e300000, 0x000000070e300000, 0x000000070e400000|  0%| F|  |TAMS 0x000000070e300000, 0x000000070e300000| Untracked 
| 194|0x000000070e400000, 0x000000070e400000, 0x000000070e500000|  0%| F|  |TAMS 0x000000070e400000, 0x000000070e400000| Untracked 
| 195|0x000000070e500000, 0x000000070e500000, 0x000000070e600000|  0%| F|  |TAMS 0x000000070e500000, 0x000000070e500000| Untracked 
| 196|0x000000070e600000, 0x000000070e600000, 0x000000070e700000|  0%| F|  |TAMS 0x000000070e600000, 0x000000070e600000| Untracked 
| 197|0x000000070e700000, 0x000000070e700000, 0x000000070e800000|  0%| F|  |TAMS 0x000000070e700000, 0x000000070e700000| Untracked 
| 198|0x000000070e800000, 0x000000070e800000, 0x000000070e900000|  0%| F|  |TAMS 0x000000070e800000, 0x000000070e800000| Untracked 
| 199|0x000000070e900000, 0x000000070e900000, 0x000000070ea00000|  0%| F|  |TAMS 0x000000070e900000, 0x000000070e900000| Untracked 
| 200|0x000000070ea00000, 0x000000070ea00000, 0x000000070eb00000|  0%| F|  |TAMS 0x000000070ea00000, 0x000000070ea00000| Untracked 
| 201|0x000000070eb00000, 0x000000070eb00000, 0x000000070ec00000|  0%| F|  |TAMS 0x000000070eb00000, 0x000000070eb00000| Untracked 
| 202|0x000000070ec00000, 0x000000070ec00000, 0x000000070ed00000|  0%| F|  |TAMS 0x000000070ec00000, 0x000000070ec00000| Untracked 
| 203|0x000000070ed00000, 0x000000070ed00000, 0x000000070ee00000|  0%| F|  |TAMS 0x000000070ed00000, 0x000000070ed00000| Untracked 
| 204|0x000000070ee00000, 0x000000070ee00000, 0x000000070ef00000|  0%| F|  |TAMS 0x000000070ee00000, 0x000000070ee00000| Untracked 
| 205|0x000000070ef00000, 0x000000070ef00000, 0x000000070f000000|  0%| F|  |TAMS 0x000000070ef00000, 0x000000070ef00000| Untracked 
| 206|0x000000070f000000, 0x000000070f000000, 0x000000070f100000|  0%| F|  |TAMS 0x000000070f000000, 0x000000070f000000| Untracked 
| 207|0x000000070f100000, 0x000000070f100000, 0x000000070f200000|  0%| F|  |TAMS 0x000000070f100000, 0x000000070f100000| Untracked 
| 208|0x000000070f200000, 0x000000070f200000, 0x000000070f300000|  0%| F|  |TAMS 0x000000070f200000, 0x000000070f200000| Untracked 
| 209|0x000000070f300000, 0x000000070f300000, 0x000000070f400000|  0%| F|  |TAMS 0x000000070f300000, 0x000000070f300000| Untracked 
| 210|0x000000070f400000, 0x000000070f400000, 0x000000070f500000|  0%| F|  |TAMS 0x000000070f400000, 0x000000070f400000| Untracked 
| 211|0x000000070f500000, 0x000000070f500000, 0x000000070f600000|  0%| F|  |TAMS 0x000000070f500000, 0x000000070f500000| Untracked 
| 212|0x000000070f600000, 0x000000070f6b9e40, 0x000000070f700000| 72%| S|CS|TAMS 0x000000070f600000, 0x000000070f600000| Complete 
| 213|0x000000070f700000, 0x000000070f800000, 0x000000070f800000|100%| S|CS|TAMS 0x000000070f700000, 0x000000070f700000| Complete 
| 214|0x000000070f800000, 0x000000070f900000, 0x000000070f900000|100%| S|CS|TAMS 0x000000070f800000, 0x000000070f800000| Complete 
| 215|0x000000070f900000, 0x000000070fa00000, 0x000000070fa00000|100%| S|CS|TAMS 0x000000070f900000, 0x000000070f900000| Complete 
| 216|0x000000070fa00000, 0x000000070fb00000, 0x000000070fb00000|100%| S|CS|TAMS 0x000000070fa00000, 0x000000070fa00000| Complete 
| 217|0x000000070fb00000, 0x000000070fb00000, 0x000000070fc00000|  0%| F|  |TAMS 0x000000070fb00000, 0x000000070fb00000| Untracked 
| 218|0x000000070fc00000, 0x000000070fc00000, 0x000000070fd00000|  0%| F|  |TAMS 0x000000070fc00000, 0x000000070fc00000| Untracked 
| 219|0x000000070fd00000, 0x000000070fd00000, 0x000000070fe00000|  0%| F|  |TAMS 0x000000070fd00000, 0x000000070fd00000| Untracked 
| 220|0x000000070fe00000, 0x000000070fe00000, 0x000000070ff00000|  0%| F|  |TAMS 0x000000070fe00000, 0x000000070fe00000| Untracked 
| 221|0x000000070ff00000, 0x000000070ff00000, 0x0000000710000000|  0%| F|  |TAMS 0x000000070ff00000, 0x000000070ff00000| Untracked 
| 222|0x0000000710000000, 0x0000000710000000, 0x0000000710100000|  0%| F|  |TAMS 0x0000000710000000, 0x0000000710000000| Untracked 
| 223|0x0000000710100000, 0x0000000710100000, 0x0000000710200000|  0%| F|  |TAMS 0x0000000710100000, 0x0000000710100000| Untracked 
| 224|0x0000000710200000, 0x0000000710200000, 0x0000000710300000|  0%| F|  |TAMS 0x0000000710200000, 0x0000000710200000| Untracked 
| 225|0x0000000710300000, 0x0000000710300000, 0x0000000710400000|  0%| F|  |TAMS 0x0000000710300000, 0x0000000710300000| Untracked 
| 226|0x0000000710400000, 0x0000000710400000, 0x0000000710500000|  0%| F|  |TAMS 0x0000000710400000, 0x0000000710400000| Untracked 
| 227|0x0000000710500000, 0x0000000710500000, 0x0000000710600000|  0%| F|  |TAMS 0x0000000710500000, 0x0000000710500000| Untracked 
| 228|0x0000000710600000, 0x0000000710600000, 0x0000000710700000|  0%| F|  |TAMS 0x0000000710600000, 0x0000000710600000| Untracked 
| 229|0x0000000710700000, 0x0000000710700000, 0x0000000710800000|  0%| F|  |TAMS 0x0000000710700000, 0x0000000710700000| Untracked 
| 230|0x0000000710800000, 0x0000000710800000, 0x0000000710900000|  0%| F|  |TAMS 0x0000000710800000, 0x0000000710800000| Untracked 
| 231|0x0000000710900000, 0x0000000710900000, 0x0000000710a00000|  0%| F|  |TAMS 0x0000000710900000, 0x0000000710900000| Untracked 
| 232|0x0000000710a00000, 0x0000000710a00000, 0x0000000710b00000|  0%| F|  |TAMS 0x0000000710a00000, 0x0000000710a00000| Untracked 
| 233|0x0000000710b00000, 0x0000000710b00000, 0x0000000710c00000|  0%| F|  |TAMS 0x0000000710b00000, 0x0000000710b00000| Untracked 
| 234|0x0000000710c00000, 0x0000000710c00000, 0x0000000710d00000|  0%| F|  |TAMS 0x0000000710c00000, 0x0000000710c00000| Untracked 
| 235|0x0000000710d00000, 0x0000000710d00000, 0x0000000710e00000|  0%| F|  |TAMS 0x0000000710d00000, 0x0000000710d00000| Untracked 
| 236|0x0000000710e00000, 0x0000000710e00000, 0x0000000710f00000|  0%| F|  |TAMS 0x0000000710e00000, 0x0000000710e00000| Untracked 
| 237|0x0000000710f00000, 0x0000000710f00000, 0x0000000711000000|  0%| F|  |TAMS 0x0000000710f00000, 0x0000000710f00000| Untracked 
| 238|0x0000000711000000, 0x0000000711000000, 0x0000000711100000|  0%| F|  |TAMS 0x0000000711000000, 0x0000000711000000| Untracked 
| 239|0x0000000711100000, 0x0000000711100000, 0x0000000711200000|  0%| F|  |TAMS 0x0000000711100000, 0x0000000711100000| Untracked 
| 240|0x0000000711200000, 0x0000000711200000, 0x0000000711300000|  0%| F|  |TAMS 0x0000000711200000, 0x0000000711200000| Untracked 
| 241|0x0000000711300000, 0x0000000711300000, 0x0000000711400000|  0%| F|  |TAMS 0x0000000711300000, 0x0000000711300000| Untracked 
| 242|0x0000000711400000, 0x0000000711400000, 0x0000000711500000|  0%| F|  |TAMS 0x0000000711400000, 0x0000000711400000| Untracked 
| 243|0x0000000711500000, 0x0000000711500000, 0x0000000711600000|  0%| F|  |TAMS 0x0000000711500000, 0x0000000711500000| Untracked 
| 244|0x0000000711600000, 0x0000000711600000, 0x0000000711700000|  0%| F|  |TAMS 0x0000000711600000, 0x0000000711600000| Untracked 
| 245|0x0000000711700000, 0x0000000711700000, 0x0000000711800000|  0%| F|  |TAMS 0x0000000711700000, 0x0000000711700000| Untracked 
| 246|0x0000000711800000, 0x0000000711800000, 0x0000000711900000|  0%| F|  |TAMS 0x0000000711800000, 0x0000000711800000| Untracked 
| 247|0x0000000711900000, 0x0000000711900000, 0x0000000711a00000|  0%| F|  |TAMS 0x0000000711900000, 0x0000000711900000| Untracked 
| 248|0x0000000711a00000, 0x0000000711b00000, 0x0000000711b00000|100%| E|  |TAMS 0x0000000711a00000, 0x0000000711a00000| Complete 
| 249|0x0000000711b00000, 0x0000000711c00000, 0x0000000711c00000|100%| E|CS|TAMS 0x0000000711b00000, 0x0000000711b00000| Complete 
| 250|0x0000000711c00000, 0x0000000711d00000, 0x0000000711d00000|100%| E|CS|TAMS 0x0000000711c00000, 0x0000000711c00000| Complete 
| 251|0x0000000711d00000, 0x0000000711e00000, 0x0000000711e00000|100%| E|CS|TAMS 0x0000000711d00000, 0x0000000711d00000| Complete 
| 252|0x0000000711e00000, 0x0000000711f00000, 0x0000000711f00000|100%| E|CS|TAMS 0x0000000711e00000, 0x0000000711e00000| Complete 
| 253|0x0000000711f00000, 0x0000000712000000, 0x0000000712000000|100%| E|CS|TAMS 0x0000000711f00000, 0x0000000711f00000| Complete 

Card table byte_map: [0x00000122aed90000,0x00000122af580000] _byte_map_base: 0x00000122ab57f000

Marking Bits (Prev, Next): (CMBitMap*) 0x000001229b7e5ba8, (CMBitMap*) 0x000001229b7e5be0
 Prev Bits: [0x00000122afd70000, 0x00000122b3ce8000)
 Next Bits: [0x00000122b3cf0000, 0x00000122b7c68000)

Polling page: 0x0000012299930000

Metaspace:

Usage:
  Non-class:     37.73 MB capacity,    37.43 MB (>99%) used,   247.82 KB ( <1%) free+waste,    64.56 KB ( <1%) overhead. 
      Class:      5.29 MB capacity,     5.07 MB ( 96%) used,   201.89 KB (  4%) free+waste,    29.00 KB ( <1%) overhead. 
       Both:     43.03 MB capacity,    42.50 MB ( 99%) used,   449.71 KB (  1%) free+waste,    93.56 KB ( <1%) overhead. 

Virtual space:
  Non-class space:       38.00 MB reserved,      37.83 MB (>99%) committed 
      Class space:        1.00 GB reserved,       5.32 MB ( <1%) committed 
             Both:        1.04 GB reserved,      43.15 MB (  4%) committed 

Chunk freelists:
   Non-Class:  32.00 KB
       Class:  20.00 KB
        Both:  52.00 KB

MaxMetaspaceSize: 17179869184.00 GB
CompressedClassSpaceSize: 1.00 GB

CodeHeap 'non-profiled nmethods': size=120000Kb used=1251Kb max_used=1251Kb free=118748Kb
 bounds [0x00000122a6d40000, 0x00000122a6fb0000, 0x00000122ae270000]
CodeHeap 'profiled nmethods': size=120000Kb used=5771Kb max_used=5771Kb free=114228Kb
 bounds [0x000001229f810000, 0x000001229fdc0000, 0x00000122a6d40000]
CodeHeap 'non-nmethods': size=5760Kb used=1190Kb max_used=1236Kb free=4569Kb
 bounds [0x000001229f270000, 0x000001229f4e0000, 0x000001229f810000]
 total_blobs=3522 nmethods=2985 adapters=447
 compilation: enabled
              stopped_count=0, restarted_count=0
 full_count=0

Compilation events (20 events):
Event: 2.680 Thread 0x00000122bb110000 nmethod 2957 0x000001229fda5990 code [0x000001229fda5b40, 0x000001229fda5c98]
Event: 2.680 Thread 0x00000122bb110000 2954       3       org.jetbrains.kotlin.it.unimi.dsi.fastutil.ints.IntArrayList::add (88 bytes)
Event: 2.680 Thread 0x00000122bd15f800 nmethod 2975 0x00000122a6e75a90 code [0x00000122a6e75c20, 0x00000122a6e75c98]
Event: 2.680 Thread 0x00000122bb110000 nmethod 2954 0x000001229fda5d10 code [0x000001229fda5f00, 0x000001229fda6288]
Event: 2.680 Thread 0x00000122bb110000 2955       3       org.jetbrains.kotlin.it.unimi.dsi.fastutil.ints.AbstractIntList::ensureIndex (89 bytes)
Event: 2.681 Thread 0x00000122bb110000 nmethod 2955 0x000001229fda6410 code [0x000001229fda67c0, 0x000001229fda7c58]
Event: 2.681 Thread 0x00000122bb110000 2949       3       org.jetbrains.kotlin.com.intellij.lang.impl.PsiBuilderImpl::access$900 (8 bytes)
Event: 2.681 Thread 0x00000122bb110000 nmethod 2949 0x000001229fda8310 code [0x000001229fda84c0, 0x000001229fda85c8]
Event: 2.681 Thread 0x00000122bb110000 2960       1       org.jetbrains.kotlin.com.intellij.lang.WhitespacesBinders$2::getEdgePosition (2 bytes)
Event: 2.681 Thread 0x00000122bb110000 nmethod 2960 0x00000122a6e75d10 code [0x00000122a6e75ec0, 0x00000122a6e75f78]
Event: 2.681 Thread 0x00000122bb110000 2971       3       org.jetbrains.kotlin.com.intellij.lang.impl.PsiBuilderImpl::createLeaf (155 bytes)
Event: 2.682 Thread 0x00000122bb110000 nmethod 2971 0x000001229fda8690 code [0x000001229fda89a0, 0x000001229fda9e18]
Event: 2.682 Thread 0x00000122bb110000 2972   !   3       org.jetbrains.kotlin.com.intellij.psi.impl.source.CharTableImpl::doIntern (85 bytes)
Event: 2.683 Thread 0x00000122bb110000 nmethod 2972 0x000001229fdaa290 code [0x000001229fdaa520, 0x000001229fdaaf88]
Event: 2.683 Thread 0x00000122bb110000 2976       3       org.jetbrains.kotlin.com.intellij.psi.impl.source.CharTableImpl::intern (71 bytes)
Event: 2.683 Thread 0x00000122bb110000 nmethod 2976 0x000001229fdab390 code [0x000001229fdab5a0, 0x000001229fdab9d8]
Event: 2.683 Thread 0x00000122bb110000 2961       1       org.jetbrains.kotlin.com.intellij.lang.impl.PsiBuilderImpl::access$300 (5 bytes)
Event: 2.683 Thread 0x00000122bb110000 nmethod 2961 0x00000122a6e76010 code [0x00000122a6e761c0, 0x00000122a6e76258]
Event: 2.683 Thread 0x00000122bb110000 2977       3       org.jetbrains.kotlin.com.intellij.psi.impl.source.tree.TreeElement::setTreeNext (10 bytes)
Event: 2.683 Thread 0x00000122bb110000 nmethod 2977 0x000001229fdabb90 code [0x000001229fdabd60, 0x000001229fdac038]

GC Heap History (10 events):
Event: 0.512 GC heap before
{Heap before GC invocations=0 (full 0):
 garbage-first heap   total 260096K, used 27648K [0x0000000702200000, 0x0000000800000000)
  region size 1024K, 24 young (24576K), 0 survivors (0K)
 Metaspace       used 12357K, capacity 12504K, committed 12800K, reserved 1060864K
  class space    used 1165K, capacity 1207K, committed 1280K, reserved 1048576K
}
Event: 0.515 GC heap after
{Heap after GC invocations=1 (full 0):
 garbage-first heap   total 260096K, used 5893K [0x0000000702200000, 0x0000000800000000)
  region size 1024K, 3 young (3072K), 3 survivors (3072K)
 Metaspace       used 12357K, capacity 12504K, committed 12800K, reserved 1060864K
  class space    used 1165K, capacity 1207K, committed 1280K, reserved 1048576K
}
Event: 1.100 GC heap before
{Heap before GC invocations=1 (full 0):
 garbage-first heap   total 260096K, used 40709K [0x0000000702200000, 0x0000000800000000)
  region size 1024K, 38 young (38912K), 3 survivors (3072K)
 Metaspace       used 20884K, capacity 21099K, committed 21296K, reserved 1069056K
  class space    used 2230K, capacity 2315K, committed 2432K, reserved 1048576K
}
Event: 1.109 GC heap after
{Heap after GC invocations=2 (full 0):
 garbage-first heap   total 260096K, used 9078K [0x0000000702200000, 0x0000000800000000)
  region size 1024K, 6 young (6144K), 6 survivors (6144K)
 Metaspace       used 20884K, capacity 21099K, committed 21296K, reserved 1069056K
  class space    used 2230K, capacity 2315K, committed 2432K, reserved 1048576K
}
Event: 1.937 GC heap before
{Heap before GC invocations=3 (full 0):
 garbage-first heap   total 260096K, used 64374K [0x0000000702200000, 0x0000000800000000)
  region size 1024K, 55 young (56320K), 6 survivors (6144K)
 Metaspace       used 32542K, capacity 32996K, committed 33200K, reserved 1079296K
  class space    used 4074K, capacity 4254K, committed 4352K, reserved 1048576K
}
Event: 1.947 GC heap after
{Heap after GC invocations=4 (full 0):
 garbage-first heap   total 260096K, used 20335K [0x0000000702200000, 0x0000000800000000)
  region size 1024K, 7 young (7168K), 7 survivors (7168K)
 Metaspace       used 32542K, capacity 32996K, committed 33200K, reserved 1079296K
  class space    used 4074K, capacity 4254K, committed 4352K, reserved 1048576K
}
Event: 2.160 GC heap before
{Heap before GC invocations=4 (full 0):
 garbage-first heap   total 260096K, used 33647K [0x0000000702200000, 0x0000000800000000)
  region size 1024K, 21 young (21504K), 7 survivors (7168K)
 Metaspace       used 35381K, capacity 35823K, committed 35920K, reserved 1081344K
  class space    used 4386K, capacity 4578K, committed 4608K, reserved 1048576K
}
Event: 2.172 GC heap after
{Heap after GC invocations=5 (full 0):
 garbage-first heap   total 260096K, used 20217K [0x0000000702200000, 0x0000000800000000)
  region size 1024K, 6 young (6144K), 6 survivors (6144K)
 Metaspace       used 35381K, capacity 35823K, committed 35920K, reserved 1081344K
  class space    used 4386K, capacity 4578K, committed 4608K, reserved 1048576K
}
Event: 2.583 GC heap before
{Heap before GC invocations=6 (full 0):
 garbage-first heap   total 260096K, used 51961K [0x0000000702200000, 0x0000000800000000)
  region size 1024K, 37 young (37888K), 6 survivors (6144K)
 Metaspace       used 41494K, capacity 42046K, committed 42268K, reserved 1087488K
  class space    used 4981K, capacity 5198K, committed 5324K, reserved 1048576K
}
Event: 2.590 GC heap after
{Heap after GC invocations=7 (full 0):
 garbage-first heap   total 260096K, used 23360K [0x0000000702200000, 0x0000000800000000)
  region size 1024K, 5 young (5120K), 5 survivors (5120K)
 Metaspace       used 41494K, capacity 42046K, committed 42268K, reserved 1087488K
  class space    used 4981K, capacity 5198K, committed 5324K, reserved 1048576K
}

Deoptimization events (20 events):
Event: 2.560 Thread 0x000001229b781800 Uncommon trap: trap_request=0xffffff4d fr.pc=0x00000122a6d741c8 relative=0x0000000000000ca8
Event: 2.560 Thread 0x000001229b781800 Uncommon trap: reason=unstable_if action=reinterpret pc=0x00000122a6d741c8 method=java.lang.StringCoding.encodeUTF8(B[BZ)[B @ 2 c2
Event: 2.560 Thread 0x000001229b781800 DEOPT PACKING pc=0x00000122a6d741c8 sp=0x000000165a3f6230
Event: 2.560 Thread 0x000001229b781800 DEOPT UNPACKING pc=0x000001229f297b2f sp=0x000000165a3f6020 mode 2
Event: 2.560 Thread 0x000001229b781800 Uncommon trap: trap_request=0xffffff4d fr.pc=0x00000122a6e571d8 relative=0x00000000000004f8
Event: 2.560 Thread 0x000001229b781800 Uncommon trap: reason=unstable_if action=reinterpret pc=0x00000122a6e571d8 method=sun.net.www.ParseUtil.firstEncodeIndex(Ljava/lang/String;)I @ 27 c2
Event: 2.560 Thread 0x000001229b781800 DEOPT PACKING pc=0x00000122a6e571d8 sp=0x000000165a3f62c0
Event: 2.560 Thread 0x000001229b781800 DEOPT UNPACKING pc=0x000001229f297b2f sp=0x000000165a3f6138 mode 2
Event: 2.560 Thread 0x000001229b781800 Uncommon trap: trap_request=0xffffff4d fr.pc=0x00000122a6dea3a0 relative=0x0000000000000200
Event: 2.560 Thread 0x000001229b781800 Uncommon trap: reason=unstable_if action=reinterpret pc=0x00000122a6dea3a0 method=java.lang.String.indexOf(II)I @ 4 c2
Event: 2.560 Thread 0x000001229b781800 DEOPT PACKING pc=0x00000122a6dea3a0 sp=0x000000165a3f5fa0
Event: 2.560 Thread 0x000001229b781800 DEOPT UNPACKING pc=0x000001229f297b2f sp=0x000000165a3f5f50 mode 2
Event: 2.560 Thread 0x000001229b781800 Uncommon trap: trap_request=0xffffff4d fr.pc=0x00000122a6df1644 relative=0x00000000000001a4
Event: 2.560 Thread 0x000001229b781800 Uncommon trap: reason=unstable_if action=reinterpret pc=0x00000122a6df1644 method=java.lang.String.startsWith(Ljava/lang/String;I)Z @ 46 c2
Event: 2.560 Thread 0x000001229b781800 DEOPT PACKING pc=0x00000122a6df1644 sp=0x000000165a3f60a0
Event: 2.560 Thread 0x000001229b781800 DEOPT UNPACKING pc=0x000001229f297b2f sp=0x000000165a3f6008 mode 2
Event: 2.560 Thread 0x000001229b781800 Uncommon trap: trap_request=0xffffff4d fr.pc=0x00000122a6e645b8 relative=0x00000000000006d8
Event: 2.560 Thread 0x000001229b781800 Uncommon trap: reason=unstable_if action=reinterpret pc=0x00000122a6e645b8 method=java.lang.String.lastIndexOf(II)I @ 4 c2
Event: 2.560 Thread 0x000001229b781800 DEOPT PACKING pc=0x00000122a6e645b8 sp=0x000000165a3f6110
Event: 2.560 Thread 0x000001229b781800 DEOPT UNPACKING pc=0x000001229f297b2f sp=0x000000165a3f6000 mode 2

Classes redefined (0 events):
No events

Internal exceptions (20 events):
Event: 1.138 Thread 0x000001229b781800 Exception <a 'java/lang/NoSuchMethodError'{0x0000000711c04368}: 'int java.lang.invoke.DirectMethodHandle$Holder.invokeStaticInit(java.lang.Object, java.lang.Object, java.lang.Object)'> (0x0000000711c04368) thrown at [./src/hotspot/share/interpreter/linkResolver.cpp, line 773]
Event: 1.141 Thread 0x000001229b781800 Exception <a 'java/lang/NoSuchMethodError'{0x0000000711c2fb48}: 'int java.lang.invoke.DirectMethodHandle$Holder.invokeStaticInit(java.lang.Object, java.lang.Object)'> (0x0000000711c2fb48) thrown at [./src/hotspot/share/interpreter/linkResolver.cpp, line 773]
Event: 1.182 Thread 0x000001229b781800 Exception <a 'java/lang/NoSuchMethodError'{0x0000000711a40a88}: 'void java.lang.invoke.DirectMethodHandle$Holder.invokeSpecial(java.lang.Object, java.lang.Object)'> (0x0000000711a40a88) thrown at [./src/hotspot/share/interpreter/linkResolver.cpp, line 773]
Event: 1.320 Thread 0x000001229b781800 Exception <a 'java/lang/NoSuchMethodError'{0x0000000711270c68}: 'java.lang.Object java.lang.invoke.DirectMethodHandle$Holder.invokeStatic(java.lang.Object, java.lang.Object, java.lang.Object, java.lang.Object, java.lang.Object, java.lang.Object, java.lang.Object, java.lang.Object, java.lang.Object, java.lang.Object, java.lang.Object, java.lang.Object, java.lang.Object, java.lang.Object, java.lang.Object)'> (0x0000000711270c68) thrown at [./src/hotspot/share/interpreter/linkResolver.cpp, line 773]
Event: 1.321 Thread 0x000001229b781800 Exception <a 'java/lang/NoSuchMethodError'{0x000000071127ec70}: 'java.lang.Object java.lang.invoke.DirectMethodHandle$Holder.invokeStatic(java.lang.Object, java.lang.Object, java.lang.Object, java.lang.Object, java.lang.Object, java.lang.Object, java.lang.Object, java.lang.Object, java.lang.Object, java.lang.Object, java.lang.Object, java.lang.Object, java.lang.Object, java.lang.Object, java.lang.Object, java.lang.Object)'> (0x000000071127ec70) thrown at [./src/hotspot/share/interpreter/linkResolver.cpp, l
Event: 1.321 Thread 0x000001229b781800 Exception <a 'java/lang/NoSuchMethodError'{0x000000071128ce58}: 'java.lang.Object java.lang.invoke.DirectMethodHandle$Holder.invokeSpecial(java.lang.Object, java.lang.Object, int, int, java.lang.Object, java.lang.Object, java.lang.Object)'> (0x000000071128ce58) thrown at [./src/hotspot/share/interpreter/linkResolver.cpp, line 773]
Event: 1.322 Thread 0x000001229b781800 Exception <a 'java/lang/NoSuchMethodError'{0x0000000711290690}: 'java.lang.Object java.lang.invoke.DelegatingMethodHandle$Holder.reinvoke_L(java.lang.Object, int, int, java.lang.Object, java.lang.Object, java.lang.Object)'> (0x0000000711290690) thrown at [./src/hotspot/share/interpreter/linkResolver.cpp, line 773]
Event: 1.322 Thread 0x000001229b781800 Exception <a 'java/lang/NoSuchMethodError'{0x0000000711294a18}: 'java.lang.Object java.lang.invoke.DirectMethodHandle$Holder.invokeStatic(java.lang.Object, java.lang.Object, java.lang.Object, java.lang.Object, int)'> (0x0000000711294a18) thrown at [./src/hotspot/share/interpreter/linkResolver.cpp, line 773]
Event: 1.353 Thread 0x000001229b781800 Exception <a 'sun/nio/fs/WindowsException'{0x00000007111d36d0}> (0x00000007111d36d0) thrown at [./src/hotspot/share/prims/jni.cpp, line 615]
Event: 1.353 Thread 0x000001229b781800 Exception <a 'sun/nio/fs/WindowsException'{0x00000007111d3f48}> (0x00000007111d3f48) thrown at [./src/hotspot/share/prims/jni.cpp, line 615]
Event: 1.353 Thread 0x000001229b781800 Exception <a 'sun/nio/fs/WindowsException'{0x00000007111d47d0}> (0x00000007111d47d0) thrown at [./src/hotspot/share/prims/jni.cpp, line 615]
Event: 1.353 Thread 0x000001229b781800 Exception <a 'sun/nio/fs/WindowsException'{0x00000007111d51c8}> (0x00000007111d51c8) thrown at [./src/hotspot/share/prims/jni.cpp, line 615]
Event: 1.354 Thread 0x000001229b781800 Exception <a 'sun/nio/fs/WindowsException'{0x00000007111d5ad0}> (0x00000007111d5ad0) thrown at [./src/hotspot/share/prims/jni.cpp, line 615]
Event: 1.354 Thread 0x000001229b781800 Exception <a 'sun/nio/fs/WindowsException'{0x00000007111d6408}> (0x00000007111d6408) thrown at [./src/hotspot/share/prims/jni.cpp, line 615]
Event: 1.355 Thread 0x000001229b781800 Exception <a 'java/lang/NoSuchMethodError'{0x00000007111dcc18}: 'void java.lang.invoke.DirectMethodHandle$Holder.invokeStatic(java.lang.Object, java.lang.Object, java.lang.Object, java.lang.Object)'> (0x00000007111dcc18) thrown at [./src/hotspot/share/interpreter/linkResolver.cpp, line 773]
Event: 1.403 Thread 0x000001229b781800 Exception <a 'java/lang/NoSuchMethodError'{0x0000000710dbad38}: 'void java.lang.invoke.DirectMethodHandle$Holder.invokeStaticInit(java.lang.Object, java.lang.Object)'> (0x0000000710dbad38) thrown at [./src/hotspot/share/interpreter/linkResolver.cpp, line 773]
Event: 1.470 Thread 0x000001229b781800 Exception <a 'java/lang/NoSuchMethodError'{0x0000000710831dc0}: 'void java.lang.invoke.DirectMethodHandle$Holder.invokeVirtual(java.lang.Object, java.lang.Object)'> (0x0000000710831dc0) thrown at [./src/hotspot/share/interpreter/linkResolver.cpp, line 773]
Event: 1.477 Thread 0x000001229b781800 Exception <a 'java/lang/NoSuchMethodError'{0x00000007108a3528}: 'int java.lang.invoke.DirectMethodHandle$Holder.invokeVirtual(java.lang.Object, java.lang.Object)'> (0x00000007108a3528) thrown at [./src/hotspot/share/interpreter/linkResolver.cpp, line 773]
Event: 2.084 Thread 0x000001229b781800 Exception <a 'java/lang/NoSuchMethodError'{0x0000000711786b98}: 'java.lang.Object java.lang.invoke.DirectMethodHandle$Holder.invokeVirtual(java.lang.Object, java.lang.Object, java.lang.Object)'> (0x0000000711786b98) thrown at [./src/hotspot/share/interpreter/linkResolver.cpp, line 773]
Event: 2.668 Thread 0x000001229b781800 Exception <a 'java/lang/NoSuchMethodError'{0x0000000711c732c0}: 'java.lang.Object java.lang.invoke.Invokers$Holder.linkToTargetMethod(java.lang.Object, int, java.lang.Object)'> (0x0000000711c732c0) thrown at [./src/hotspot/share/interpreter/linkResolver.cpp, line 773]

Events (20 events):
Event: 2.680 loading class org/jetbrains/kotlin/resolve/lazy/declarations/AbstractPsiBasedDeclarationProvider
Event: 2.680 loading class org/jetbrains/kotlin/resolve/lazy/declarations/AbstractPsiBasedDeclarationProvider done
Event: 2.681 loading class org/jetbrains/kotlin/com/google/common/collect/AbstractMapBasedMultimap$WrappedSet
Event: 2.681 loading class org/jetbrains/kotlin/com/google/common/collect/AbstractMapBasedMultimap$WrappedSet done
Event: 2.681 loading class org/jetbrains/kotlin/resolve/lazy/declarations/AbstractPsiBasedDeclarationProvider$index$1
Event: 2.681 loading class org/jetbrains/kotlin/resolve/lazy/declarations/AbstractPsiBasedDeclarationProvider$index$1 done
Event: 2.682 loading class org/jetbrains/kotlin/resolve/lazy/declarations/FileBasedPackageMemberDeclarationProvider$allDeclaredSubPackages$1
Event: 2.682 loading class org/jetbrains/kotlin/resolve/lazy/declarations/FileBasedPackageMemberDeclarationProvider$allDeclaredSubPackages$1 done
Event: 2.682 loading class org/jetbrains/kotlin/name/FqName
Event: 2.682 loading class org/jetbrains/kotlin/name/FqName done
Event: 2.682 loading class org/jetbrains/kotlin/resolve/lazy/descriptors/LazyPackageDescriptor
Event: 2.682 loading class org/jetbrains/kotlin/resolve/lazy/descriptors/LazyPackageDescriptor done
Event: 2.682 loading class org/jetbrains/kotlin/resolve/lazy/ResolveSession
Event: 2.682 loading class org/jetbrains/kotlin/resolve/lazy/ResolveSession done
Event: 2.682 loading class org/jetbrains/kotlin/storage/LockBasedStorageManager$KeyWithComputation
Event: 2.682 loading class org/jetbrains/kotlin/storage/LockBasedStorageManager$KeyWithComputation done
Event: 2.683 loading class org/jetbrains/kotlin/resolve/lazy/descriptors/LazyPackageMemberScope
Event: 2.683 loading class org/jetbrains/kotlin/resolve/lazy/descriptors/LazyPackageMemberScope done
Event: 2.683 loading class org/jetbrains/kotlin/resolve/lazy/descriptors/AbstractLazyMemberScope
Event: 2.683 loading class org/jetbrains/kotlin/resolve/lazy/descriptors/AbstractLazyMemberScope done


Dynamic libraries:
0x00007ff7da080000 - 0x00007ff7da08a000 	C:\Program Files\Android\Android Studio\jre\bin\java.exe
0x00007ffcb91f0000 - 0x00007ffcb93e5000 	C:\windows\SYSTEM32\ntdll.dll
0x00007ffc98b20000 - 0x00007ffc98b36000 	C:\Program Files\Avast Software\Avast\aswhook.dll
0x00007ffcb7910000 - 0x00007ffcb79ce000 	C:\windows\System32\KERNEL32.DLL
0x00007ffcb6b00000 - 0x00007ffcb6dc8000 	C:\windows\System32\KERNELBASE.dll
0x00007ffcb6900000 - 0x00007ffcb6a00000 	C:\windows\System32\ucrtbase.dll
0x00007ffca1f50000 - 0x00007ffca1f67000 	C:\Program Files\Android\Android Studio\jre\bin\VCRUNTIME140.dll
0x00007ffcadc80000 - 0x00007ffcadc99000 	C:\Program Files\Android\Android Studio\jre\bin\jli.dll
0x00007ffcb79d0000 - 0x00007ffcb7b70000 	C:\windows\System32\USER32.dll
0x00007ffcb6f00000 - 0x00007ffcb6f22000 	C:\windows\System32\win32u.dll
0x00007ffcb5ca0000 - 0x00007ffcb5f3a000 	C:\windows\WinSxS\amd64_microsoft.windows.common-controls_6595b64144ccf1df_6.0.19041.1110_none_60b5254171f9507e\COMCTL32.dll
0x00007ffcb73e0000 - 0x00007ffcb740b000 	C:\windows\System32\GDI32.dll
0x00007ffcb7130000 - 0x00007ffcb723d000 	C:\windows\System32\gdi32full.dll
0x00007ffcb7470000 - 0x00007ffcb750e000 	C:\windows\System32\msvcrt.dll
0x00007ffcb6dd0000 - 0x00007ffcb6e6d000 	C:\windows\System32\msvcp_win.dll
0x00007ffcb9180000 - 0x00007ffcb91b0000 	C:\windows\System32\IMM32.DLL
0x00007ffc7dfa0000 - 0x00007ffc7e03d000 	C:\Program Files\Android\Android Studio\jre\bin\msvcp140.dll
0x00007ffbdea40000 - 0x00007ffbdf50f000 	C:\Program Files\Android\Android Studio\jre\bin\server\jvm.dll
0x00007ffcb9020000 - 0x00007ffcb90ce000 	C:\windows\System32\ADVAPI32.dll
0x00007ffcb7510000 - 0x00007ffcb75ac000 	C:\windows\System32\sechost.dll
0x00007ffcb7de0000 - 0x00007ffcb7f05000 	C:\windows\System32\RPCRT4.dll
0x00007ffcb7c40000 - 0x00007ffcb7c48000 	C:\windows\System32\PSAPI.DLL
0x00007ffc9ff30000 - 0x00007ffc9ff39000 	C:\windows\SYSTEM32\WSOCK32.dll
0x00007ffc9f820000 - 0x00007ffc9f847000 	C:\windows\SYSTEM32\WINMM.dll
0x00007ffcb7c50000 - 0x00007ffcb7cbb000 	C:\windows\System32\WS2_32.dll
0x00007ffcacf30000 - 0x00007ffcacf3a000 	C:\windows\SYSTEM32\VERSION.dll
0x00007ffcb4b30000 - 0x00007ffcb4b42000 	C:\windows\SYSTEM32\kernel.appcore.dll
0x00007ffca1e60000 - 0x00007ffca1e71000 	C:\Program Files\Android\Android Studio\jre\bin\verify.dll
0x00007ffcb6220000 - 0x00007ffcb6404000 	C:\windows\SYSTEM32\DBGHELP.DLL
0x00007ffcb6050000 - 0x00007ffcb607c000 	C:\windows\SYSTEM32\dbgcore.DLL
0x00007ffcb6e70000 - 0x00007ffcb6ef2000 	C:\windows\System32\bcryptPrimitives.dll
0x00007ffc9a520000 - 0x00007ffc9a549000 	C:\Program Files\Android\Android Studio\jre\bin\java.dll
0x00007ffcadc70000 - 0x00007ffcadc7b000 	C:\Program Files\Android\Android Studio\jre\bin\jimage.dll
0x00007ffc9ea70000 - 0x00007ffc9ea88000 	C:\Program Files\Android\Android Studio\jre\bin\zip.dll
0x00007ffcb8370000 - 0x00007ffcb8ab4000 	C:\windows\System32\SHELL32.dll
0x00007ffcb4380000 - 0x00007ffcb4b14000 	C:\windows\SYSTEM32\windows.storage.dll
0x00007ffcb75b0000 - 0x00007ffcb7905000 	C:\windows\System32\combase.dll
0x00007ffcb5c00000 - 0x00007ffcb5c2e000 	C:\windows\SYSTEM32\Wldp.dll
0x00007ffcb7cc0000 - 0x00007ffcb7d6d000 	C:\windows\System32\SHCORE.dll
0x00007ffcb7410000 - 0x00007ffcb7465000 	C:\windows\System32\shlwapi.dll
0x00007ffcb6840000 - 0x00007ffcb685f000 	C:\windows\SYSTEM32\profapi.dll
0x00007ffc99b60000 - 0x00007ffc99b7a000 	C:\Program Files\Android\Android Studio\jre\bin\net.dll
0x00007ffca1980000 - 0x00007ffca1a8c000 	C:\windows\SYSTEM32\WINHTTP.dll
0x00007ffcb5ad0000 - 0x00007ffcb5b3a000 	C:\windows\system32\mswsock.dll
0x00007ffc97920000 - 0x00007ffc97934000 	C:\Program Files\Android\Android Studio\jre\bin\nio.dll

dbghelp: loaded successfully - version: 4.0.5 - missing functions: none
symbol engine: initialized successfully - sym options: 0x614 - pdb path: .;C:\Program Files\Android\Android Studio\jre\bin;C:\windows\SYSTEM32;C:\Program Files\Avast Software\Avast;C:\windows\WinSxS\amd64_microsoft.windows.common-controls_6595b64144ccf1df_6.0.19041.1110_none_60b5254171f9507e;C:\Program Files\Android\Android Studio\jre\bin\server

VM Arguments:
java_command: org.jetbrains.kotlin.cli.jvm.K2JVMCompiler @C:\Users\musta\AndroidStudioProjects\Flixster\app\build\20220304_12358589038433836257.compiler.options
java_class_path (initial): C:\Users\musta\.gradle\caches\modules-2\files-2.1\org.jetbrains.kotlin\kotlin-compiler-embeddable\1.6.10\88f2073f4020cdb83132cfe940ceb9a60aba54ea\kotlin-compiler-embeddable-1.6.10.jar;C:\Users\musta\.gradle\caches\modules-2\files-2.1\org.jetbrains.kotlin\kotlin-reflect\1.6.10\1cbe9c92c12a94eea200d23c2bbaedaf3daf5132\kotlin-reflect-1.6.10.jar;C:\Users\musta\.gradle\caches\modules-2\files-2.1\org.jetbrains.kotlin\kotlin-stdlib\1.6.10\b8af3fe6f1ca88526914929add63cf5e7c5049af\kotlin-stdlib-1.6.10.jar;C:\Users\musta\.gradle\caches\modules-2\files-2.1\org.jetbrains.kotlin\kotlin-script-runtime\1.6.10\d0a7ff2e2500ef497ed0214ae40ad3c8387a6164\kotlin-script-runtime-1.6.10.jar;C:\Users\musta\.gradle\caches\modules-2\files-2.1\org.jetbrains.kotlin\kotlin-daemon-embeddable\1.6.10\a56d79bcbea411fa6058e4ecffc2de73e742bd2a\kotlin-daemon-embeddable-1.6.10.jar;C:\Users\musta\.gradle\caches\modules-2\files-2.1\org.jetbrains.intellij.deps\trove4j\1.0.20181211\216c2e14b070f334479d800987affe4054cd563f\trove4j-1.0.20181211.jar;C:\Users\musta\.gradle\caches\modules-2\files-2.1\net.java.dev.jna\jna\5.6.0\330f2244e9030119ab3030fc3fededc86713d9cc\jna-5.6.0.jar;C:\Users\musta\.gradle\caches\modules-2\files-2.1\org.jetbrains\annotations\13.0\919f0dfe192fb4e063e7dacadee7f8bb9a2672a9\annotations-13.0.jar;C:\Users\musta\.gradle\caches\modules-2\files-2.1\org.jetbrains.kotlin\kotlin-stdlib-common\1.6.10\c118700e3a33c8a0d9adc920e9dec0831171925\kotlin-stdlib-common-1.6.10.jar
Launcher Type: SUN_STANDARD

[Global flags]
     intx CICompilerCount                          = 4                                         {product} {ergonomic}
     uint ConcGCThreads                            = 2                                         {product} {ergonomic}
     uint G1ConcRefinementThreads                  = 8                                         {product} {ergonomic}
   size_t G1HeapRegionSize                         = 1048576                                   {product} {ergonomic}
    uintx GCDrainStackTargetSize                   = 64                                        {product} {ergonomic}
   size_t InitialHeapSize                          = 266338304                                 {product} {ergonomic}
   size_t MarkStackSize                            = 4194304                                   {product} {ergonomic}
   size_t MaxHeapSize                              = 4259315712                                {product} {ergonomic}
   size_t MaxNewSize                               = 2555379712                                {product} {ergonomic}
   size_t MinHeapDeltaBytes                        = 1048576                                   {product} {ergonomic}
    uintx NonNMethodCodeHeapSize                   = 5836300                                {pd product} {ergonomic}
    uintx NonProfiledCodeHeapSize                  = 122910970                              {pd product} {ergonomic}
    uintx ProfiledCodeHeapSize                     = 122910970                              {pd product} {ergonomic}
    uintx ReservedCodeCacheSize                    = 251658240                              {pd product} {ergonomic}
     bool SegmentedCodeCache                       = true                                      {product} {ergonomic}
     bool UseCompressedClassPointers               = true                                 {lp64_product} {ergonomic}
     bool UseCompressedOops                        = true                                 {lp64_product} {ergonomic}
     bool UseG1GC                                  = true                                      {product} {ergonomic}
     bool UseLargePagesIndividualAllocation        = false                                  {pd product} {ergonomic}

Logging:
Log output configuration:
 #0: stdout all=warning uptime,level,tags
 #1: stderr all=off uptime,level,tags

Environment Variables:
PATH=C:\windows\system32;C:\windows;C:\windows\System32\Wbem;C:\windows\System32\WindowsPowerShell\v1.0\;C:\windows\System32\OpenSSH\;C:\Program Files\Git\cmd;C:\Users\musta\AppData\Roaming\nvm;C:\Program Files\nodejs;C:\Users\musta\AppData\Local\Microsoft\WindowsApps;C:\Users\musta\AppData\Local\Programs\Microsoft VS Code\bin;C:\Users\musta\AppData\Roaming\npm;C:\Users\musta\AppData\Roaming\nvm;C:\Program Files\nodejs;C:\MinGW\bin;
USERNAME=musta
OS=Windows_NT
PROCESSOR_IDENTIFIER=Intel64 Family 6 Model 142 Stepping 10, GenuineIntel



---------------  S Y S T E M  ---------------

OS: Windows 10 , 64 bit Build 19041 (10.0.19041.1503)
OS uptime: 6 days 1:21 hours

CPU:total 8 (initial active 8) (4 cores per cpu, 2 threads per core) family 6 model 142 stepping 10 microcode 0xb4, cmov, cx8, fxsr, mmx, sse, sse2, sse3, ssse3, sse4.1, sse4.2, popcnt, avx, avx2, aes, clmul, erms, rtm, 3dnowpref, lzcnt, ht, tsc, tscinvbit, bmi1, bmi2, adx, fma

Memory: 4k page, system-wide physical 16243M (2780M free)
TotalPageFile size 19783M (AvailPageFile size 5M)
current process WorkingSet (physical memory assigned to process): 235M, peak: 235M
current process commit charge ("private bytes"): 447M, peak: 447M

vm_info: OpenJDK 64-Bit Server VM (11.0.10+0-b96-7249189) for windows-amd64 JRE (11.0.10+0-b96-7249189), built on Mar 31 2021 21:44:00 by "builder" with MS VC++ 14.0 (VS2015)

END.
