#
# There is insufficient memory for the Java Runtime Environment to continue.
# Native memory allocation (mmap) failed to map 65536 bytes for Failed to commit area from 0x000001d294fd0000 to 0x000001d294fe0000 of length 65536.
# Possible reasons:
#   The system is out of physical RAM or swap space
#   The process is running with CompressedOops enabled, and the Java Heap may be blocking the growth of the native heap
# Possible solutions:
#   Reduce memory load on the system
#   Increase physical memory or swap space
#   Check if swap backing store is full
#   Decrease Java heap size (-Xmx/-Xms)
#   Decrease number of Java threads
#   Decrease Java thread stack sizes (-Xss)
#   Set larger code cache with -XX:ReservedCodeCacheSize=
# This output file may be truncated or incomplete.
#
#  Out of Memory Error (./src/hotspot/os/windows/os_windows.cpp:3301), pid=26316, tid=28352
#
# JRE version:  (11.0.10) (build )
# Java VM: OpenJDK 64-Bit Server VM (11.0.10+0-b96-7249189, mixed mode, sharing, tiered, compressed oops, g1 gc, windows-amd64)
# No core dump will be written. Minidumps are not enabled by default on client versions of Windows
#

---------------  S U M M A R Y ------------

Command Line: org.jetbrains.kotlin.cli.jvm.K2JVMCompiler @C:\Users\musta\AndroidStudioProjects\Flixster\app\build\20220224_11112462286699147707.compiler.options

Host: Intel(R) Core(TM) i5-8350U CPU @ 1.70GHz, 8 cores, 15G,  Windows 10 , 64 bit Build 19041 (10.0.19041.1503)
Time: Thu Feb 24 21:29:59 2022 Eastern Standard Time elapsed time: 0.010958 seconds (0d 0h 0m 0s)

---------------  T H R E A D  ---------------

Current thread (0x000001d2fdfb4800):  JavaThread "Unknown thread" [_thread_in_vm, id=28352, stack(0x0000001bc2000000,0x0000001bc2100000)]

Stack: [0x0000001bc2000000,0x0000001bc2100000]
Native frames: (J=compiled Java code, j=interpreted, Vv=VM code, C=native code)
V  [jvm.dll+0x5ecfaa]
V  [jvm.dll+0x722bd5]
V  [jvm.dll+0x72412d]
V  [jvm.dll+0x7247e3]
V  [jvm.dll+0x242928]
V  [jvm.dll+0x5ea374]
V  [jvm.dll+0x5df425]
V  [jvm.dll+0x2fdebb]
V  [jvm.dll+0x2fde2a]
V  [jvm.dll+0x2fdd02]
V  [jvm.dll+0x302d05]
V  [jvm.dll+0x34b2b5]
V  [jvm.dll+0x34b9a6]
V  [jvm.dll+0x34b3a3]
V  [jvm.dll+0x2d8888]
V  [jvm.dll+0x2d9a37]
V  [jvm.dll+0x701737]
V  [jvm.dll+0x702f2c]
V  [jvm.dll+0x3587d9]
V  [jvm.dll+0x6e4fae]
V  [jvm.dll+0x3c0be3]
V  [jvm.dll+0x3c2e91]
C  [jli.dll+0x5373]
C  [ucrtbase.dll+0x21bb2]
C  [KERNEL32.DLL+0x17034]
C  [ntdll.dll+0x52651]


---------------  P R O C E S S  ---------------

Threads class SMR info:
_java_thread_list=0x000001d2fbde1c80, length=0, elements={
}

Java Threads: ( => current thread )

Other Threads:
  0x000001d2fdfc8800 GCTaskThread "GC Thread#0" [stack: 0x0000001bc2100000,0x0000001bc2200000] [id=8228]
  0x000001d2fe026000 ConcurrentGCThread "G1 Main Marker" [stack: 0x0000001bc2200000,0x0000001bc2300000] [id=11776]
  0x000001d2fe028000 ConcurrentGCThread "G1 Conc#0" [stack: 0x0000001bc2300000,0x0000001bc2400000] [id=4772]

[error occurred during error reporting (printing all threads), id 0xc0000005, EXCEPTION_ACCESS_VIOLATION (0xc0000005) at pc=0x00007ffdf5229107]

VM state:not at safepoint (not fully initialized)

VM Mutex/Monitor currently owned by a thread:  ([mutex/lock_event])
[0x000001d2fdfb3680] Heap_lock - owner thread: 0x000001d2fdfb4800

Heap address: 0x0000000702200000, size: 4062 MB, Compressed Oops mode: Non-zero based: 0x0000000702200000
Narrow klass base: 0x0000000000000000, Narrow klass shift: 0

GC Heap History (0 events):
No events

Deoptimization events (0 events):
No events

Classes redefined (0 events):
No events

Internal exceptions (0 events):
No events

Events (1 events):
Event: 0.006 Loaded shared library C:\Program Files\Android\Android Studio\jre\bin\zip.dll


Dynamic libraries:
0x00007ff677370000 - 0x00007ff67737a000 	C:\Program Files\Android\Android Studio\jre\bin\java.exe
0x00007ffeb1970000 - 0x00007ffeb1b65000 	C:\windows\SYSTEM32\ntdll.dll
0x00007ffe7a280000 - 0x00007ffe7a296000 	C:\Program Files\Avast Software\Avast\aswhook.dll
0x00007ffeafed0000 - 0x00007ffeaff8e000 	C:\windows\System32\KERNEL32.DLL
0x00007ffeaf6f0000 - 0x00007ffeaf9b8000 	C:\windows\System32\KERNELBASE.dll
0x00007ffeaf2b0000 - 0x00007ffeaf3b0000 	C:\windows\System32\ucrtbase.dll
0x00007ffe94fc0000 - 0x00007ffe94fd9000 	C:\Program Files\Android\Android Studio\jre\bin\jli.dll
0x00007ffe90670000 - 0x00007ffe90687000 	C:\Program Files\Android\Android Studio\jre\bin\VCRUNTIME140.dll
0x00007ffeb0680000 - 0x00007ffeb0820000 	C:\windows\System32\USER32.dll
0x00007ffeaf210000 - 0x00007ffeaf232000 	C:\windows\System32\win32u.dll
0x00007ffeb1830000 - 0x00007ffeb185b000 	C:\windows\System32\GDI32.dll
0x00007ffe99960000 - 0x00007ffe99bfa000 	C:\windows\WinSxS\amd64_microsoft.windows.common-controls_6595b64144ccf1df_6.0.19041.1110_none_60b5254171f9507e\COMCTL32.dll
0x00007ffeaf5b0000 - 0x00007ffeaf6bd000 	C:\windows\System32\gdi32full.dll
0x00007ffeafff0000 - 0x00007ffeb008e000 	C:\windows\System32\msvcrt.dll
0x00007ffeaf3b0000 - 0x00007ffeaf44d000 	C:\windows\System32\msvcp_win.dll
0x00007ffeb0400000 - 0x00007ffeb0430000 	C:\windows\System32\IMM32.DLL
0x00007ffe75c30000 - 0x00007ffe75ccd000 	C:\Program Files\Android\Android Studio\jre\bin\msvcp140.dll
0x00007ffdf4f40000 - 0x00007ffdf5a0f000 	C:\Program Files\Android\Android Studio\jre\bin\server\jvm.dll
0x00007ffeafca0000 - 0x00007ffeafd4e000 	C:\windows\System32\ADVAPI32.dll
0x00007ffeb0530000 - 0x00007ffeb05cc000 	C:\windows\System32\sechost.dll
0x00007ffeb08a0000 - 0x00007ffeb09c5000 	C:\windows\System32\RPCRT4.dll
0x00007ffeb03f0000 - 0x00007ffeb03f8000 	C:\windows\System32\PSAPI.DLL
0x00007ffe9ae80000 - 0x00007ffe9ae89000 	C:\windows\SYSTEM32\WSOCK32.dll
0x00007ffe99710000 - 0x00007ffe99737000 	C:\windows\SYSTEM32\WINMM.dll
0x00007ffea58b0000 - 0x00007ffea58ba000 	C:\windows\SYSTEM32\VERSION.dll
0x00007ffeb0430000 - 0x00007ffeb049b000 	C:\windows\System32\WS2_32.dll
0x00007ffead950000 - 0x00007ffead962000 	C:\windows\SYSTEM32\kernel.appcore.dll
0x00007ffea93a0000 - 0x00007ffea93b1000 	C:\Program Files\Android\Android Studio\jre\bin\verify.dll
0x00007ffea9e20000 - 0x00007ffeaa004000 	C:\windows\SYSTEM32\DBGHELP.DLL
0x00007ffea3af0000 - 0x00007ffea3b1c000 	C:\windows\SYSTEM32\dbgcore.DLL
0x00007ffeaf180000 - 0x00007ffeaf202000 	C:\windows\System32\bcryptPrimitives.dll
0x00007ffe85a90000 - 0x00007ffe85ab9000 	C:\Program Files\Android\Android Studio\jre\bin\java.dll
0x00007ffea9390000 - 0x00007ffea939b000 	C:\Program Files\Android\Android Studio\jre\bin\jimage.dll
0x00007ffea5520000 - 0x00007ffea5538000 	C:\Program Files\Android\Android Studio\jre\bin\zip.dll

dbghelp: loaded successfully - version: 4.0.5 - missing functions: none
symbol engine: initialized successfully - sym options: 0x614 - pdb path: .;C:\Program Files\Android\Android Studio\jre\bin;C:\windows\SYSTEM32;C:\Program Files\Avast Software\Avast;C:\windows\WinSxS\amd64_microsoft.windows.common-controls_6595b64144ccf1df_6.0.19041.1110_none_60b5254171f9507e;C:\Program Files\Android\Android Studio\jre\bin\server

VM Arguments:
java_command: org.jetbrains.kotlin.cli.jvm.K2JVMCompiler @C:\Users\musta\AndroidStudioProjects\Flixster\app\build\20220224_11112462286699147707.compiler.options
java_class_path (initial): C:\Users\musta\.gradle\caches\modules-2\files-2.1\org.jetbrains.kotlin\kotlin-compiler-embeddable\1.6.10\88f2073f4020cdb83132cfe940ceb9a60aba54ea\kotlin-compiler-embeddable-1.6.10.jar;C:\Users\musta\.gradle\caches\modules-2\files-2.1\org.jetbrains.kotlin\kotlin-reflect\1.6.10\1cbe9c92c12a94eea200d23c2bbaedaf3daf5132\kotlin-reflect-1.6.10.jar;C:\Users\musta\.gradle\caches\modules-2\files-2.1\org.jetbrains.kotlin\kotlin-stdlib\1.6.10\b8af3fe6f1ca88526914929add63cf5e7c5049af\kotlin-stdlib-1.6.10.jar;C:\Users\musta\.gradle\caches\modules-2\files-2.1\org.jetbrains.kotlin\kotlin-script-runtime\1.6.10\d0a7ff2e2500ef497ed0214ae40ad3c8387a6164\kotlin-script-runtime-1.6.10.jar;C:\Users\musta\.gradle\caches\modules-2\files-2.1\org.jetbrains.kotlin\kotlin-daemon-embeddable\1.6.10\a56d79bcbea411fa6058e4ecffc2de73e742bd2a\kotlin-daemon-embeddable-1.6.10.jar;C:\Users\musta\.gradle\caches\modules-2\files-2.1\org.jetbrains.intellij.deps\trove4j\1.0.20181211\216c2e14b070f334479d800987affe4054cd563f\trove4j-1.0.20181211.jar;C:\Users\musta\.gradle\caches\modules-2\files-2.1\net.java.dev.jna\jna\5.6.0\330f2244e9030119ab3030fc3fededc86713d9cc\jna-5.6.0.jar;C:\Users\musta\.gradle\caches\modules-2\files-2.1\org.jetbrains\annotations\13.0\919f0dfe192fb4e063e7dacadee7f8bb9a2672a9\annotations-13.0.jar;C:\Users\musta\.gradle\caches\modules-2\files-2.1\org.jetbrains.kotlin\kotlin-stdlib-common\1.6.10\c118700e3a33c8a0d9adc920e9dec0831171925\kotlin-stdlib-common-1.6.10.jar
Launcher Type: SUN_STANDARD

[Global flags]
     intx CICompilerCount                          = 4                                         {product} {ergonomic}
     uint ConcGCThreads                            = 2                                         {product} {ergonomic}
     uint G1ConcRefinementThreads                  = 8                                         {product} {ergonomic}
   size_t G1HeapRegionSize                         = 1048576                                   {product} {ergonomic}
    uintx GCDrainStackTargetSize                   = 64                                        {product} {ergonomic}
   size_t InitialHeapSize                          = 266338304                                 {product} {ergonomic}
   size_t MarkStackSize                            = 4194304                                   {product} {ergonomic}
   size_t MaxHeapSize                              = 4259315712                                {product} {ergonomic}
   size_t MinHeapDeltaBytes                        = 1048576                                   {product} {ergonomic}
    uintx NonNMethodCodeHeapSize                   = 5836300                                {pd product} {ergonomic}
    uintx NonProfiledCodeHeapSize                  = 122910970                              {pd product} {ergonomic}
    uintx ProfiledCodeHeapSize                     = 122910970                              {pd product} {ergonomic}
    uintx ReservedCodeCacheSize                    = 251658240                              {pd product} {ergonomic}
     bool SegmentedCodeCache                       = true                                      {product} {ergonomic}
     bool UseCompressedClassPointers               = true                                 {lp64_product} {ergonomic}
     bool UseCompressedOops                        = true                                 {lp64_product} {ergonomic}
     bool UseG1GC                                  = true                                      {product} {ergonomic}
     bool UseLargePagesIndividualAllocation        = false                                  {pd product} {ergonomic}

Logging:
Log output configuration:
 #0: stdout all=warning uptime,level,tags
 #1: stderr all=off uptime,level,tags

Environment Variables:
PATH=C:\windows\system32;C:\windows;C:\windows\System32\Wbem;C:\windows\System32\WindowsPowerShell\v1.0\;C:\windows\System32\OpenSSH\;C:\Program Files\Git\cmd;C:\Users\musta\AppData\Roaming\nvm;C:\Program Files\nodejs;C:\Users\musta\AppData\Local\Microsoft\WindowsApps;C:\Users\musta\AppData\Local\Programs\Microsoft VS Code\bin;C:\Users\musta\AppData\Roaming\npm;C:\Users\musta\AppData\Roaming\nvm;C:\Program Files\nodejs;C:\MinGW\bin;
USERNAME=musta
OS=Windows_NT
PROCESSOR_IDENTIFIER=Intel64 Family 6 Model 142 Stepping 10, GenuineIntel



---------------  S Y S T E M  ---------------

OS: Windows 10 , 64 bit Build 19041 (10.0.19041.1503)
OS uptime: 6 days 17:46 hours

CPU:total 8 (initial active 8) (4 cores per cpu, 2 threads per core) family 6 model 142 stepping 10 microcode 0xb4, cmov, cx8, fxsr, mmx, sse, sse2, sse3, ssse3, sse4.1, sse4.2, popcnt, avx, avx2, aes, clmul, erms, rtm, 3dnowpref, lzcnt, ht, tsc, tscinvbit, bmi1, bmi2, adx, fma

Memory: 4k page, system-wide physical 16243M (3110M free)
TotalPageFile size 19783M (AvailPageFile size 3M)
current process WorkingSet (physical memory assigned to process): 10M, peak: 10M
current process commit charge ("private bytes"): 318M, peak: 318M

vm_info: OpenJDK 64-Bit Server VM (11.0.10+0-b96-7249189) for windows-amd64 JRE (11.0.10+0-b96-7249189), built on Mar 31 2021 21:44:00 by "builder" with MS VC++ 14.0 (VS2015)

END.
