#
# There is insufficient memory for the Java Runtime Environment to continue.
# Native memory allocation (mmap) failed to map 356515840 bytes for Failed to commit area from 0x0000000095f00000 to 0x00000000ab300000 of length 356515840.
# Possible reasons:
#   The system is out of physical RAM or swap space
#   The process is running with CompressedOops enabled, and the Java Heap may be blocking the growth of the native heap
# Possible solutions:
#   Reduce memory load on the system
#   Increase physical memory or swap space
#   Check if swap backing store is full
#   Decrease Java heap size (-Xmx/-Xms)
#   Decrease number of Java threads
#   Decrease Java thread stack sizes (-Xss)
#   Set larger code cache with -XX:ReservedCodeCacheSize=
#   JVM is running with Unscaled Compressed Oops mode in which the Java heap is
#     placed in the first 4GB address space. The Java Heap base address is the
#     maximum limit for the native heap growth. Please use -XX:HeapBaseMinAddress
#     to set the Java Heap base and to place the Java Heap above 4GB virtual address.
# This output file may be truncated or incomplete.
#
#  Out of Memory Error (./src/hotspot/os/windows/os_windows.cpp:3301), pid=12792, tid=5320
#
# JRE version: OpenJDK Runtime Environment (11.0.10) (build 11.0.10+0-b96-7249189)
# Java VM: OpenJDK 64-Bit Server VM (11.0.10+0-b96-7249189, mixed mode, tiered, compressed oops, g1 gc, windows-amd64)
# No core dump will be written. Minidumps are not enabled by default on client versions of Windows
#

---------------  S U M M A R Y ------------

Command Line: --add-opens=java.base/java.util=ALL-UNNAMED --add-opens=java.base/java.lang=ALL-UNNAMED --add-opens=java.base/java.lang.invoke=ALL-UNNAMED --add-opens=java.base/java.util=ALL-UNNAMED --add-opens=java.prefs/java.util.prefs=ALL-UNNAMED --add-opens=java.prefs/java.util.prefs=ALL-UNNAMED --add-opens=java.base/java.nio.charset=ALL-UNNAMED --add-opens=java.base/java.net=ALL-UNNAMED --add-opens=java.base/java.util.concurrent.atomic=ALL-UNNAMED -Xmx2048m -Dfile.encoding=UTF-8 -Duser.country=US -Duser.language=en -Duser.variant org.gradle.launcher.daemon.bootstrap.GradleDaemon 7.0.2

Host: Intel(R) Core(TM) i5-8350U CPU @ 1.70GHz, 8 cores, 15G,  Windows 10 , 64 bit Build 19041 (10.0.19041.1503)
Time: Fri Mar  4 14:23:28 2022 Eastern Standard Time elapsed time: 177.626139 seconds (0d 0h 2m 57s)

---------------  T H R E A D  ---------------

Current thread (0x0000016ff0f6c800):  VMThread "VM Thread" [stack: 0x0000002e83100000,0x0000002e83200000] [id=5320]

Stack: [0x0000002e83100000,0x0000002e83200000]
[error occurred during error reporting (printing stack bounds), id 0xc0000005, EXCEPTION_ACCESS_VIOLATION (0xc0000005) at pc=0x0000016fd9d90f2d]

Native frames: (J=compiled Java code, j=interpreted, Vv=VM code, C=native code)
V  [jvm.dll+0x5ecfaa]
V  [jvm.dll+0x722bd5]
V  [jvm.dll+0x72412d]
V  [jvm.dll+0x724745]
V  [jvm.dll+0x7246fb]
V  [jvm.dll+0x5ec348]
V  [jvm.dll+0x5ecad8]
C  [ntdll.dll+0xa20cf]
C  [ntdll.dll+0x51454]
C  [ntdll.dll+0xa0bfe]
C  0x0000016fd9d90f2d

VM_Operation (0x0000002e87dfd1b0): G1CollectForAllocation, mode: safepoint, requested by thread 0x0000016ff1e89800


---------------  P R O C E S S  ---------------

Threads class SMR info:
_java_thread_list=0x0000016ffca912d0, length=79, elements={
0x0000016fd62a0800, 0x0000016ff0f6f000, 0x0000016ff0f75000, 0x0000016ff0fd8000,
0x0000016ff0fda000, 0x0000016ff0fdb000, 0x0000016ff0fe1000, 0x0000016ff0fe2000,
0x0000016ff0fe4800, 0x0000016ff1151000, 0x0000016ff2795800, 0x0000016ff133e000,
0x0000016ff452d800, 0x0000016ff2bd8800, 0x0000016ff2bdc800, 0x0000016ff2bdd800,
0x0000016ff2bd8000, 0x0000016ff2bda000, 0x0000016ff2bde800, 0x0000016ff2bdb000,
0x0000016ff4c0c000, 0x0000016ff4c0e800, 0x0000016ff4c0d800, 0x0000016ff4c09800,
0x0000016ff4c08800, 0x0000016ff4c0f000, 0x0000016ff4c11000, 0x0000016ff4c12800,
0x0000016ff3b46000, 0x0000016ff3b48800, 0x0000016ff3b42800, 0x0000016ff3b49000,
0x0000016ff3b43800, 0x0000016ff3b4a000, 0x0000016ff3b44000, 0x0000016ff3b4a800,
0x0000016ff3b45000, 0x0000016ff3b4f800, 0x0000016ff3b4c800, 0x0000016ff3b4e000,
0x0000016ff3b4f000, 0x0000016ff3b50800, 0x0000016ff3b4b800, 0x0000016ff3b4d000,
0x0000016ff4c10000, 0x0000016ff4c0a800, 0x0000016ff4c0b000, 0x0000016ff4c15000,
0x0000016ff4c15800, 0x0000016ff4c16800, 0x0000016ff4c17800, 0x0000016ff4c13000,
0x0000016ff4c14000, 0x0000016ff2bd9800, 0x0000016ff2bdc000, 0x0000016ff1e84800,
0x0000016ff1e7e800, 0x0000016ff1e81000, 0x0000016ff1e83800, 0x0000016ff1e80800,
0x0000016ff1e85800, 0x0000016ff1e83000, 0x0000016ff1e82000, 0x0000016ff1e7f800,
0x0000016ff1e87000, 0x0000016ff1e88800, 0x0000016ffea0c800, 0x0000016ffa6c9800,
0x0000016ff1e8c000, 0x0000016ff1e89800, 0x0000016ff1e8a000, 0x0000016ff1e8b000,
0x0000016ff1e86000, 0x0000016ff1e8d800, 0x0000016ff1e8c800, 0x0000016ff1e87800,
0x0000016ffcdd2800, 0x0000016ffcdd5800, 0x0000016ffcdd7000
}

Java Threads: ( => current thread )
  0x0000016fd62a0800 JavaThread "main" [_thread_blocked, id=5104, stack(0x0000002e82b00000,0x0000002e82c00000)]
  0x0000016ff0f6f000 JavaThread "Reference Handler" daemon [_thread_blocked, id=26420, stack(0x0000002e83200000,0x0000002e83300000)]
  0x0000016ff0f75000 JavaThread "Finalizer" daemon [_thread_blocked, id=21136, stack(0x0000002e83300000,0x0000002e83400000)]
  0x0000016ff0fd8000 JavaThread "Signal Dispatcher" daemon [_thread_blocked, id=25108, stack(0x0000002e83400000,0x0000002e83500000)]
  0x0000016ff0fda000 JavaThread "Attach Listener" daemon [_thread_blocked, id=17048, stack(0x0000002e83500000,0x0000002e83600000)]
  0x0000016ff0fdb000 JavaThread "Service Thread" daemon [_thread_blocked, id=26620, stack(0x0000002e83600000,0x0000002e83700000)]
  0x0000016ff0fe1000 JavaThread "C2 CompilerThread0" daemon [_thread_blocked, id=25720, stack(0x0000002e83700000,0x0000002e83800000)]
  0x0000016ff0fe2000 JavaThread "C1 CompilerThread0" daemon [_thread_blocked, id=4068, stack(0x0000002e83800000,0x0000002e83900000)]
  0x0000016ff0fe4800 JavaThread "Sweeper thread" daemon [_thread_blocked, id=3168, stack(0x0000002e83900000,0x0000002e83a00000)]
  0x0000016ff1151000 JavaThread "Common-Cleaner" daemon [_thread_blocked, id=11952, stack(0x0000002e83a00000,0x0000002e83b00000)]
  0x0000016ff2795800 JavaThread "Daemon health stats" [_thread_blocked, id=25764, stack(0x0000002e84200000,0x0000002e84300000)]
  0x0000016ff133e000 JavaThread "Incoming local TCP Connector on port 64477" [_thread_in_native, id=1856, stack(0x0000002e83c00000,0x0000002e83d00000)]
  0x0000016ff452d800 JavaThread "Daemon periodic checks" [_thread_blocked, id=21780, stack(0x0000002e84300000,0x0000002e84400000)]
  0x0000016ff2bd8800 JavaThread "Cache worker for file hash cache (C:\Users\musta\.gradle\caches\7.0.2\fileHashes)" [_thread_blocked, id=6524, stack(0x0000002e84c00000,0x0000002e84d00000)]
  0x0000016ff2bdc800 JavaThread "File lock request listener" [_thread_in_native, id=6824, stack(0x0000002e84d00000,0x0000002e84e00000)]
  0x0000016ff2bdd800 JavaThread "Cache worker for journal cache (C:\Users\musta\.gradle\caches\journal-1)" [_thread_blocked, id=17972, stack(0x0000002e85100000,0x0000002e85200000)]
  0x0000016ff2bd8000 JavaThread "File watcher server" daemon [_thread_blocked, id=14136, stack(0x0000002e85300000,0x0000002e85400000)]
  0x0000016ff2bda000 JavaThread "File watcher consumer" daemon [_thread_blocked, id=18248, stack(0x0000002e85400000,0x0000002e85500000)]
  0x0000016ff2bde800 JavaThread "jar transforms" [_thread_blocked, id=24988, stack(0x0000002e85500000,0x0000002e85600000)]
  0x0000016ff2bdb000 JavaThread "jar transforms Thread 2" [_thread_blocked, id=18904, stack(0x0000002e85600000,0x0000002e85700000)]
  0x0000016ff4c0c000 JavaThread "jar transforms Thread 3" [_thread_blocked, id=17896, stack(0x0000002e85700000,0x0000002e85800000)]
  0x0000016ff4c0e800 JavaThread "jar transforms Thread 4" [_thread_blocked, id=22884, stack(0x0000002e85800000,0x0000002e85900000)]
  0x0000016ff4c0d800 JavaThread "jar transforms Thread 5" [_thread_blocked, id=17744, stack(0x0000002e85900000,0x0000002e85a00000)]
  0x0000016ff4c09800 JavaThread "jar transforms Thread 6" [_thread_blocked, id=25420, stack(0x0000002e85a00000,0x0000002e85b00000)]
  0x0000016ff4c08800 JavaThread "jar transforms Thread 7" [_thread_blocked, id=27368, stack(0x0000002e85b00000,0x0000002e85c00000)]
  0x0000016ff4c0f000 JavaThread "jar transforms Thread 8" [_thread_blocked, id=7936, stack(0x0000002e85d00000,0x0000002e85e00000)]
  0x0000016ff4c11000 JavaThread "Cache worker for execution history cache (C:\Users\musta\.gradle\caches\7.0.2\executionHistory)" [_thread_blocked, id=18944, stack(0x0000002e86100000,0x0000002e86200000)]
  0x0000016ff4c12800 JavaThread "Cache worker for file content cache (C:\Users\musta\.gradle\caches\7.0.2\fileContent)" [_thread_blocked, id=8052, stack(0x0000002e86200000,0x0000002e86300000)]
  0x0000016ff3b46000 JavaThread "Memory manager" [_thread_blocked, id=2980, stack(0x0000002e86d00000,0x0000002e86e00000)]
  0x0000016ff3b48800 JavaThread "Daemon Thread 2" [_thread_blocked, id=8948, stack(0x0000002e82800000,0x0000002e82900000)]
  0x0000016ff3b42800 JavaThread "Handler for socket connection from /127.0.0.1:64477 to /127.0.0.1:64551" [_thread_in_native, id=18060, stack(0x0000002e82900000,0x0000002e82a00000)]
  0x0000016ff3b49000 JavaThread "Cancel handler" [_thread_blocked, id=4808, stack(0x0000002e82a00000,0x0000002e82b00000)]
  0x0000016ff3b43800 JavaThread "Daemon worker Thread 2" [_thread_blocked, id=9012, stack(0x0000002e84400000,0x0000002e84500000)]
  0x0000016ff3b4a000 JavaThread "Asynchronous log dispatcher for DefaultDaemonConnection: socket connection from /127.0.0.1:64477 to /127.0.0.1:64551" [_thread_blocked, id=11564, stack(0x0000002e84500000,0x0000002e84600000)]
  0x0000016ff3b44000 JavaThread "Stdin handler" [_thread_blocked, id=20988, stack(0x0000002e84600000,0x0000002e84700000)]
  0x0000016ff3b4a800 JavaThread "Daemon client event forwarder" [_thread_blocked, id=6060, stack(0x0000002e84700000,0x0000002e84800000)]
  0x0000016ff3b45000 JavaThread "Cache worker for file hash cache (C:\Users\musta\AndroidStudioProjects\Flixster\.gradle\7.0.2\fileHashes)" [_thread_blocked, id=6428, stack(0x0000002e84800000,0x0000002e84900000)]
  0x0000016ff3b4f800 JavaThread "Cache worker for checksums cache (C:\Users\musta\AndroidStudioProjects\Flixster\.gradle\checksums)" [_thread_blocked, id=10656, stack(0x0000002e84900000,0x0000002e84a00000)]
  0x0000016ff3b4c800 JavaThread "Cache worker for cache directory md-supplier (C:\Users\musta\.gradle\caches\7.0.2\md-supplier)" [_thread_blocked, id=11604, stack(0x0000002e84b00000,0x0000002e84c00000)]
  0x0000016ff3b4e000 JavaThread "Cache worker for cache directory md-rule (C:\Users\musta\.gradle\caches\7.0.2\md-rule)" [_thread_blocked, id=11916, stack(0x0000002e85200000,0x0000002e85300000)]
  0x0000016ff3b4f000 JavaThread "Cache worker for dependencies-accessors (C:\Users\musta\AndroidStudioProjects\Flixster\.gradle\7.0.2\dependencies-accessors)" [_thread_blocked, id=22596, stack(0x0000002e85c00000,0x0000002e85d00000)]
  0x0000016ff3b50800 JavaThread "Cache worker for Build Output Cleanup Cache (C:\Users\musta\AndroidStudioProjects\Flixster\.gradle\buildOutputCleanup)" [_thread_blocked, id=9140, stack(0x0000002e85e00000,0x0000002e85f00000)]
  0x0000016ff3b4b800 JavaThread "Build operations" [_thread_blocked, id=5636, stack(0x0000002e85f00000,0x0000002e86000000)]
  0x0000016ff3b4d000 JavaThread "Build operations Thread 2" [_thread_blocked, id=21068, stack(0x0000002e86000000,0x0000002e86100000)]
  0x0000016ff4c10000 JavaThread "Build operations Thread 3" [_thread_blocked, id=16092, stack(0x0000002e86300000,0x0000002e86400000)]
  0x0000016ff4c0a800 JavaThread "Build operations Thread 4" [_thread_blocked, id=13288, stack(0x0000002e86400000,0x0000002e86500000)]
  0x0000016ff4c0b000 JavaThread "Build operations Thread 5" [_thread_blocked, id=6884, stack(0x0000002e86500000,0x0000002e86600000)]
  0x0000016ff4c15000 JavaThread "Build operations Thread 6" [_thread_blocked, id=27132, stack(0x0000002e86600000,0x0000002e86700000)]
  0x0000016ff4c15800 JavaThread "Build operations Thread 7" [_thread_blocked, id=23548, stack(0x0000002e86700000,0x0000002e86800000)]
  0x0000016ff4c16800 JavaThread "Build operations Thread 8" [_thread_blocked, id=19256, stack(0x0000002e86800000,0x0000002e86900000)]
  0x0000016ff4c17800 JavaThread "build event listener" [_thread_blocked, id=7704, stack(0x0000002e86a00000,0x0000002e86b00000)]
  0x0000016ff4c13000 JavaThread "build event listener" [_thread_blocked, id=15340, stack(0x0000002e86b00000,0x0000002e86c00000)]
  0x0000016ff4c14000 JavaThread "Execution worker for ':'" [_thread_blocked, id=10444, stack(0x0000002e86c00000,0x0000002e86d00000)]
  0x0000016ff2bd9800 JavaThread "Execution worker for ':' Thread 2" [_thread_blocked, id=26836, stack(0x0000002e86f00000,0x0000002e87000000)]
  0x0000016ff2bdc000 JavaThread "Execution worker for ':' Thread 3" [_thread_blocked, id=12160, stack(0x0000002e87000000,0x0000002e87100000)]
  0x0000016ff1e84800 JavaThread "Execution worker for ':' Thread 4" [_thread_blocked, id=17264, stack(0x0000002e87100000,0x0000002e87200000)]
  0x0000016ff1e7e800 JavaThread "Execution worker for ':' Thread 5" [_thread_blocked, id=14000, stack(0x0000002e87200000,0x0000002e87300000)]
  0x0000016ff1e81000 JavaThread "Execution worker for ':' Thread 6" [_thread_blocked, id=8536, stack(0x0000002e87300000,0x0000002e87400000)]
  0x0000016ff1e83800 JavaThread "Execution worker for ':' Thread 7" [_thread_blocked, id=2388, stack(0x0000002e87400000,0x0000002e87500000)]
  0x0000016ff1e80800 JavaThread "Cache worker for execution history cache (C:\Users\musta\AndroidStudioProjects\Flixster\.gradle\7.0.2\executionHistory)" [_thread_blocked, id=24512, stack(0x0000002e87500000,0x0000002e87600000)]
  0x0000016ff1e85800 JavaThread "RMI Scheduler(0)" daemon [_thread_blocked, id=17100, stack(0x0000002e84a00000,0x0000002e84b00000)]
  0x0000016ff1e83000 JavaThread "RMI RenewClean-[127.0.0.1:17033,org.jetbrains.kotlin.daemon.common.LoopbackNetworkInterface$ClientLoopbackSocketFactory@52d62832]" daemon [_thread_in_native, id=18964, stack(0x0000002e86900000,0x0000002e86a00000)]
  0x0000016ff1e82000 JavaThread "RMI GC Daemon" daemon [_thread_blocked, id=16748, stack(0x0000002e87600000,0x0000002e87700000)]
  0x0000016ff1e7f800 JavaThread "RMI TCP Accept-0" daemon [_thread_in_native, id=26300, stack(0x0000002e87800000,0x0000002e87900000)]
  0x0000016ff1e87000 JavaThread "RMI Reaper" [_thread_blocked, id=18908, stack(0x0000002e87900000,0x0000002e87a00000)]
  0x0000016ff1e88800 JavaThread "RMI TCP Connection(idle)" daemon [_thread_blocked, id=3416, stack(0x0000002e87a00000,0x0000002e87b00000)]
  0x0000016ffea0c800 JavaThread "C2 CompilerThread1" daemon [_thread_blocked, id=16028, stack(0x0000002e87700000,0x0000002e87800000)]
  0x0000016ffa6c9800 JavaThread "C2 CompilerThread2" daemon [_thread_blocked, id=25468, stack(0x0000002e87b00000,0x0000002e87c00000)]
  0x0000016ff1e8c000 JavaThread "WorkerExecutor Queue" [_thread_blocked, id=13696, stack(0x0000002e87c00000,0x0000002e87d00000)]
  0x0000016ff1e89800 JavaThread "WorkerExecutor Queue Thread 2" [_thread_blocked, id=13088, stack(0x0000002e87d00000,0x0000002e87e00000)]
  0x0000016ff1e8a000 JavaThread "WorkerExecutor Queue Thread 3" [_thread_blocked, id=8704, stack(0x0000002e87e00000,0x0000002e87f00000)]
  0x0000016ff1e8b000 JavaThread "ForkJoinPool-2-worker-3" daemon [_thread_blocked, id=26732, stack(0x0000002e87f00000,0x0000002e88000000)]
  0x0000016ff1e86000 JavaThread "ForkJoinPool-2-worker-5" daemon [_thread_blocked, id=16552, stack(0x0000002e88000000,0x0000002e88100000)]
  0x0000016ff1e8d800 JavaThread "ForkJoinPool-2-worker-7" daemon [_thread_blocked, id=26576, stack(0x0000002e88100000,0x0000002e88200000)]
  0x0000016ff1e8c800 JavaThread "ForkJoinPool-2-worker-9" daemon [_thread_blocked, id=15464, stack(0x0000002e88200000,0x0000002e88300000)]
  0x0000016ff1e87800 JavaThread "ForkJoinPool-2-worker-11" daemon [_thread_blocked, id=11876, stack(0x0000002e88300000,0x0000002e88400000)]
  0x0000016ffcdd2800 JavaThread "ForkJoinPool-2-worker-13" daemon [_thread_blocked, id=3916, stack(0x0000002e88400000,0x0000002e88500000)]
  0x0000016ffcdd5800 JavaThread "ForkJoinPool-2-worker-15" daemon [_thread_blocked, id=22780, stack(0x0000002e88500000,0x0000002e88600000)]
  0x0000016ffcdd7000 JavaThread "ForkJoinPool-2-worker-1" daemon [_thread_blocked, id=19924, stack(0x0000002e88600000,0x0000002e88700000)]

Other Threads:
=>0x0000016ff0f6c800 VMThread "VM Thread" [stack: 0x0000002e83100000,0x0000002e83200000] [id=5320]
  0x0000016ff115f000 WatcherThread [stack: 0x0000002e83b00000,0x0000002e83c00000] [id=22564]
  0x0000016fd62bc800 GCTaskThread "GC Thread#0" [stack: 0x0000002e82c00000,0x0000002e82d00000] [id=16620]
  0x0000016ff1813800 GCTaskThread "GC Thread#1" [stack: 0x0000002e83d00000,0x0000002e83e00000] [id=21836]
  0x0000016ff1f72800 GCTaskThread "GC Thread#2" [stack: 0x0000002e83e00000,0x0000002e83f00000] [id=25552]
  0x0000016ff1ad3000 GCTaskThread "GC Thread#3" [stack: 0x0000002e83f00000,0x0000002e84000000] [id=16220]
  0x0000016ff18a1000 GCTaskThread "GC Thread#4" [stack: 0x0000002e84000000,0x0000002e84100000] [id=14544]
  0x0000016ff1f77800 GCTaskThread "GC Thread#5" [stack: 0x0000002e84100000,0x0000002e84200000] [id=20512]
  0x0000016ff2899800 GCTaskThread "GC Thread#6" [stack: 0x0000002e84e00000,0x0000002e84f00000] [id=22320]
  0x0000016ff247b000 GCTaskThread "GC Thread#7" [stack: 0x0000002e84f00000,0x0000002e85000000] [id=8800]
  0x0000016fd62ed000 ConcurrentGCThread "G1 Main Marker" [stack: 0x0000002e82d00000,0x0000002e82e00000] [id=2228]
  0x0000016fd62ee800 ConcurrentGCThread "G1 Conc#0" [stack: 0x0000002e82e00000,0x0000002e82f00000] [id=12832]
  0x0000016ff2e86800 ConcurrentGCThread "G1 Conc#1" [stack: 0x0000002e85000000,0x0000002e85100000] [id=24668]
  0x0000016fd637e000 ConcurrentGCThread "G1 Refine#0" [stack: 0x0000002e82f00000,0x0000002e83000000] [id=25164]
  0x0000016ff6033000 ConcurrentGCThread "G1 Refine#1" [stack: 0x0000002e88700000,0x0000002e88800000] [id=4208]
  0x0000016ff6035800 ConcurrentGCThread "G1 Refine#2" [stack: 0x0000002e88800000,0x0000002e88900000] [id=20076]
  0x0000016ff6030800 ConcurrentGCThread "G1 Refine#3" [stack: 0x0000002e88900000,0x0000002e88a00000] [id=13880]
  0x0000016ff05bc800 ConcurrentGCThread "G1 Young RemSet Sampling" [stack: 0x0000002e83000000,0x0000002e83100000] [id=1376]

Threads with active compile tasks:
C2 CompilerThread0 177648 19542       4       com.android.tools.r8.graph.u::a (32 bytes)
C2 CompilerThread1 177648 18610 %     4       com.android.tools.r8.dex.j::a @ 315 (1038 bytes)
C2 CompilerThread2 177648 19546 %     4       com.android.tools.r8.graph.E::a @ 18 (275 bytes)

VM state:at safepoint (normal execution)

VM Mutex/Monitor currently owned by a thread:  ([mutex/lock_event])
[0x0000016fd629cba0] Threads_lock - owner thread: 0x0000016ff0f6c800
[0x0000016fd629d650] Heap_lock - owner thread: 0x0000016ff1e89800

Heap address: 0x0000000080000000, size: 2048 MB, Compressed Oops mode: 32-bit
Narrow klass base: 0x0000000000000000, Narrow klass shift: 3
Compressed class space size: 1073741824 Address: 0x0000000100000000

Heap:
 garbage-first heap   total 707584K, used 238121K [0x0000000080000000, 0x0000000100000000)
  region size 1024K, 2 young (2048K), 2 survivors (2048K)
 Metaspace       used 132283K, capacity 136314K, committed 136576K, reserved 1167360K
  class space    used 17078K, capacity 18552K, committed 18560K, reserved 1048576K
Heap Regions: E=young(eden), S=young(survivor), O=old, HS=humongous(starts), HC=humongous(continues), CS=collection set, F=free, A=archive, TAMS=top-at-mark-start (previous, next)
|   0|0x0000000080000000, 0x0000000080100000, 0x0000000080100000|100%| O|  |TAMS 0x0000000080100000, 0x0000000080000000| Untracked 
|   1|0x0000000080100000, 0x0000000080200000, 0x0000000080200000|100%| O|  |TAMS 0x0000000080200000, 0x0000000080100000| Untracked 
|   2|0x0000000080200000, 0x0000000080300000, 0x0000000080300000|100%| O|  |TAMS 0x0000000080300000, 0x0000000080200000| Untracked 
|   3|0x0000000080300000, 0x0000000080400000, 0x0000000080400000|100%|HS|  |TAMS 0x0000000080400000, 0x0000000080300000| Complete 
|   4|0x0000000080400000, 0x0000000080500000, 0x0000000080500000|100%|HC|  |TAMS 0x0000000080500000, 0x0000000080400000| Complete 
|   5|0x0000000080500000, 0x0000000080600000, 0x0000000080600000|100%|HC|  |TAMS 0x0000000080600000, 0x0000000080500000| Complete 
|   6|0x0000000080600000, 0x0000000080700000, 0x0000000080700000|100%| O|  |TAMS 0x0000000080700000, 0x0000000080600000| Untracked 
|   7|0x0000000080700000, 0x0000000080800000, 0x0000000080800000|100%| O|  |TAMS 0x0000000080800000, 0x0000000080700000| Untracked 
|   8|0x0000000080800000, 0x0000000080900000, 0x0000000080900000|100%| O|  |TAMS 0x0000000080900000, 0x0000000080800000| Untracked 
|   9|0x0000000080900000, 0x0000000080a00000, 0x0000000080a00000|100%| O|  |TAMS 0x0000000080a00000, 0x0000000080900000| Untracked 
|  10|0x0000000080a00000, 0x0000000080b00000, 0x0000000080b00000|100%| O|  |TAMS 0x0000000080b00000, 0x0000000080a00000| Untracked 
|  11|0x0000000080b00000, 0x0000000080c00000, 0x0000000080c00000|100%| O|  |TAMS 0x0000000080c00000, 0x0000000080b00000| Complete 
|  12|0x0000000080c00000, 0x0000000080d00000, 0x0000000080d00000|100%| O|  |TAMS 0x0000000080d00000, 0x0000000080c00000| Untracked 
|  13|0x0000000080d00000, 0x0000000080e00000, 0x0000000080e00000|100%| O|  |TAMS 0x0000000080e00000, 0x0000000080d00000| Untracked 
|  14|0x0000000080e00000, 0x0000000080f00000, 0x0000000080f00000|100%| O|  |TAMS 0x0000000080f00000, 0x0000000080e00000| Untracked 
|  15|0x0000000080f00000, 0x0000000081000000, 0x0000000081000000|100%| O|  |TAMS 0x0000000081000000, 0x0000000080f00000| Untracked 
|  16|0x0000000081000000, 0x0000000081100000, 0x0000000081100000|100%|HS|  |TAMS 0x0000000081100000, 0x0000000081000000| Complete 
|  17|0x0000000081100000, 0x0000000081200000, 0x0000000081200000|100%|HC|  |TAMS 0x0000000081200000, 0x0000000081100000| Complete 
|  18|0x0000000081200000, 0x0000000081300000, 0x0000000081300000|100%|HS|  |TAMS 0x0000000081300000, 0x0000000081200000| Complete 
|  19|0x0000000081300000, 0x0000000081400000, 0x0000000081400000|100%|HC|  |TAMS 0x0000000081400000, 0x0000000081300000| Complete 
|  20|0x0000000081400000, 0x0000000081500000, 0x0000000081500000|100%|HC|  |TAMS 0x0000000081500000, 0x0000000081400000| Complete 
|  21|0x0000000081500000, 0x0000000081600000, 0x0000000081600000|100%|HS|  |TAMS 0x0000000081600000, 0x0000000081500000| Complete 
|  22|0x0000000081600000, 0x0000000081700000, 0x0000000081700000|100%|HC|  |TAMS 0x0000000081700000, 0x0000000081600000| Complete 
|  23|0x0000000081700000, 0x0000000081800000, 0x0000000081800000|100%|HC|  |TAMS 0x0000000081800000, 0x0000000081700000| Complete 
|  24|0x0000000081800000, 0x0000000081900000, 0x0000000081900000|100%|HC|  |TAMS 0x0000000081900000, 0x0000000081800000| Complete 
|  25|0x0000000081900000, 0x0000000081a00000, 0x0000000081a00000|100%|HC|  |TAMS 0x0000000081a00000, 0x0000000081900000| Complete 
|  26|0x0000000081a00000, 0x0000000081b00000, 0x0000000081b00000|100%|HS|  |TAMS 0x0000000081b00000, 0x0000000081a00000| Complete 
|  27|0x0000000081b00000, 0x0000000081c00000, 0x0000000081c00000|100%|HC|  |TAMS 0x0000000081c00000, 0x0000000081b00000| Complete 
|  28|0x0000000081c00000, 0x0000000081d00000, 0x0000000081d00000|100%|HC|  |TAMS 0x0000000081d00000, 0x0000000081c00000| Complete 
|  29|0x0000000081d00000, 0x0000000081e00000, 0x0000000081e00000|100%|HS|  |TAMS 0x0000000081e00000, 0x0000000081d00000| Complete 
|  30|0x0000000081e00000, 0x0000000081f00000, 0x0000000081f00000|100%|HC|  |TAMS 0x0000000081f00000, 0x0000000081e00000| Complete 
|  31|0x0000000081f00000, 0x0000000082000000, 0x0000000082000000|100%|HC|  |TAMS 0x0000000082000000, 0x0000000081f00000| Complete 
|  32|0x0000000082000000, 0x0000000082100000, 0x0000000082100000|100%|HC|  |TAMS 0x0000000082100000, 0x0000000082000000| Complete 
|  33|0x0000000082100000, 0x0000000082200000, 0x0000000082200000|100%|HC|  |TAMS 0x0000000082200000, 0x0000000082100000| Complete 
|  34|0x0000000082200000, 0x0000000082300000, 0x0000000082300000|100%| O|  |TAMS 0x0000000082300000, 0x0000000082200000| Untracked 
|  35|0x0000000082300000, 0x0000000082400000, 0x0000000082400000|100%| O|  |TAMS 0x0000000082400000, 0x0000000082300000| Complete 
|  36|0x0000000082400000, 0x0000000082500000, 0x0000000082500000|100%| O|  |TAMS 0x0000000082500000, 0x0000000082400000| Untracked 
|  37|0x0000000082500000, 0x0000000082600000, 0x0000000082600000|100%| O|  |TAMS 0x0000000082600000, 0x0000000082500000| Untracked 
|  38|0x0000000082600000, 0x0000000082700000, 0x0000000082700000|100%| O|  |TAMS 0x0000000082700000, 0x0000000082600000| Untracked 
|  39|0x0000000082700000, 0x0000000082800000, 0x0000000082800000|100%| O|  |TAMS 0x0000000082800000, 0x0000000082700000| Untracked 
|  40|0x0000000082800000, 0x0000000082900000, 0x0000000082900000|100%| O|  |TAMS 0x0000000082900000, 0x0000000082800000| Untracked 
|  41|0x0000000082900000, 0x0000000082a00000, 0x0000000082a00000|100%| O|  |TAMS 0x0000000082a00000, 0x0000000082900000| Untracked 
|  42|0x0000000082a00000, 0x0000000082b00000, 0x0000000082b00000|100%| O|  |TAMS 0x0000000082b00000, 0x0000000082a00000| Untracked 
|  43|0x0000000082b00000, 0x0000000082c00000, 0x0000000082c00000|100%|HS|  |TAMS 0x0000000082c00000, 0x0000000082b00000| Complete 
|  44|0x0000000082c00000, 0x0000000082d00000, 0x0000000082d00000|100%|HS|  |TAMS 0x0000000082d00000, 0x0000000082c00000| Complete 
|  45|0x0000000082d00000, 0x0000000082e00000, 0x0000000082e00000|100%|HS|  |TAMS 0x0000000082e00000, 0x0000000082d00000| Complete 
|  46|0x0000000082e00000, 0x0000000082f00000, 0x0000000082f00000|100%|HS|  |TAMS 0x0000000082f00000, 0x0000000082e00000| Complete 
|  47|0x0000000082f00000, 0x0000000083000000, 0x0000000083000000|100%|HC|  |TAMS 0x0000000083000000, 0x0000000082f00000| Complete 
|  48|0x0000000083000000, 0x0000000083100000, 0x0000000083100000|100%|HC|  |TAMS 0x0000000083100000, 0x0000000083000000| Complete 
|  49|0x0000000083100000, 0x0000000083200000, 0x0000000083200000|100%| O|  |TAMS 0x0000000083200000, 0x0000000083100000| Untracked 
|  50|0x0000000083200000, 0x0000000083300000, 0x0000000083300000|100%| O|  |TAMS 0x0000000083300000, 0x0000000083200000| Untracked 
|  51|0x0000000083300000, 0x0000000083400000, 0x0000000083400000|100%| O|  |TAMS 0x0000000083400000, 0x0000000083300000| Untracked 
|  52|0x0000000083400000, 0x0000000083500000, 0x0000000083500000|100%| O|  |TAMS 0x0000000083500000, 0x0000000083400000| Untracked 
|  53|0x0000000083500000, 0x0000000083600000, 0x0000000083600000|100%| O|  |TAMS 0x0000000083600000, 0x0000000083500000| Untracked 
|  54|0x0000000083600000, 0x0000000083700000, 0x0000000083700000|100%| O|  |TAMS 0x0000000083700000, 0x0000000083600000| Complete 
|  55|0x0000000083700000, 0x0000000083800000, 0x0000000083800000|100%|HS|  |TAMS 0x0000000083800000, 0x0000000083700000| Complete 
|  56|0x0000000083800000, 0x0000000083900000, 0x0000000083900000|100%|HC|  |TAMS 0x0000000083900000, 0x0000000083800000| Complete 
|  57|0x0000000083900000, 0x0000000083a00000, 0x0000000083a00000|100%| O|  |TAMS 0x0000000083a00000, 0x0000000083900000| Untracked 
|  58|0x0000000083a00000, 0x0000000083b00000, 0x0000000083b00000|100%| O|  |TAMS 0x0000000083b00000, 0x0000000083a00000| Untracked 
|  59|0x0000000083b00000, 0x0000000083c00000, 0x0000000083c00000|100%| O|  |TAMS 0x0000000083c00000, 0x0000000083b00000| Untracked 
|  60|0x0000000083c00000, 0x0000000083d00000, 0x0000000083d00000|100%| O|  |TAMS 0x0000000083d00000, 0x0000000083c00000| Untracked 
|  61|0x0000000083d00000, 0x0000000083e00000, 0x0000000083e00000|100%| O|  |TAMS 0x0000000083e00000, 0x0000000083d00000| Untracked 
|  62|0x0000000083e00000, 0x0000000083f00000, 0x0000000083f00000|100%| O|  |TAMS 0x0000000083f00000, 0x0000000083e00000| Complete 
|  63|0x0000000083f00000, 0x0000000084000000, 0x0000000084000000|100%| O|  |TAMS 0x0000000084000000, 0x0000000083f00000| Untracked 
|  64|0x0000000084000000, 0x0000000084100000, 0x0000000084100000|100%| O|  |TAMS 0x0000000084100000, 0x0000000084000000| Untracked 
|  65|0x0000000084100000, 0x0000000084200000, 0x0000000084200000|100%| O|  |TAMS 0x0000000084200000, 0x0000000084100000| Untracked 
|  66|0x0000000084200000, 0x0000000084300000, 0x0000000084300000|100%| O|  |TAMS 0x0000000084300000, 0x0000000084200000| Untracked 
|  67|0x0000000084300000, 0x0000000084400000, 0x0000000084400000|100%| O|  |TAMS 0x0000000084400000, 0x0000000084300000| Untracked 
|  68|0x0000000084400000, 0x0000000084500000, 0x0000000084500000|100%| O|  |TAMS 0x0000000084500000, 0x0000000084400000| Complete 
|  69|0x0000000084500000, 0x0000000084600000, 0x0000000084600000|100%| O|  |TAMS 0x0000000084600000, 0x0000000084500000| Complete 
|  70|0x0000000084600000, 0x0000000084700000, 0x0000000084700000|100%| O|  |TAMS 0x0000000084700000, 0x0000000084600000| Untracked 
|  71|0x0000000084700000, 0x0000000084800000, 0x0000000084800000|100%| O|  |TAMS 0x0000000084800000, 0x0000000084700000| Untracked 
|  72|0x0000000084800000, 0x0000000084900000, 0x0000000084900000|100%| O|  |TAMS 0x0000000084900000, 0x0000000084800000| Complete 
|  73|0x0000000084900000, 0x0000000084a00000, 0x0000000084a00000|100%| O|  |TAMS 0x0000000084a00000, 0x0000000084900000| Untracked 
|  74|0x0000000084a00000, 0x0000000084b00000, 0x0000000084b00000|100%| O|  |TAMS 0x0000000084b00000, 0x0000000084a00000| Untracked 
|  75|0x0000000084b00000, 0x0000000084c00000, 0x0000000084c00000|100%| O|  |TAMS 0x0000000084c00000, 0x0000000084b00000| Complete 
|  76|0x0000000084c00000, 0x0000000084d00000, 0x0000000084d00000|100%| O|  |TAMS 0x0000000084d00000, 0x0000000084c00000| Complete 
|  77|0x0000000084d00000, 0x0000000084e00000, 0x0000000084e00000|100%| O|  |TAMS 0x0000000084e00000, 0x0000000084d00000| Untracked 
|  78|0x0000000084e00000, 0x0000000084f00000, 0x0000000084f00000|100%| O|  |TAMS 0x0000000084f00000, 0x0000000084e00000| Untracked 
|  79|0x0000000084f00000, 0x0000000085000000, 0x0000000085000000|100%| O|  |TAMS 0x0000000085000000, 0x0000000084f00000| Complete 
|  80|0x0000000085000000, 0x0000000085100000, 0x0000000085100000|100%| O|  |TAMS 0x0000000085100000, 0x0000000085000000| Untracked 
|  81|0x0000000085100000, 0x0000000085200000, 0x0000000085200000|100%| O|  |TAMS 0x0000000085200000, 0x0000000085100000| Untracked 
|  82|0x0000000085200000, 0x0000000085300000, 0x0000000085300000|100%| O|  |TAMS 0x0000000085300000, 0x0000000085200000| Untracked 
|  83|0x0000000085300000, 0x0000000085400000, 0x0000000085400000|100%| O|  |TAMS 0x0000000085400000, 0x0000000085300000| Complete 
|  84|0x0000000085400000, 0x0000000085500000, 0x0000000085500000|100%| O|  |TAMS 0x0000000085500000, 0x0000000085400000| Complete 
|  85|0x0000000085500000, 0x0000000085600000, 0x0000000085600000|100%| O|  |TAMS 0x0000000085600000, 0x0000000085500000| Complete 
|  86|0x0000000085600000, 0x0000000085700000, 0x0000000085700000|100%| O|  |TAMS 0x0000000085700000, 0x0000000085600000| Untracked 
|  87|0x0000000085700000, 0x0000000085800000, 0x0000000085800000|100%| O|  |TAMS 0x0000000085800000, 0x0000000085700000| Untracked 
|  88|0x0000000085800000, 0x0000000085900000, 0x0000000085900000|100%| O|  |TAMS 0x0000000085900000, 0x0000000085800000| Complete 
|  89|0x0000000085900000, 0x0000000085a00000, 0x0000000085a00000|100%| O|  |TAMS 0x0000000085a00000, 0x0000000085900000| Complete 
|  90|0x0000000085a00000, 0x0000000085a00000, 0x0000000085b00000|  0%| F|  |TAMS 0x0000000085a00000, 0x0000000085a00000| Untracked 
|  91|0x0000000085b00000, 0x0000000085c00000, 0x0000000085c00000|100%| O|  |TAMS 0x0000000085c00000, 0x0000000085b00000| Complete 
|  92|0x0000000085c00000, 0x0000000085d00000, 0x0000000085d00000|100%| O|  |TAMS 0x0000000085d00000, 0x0000000085c00000| Untracked 
|  93|0x0000000085d00000, 0x0000000085e00000, 0x0000000085e00000|100%| O|  |TAMS 0x0000000085e00000, 0x0000000085d00000| Untracked 
|  94|0x0000000085e00000, 0x0000000085f00000, 0x0000000085f00000|100%| O|  |TAMS 0x0000000085f00000, 0x0000000085e00000| Complete 
|  95|0x0000000085f00000, 0x0000000086000000, 0x0000000086000000|100%| O|  |TAMS 0x0000000086000000, 0x0000000085f00000| Untracked 
|  96|0x0000000086000000, 0x0000000086000000, 0x0000000086100000|  0%| F|  |TAMS 0x0000000086000000, 0x0000000086000000| Untracked 
|  97|0x0000000086100000, 0x0000000086100000, 0x0000000086200000|  0%| F|  |TAMS 0x0000000086100000, 0x0000000086100000| Untracked 
|  98|0x0000000086200000, 0x0000000086200000, 0x0000000086300000|  0%| F|  |TAMS 0x0000000086200000, 0x0000000086200000| Untracked 
|  99|0x0000000086300000, 0x0000000086400000, 0x0000000086400000|100%| O|  |TAMS 0x0000000086400000, 0x0000000086300000| Untracked 
| 100|0x0000000086400000, 0x0000000086500000, 0x0000000086500000|100%| O|  |TAMS 0x0000000086500000, 0x0000000086400000| Untracked 
| 101|0x0000000086500000, 0x0000000086600000, 0x0000000086600000|100%| O|  |TAMS 0x0000000086600000, 0x0000000086500000| Complete 
| 102|0x0000000086600000, 0x0000000086600000, 0x0000000086700000|  0%| F|  |TAMS 0x0000000086600000, 0x0000000086600000| Untracked 
| 103|0x0000000086700000, 0x0000000086700000, 0x0000000086800000|  0%| F|  |TAMS 0x0000000086700000, 0x0000000086700000| Untracked 
| 104|0x0000000086800000, 0x0000000086900000, 0x0000000086900000|100%| O|  |TAMS 0x0000000086900000, 0x0000000086800000| Complete 
| 105|0x0000000086900000, 0x0000000086a00000, 0x0000000086a00000|100%| O|  |TAMS 0x0000000086a00000, 0x0000000086900000| Untracked 
| 106|0x0000000086a00000, 0x0000000086b00000, 0x0000000086b00000|100%| O|  |TAMS 0x0000000086b00000, 0x0000000086a00000| Complete 
| 107|0x0000000086b00000, 0x0000000086c00000, 0x0000000086c00000|100%| O|  |TAMS 0x0000000086c00000, 0x0000000086b00000| Complete 
| 108|0x0000000086c00000, 0x0000000086d00000, 0x0000000086d00000|100%| O|  |TAMS 0x0000000086d00000, 0x0000000086c00000| Untracked 
| 109|0x0000000086d00000, 0x0000000086e00000, 0x0000000086e00000|100%| O|  |TAMS 0x0000000086e00000, 0x0000000086d00000| Untracked 
| 110|0x0000000086e00000, 0x0000000086e00000, 0x0000000086f00000|  0%| F|  |TAMS 0x0000000086e00000, 0x0000000086e00000| Untracked 
| 111|0x0000000086f00000, 0x0000000087000000, 0x0000000087000000|100%| O|  |TAMS 0x0000000087000000, 0x0000000086f00000| Untracked 
| 112|0x0000000087000000, 0x0000000087100000, 0x0000000087100000|100%| O|  |TAMS 0x0000000087100000, 0x0000000087000000| Untracked 
| 113|0x0000000087100000, 0x0000000087200000, 0x0000000087200000|100%| O|  |TAMS 0x0000000087200000, 0x0000000087100000| Untracked 
| 114|0x0000000087200000, 0x0000000087300000, 0x0000000087300000|100%| O|  |TAMS 0x0000000087300000, 0x0000000087200000| Untracked 
| 115|0x0000000087300000, 0x0000000087400000, 0x0000000087400000|100%| O|  |TAMS 0x0000000087400000, 0x0000000087300000| Untracked 
| 116|0x0000000087400000, 0x0000000087500000, 0x0000000087500000|100%| O|  |TAMS 0x0000000087500000, 0x0000000087400000| Untracked 
| 117|0x0000000087500000, 0x0000000087500000, 0x0000000087600000|  0%| F|  |TAMS 0x0000000087500000, 0x0000000087500000| Untracked 
| 118|0x0000000087600000, 0x0000000087700000, 0x0000000087700000|100%| O|  |TAMS 0x0000000087700000, 0x0000000087600000| Complete 
| 119|0x0000000087700000, 0x0000000087800000, 0x0000000087800000|100%| O|  |TAMS 0x0000000087800000, 0x0000000087700000| Untracked 
| 120|0x0000000087800000, 0x0000000087900000, 0x0000000087900000|100%| O|  |TAMS 0x0000000087900000, 0x0000000087800000| Complete 
| 121|0x0000000087900000, 0x0000000087900000, 0x0000000087a00000|  0%| F|  |TAMS 0x0000000087900000, 0x0000000087900000| Untracked 
| 122|0x0000000087a00000, 0x0000000087b00000, 0x0000000087b00000|100%| O|  |TAMS 0x0000000087b00000, 0x0000000087a00000| Complete 
| 123|0x0000000087b00000, 0x0000000087c00000, 0x0000000087c00000|100%| O|  |TAMS 0x0000000087c00000, 0x0000000087b00000| Untracked 
| 124|0x0000000087c00000, 0x0000000087d00000, 0x0000000087d00000|100%| O|  |TAMS 0x0000000087d00000, 0x0000000087c00000| Complete 
| 125|0x0000000087d00000, 0x0000000087e00000, 0x0000000087e00000|100%| O|  |TAMS 0x0000000087e00000, 0x0000000087d00000| Untracked 
| 126|0x0000000087e00000, 0x0000000087f00000, 0x0000000087f00000|100%| O|  |TAMS 0x0000000087f00000, 0x0000000087e00000| Untracked 
| 127|0x0000000087f00000, 0x0000000088000000, 0x0000000088000000|100%| O|  |TAMS 0x0000000088000000, 0x0000000087f00000| Complete 
| 128|0x0000000088000000, 0x0000000088000000, 0x0000000088100000|  0%| F|  |TAMS 0x0000000088000000, 0x0000000088000000| Untracked 
| 129|0x0000000088100000, 0x0000000088100000, 0x0000000088200000|  0%| F|  |TAMS 0x0000000088100000, 0x0000000088100000| Untracked 
| 130|0x0000000088200000, 0x0000000088300000, 0x0000000088300000|100%|HS|  |TAMS 0x0000000088300000, 0x0000000088200000| Complete 
| 131|0x0000000088300000, 0x0000000088400000, 0x0000000088400000|100%|HC|  |TAMS 0x0000000088400000, 0x0000000088300000| Complete 
| 132|0x0000000088400000, 0x0000000088500000, 0x0000000088500000|100%|HS|  |TAMS 0x0000000088500000, 0x0000000088400000| Complete 
| 133|0x0000000088500000, 0x0000000088600000, 0x0000000088600000|100%|HS|  |TAMS 0x0000000088600000, 0x0000000088500000| Complete 
| 134|0x0000000088600000, 0x0000000088700000, 0x0000000088700000|100%|HS|  |TAMS 0x0000000088700000, 0x0000000088600000| Complete 
| 135|0x0000000088700000, 0x0000000088800000, 0x0000000088800000|100%|HS|  |TAMS 0x0000000088800000, 0x0000000088700000| Complete 
| 136|0x0000000088800000, 0x0000000088900000, 0x0000000088900000|100%|HS|  |TAMS 0x0000000088900000, 0x0000000088800000| Complete 
| 137|0x0000000088900000, 0x0000000088a00000, 0x0000000088a00000|100%|HC|  |TAMS 0x0000000088a00000, 0x0000000088900000| Complete 
| 138|0x0000000088a00000, 0x0000000088b00000, 0x0000000088b00000|100%|HC|  |TAMS 0x0000000088b00000, 0x0000000088a00000| Complete 
| 139|0x0000000088b00000, 0x0000000088c00000, 0x0000000088c00000|100%|HS|  |TAMS 0x0000000088c00000, 0x0000000088b00000| Complete 
| 140|0x0000000088c00000, 0x0000000088d00000, 0x0000000088d00000|100%|HS|  |TAMS 0x0000000088d00000, 0x0000000088c00000| Complete 
| 141|0x0000000088d00000, 0x0000000088e00000, 0x0000000088e00000|100%|HS|  |TAMS 0x0000000088e00000, 0x0000000088d00000| Complete 
| 142|0x0000000088e00000, 0x0000000088f00000, 0x0000000088f00000|100%|HS|  |TAMS 0x0000000088e00000, 0x0000000088e00000| Complete 
| 143|0x0000000088f00000, 0x0000000089000000, 0x0000000089000000|100%|HC|  |TAMS 0x0000000088f00000, 0x0000000088f00000| Complete 
| 144|0x0000000089000000, 0x0000000089100000, 0x0000000089100000|100%| O|  |TAMS 0x0000000089100000, 0x0000000089000000| Untracked 
| 145|0x0000000089100000, 0x0000000089200000, 0x0000000089200000|100%|HS|  |TAMS 0x0000000089100000, 0x0000000089100000| Complete 
| 146|0x0000000089200000, 0x0000000089300000, 0x0000000089300000|100%| O|  |TAMS 0x0000000089300000, 0x0000000089200000| Untracked 
| 147|0x0000000089300000, 0x0000000089400000, 0x0000000089400000|100%| O|  |TAMS 0x0000000089300000, 0x0000000089300000| Untracked 
| 148|0x0000000089400000, 0x0000000089500000, 0x0000000089500000|100%| O|  |TAMS 0x0000000089500000, 0x0000000089400000| Untracked 
| 149|0x0000000089500000, 0x0000000089600000, 0x0000000089600000|100%| O|  |TAMS 0x0000000089500000, 0x0000000089500000| Untracked 
| 150|0x0000000089600000, 0x0000000089700000, 0x0000000089700000|100%| O|  |TAMS 0x0000000089700000, 0x0000000089600000| Untracked 
| 151|0x0000000089700000, 0x0000000089800000, 0x0000000089800000|100%| O|  |TAMS 0x0000000089700000, 0x0000000089700000| Untracked 
| 152|0x0000000089800000, 0x0000000089900000, 0x0000000089900000|100%| O|  |TAMS 0x0000000089900000, 0x0000000089800000| Untracked 
| 153|0x0000000089900000, 0x0000000089a00000, 0x0000000089a00000|100%| O|  |TAMS 0x0000000089a00000, 0x0000000089900000| Untracked 
| 154|0x0000000089a00000, 0x0000000089b00000, 0x0000000089b00000|100%| O|  |TAMS 0x0000000089b00000, 0x0000000089a00000| Untracked 
| 155|0x0000000089b00000, 0x0000000089c00000, 0x0000000089c00000|100%| O|  |TAMS 0x0000000089b00000, 0x0000000089b00000| Untracked 
| 156|0x0000000089c00000, 0x0000000089d00000, 0x0000000089d00000|100%| O|  |TAMS 0x0000000089c00000, 0x0000000089c00000| Untracked 
| 157|0x0000000089d00000, 0x0000000089e00000, 0x0000000089e00000|100%| O|  |TAMS 0x0000000089d00000, 0x0000000089d00000| Untracked 
| 158|0x0000000089e00000, 0x0000000089f00000, 0x0000000089f00000|100%| O|  |TAMS 0x0000000089f00000, 0x0000000089e00000| Untracked 
| 159|0x0000000089f00000, 0x000000008a000000, 0x000000008a000000|100%| O|  |TAMS 0x0000000089f00000, 0x0000000089f00000| Untracked 
| 160|0x000000008a000000, 0x000000008a100000, 0x000000008a100000|100%| O|  |TAMS 0x000000008a100000, 0x000000008a000000| Untracked 
| 161|0x000000008a100000, 0x000000008a100000, 0x000000008a200000|  0%| F|  |TAMS 0x000000008a100000, 0x000000008a100000| Untracked 
| 162|0x000000008a200000, 0x000000008a300000, 0x000000008a300000|100%| O|  |TAMS 0x000000008a200000, 0x000000008a200000| Untracked 
| 163|0x000000008a300000, 0x000000008a400000, 0x000000008a400000|100%| O|  |TAMS 0x000000008a300000, 0x000000008a300000| Untracked 
| 164|0x000000008a400000, 0x000000008a500000, 0x000000008a500000|100%| O|  |TAMS 0x000000008a500000, 0x000000008a400000| Complete 
| 165|0x000000008a500000, 0x000000008a600000, 0x000000008a600000|100%| O|  |TAMS 0x000000008a600000, 0x000000008a500000| Complete 
| 166|0x000000008a600000, 0x000000008a700000, 0x000000008a700000|100%| O|  |TAMS 0x000000008a700000, 0x000000008a600000| Complete 
| 167|0x000000008a700000, 0x000000008a800000, 0x000000008a800000|100%| O|  |TAMS 0x000000008a800000, 0x000000008a700000| Complete 
| 168|0x000000008a800000, 0x000000008a900000, 0x000000008a900000|100%| O|  |TAMS 0x000000008a900000, 0x000000008a800000| Complete 
| 169|0x000000008a900000, 0x000000008aa00000, 0x000000008aa00000|100%| O|  |TAMS 0x000000008aa00000, 0x000000008a900000| Complete 
| 170|0x000000008aa00000, 0x000000008ab00000, 0x000000008ab00000|100%| O|  |TAMS 0x000000008ab00000, 0x000000008aa00000| Untracked 
| 171|0x000000008ab00000, 0x000000008ac00000, 0x000000008ac00000|100%| O|  |TAMS 0x000000008ac00000, 0x000000008ab00000| Untracked 
| 172|0x000000008ac00000, 0x000000008ad00000, 0x000000008ad00000|100%| O|  |TAMS 0x000000008ad00000, 0x000000008ac00000| Untracked 
| 173|0x000000008ad00000, 0x000000008ae00000, 0x000000008ae00000|100%| O|  |TAMS 0x000000008ae00000, 0x000000008ad00000| Complete 
| 174|0x000000008ae00000, 0x000000008af00000, 0x000000008af00000|100%| O|  |TAMS 0x000000008af00000, 0x000000008ae00000| Untracked 
| 175|0x000000008af00000, 0x000000008b000000, 0x000000008b000000|100%| O|  |TAMS 0x000000008b000000, 0x000000008af00000| Complete 
| 176|0x000000008b000000, 0x000000008b100000, 0x000000008b100000|100%| O|  |TAMS 0x000000008b100000, 0x000000008b000000| Complete 
| 177|0x000000008b100000, 0x000000008b200000, 0x000000008b200000|100%| O|  |TAMS 0x000000008b200000, 0x000000008b100000| Complete 
| 178|0x000000008b200000, 0x000000008b300000, 0x000000008b300000|100%| O|  |TAMS 0x000000008b300000, 0x000000008b200000| Complete 
| 179|0x000000008b300000, 0x000000008b400000, 0x000000008b400000|100%| O|  |TAMS 0x000000008b400000, 0x000000008b300000| Untracked 
| 180|0x000000008b400000, 0x000000008b500000, 0x000000008b500000|100%| O|  |TAMS 0x000000008b500000, 0x000000008b400000| Untracked 
| 181|0x000000008b500000, 0x000000008b600000, 0x000000008b600000|100%| O|  |TAMS 0x000000008b600000, 0x000000008b500000| Complete 
| 182|0x000000008b600000, 0x000000008b700000, 0x000000008b700000|100%| O|  |TAMS 0x000000008b700000, 0x000000008b600000| Complete 
| 183|0x000000008b700000, 0x000000008b700000, 0x000000008b800000|  0%| F|  |TAMS 0x000000008b700000, 0x000000008b700000| Untracked 
| 184|0x000000008b800000, 0x000000008b900000, 0x000000008b900000|100%| O|  |TAMS 0x000000008b900000, 0x000000008b800000| Complete 
| 185|0x000000008b900000, 0x000000008ba00000, 0x000000008ba00000|100%| O|  |TAMS 0x000000008ba00000, 0x000000008b900000| Untracked 
| 186|0x000000008ba00000, 0x000000008bb00000, 0x000000008bb00000|100%| O|  |TAMS 0x000000008bb00000, 0x000000008ba00000| Untracked 
| 187|0x000000008bb00000, 0x000000008bc00000, 0x000000008bc00000|100%| O|  |TAMS 0x000000008bc00000, 0x000000008bb00000| Untracked 
| 188|0x000000008bc00000, 0x000000008bd00000, 0x000000008bd00000|100%| O|  |TAMS 0x000000008bd00000, 0x000000008bc00000| Untracked 
| 189|0x000000008bd00000, 0x000000008be00000, 0x000000008be00000|100%| O|  |TAMS 0x000000008be00000, 0x000000008bd00000| Complete 
| 190|0x000000008be00000, 0x000000008bf00000, 0x000000008bf00000|100%| O|  |TAMS 0x000000008bf00000, 0x000000008be00000| Complete 
| 191|0x000000008bf00000, 0x000000008c000000, 0x000000008c000000|100%| O|  |TAMS 0x000000008c000000, 0x000000008bf00000| Complete 
| 192|0x000000008c000000, 0x000000008c000000, 0x000000008c100000|  0%| F|  |TAMS 0x000000008c000000, 0x000000008c000000| Untracked 
| 193|0x000000008c100000, 0x000000008c200000, 0x000000008c200000|100%| O|  |TAMS 0x000000008c200000, 0x000000008c100000| Untracked 
| 194|0x000000008c200000, 0x000000008c300000, 0x000000008c300000|100%| O|  |TAMS 0x000000008c300000, 0x000000008c200000| Complete 
| 195|0x000000008c300000, 0x000000008c400000, 0x000000008c400000|100%| O|  |TAMS 0x000000008c400000, 0x000000008c300000| Untracked 
| 196|0x000000008c400000, 0x000000008c400000, 0x000000008c500000|  0%| F|  |TAMS 0x000000008c400000, 0x000000008c400000| Untracked 
| 197|0x000000008c500000, 0x000000008c600000, 0x000000008c600000|100%| O|  |TAMS 0x000000008c600000, 0x000000008c500000| Untracked 
| 198|0x000000008c600000, 0x000000008c700000, 0x000000008c700000|100%| O|  |TAMS 0x000000008c700000, 0x000000008c600000| Complete 
| 199|0x000000008c700000, 0x000000008c700000, 0x000000008c800000|  0%| F|  |TAMS 0x000000008c700000, 0x000000008c700000| Untracked 
| 200|0x000000008c800000, 0x000000008c800000, 0x000000008c900000|  0%| F|  |TAMS 0x000000008c800000, 0x000000008c800000| Untracked 
| 201|0x000000008c900000, 0x000000008ca00000, 0x000000008ca00000|100%| O|  |TAMS 0x000000008ca00000, 0x000000008c900000| Untracked 
| 202|0x000000008ca00000, 0x000000008cb00000, 0x000000008cb00000|100%| O|  |TAMS 0x000000008cb00000, 0x000000008ca00000| Untracked 
| 203|0x000000008cb00000, 0x000000008cc00000, 0x000000008cc00000|100%| O|  |TAMS 0x000000008cc00000, 0x000000008cb00000| Untracked 
| 204|0x000000008cc00000, 0x000000008cd00000, 0x000000008cd00000|100%| O|  |TAMS 0x000000008cd00000, 0x000000008cc00000| Untracked 
| 205|0x000000008cd00000, 0x000000008ce00000, 0x000000008ce00000|100%| O|  |TAMS 0x000000008ce00000, 0x000000008cd00000| Complete 
| 206|0x000000008ce00000, 0x000000008cf00000, 0x000000008cf00000|100%| O|  |TAMS 0x000000008cf00000, 0x000000008ce00000| Complete 
| 207|0x000000008cf00000, 0x000000008cf00000, 0x000000008d000000|  0%| F|  |TAMS 0x000000008cf00000, 0x000000008cf00000| Untracked 
| 208|0x000000008d000000, 0x000000008d100000, 0x000000008d100000|100%| O|  |TAMS 0x000000008d100000, 0x000000008d000000| Complete 
| 209|0x000000008d100000, 0x000000008d200000, 0x000000008d200000|100%| O|  |TAMS 0x000000008d200000, 0x000000008d100000| Untracked 
| 210|0x000000008d200000, 0x000000008d300000, 0x000000008d300000|100%| O|  |TAMS 0x000000008d300000, 0x000000008d200000| Complete 
| 211|0x000000008d300000, 0x000000008d400000, 0x000000008d400000|100%| O|  |TAMS 0x000000008d400000, 0x000000008d300000| Untracked 
| 212|0x000000008d400000, 0x000000008d500000, 0x000000008d500000|100%| O|  |TAMS 0x000000008d500000, 0x000000008d400000| Complete 
| 213|0x000000008d500000, 0x000000008d500000, 0x000000008d600000|  0%| F|  |TAMS 0x000000008d500000, 0x000000008d500000| Untracked 
| 214|0x000000008d600000, 0x000000008d700000, 0x000000008d700000|100%| O|  |TAMS 0x000000008d700000, 0x000000008d600000| Complete 
| 215|0x000000008d700000, 0x000000008d800000, 0x000000008d800000|100%| O|  |TAMS 0x000000008d800000, 0x000000008d700000| Untracked 
| 216|0x000000008d800000, 0x000000008d900000, 0x000000008d900000|100%| O|  |TAMS 0x000000008d900000, 0x000000008d800000| Complete 
| 217|0x000000008d900000, 0x000000008da00000, 0x000000008da00000|100%| O|  |TAMS 0x000000008da00000, 0x000000008d900000| Untracked 
| 218|0x000000008da00000, 0x000000008db00000, 0x000000008db00000|100%| O|  |TAMS 0x000000008db00000, 0x000000008da00000| Complete 
| 219|0x000000008db00000, 0x000000008db00000, 0x000000008dc00000|  0%| F|  |TAMS 0x000000008db00000, 0x000000008db00000| Untracked 
| 220|0x000000008dc00000, 0x000000008dd00000, 0x000000008dd00000|100%| O|  |TAMS 0x000000008dd00000, 0x000000008dc00000| Untracked 
| 221|0x000000008dd00000, 0x000000008de00000, 0x000000008de00000|100%| O|  |TAMS 0x000000008de00000, 0x000000008dd00000| Complete 
| 222|0x000000008de00000, 0x000000008df00000, 0x000000008df00000|100%| O|  |TAMS 0x000000008df00000, 0x000000008de00000| Complete 
| 223|0x000000008df00000, 0x000000008e000000, 0x000000008e000000|100%| O|  |TAMS 0x000000008e000000, 0x000000008df00000| Complete 
| 224|0x000000008e000000, 0x000000008e100000, 0x000000008e100000|100%| O|  |TAMS 0x000000008e100000, 0x000000008e000000| Complete 
| 225|0x000000008e100000, 0x000000008e200000, 0x000000008e200000|100%| O|  |TAMS 0x000000008e200000, 0x000000008e100000| Complete 
| 226|0x000000008e200000, 0x000000008e300000, 0x000000008e300000|100%| O|  |TAMS 0x000000008e300000, 0x000000008e200000| Untracked 
| 227|0x000000008e300000, 0x000000008e400000, 0x000000008e400000|100%| O|  |TAMS 0x000000008e400000, 0x000000008e300000| Untracked 
| 228|0x000000008e400000, 0x000000008e500000, 0x000000008e500000|100%| O|  |TAMS 0x000000008e500000, 0x000000008e400000| Untracked 
| 229|0x000000008e500000, 0x000000008e600000, 0x000000008e600000|100%| O|  |TAMS 0x000000008e600000, 0x000000008e500000| Untracked 
| 230|0x000000008e600000, 0x000000008e600000, 0x000000008e700000|  0%| F|  |TAMS 0x000000008e600000, 0x000000008e600000| Untracked 
| 231|0x000000008e700000, 0x000000008e800000, 0x000000008e800000|100%| O|  |TAMS 0x000000008e800000, 0x000000008e700000| Complete 
| 232|0x000000008e800000, 0x000000008e900000, 0x000000008e900000|100%| O|  |TAMS 0x000000008e900000, 0x000000008e800000| Complete 
| 233|0x000000008e900000, 0x000000008e900000, 0x000000008ea00000|  0%| F|  |TAMS 0x000000008e900000, 0x000000008e900000| Untracked 
| 234|0x000000008ea00000, 0x000000008ea00000, 0x000000008eb00000|  0%| F|  |TAMS 0x000000008ea00000, 0x000000008ea00000| Untracked 
| 235|0x000000008eb00000, 0x000000008ec00000, 0x000000008ec00000|100%| O|  |TAMS 0x000000008ec00000, 0x000000008eb00000| Untracked 
| 236|0x000000008ec00000, 0x000000008ed00000, 0x000000008ed00000|100%| O|  |TAMS 0x000000008ed00000, 0x000000008ec00000| Complete 
| 237|0x000000008ed00000, 0x000000008ee00000, 0x000000008ee00000|100%| O|  |TAMS 0x000000008ee00000, 0x000000008ed00000| Complete 
| 238|0x000000008ee00000, 0x000000008ef00000, 0x000000008ef00000|100%| O|  |TAMS 0x000000008ef00000, 0x000000008ee00000| Untracked 
| 239|0x000000008ef00000, 0x000000008f000000, 0x000000008f000000|100%| O|  |TAMS 0x000000008f000000, 0x000000008ef00000| Untracked 
| 240|0x000000008f000000, 0x000000008f100000, 0x000000008f100000|100%| O|  |TAMS 0x000000008f100000, 0x000000008f000000| Untracked 
| 241|0x000000008f100000, 0x000000008f200000, 0x000000008f200000|100%| O|  |TAMS 0x000000008f200000, 0x000000008f100000| Untracked 
| 242|0x000000008f200000, 0x000000008f300000, 0x000000008f300000|100%| O|  |TAMS 0x000000008f300000, 0x000000008f200000| Untracked 
| 243|0x000000008f300000, 0x000000008f400000, 0x000000008f400000|100%| O|  |TAMS 0x000000008f30f000, 0x000000008f300000| Untracked 
| 244|0x000000008f400000, 0x000000008f500000, 0x000000008f500000|100%|HS|  |TAMS 0x000000008f400000, 0x000000008f400000| Complete 
| 245|0x000000008f500000, 0x000000008f600000, 0x000000008f600000|100%|HS|  |TAMS 0x000000008f500000, 0x000000008f500000| Complete 
| 246|0x000000008f600000, 0x000000008f700000, 0x000000008f700000|100%|HS|  |TAMS 0x000000008f600000, 0x000000008f600000| Complete 
| 247|0x000000008f700000, 0x000000008f800000, 0x000000008f800000|100%|HC|  |TAMS 0x000000008f700000, 0x000000008f700000| Complete 
| 248|0x000000008f800000, 0x000000008f900000, 0x000000008f900000|100%| O|  |TAMS 0x000000008f800000, 0x000000008f800000| Untracked 
| 249|0x000000008f900000, 0x000000008fa00000, 0x000000008fa00000|100%| O|  |TAMS 0x000000008f900000, 0x000000008f900000| Untracked 
| 250|0x000000008fa00000, 0x000000008fb00000, 0x000000008fb00000|100%| O|  |TAMS 0x000000008fa00000, 0x000000008fa00000| Untracked 
| 251|0x000000008fb00000, 0x000000008fc00000, 0x000000008fc00000|100%| O|  |TAMS 0x000000008fb00000, 0x000000008fb00000| Untracked 
| 252|0x000000008fc00000, 0x000000008fd00000, 0x000000008fd00000|100%| O|  |TAMS 0x000000008fc00000, 0x000000008fc00000| Untracked 
| 253|0x000000008fd00000, 0x000000008fd8a600, 0x000000008fe00000| 54%| O|  |TAMS 0x000000008fd00000, 0x000000008fd00000| Untracked 
| 254|0x000000008fe00000, 0x000000008fe00000, 0x000000008ff00000|  0%| F|  |TAMS 0x000000008fe00000, 0x000000008fe00000| Untracked 
| 255|0x000000008ff00000, 0x000000008ff00000, 0x0000000090000000|  0%| F|  |TAMS 0x000000008ff00000, 0x000000008ff00000| Untracked 
| 256|0x0000000090000000, 0x0000000090000000, 0x0000000090100000|  0%| F|  |TAMS 0x0000000090000000, 0x0000000090000000| Untracked 
| 257|0x0000000090100000, 0x0000000090100000, 0x0000000090200000|  0%| F|  |TAMS 0x0000000090100000, 0x0000000090100000| Untracked 
| 258|0x0000000090200000, 0x0000000090200000, 0x0000000090300000|  0%| F|  |TAMS 0x0000000090200000, 0x0000000090200000| Untracked 
| 259|0x0000000090300000, 0x0000000090300000, 0x0000000090400000|  0%| F|  |TAMS 0x0000000090300000, 0x0000000090300000| Untracked 
| 260|0x0000000090400000, 0x0000000090400000, 0x0000000090500000|  0%| F|  |TAMS 0x0000000090400000, 0x0000000090400000| Untracked 
| 261|0x0000000090500000, 0x0000000090500000, 0x0000000090600000|  0%| F|  |TAMS 0x0000000090500000, 0x0000000090500000| Untracked 
| 262|0x0000000090600000, 0x0000000090600000, 0x0000000090700000|  0%| F|  |TAMS 0x0000000090600000, 0x0000000090600000| Untracked 
| 263|0x0000000090700000, 0x0000000090700000, 0x0000000090800000|  0%| F|  |TAMS 0x0000000090700000, 0x0000000090700000| Untracked 
| 264|0x0000000090800000, 0x0000000090800000, 0x0000000090900000|  0%| F|  |TAMS 0x0000000090800000, 0x0000000090800000| Untracked 
| 265|0x0000000090900000, 0x0000000090900000, 0x0000000090a00000|  0%| F|  |TAMS 0x0000000090900000, 0x0000000090900000| Untracked 
| 266|0x0000000090a00000, 0x0000000090a00000, 0x0000000090b00000|  0%| F|  |TAMS 0x0000000090a00000, 0x0000000090a00000| Untracked 
| 267|0x0000000090b00000, 0x0000000090b00000, 0x0000000090c00000|  0%| F|  |TAMS 0x0000000090b00000, 0x0000000090b00000| Untracked 
| 268|0x0000000090c00000, 0x0000000090c00000, 0x0000000090d00000|  0%| F|  |TAMS 0x0000000090c00000, 0x0000000090c00000| Untracked 
| 269|0x0000000090d00000, 0x0000000090d00000, 0x0000000090e00000|  0%| F|  |TAMS 0x0000000090d00000, 0x0000000090d00000| Untracked 
| 270|0x0000000090e00000, 0x0000000090e00000, 0x0000000090f00000|  0%| F|  |TAMS 0x0000000090e00000, 0x0000000090e00000| Untracked 
| 271|0x0000000090f00000, 0x0000000090f00000, 0x0000000091000000|  0%| F|  |TAMS 0x0000000090f00000, 0x0000000090f00000| Untracked 
| 272|0x0000000091000000, 0x0000000091000000, 0x0000000091100000|  0%| F|  |TAMS 0x0000000091000000, 0x0000000091000000| Untracked 
| 273|0x0000000091100000, 0x0000000091100000, 0x0000000091200000|  0%| F|  |TAMS 0x0000000091100000, 0x0000000091100000| Untracked 
| 274|0x0000000091200000, 0x0000000091200000, 0x0000000091300000|  0%| F|  |TAMS 0x0000000091200000, 0x0000000091200000| Untracked 
| 275|0x0000000091300000, 0x0000000091300000, 0x0000000091400000|  0%| F|  |TAMS 0x0000000091300000, 0x0000000091300000| Untracked 
| 276|0x0000000091400000, 0x0000000091400000, 0x0000000091500000|  0%| F|  |TAMS 0x0000000091400000, 0x0000000091400000| Untracked 
| 277|0x0000000091500000, 0x0000000091500000, 0x0000000091600000|  0%| F|  |TAMS 0x0000000091500000, 0x0000000091500000| Untracked 
| 278|0x0000000091600000, 0x0000000091600000, 0x0000000091700000|  0%| F|  |TAMS 0x0000000091600000, 0x0000000091600000| Untracked 
| 279|0x0000000091700000, 0x0000000091700000, 0x0000000091800000|  0%| F|  |TAMS 0x0000000091700000, 0x0000000091700000| Untracked 
| 280|0x0000000091800000, 0x0000000091800000, 0x0000000091900000|  0%| F|  |TAMS 0x0000000091800000, 0x0000000091800000| Untracked 
| 281|0x0000000091900000, 0x0000000091900000, 0x0000000091a00000|  0%| F|  |TAMS 0x0000000091900000, 0x0000000091900000| Untracked 
| 282|0x0000000091a00000, 0x0000000091a00000, 0x0000000091b00000|  0%| F|  |TAMS 0x0000000091a00000, 0x0000000091a00000| Untracked 
| 283|0x0000000091b00000, 0x0000000091b00000, 0x0000000091c00000|  0%| F|  |TAMS 0x0000000091b00000, 0x0000000091b00000| Untracked 
| 284|0x0000000091c00000, 0x0000000091c00000, 0x0000000091d00000|  0%| F|  |TAMS 0x0000000091c00000, 0x0000000091c00000| Untracked 
| 285|0x0000000091d00000, 0x0000000091d00000, 0x0000000091e00000|  0%| F|  |TAMS 0x0000000091d00000, 0x0000000091d00000| Untracked 
| 286|0x0000000091e00000, 0x0000000091e00000, 0x0000000091f00000|  0%| F|  |TAMS 0x0000000091e00000, 0x0000000091e00000| Untracked 
| 287|0x0000000091f00000, 0x0000000091f00000, 0x0000000092000000|  0%| F|  |TAMS 0x0000000091f00000, 0x0000000091f00000| Untracked 
| 288|0x0000000092000000, 0x0000000092000000, 0x0000000092100000|  0%| F|  |TAMS 0x0000000092000000, 0x0000000092000000| Untracked 
| 289|0x0000000092100000, 0x0000000092100000, 0x0000000092200000|  0%| F|  |TAMS 0x0000000092100000, 0x0000000092100000| Untracked 
| 290|0x0000000092200000, 0x0000000092200000, 0x0000000092300000|  0%| F|  |TAMS 0x0000000092200000, 0x0000000092200000| Untracked 
| 291|0x0000000092300000, 0x0000000092300000, 0x0000000092400000|  0%| F|  |TAMS 0x0000000092300000, 0x0000000092300000| Untracked 
| 292|0x0000000092400000, 0x0000000092400000, 0x0000000092500000|  0%| F|  |TAMS 0x0000000092400000, 0x0000000092400000| Untracked 
| 293|0x0000000092500000, 0x0000000092500000, 0x0000000092600000|  0%| F|  |TAMS 0x0000000092500000, 0x0000000092500000| Untracked 
| 294|0x0000000092600000, 0x0000000092600000, 0x0000000092700000|  0%| F|  |TAMS 0x0000000092600000, 0x0000000092600000| Untracked 
| 295|0x0000000092700000, 0x0000000092700000, 0x0000000092800000|  0%| F|  |TAMS 0x0000000092700000, 0x0000000092700000| Untracked 
| 296|0x0000000092800000, 0x0000000092800000, 0x0000000092900000|  0%| F|  |TAMS 0x0000000092800000, 0x0000000092800000| Untracked 
| 297|0x0000000092900000, 0x0000000092900000, 0x0000000092a00000|  0%| F|  |TAMS 0x0000000092900000, 0x0000000092900000| Untracked 
| 298|0x0000000092a00000, 0x0000000092a00000, 0x0000000092b00000|  0%| F|  |TAMS 0x0000000092a00000, 0x0000000092a00000| Untracked 
| 299|0x0000000092b00000, 0x0000000092b00000, 0x0000000092c00000|  0%| F|  |TAMS 0x0000000092b00000, 0x0000000092b00000| Untracked 
| 300|0x0000000092c00000, 0x0000000092c00000, 0x0000000092d00000|  0%| F|  |TAMS 0x0000000092c00000, 0x0000000092c00000| Untracked 
| 301|0x0000000092d00000, 0x0000000092d00000, 0x0000000092e00000|  0%| F|  |TAMS 0x0000000092d00000, 0x0000000092d00000| Untracked 
| 302|0x0000000092e00000, 0x0000000092e00000, 0x0000000092f00000|  0%| F|  |TAMS 0x0000000092e00000, 0x0000000092e00000| Untracked 
| 303|0x0000000092f00000, 0x0000000092f00000, 0x0000000093000000|  0%| F|  |TAMS 0x0000000092f00000, 0x0000000092f00000| Untracked 
| 304|0x0000000093000000, 0x0000000093000000, 0x0000000093100000|  0%| F|  |TAMS 0x0000000093000000, 0x0000000093000000| Untracked 
| 305|0x0000000093100000, 0x0000000093100000, 0x0000000093200000|  0%| F|  |TAMS 0x0000000093100000, 0x0000000093100000| Untracked 
| 306|0x0000000093200000, 0x0000000093200000, 0x0000000093300000|  0%| F|  |TAMS 0x0000000093200000, 0x0000000093200000| Untracked 
| 307|0x0000000093300000, 0x0000000093300000, 0x0000000093400000|  0%| F|  |TAMS 0x0000000093300000, 0x0000000093300000| Untracked 
| 308|0x0000000093400000, 0x0000000093400000, 0x0000000093500000|  0%| F|  |TAMS 0x0000000093400000, 0x0000000093400000| Untracked 
| 309|0x0000000093500000, 0x0000000093500000, 0x0000000093600000|  0%| F|  |TAMS 0x0000000093500000, 0x0000000093500000| Untracked 
| 310|0x0000000093600000, 0x0000000093600000, 0x0000000093700000|  0%| F|  |TAMS 0x0000000093600000, 0x0000000093600000| Untracked 
| 311|0x0000000093700000, 0x0000000093700000, 0x0000000093800000|  0%| F|  |TAMS 0x0000000093700000, 0x0000000093700000| Untracked 
| 312|0x0000000093800000, 0x0000000093800000, 0x0000000093900000|  0%| F|  |TAMS 0x0000000093800000, 0x0000000093800000| Untracked 
| 313|0x0000000093900000, 0x0000000093900000, 0x0000000093a00000|  0%| F|  |TAMS 0x0000000093900000, 0x0000000093900000| Untracked 
| 314|0x0000000093a00000, 0x0000000093a00000, 0x0000000093b00000|  0%| F|  |TAMS 0x0000000093a00000, 0x0000000093a00000| Untracked 
| 315|0x0000000093b00000, 0x0000000093b00000, 0x0000000093c00000|  0%| F|  |TAMS 0x0000000093b00000, 0x0000000093b00000| Untracked 
| 316|0x0000000093c00000, 0x0000000093c00000, 0x0000000093d00000|  0%| F|  |TAMS 0x0000000093c00000, 0x0000000093c00000| Untracked 
| 317|0x0000000093d00000, 0x0000000093d00000, 0x0000000093e00000|  0%| F|  |TAMS 0x0000000093d00000, 0x0000000093d00000| Untracked 
| 318|0x0000000093e00000, 0x0000000093e00000, 0x0000000093f00000|  0%| F|  |TAMS 0x0000000093e00000, 0x0000000093e00000| Untracked 
| 319|0x0000000093f00000, 0x0000000093f00000, 0x0000000094000000|  0%| F|  |TAMS 0x0000000093f00000, 0x0000000093f00000| Untracked 
| 320|0x0000000094000000, 0x0000000094000000, 0x0000000094100000|  0%| F|  |TAMS 0x0000000094000000, 0x0000000094000000| Untracked 
| 321|0x0000000094100000, 0x0000000094100000, 0x0000000094200000|  0%| F|  |TAMS 0x0000000094100000, 0x0000000094100000| Untracked 
| 322|0x0000000094200000, 0x0000000094200000, 0x0000000094300000|  0%| F|  |TAMS 0x0000000094200000, 0x0000000094200000| Untracked 
| 323|0x0000000094300000, 0x0000000094300000, 0x0000000094400000|  0%| F|  |TAMS 0x0000000094300000, 0x0000000094300000| Untracked 
| 324|0x0000000094400000, 0x0000000094400000, 0x0000000094500000|  0%| F|  |TAMS 0x0000000094400000, 0x0000000094400000| Untracked 
| 325|0x0000000094500000, 0x0000000094500000, 0x0000000094600000|  0%| F|  |TAMS 0x0000000094500000, 0x0000000094500000| Untracked 
| 326|0x0000000094600000, 0x0000000094600000, 0x0000000094700000|  0%| F|  |TAMS 0x0000000094600000, 0x0000000094600000| Untracked 
| 327|0x0000000094700000, 0x0000000094700000, 0x0000000094800000|  0%| F|  |TAMS 0x0000000094700000, 0x0000000094700000| Untracked 
| 328|0x0000000094800000, 0x0000000094800000, 0x0000000094900000|  0%| F|  |TAMS 0x0000000094800000, 0x0000000094800000| Untracked 
| 329|0x0000000094900000, 0x0000000094900000, 0x0000000094a00000|  0%| F|  |TAMS 0x0000000094900000, 0x0000000094900000| Untracked 
| 330|0x0000000094a00000, 0x0000000094a00000, 0x0000000094b00000|  0%| F|  |TAMS 0x0000000094a00000, 0x0000000094a00000| Untracked 
| 331|0x0000000094b00000, 0x0000000094b00000, 0x0000000094c00000|  0%| F|  |TAMS 0x0000000094b00000, 0x0000000094b00000| Untracked 
| 332|0x0000000094c00000, 0x0000000094c00000, 0x0000000094d00000|  0%| F|  |TAMS 0x0000000094c00000, 0x0000000094c00000| Untracked 
| 333|0x0000000094d00000, 0x0000000094d00000, 0x0000000094e00000|  0%| F|  |TAMS 0x0000000094d00000, 0x0000000094d00000| Untracked 
| 334|0x0000000094e00000, 0x0000000094e00000, 0x0000000094f00000|  0%| F|  |TAMS 0x0000000094e00000, 0x0000000094e00000| Untracked 
| 335|0x0000000094f00000, 0x0000000094f00000, 0x0000000095000000|  0%| F|  |TAMS 0x0000000094f00000, 0x0000000094f00000| Untracked 
| 336|0x0000000095000000, 0x0000000095000000, 0x0000000095100000|  0%| F|  |TAMS 0x0000000095000000, 0x0000000095000000| Untracked 
| 337|0x0000000095100000, 0x0000000095200000, 0x0000000095200000|100%| S|CS|TAMS 0x0000000095100000, 0x0000000095100000| Complete 
| 338|0x0000000095200000, 0x0000000095300000, 0x0000000095300000|100%| S|CS|TAMS 0x0000000095200000, 0x0000000095200000| Complete 
| 339|0x0000000095300000, 0x0000000095300000, 0x0000000095400000|  0%| F|  |TAMS 0x0000000095300000, 0x0000000095300000| Untracked 
| 340|0x0000000095400000, 0x0000000095400000, 0x0000000095500000|  0%| F|  |TAMS 0x0000000095400000, 0x0000000095400000| Untracked 
| 341|0x0000000095500000, 0x0000000095500000, 0x0000000095600000|  0%| F|  |TAMS 0x0000000095500000, 0x0000000095500000| Untracked 
| 342|0x0000000095600000, 0x0000000095600000, 0x0000000095700000|  0%| F|  |TAMS 0x0000000095600000, 0x0000000095600000| Untracked 
| 343|0x0000000095700000, 0x0000000095700000, 0x0000000095800000|  0%| F|  |TAMS 0x0000000095700000, 0x0000000095700000| Untracked 
| 344|0x0000000095800000, 0x0000000095800000, 0x0000000095900000|  0%| F|  |TAMS 0x0000000095800000, 0x0000000095800000| Untracked 
| 345|0x0000000095900000, 0x0000000095900000, 0x0000000095a00000|  0%| F|  |TAMS 0x0000000095900000, 0x0000000095900000| Untracked 
| 346|0x0000000095a00000, 0x0000000095a00000, 0x0000000095b00000|  0%| F|  |TAMS 0x0000000095a00000, 0x0000000095a00000| Untracked 
| 347|0x0000000095b00000, 0x0000000095b00000, 0x0000000095c00000|  0%| F|  |TAMS 0x0000000095b00000, 0x0000000095b00000| Untracked 
| 348|0x0000000095c00000, 0x0000000095c00000, 0x0000000095d00000|  0%| F|  |TAMS 0x0000000095c00000, 0x0000000095c00000| Untracked 
| 349|0x0000000095d00000, 0x0000000095d00000, 0x0000000095e00000|  0%| F|  |TAMS 0x0000000095d00000, 0x0000000095d00000| Untracked 
| 350|0x0000000095e00000, 0x0000000095e00000, 0x0000000095f00000|  0%| F|  |TAMS 0x0000000095e00000, 0x0000000095e00000| Untracked 

Card table byte_map: [0x0000016fe94c0000,0x0000016fe98c0000] _byte_map_base: 0x0000016fe90c0000

Marking Bits (Prev, Next): (CMBitMap*) 0x0000016fd62e44b8, (CMBitMap*) 0x0000016fd62e44f0
 Prev Bits: [0x0000016fe9cc0000, 0x0000016febcc0000)
 Next Bits: [0x0000016febcc0000, 0x0000016fedcc0000)

Polling page: 0x0000016fd4210000

Metaspace:

Usage:
  Non-class:    115.00 MB capacity,   112.51 MB ( 98%) used,     2.06 MB (  2%) free+waste,   445.88 KB ( <1%) overhead. 
      Class:     18.12 MB capacity,    16.68 MB ( 92%) used,     1.24 MB (  7%) free+waste,   201.81 KB (  1%) overhead. 
       Both:    133.12 MB capacity,   129.18 MB ( 97%) used,     3.30 MB (  2%) free+waste,   647.69 KB ( <1%) overhead. 

Virtual space:
  Non-class space:      116.00 MB reserved,     115.25 MB (>99%) committed 
      Class space:        1.00 GB reserved,      18.13 MB (  2%) committed 
             Both:        1.11 GB reserved,     133.38 MB ( 12%) committed 

Chunk freelists:
   Non-Class:  62.00 KB
       Class:  8.00 KB
        Both:  70.00 KB

MaxMetaspaceSize: 17179869184.00 GB
CompressedClassSpaceSize: 1.00 GB

CodeHeap 'non-profiled nmethods': size=120000Kb used=11800Kb max_used=11831Kb free=108200Kb
 bounds [0x0000016fe1860000, 0x0000016fe2420000, 0x0000016fe8d90000]
CodeHeap 'profiled nmethods': size=120000Kb used=41907Kb max_used=41946Kb free=78092Kb
 bounds [0x0000016fda330000, 0x0000016fdcc60000, 0x0000016fe1860000]
CodeHeap 'non-nmethods': size=5760Kb used=2405Kb max_used=2465Kb free=3355Kb
 bounds [0x0000016fd9d90000, 0x0000016fda000000, 0x0000016fda330000]
 total_blobs=19610 nmethods=18570 adapters=948
 compilation: enabled
              stopped_count=0, restarted_count=0
 full_count=0

Compilation events (20 events):
Event: 177.589 Thread 0x0000016ff0fe2000 19620       2       com.android.tools.r8.internal.UF::a (265 bytes)
Event: 177.591 Thread 0x0000016ff0fe2000 nmethod 19620 0x0000016fdac2ac90 code [0x0000016fdac2b120, 0x0000016fdac2c4a8]
Event: 177.591 Thread 0x0000016ff0fe2000 19626       3       com.android.tools.r8.internal.dk::b (156 bytes)
Event: 177.592 Thread 0x0000016ff0fe2000 nmethod 19626 0x0000016fdab38390 code [0x0000016fdab38640, 0x0000016fdab39488]
Event: 177.592 Thread 0x0000016ff0fe2000 19618       2       java.io.StringWriter::append (6 bytes)
Event: 177.592 Thread 0x0000016ff0fe2000 nmethod 19618 0x0000016fdab26390 code [0x0000016fdab26560, 0x0000016fdab26898]
Event: 177.592 Thread 0x0000016ff0fe2000 19616       2       com.android.tools.r8.internal.dk::h (65 bytes)
Event: 177.593 Thread 0x0000016ff0fe2000 nmethod 19616 0x0000016fdab25c10 code [0x0000016fdab25e00, 0x0000016fdab26198]
Event: 177.593 Thread 0x0000016ff0fe2000 19621       2       com.android.tools.r8.internal.dk::a (126 bytes)
Event: 177.593 Thread 0x0000016ff0fe2000 nmethod 19621 0x0000016fdab2ca10 code [0x0000016fdab2cc20, 0x0000016fdab2d0a8]
Event: 177.593 Thread 0x0000016ff0fe2000 19622       2       com.android.tools.r8.internal.dk::a (53 bytes)
Event: 177.593 Thread 0x0000016ff0fe2000 nmethod 19622 0x0000016fdab25490 code [0x0000016fdab25680, 0x0000016fdab25a08]
Event: 177.593 Thread 0x0000016ff0fe2000 19623       2       com.android.tools.r8.internal.Zj::i (8 bytes)
Event: 177.593 Thread 0x0000016ff0fe2000 nmethod 19623 0x0000016fdab2c690 code [0x0000016fdab2c840, 0x0000016fdab2c978]
Event: 177.593 Thread 0x0000016ff0fe2000 19624       2       com.android.tools.r8.internal.Zj::h (8 bytes)
Event: 177.593 Thread 0x0000016ff0fe2000 nmethod 19624 0x0000016fdab34a90 code [0x0000016fdab34c40, 0x0000016fdab34d78]
Event: 177.593 Thread 0x0000016ff0fe2000 19625       2       com.android.tools.r8.internal.dk::c (23 bytes)
Event: 177.594 Thread 0x0000016ff0fe2000 nmethod 19625 0x0000016fdab34610 code [0x0000016fdab347e0, 0x0000016fdab34978]
Event: 177.594 Thread 0x0000016ff0fe2000 19619       2       java.io.StringWriter::append (10 bytes)
Event: 177.594 Thread 0x0000016ff0fe2000 nmethod 19619 0x0000016fdab56010 code [0x0000016fdab561e0, 0x0000016fdab56518]

GC Heap History (20 events):
Event: 176.247 GC heap after
{Heap after GC invocations=33 (full 0):
 garbage-first heap   total 260096K, used 214861K [0x0000000080000000, 0x0000000100000000)
  region size 1024K, 2 young (2048K), 2 survivors (2048K)
 Metaspace       used 131762K, capacity 135647K, committed 135808K, reserved 1167360K
  class space    used 17023K, capacity 18451K, committed 18560K, reserved 1048576K
}
Event: 176.285 GC heap before
{Heap before GC invocations=33 (full 0):
 garbage-first heap   total 260096K, used 225101K [0x0000000080000000, 0x0000000100000000)
  region size 1024K, 12 young (12288K), 2 survivors (2048K)
 Metaspace       used 131766K, capacity 135647K, committed 135808K, reserved 1167360K
  class space    used 17024K, capacity 18451K, committed 18560K, reserved 1048576K
}
Event: 176.292 GC heap after
{Heap after GC invocations=34 (full 0):
 garbage-first heap   total 260096K, used 221077K [0x0000000080000000, 0x0000000100000000)
  region size 1024K, 2 young (2048K), 2 survivors (2048K)
 Metaspace       used 131766K, capacity 135647K, committed 135808K, reserved 1167360K
  class space    used 17024K, capacity 18451K, committed 18560K, reserved 1048576K
}
Event: 176.328 GC heap before
{Heap before GC invocations=34 (full 0):
 garbage-first heap   total 260096K, used 230293K [0x0000000080000000, 0x0000000100000000)
  region size 1024K, 12 young (12288K), 2 survivors (2048K)
 Metaspace       used 131768K, capacity 135647K, committed 135808K, reserved 1167360K
  class space    used 17024K, capacity 18451K, committed 18560K, reserved 1048576K
}
Event: 176.335 GC heap after
{Heap after GC invocations=35 (full 0):
 garbage-first heap   total 260096K, used 227039K [0x0000000080000000, 0x0000000100000000)
  region size 1024K, 2 young (2048K), 2 survivors (2048K)
 Metaspace       used 131768K, capacity 135647K, committed 135808K, reserved 1167360K
  class space    used 17024K, capacity 18451K, committed 18560K, reserved 1048576K
}
Event: 176.366 GC heap before
{Heap before GC invocations=35 (full 0):
 garbage-first heap   total 260096K, used 237279K [0x0000000080000000, 0x0000000100000000)
  region size 1024K, 12 young (12288K), 2 survivors (2048K)
 Metaspace       used 131768K, capacity 135647K, committed 135808K, reserved 1167360K
  class space    used 17024K, capacity 18451K, committed 18560K, reserved 1048576K
}
Event: 176.374 GC heap after
{Heap after GC invocations=36 (full 0):
 garbage-first heap   total 260096K, used 232856K [0x0000000080000000, 0x0000000100000000)
  region size 1024K, 2 young (2048K), 2 survivors (2048K)
 Metaspace       used 131768K, capacity 135647K, committed 135808K, reserved 1167360K
  class space    used 17024K, capacity 18451K, committed 18560K, reserved 1048576K
}
Event: 176.421 GC heap before
{Heap before GC invocations=36 (full 0):
 garbage-first heap   total 260096K, used 243096K [0x0000000080000000, 0x0000000100000000)
  region size 1024K, 12 young (12288K), 2 survivors (2048K)
 Metaspace       used 131768K, capacity 135647K, committed 135808K, reserved 1167360K
  class space    used 17024K, capacity 18451K, committed 18560K, reserved 1048576K
}
Event: 176.428 GC heap after
{Heap after GC invocations=37 (full 0):
 garbage-first heap   total 260096K, used 238850K [0x0000000080000000, 0x0000000100000000)
  region size 1024K, 2 young (2048K), 2 survivors (2048K)
 Metaspace       used 131768K, capacity 135647K, committed 135808K, reserved 1167360K
  class space    used 17024K, capacity 18451K, committed 18560K, reserved 1048576K
}
Event: 176.538 GC heap before
{Heap before GC invocations=37 (full 0):
 garbage-first heap   total 260096K, used 248066K [0x0000000080000000, 0x0000000100000000)
  region size 1024K, 12 young (12288K), 2 survivors (2048K)
 Metaspace       used 131861K, capacity 135702K, committed 136064K, reserved 1167360K
  class space    used 17025K, capacity 18443K, committed 18560K, reserved 1048576K
}
Event: 176.548 GC heap after
{Heap after GC invocations=38 (full 0):
 garbage-first heap   total 260096K, used 242358K [0x0000000080000000, 0x0000000100000000)
  region size 1024K, 2 young (2048K), 2 survivors (2048K)
 Metaspace       used 131861K, capacity 135702K, committed 136064K, reserved 1167360K
  class space    used 17025K, capacity 18443K, committed 18560K, reserved 1048576K
}
Event: 176.596 GC heap before
{Heap before GC invocations=38 (full 0):
 garbage-first heap   total 260096K, used 252598K [0x0000000080000000, 0x0000000100000000)
  region size 1024K, 12 young (12288K), 2 survivors (2048K)
 Metaspace       used 131878K, capacity 135708K, committed 136064K, reserved 1167360K
  class space    used 17025K, capacity 18443K, committed 18560K, reserved 1048576K
}
Event: 176.609 GC heap after
{Heap after GC invocations=39 (full 0):
 garbage-first heap   total 359424K, used 244820K [0x0000000080000000, 0x0000000100000000)
  region size 1024K, 2 young (2048K), 2 survivors (2048K)
 Metaspace       used 131878K, capacity 135708K, committed 136064K, reserved 1167360K
  class space    used 17025K, capacity 18443K, committed 18560K, reserved 1048576K
}
Event: 176.878 GC heap before
{Heap before GC invocations=40 (full 0):
 garbage-first heap   total 359424K, used 279636K [0x0000000080000000, 0x0000000100000000)
  region size 1024K, 37 young (37888K), 2 survivors (2048K)
 Metaspace       used 132136K, capacity 136121K, committed 136320K, reserved 1167360K
  class space    used 17072K, capacity 18514K, committed 18560K, reserved 1048576K
}
Event: 176.887 GC heap after
{Heap after GC invocations=41 (full 0):
 garbage-first heap   total 359424K, used 248895K [0x0000000080000000, 0x0000000100000000)
  region size 1024K, 5 young (5120K), 5 survivors (5120K)
 Metaspace       used 132136K, capacity 136121K, committed 136320K, reserved 1167360K
  class space    used 17072K, capacity 18514K, committed 18560K, reserved 1048576K
}
Event: 177.054 GC heap before
{Heap before GC invocations=41 (full 0):
 garbage-first heap   total 359424K, used 274495K [0x0000000080000000, 0x0000000100000000)
  region size 1024K, 32 young (32768K), 5 survivors (5120K)
 Metaspace       used 132242K, capacity 136217K, committed 136320K, reserved 1167360K
  class space    used 17077K, capacity 18520K, committed 18560K, reserved 1048576K
}
Event: 177.065 GC heap after
{Heap after GC invocations=42 (full 0):
 garbage-first heap   total 359424K, used 251490K [0x0000000080000000, 0x0000000100000000)
  region size 1024K, 3 young (3072K), 3 survivors (3072K)
 Metaspace       used 132242K, capacity 136217K, committed 136320K, reserved 1167360K
  class space    used 17077K, capacity 18520K, committed 18560K, reserved 1048576K
}
Event: 177.479 GC heap before
{Heap before GC invocations=43 (full 0):
 garbage-first heap   total 359424K, used 279138K [0x0000000080000000, 0x0000000100000000)
  region size 1024K, 37 young (37888K), 3 survivors (3072K)
 Metaspace       used 132253K, capacity 136249K, committed 136320K, reserved 1167360K
  class space    used 17078K, capacity 18552K, committed 18560K, reserved 1048576K
}
Event: 177.491 GC heap after
{Heap after GC invocations=44 (full 0):
 garbage-first heap   total 359424K, used 247519K [0x0000000080000000, 0x0000000100000000)
  region size 1024K, 5 young (5120K), 5 survivors (5120K)
 Metaspace       used 132253K, capacity 136249K, committed 136320K, reserved 1167360K
  class space    used 17078K, capacity 18552K, committed 18560K, reserved 1048576K
}
Event: 177.600 GC heap before
{Heap before GC invocations=44 (full 0):
 garbage-first heap   total 359424K, used 259807K [0x0000000080000000, 0x0000000100000000)
  region size 1024K, 17 young (17408K), 5 survivors (5120K)
 Metaspace       used 132283K, capacity 136314K, committed 136576K, reserved 1167360K
  class space    used 17078K, capacity 18552K, committed 18560K, reserved 1048576K
}

Deoptimization events (20 events):
Event: 176.929 Thread 0x0000016ff1e89800 DEOPT PACKING pc=0x0000016fdcc265fb sp=0x0000002e87dfd160
Event: 176.929 Thread 0x0000016ff1e89800 DEOPT UNPACKING pc=0x0000016fd9db76ce sp=0x0000002e87dfc618 mode 0
Event: 177.200 Thread 0x0000016ff1e89800 Uncommon trap: trap_request=0xffffffcc fr.pc=0x0000016fe24065b4 relative=0x0000000000004074
Event: 177.200 Thread 0x0000016ff1e89800 Uncommon trap: reason=intrinsic_or_type_checked_inlining action=make_not_entrant pc=0x0000016fe24065b4 method=java.util.stream.SpinedBuffer.copyInto([Ljava/lang/Object;I)V @ 51 c2
Event: 177.200 Thread 0x0000016ff1e89800 DEOPT PACKING pc=0x0000016fe24065b4 sp=0x0000002e87dfcff0
Event: 177.200 Thread 0x0000016ff1e89800 DEOPT UNPACKING pc=0x0000016fd9db78af sp=0x0000002e87dfcc78 mode 2
Event: 177.585 Thread 0x0000016ff1e89800 DEOPT PACKING pc=0x0000016fdab19af1 sp=0x0000002e87dfd0e0
Event: 177.585 Thread 0x0000016ff1e89800 DEOPT UNPACKING pc=0x0000016fd9db76ce sp=0x0000002e87dfc638 mode 0
Event: 177.586 Thread 0x0000016ff1e89800 DEOPT PACKING pc=0x0000016fdab16696 sp=0x0000002e87dfd180
Event: 177.586 Thread 0x0000016ff1e89800 DEOPT UNPACKING pc=0x0000016fd9db76ce sp=0x0000002e87dfc698 mode 0
Event: 177.590 Thread 0x0000016ff1e89800 DEOPT PACKING pc=0x0000016fdcb8c0b8 sp=0x0000002e87dfd1b0
Event: 177.590 Thread 0x0000016ff1e89800 DEOPT UNPACKING pc=0x0000016fd9db76ce sp=0x0000002e87dfc6d0 mode 0
Event: 177.590 Thread 0x0000016ff1e89800 DEOPT PACKING pc=0x0000016fdcb8c0b8 sp=0x0000002e87dfd1b0
Event: 177.590 Thread 0x0000016ff1e89800 DEOPT UNPACKING pc=0x0000016fd9db76ce sp=0x0000002e87dfc6d0 mode 0
Event: 177.591 Thread 0x0000016ff1e89800 DEOPT PACKING pc=0x0000016fdcb8c0b8 sp=0x0000002e87dfd1b0
Event: 177.591 Thread 0x0000016ff1e89800 DEOPT UNPACKING pc=0x0000016fd9db76ce sp=0x0000002e87dfc6d0 mode 0
Event: 177.591 Thread 0x0000016ff1e89800 DEOPT PACKING pc=0x0000016fdcb8c0b8 sp=0x0000002e87dfd150
Event: 177.591 Thread 0x0000016ff1e89800 DEOPT UNPACKING pc=0x0000016fd9db76ce sp=0x0000002e87dfc670 mode 0
Event: 177.592 Thread 0x0000016ff1e89800 DEOPT PACKING pc=0x0000016fdcb8c0b8 sp=0x0000002e87dfd150
Event: 177.592 Thread 0x0000016ff1e89800 DEOPT UNPACKING pc=0x0000016fd9db76ce sp=0x0000002e87dfc670 mode 0

Classes redefined (0 events):
No events

Internal exceptions (20 events):
Event: 173.588 Thread 0x0000016ff1e89800 Exception <a 'java/lang/NoSuchMethodError'{0x000000008e1a2218}: 'void java.lang.invoke.DirectMethodHandle$Holder.invokeStatic(java.lang.Object, java.lang.Object, java.lang.Object, int)'> (0x000000008e1a2218) thrown at [./src/hotspot/share/interpreter/linkResolver.cpp, line 773]
Event: 173.588 Thread 0x0000016ff1e89800 Exception <a 'java/lang/IncompatibleClassChangeError'{0x000000008e1aa620}: Found class java.lang.Object, but interface was expected> (0x000000008e1aa620) thrown at [./src/hotspot/share/interpreter/linkResolver.cpp, line 839]
Event: 173.770 Thread 0x0000016ff1e89800 Exception <a 'java/lang/NoSuchMethodError'{0x000000008d48f800}: 'java.lang.Object java.lang.invoke.DirectMethodHandle$Holder.invokeVirtual(java.lang.Object, java.lang.Object, int, java.lang.Object)'> (0x000000008d48f800) thrown at [./src/hotspot/share/interpreter/linkResolver.cpp, line 773]
Event: 173.797 Thread 0x0000016ff1e89800 Exception <a 'java/lang/NoSuchMethodError'{0x000000008d3bc5a8}: 'void java.lang.invoke.DirectMethodHandle$Holder.invokeVirtual(java.lang.Object, java.lang.Object, int, java.lang.Object)'> (0x000000008d3bc5a8) thrown at [./src/hotspot/share/interpreter/linkResolver.cpp, line 773]
Event: 173.862 Thread 0x0000016ff1e89800 Exception <a 'java/lang/IncompatibleClassChangeError'{0x000000008d0cb950}: Found class java.lang.Object, but interface was expected> (0x000000008d0cb950) thrown at [./src/hotspot/share/interpreter/linkResolver.cpp, line 839]
Event: 173.863 Thread 0x0000016ff1e89800 Exception <a 'java/lang/IncompatibleClassChangeError'{0x000000008d0d4668}: Found class java.lang.Object, but interface was expected> (0x000000008d0d4668) thrown at [./src/hotspot/share/interpreter/linkResolver.cpp, line 839]
Event: 173.972 Thread 0x0000016ff1e89800 Exception <a 'java/lang/NoSuchMethodError'{0x000000008c7dcf80}: 'java.lang.Object java.lang.invoke.DirectMethodHandle$Holder.invokeInterface(java.lang.Object, java.lang.Object, int)'> (0x000000008c7dcf80) thrown at [./src/hotspot/share/interpreter/linkResolver.cpp, line 773]
Event: 174.944 Thread 0x0000016ff1e89800 Exception <a 'java/lang/NoSuchMethodError'{0x000000008b906288}: 'java.lang.Object java.lang.invoke.Invokers$Holder.linkToTargetMethod(java.lang.Object, int, java.lang.Object, java.lang.Object, java.lang.Object, java.lang.Object)'> (0x000000008b906288) thrown at [./src/hotspot/share/interpreter/linkResolver.cpp, line 773]
Event: 174.945 Thread 0x0000016ff1e89800 Exception <a 'java/lang/NoSuchMethodError'{0x000000008b909f40}: 'void java.lang.invoke.DirectMethodHandle$Holder.invokeSpecial(java.lang.Object, java.lang.Object, java.lang.Object, java.lang.Object, java.lang.Object, java.lang.Object, java.lang.Object, java.lang.Object, java.lang.Object)'> (0x000000008b909f40) thrown at [./src/hotspot/share/interpreter/linkResolver.cpp, line 773]
Event: 174.947 Thread 0x0000016ff1e89800 Exception <a 'java/lang/NoSuchMethodError'{0x000000008b921338}: 'void java.lang.invoke.DirectMethodHandle$Holder.invokeStatic(java.lang.Object, java.lang.Object, java.lang.Object, java.lang.Object, java.lang.Object, java.lang.Object, java.lang.Object, java.lang.Object)'> (0x000000008b921338) thrown at [./src/hotspot/share/interpreter/linkResolver.cpp, line 773]
Event: 175.005 Thread 0x0000016ff1e89800 Exception <a 'java/lang/IncompatibleClassChangeError'{0x000000008b7a72d8}: Found class java.lang.Object, but interface was expected> (0x000000008b7a72d8) thrown at [./src/hotspot/share/interpreter/linkResolver.cpp, line 839]
Event: 175.053 Thread 0x0000016ff1e89800 Exception <a 'java/lang/NoSuchMethodError'{0x000000008b416800}: 'void java.lang.invoke.DirectMethodHandle$Holder.invokeVirtual(java.lang.Object, java.lang.Object, int)'> (0x000000008b416800) thrown at [./src/hotspot/share/interpreter/linkResolver.cpp, line 773]
Event: 175.112 Thread 0x0000016ff1e83000 Exception <a 'java/net/ConnectException'{0x000000008b0ed280}: Connection refused: connect> (0x000000008b0ed280) thrown at [./src/hotspot/share/prims/jni.cpp, line 636]
Event: 175.260 Thread 0x0000016ff1e81000 Exception <a 'java/lang/NoSuchMethodError'{0x000000008ee1fc30}: <clinit>> (0x000000008ee1fc30) thrown at [./src/hotspot/share/prims/jni.cpp, line 1362]
Event: 175.506 Thread 0x0000016ff1e89800 Exception <a 'sun/nio/fs/WindowsException'{0x000000008f9148c8}> (0x000000008f9148c8) thrown at [./src/hotspot/share/prims/jni.cpp, line 615]
Event: 175.936 Thread 0x0000016ff1e86000 Exception <a 'java/lang/NoSuchMethodError'{0x000000008ec06060}: 'java.lang.Object java.lang.invoke.DirectMethodHandle$Holder.newInvokeSpecial(java.lang.Object, int)'> (0x000000008ec06060) thrown at [./src/hotspot/share/interpreter/linkResolver.cpp, line 773]
Event: 176.624 Thread 0x0000016ff1e89800 Implicit null exception at 0x0000016fe18d1aa2 to 0x0000016fe18d23f0
Event: 176.647 Thread 0x0000016ff1e89800 Exception <a 'java/lang/IncompatibleClassChangeError'{0x0000000095b80978}: Found class java.lang.Object, but interface was expected> (0x0000000095b80978) thrown at [./src/hotspot/share/interpreter/linkResolver.cpp, line 839]
Event: 176.674 Thread 0x0000016ff1e89800 Exception <a 'java/lang/NoSuchMethodError'{0x0000000095a59948}: 'int java.lang.invoke.DirectMethodHandle$Holder.invokeSpecial(java.lang.Object, java.lang.Object, java.lang.Object, java.lang.Object, java.lang.Object, java.lang.Object)'> (0x0000000095a59948) thrown at [./src/hotspot/share/interpreter/linkResolver.cpp, line 773]
Event: 177.168 Thread 0x0000016ff1e83000 Exception <a 'java/net/ConnectException'{0x0000000095479960}: Connection refused: connect> (0x0000000095479960) thrown at [./src/hotspot/share/prims/jni.cpp, line 636]

Events (20 events):
Event: 176.906 Executing VM operation: Deoptimize done
Event: 176.906 loading class com/android/tools/r8/graph/d0
Event: 176.906 loading class com/android/tools/r8/graph/d0 done
Event: 176.906 loading class com/android/tools/r8/graph/d0
Event: 176.906 loading class com/android/tools/r8/graph/d0 done
Event: 176.906 loading class com/android/tools/r8/graph/S0
Event: 176.906 loading class com/android/tools/r8/graph/S0 done
Event: 176.933 Executing VM operation: RevokeBias
Event: 176.933 Executing VM operation: RevokeBias done
Event: 177.054 Executing VM operation: G1CollectForAllocation
Event: 177.065 Executing VM operation: G1CollectForAllocation done
Event: 177.117 loading class com/android/tools/r8/graph/v0$a
Event: 177.117 loading class com/android/tools/r8/graph/v0$a done
Event: 177.324 Executing VM operation: CGC_Operation
Event: 177.338 Executing VM operation: CGC_Operation done
Event: 177.477 Executing VM operation: CGC_Operation
Event: 177.477 Executing VM operation: CGC_Operation done
Event: 177.479 Executing VM operation: G1CollectForAllocation
Event: 177.491 Executing VM operation: G1CollectForAllocation done
Event: 177.600 Executing VM operation: G1CollectForAllocation


Dynamic libraries:
0x00007ff7da080000 - 0x00007ff7da08a000 	C:\Program Files\Android\Android Studio\jre\bin\java.exe
0x00007ffcb91f0000 - 0x00007ffcb93e5000 	C:\windows\SYSTEM32\ntdll.dll
0x00007ffc98b20000 - 0x00007ffc98b36000 	C:\Program Files\Avast Software\Avast\aswhook.dll
0x00007ffcb7910000 - 0x00007ffcb79ce000 	C:\windows\System32\KERNEL32.DLL
0x00007ffcb6b00000 - 0x00007ffcb6dc8000 	C:\windows\System32\KERNELBASE.dll
0x00007ffcb6900000 - 0x00007ffcb6a00000 	C:\windows\System32\ucrtbase.dll
0x00007ffcadc80000 - 0x00007ffcadc99000 	C:\Program Files\Android\Android Studio\jre\bin\jli.dll
0x00007ffca1f50000 - 0x00007ffca1f67000 	C:\Program Files\Android\Android Studio\jre\bin\VCRUNTIME140.dll
0x00007ffcb79d0000 - 0x00007ffcb7b70000 	C:\windows\System32\USER32.dll
0x00007ffcb6f00000 - 0x00007ffcb6f22000 	C:\windows\System32\win32u.dll
0x00007ffcb5ca0000 - 0x00007ffcb5f3a000 	C:\windows\WinSxS\amd64_microsoft.windows.common-controls_6595b64144ccf1df_6.0.19041.1110_none_60b5254171f9507e\COMCTL32.dll
0x00007ffcb73e0000 - 0x00007ffcb740b000 	C:\windows\System32\GDI32.dll
0x00007ffcb7470000 - 0x00007ffcb750e000 	C:\windows\System32\msvcrt.dll
0x00007ffcb7130000 - 0x00007ffcb723d000 	C:\windows\System32\gdi32full.dll
0x00007ffcb6dd0000 - 0x00007ffcb6e6d000 	C:\windows\System32\msvcp_win.dll
0x00007ffcb9180000 - 0x00007ffcb91b0000 	C:\windows\System32\IMM32.DLL
0x00007ffc7dfa0000 - 0x00007ffc7e03d000 	C:\Program Files\Android\Android Studio\jre\bin\msvcp140.dll
0x00007ffbdea40000 - 0x00007ffbdf50f000 	C:\Program Files\Android\Android Studio\jre\bin\server\jvm.dll
0x00007ffcb9020000 - 0x00007ffcb90ce000 	C:\windows\System32\ADVAPI32.dll
0x00007ffcb7510000 - 0x00007ffcb75ac000 	C:\windows\System32\sechost.dll
0x00007ffcb7de0000 - 0x00007ffcb7f05000 	C:\windows\System32\RPCRT4.dll
0x00007ffcb7c40000 - 0x00007ffcb7c48000 	C:\windows\System32\PSAPI.DLL
0x00007ffc9f820000 - 0x00007ffc9f847000 	C:\windows\SYSTEM32\WINMM.dll
0x00007ffcacf30000 - 0x00007ffcacf3a000 	C:\windows\SYSTEM32\VERSION.dll
0x00007ffc9ff30000 - 0x00007ffc9ff39000 	C:\windows\SYSTEM32\WSOCK32.dll
0x00007ffcb7c50000 - 0x00007ffcb7cbb000 	C:\windows\System32\WS2_32.dll
0x00007ffcb4b30000 - 0x00007ffcb4b42000 	C:\windows\SYSTEM32\kernel.appcore.dll
0x00007ffca1e60000 - 0x00007ffca1e71000 	C:\Program Files\Android\Android Studio\jre\bin\verify.dll
0x00007ffcb6220000 - 0x00007ffcb6404000 	C:\windows\SYSTEM32\DBGHELP.DLL
0x00007ffcb6050000 - 0x00007ffcb607c000 	C:\windows\SYSTEM32\dbgcore.DLL
0x00007ffcb6e70000 - 0x00007ffcb6ef2000 	C:\windows\System32\bcryptPrimitives.dll
0x00007ffc9a520000 - 0x00007ffc9a549000 	C:\Program Files\Android\Android Studio\jre\bin\java.dll
0x00007ffcadc70000 - 0x00007ffcadc7b000 	C:\Program Files\Android\Android Studio\jre\bin\jimage.dll
0x00007ffc9ea70000 - 0x00007ffc9ea88000 	C:\Program Files\Android\Android Studio\jre\bin\zip.dll
0x00007ffcb8370000 - 0x00007ffcb8ab4000 	C:\windows\System32\SHELL32.dll
0x00007ffcb4380000 - 0x00007ffcb4b14000 	C:\windows\SYSTEM32\windows.storage.dll
0x00007ffcb75b0000 - 0x00007ffcb7905000 	C:\windows\System32\combase.dll
0x00007ffcb5c00000 - 0x00007ffcb5c2e000 	C:\windows\SYSTEM32\Wldp.dll
0x00007ffcb7cc0000 - 0x00007ffcb7d6d000 	C:\windows\System32\SHCORE.dll
0x00007ffcb7410000 - 0x00007ffcb7465000 	C:\windows\System32\shlwapi.dll
0x00007ffcb6840000 - 0x00007ffcb685f000 	C:\windows\SYSTEM32\profapi.dll
0x00007ffc99b60000 - 0x00007ffc99b7a000 	C:\Program Files\Android\Android Studio\jre\bin\net.dll
0x00007ffca1980000 - 0x00007ffca1a8c000 	C:\windows\SYSTEM32\WINHTTP.dll
0x00007ffcb5ad0000 - 0x00007ffcb5b3a000 	C:\windows\system32\mswsock.dll
0x00007ffc97920000 - 0x00007ffc97934000 	C:\Program Files\Android\Android Studio\jre\bin\nio.dll
0x00007ffc9b0e0000 - 0x00007ffc9b107000 	C:\Users\musta\.gradle\native\8bec1ad78214c89d9ad589b4d07fe93259594b29d510b10fafb7a158f7737e5d\windows-amd64\native-platform.dll
0x00007ffc68db0000 - 0x00007ffc68eed000 	C:\Users\musta\.gradle\native\53dbd7edfb1c66fb8903c78663c9afc45aea4f116125fa6feffd364cf09443e8\windows-amd64\native-platform-file-events.dll
0x00007ffcacad0000 - 0x00007ffcacada000 	C:\Program Files\Android\Android Studio\jre\bin\management.dll
0x00007ffcaca50000 - 0x00007ffcaca5c000 	C:\Program Files\Android\Android Studio\jre\bin\management_ext.dll
0x00007ffcb65b0000 - 0x00007ffcb65c8000 	C:\windows\SYSTEM32\CRYPTSP.dll
0x00007ffcb5300000 - 0x00007ffcb5334000 	C:\windows\system32\rsaenh.dll
0x00007ffcb6f30000 - 0x00007ffcb6f57000 	C:\windows\System32\bcrypt.dll
0x00007ffcb6800000 - 0x00007ffcb682e000 	C:\windows\SYSTEM32\USERENV.dll
0x00007ffcb5bc0000 - 0x00007ffcb5bcc000 	C:\windows\SYSTEM32\CRYPTBASE.dll
0x00007ffcb5650000 - 0x00007ffcb568b000 	C:\windows\SYSTEM32\IPHLPAPI.DLL
0x00007ffcb7c30000 - 0x00007ffcb7c38000 	C:\windows\System32\NSI.dll
0x00007ffcaae60000 - 0x00007ffcaae77000 	C:\windows\SYSTEM32\dhcpcsvc6.DLL
0x00007ffcaad90000 - 0x00007ffcaadad000 	C:\windows\SYSTEM32\dhcpcsvc.DLL
0x00007ffcb5690000 - 0x00007ffcb575b000 	C:\windows\SYSTEM32\DNSAPI.dll
0x00007ffc96e80000 - 0x00007ffc96ea7000 	C:\Program Files\Android\Android Studio\jre\bin\sunec.dll
0x00007ffca0d00000 - 0x00007ffca0d0a000 	C:\Windows\System32\rasadhlp.dll
0x00007ffca17c0000 - 0x00007ffca183f000 	C:\windows\System32\fwpuclnt.dll
0x00007ffc99c30000 - 0x00007ffc99c4e000 	C:\Users\musta\AppData\Local\Temp\native-platform7564757950063660750dir\native-platform.dll
0x00007ffcaeaf0000 - 0x00007ffcaeaf8000 	C:\Program Files\Android\Android Studio\jre\bin\rmi.dll
0x00007ffc8a950000 - 0x00007ffc8a967000 	C:\windows\system32\napinsp.dll
0x00007ffc8a970000 - 0x00007ffc8a98b000 	C:\windows\system32\pnrpnsp.dll
0x00007ffc8a990000 - 0x00007ffc8a9a5000 	C:\windows\system32\wshbth.dll
0x00007ffcaeaa0000 - 0x00007ffcaeabd000 	C:\windows\system32\NLAapi.dll
0x00007ffc8b520000 - 0x00007ffc8b532000 	C:\windows\System32\winrnr.dll

dbghelp: loaded successfully - version: 4.0.5 - missing functions: none
symbol engine: initialized successfully - sym options: 0x614 - pdb path: .;C:\Program Files\Android\Android Studio\jre\bin;C:\windows\SYSTEM32;C:\Program Files\Avast Software\Avast;C:\windows\WinSxS\amd64_microsoft.windows.common-controls_6595b64144ccf1df_6.0.19041.1110_none_60b5254171f9507e;C:\Program Files\Android\Android Studio\jre\bin\server;C:\Users\musta\.gradle\native\8bec1ad78214c89d9ad589b4d07fe93259594b29d510b10fafb7a158f7737e5d\windows-amd64;C:\Users\musta\.gradle\native\53dbd7edfb1c66fb8903c78663c9afc45aea4f116125fa6feffd364cf09443e8\windows-amd64;C:\Users\musta\AppData\Local\Temp\native-platform7564757950063660750dir

VM Arguments:
jvm_args: --add-opens=java.base/java.util=ALL-UNNAMED --add-opens=java.base/java.lang=ALL-UNNAMED --add-opens=java.base/java.lang.invoke=ALL-UNNAMED --add-opens=java.base/java.util=ALL-UNNAMED --add-opens=java.prefs/java.util.prefs=ALL-UNNAMED --add-opens=java.prefs/java.util.prefs=ALL-UNNAMED --add-opens=java.base/java.nio.charset=ALL-UNNAMED --add-opens=java.base/java.net=ALL-UNNAMED --add-opens=java.base/java.util.concurrent.atomic=ALL-UNNAMED -Xmx2048m -Dfile.encoding=UTF-8 -Duser.country=US -Duser.language=en -Duser.variant 
java_command: org.gradle.launcher.daemon.bootstrap.GradleDaemon 7.0.2
java_class_path (initial): C:\Users\musta\.gradle\wrapper\dists\gradle-7.0.2-bin\857tjihv64xamwrf0h14cai3r\gradle-7.0.2\lib\gradle-launcher-7.0.2.jar
Launcher Type: SUN_STANDARD

[Global flags]
     intx CICompilerCount                          = 4                                         {product} {ergonomic}
     uint ConcGCThreads                            = 2                                         {product} {ergonomic}
     uint G1ConcRefinementThreads                  = 8                                         {product} {ergonomic}
   size_t G1HeapRegionSize                         = 1048576                                   {product} {ergonomic}
    uintx GCDrainStackTargetSize                   = 64                                        {product} {ergonomic}
   size_t InitialHeapSize                          = 266338304                                 {product} {ergonomic}
   size_t MarkStackSize                            = 4194304                                   {product} {ergonomic}
   size_t MaxHeapSize                              = 2147483648                                {product} {command line}
   size_t MaxNewSize                               = 1287651328                                {product} {ergonomic}
   size_t MinHeapDeltaBytes                        = 1048576                                   {product} {ergonomic}
    uintx NonNMethodCodeHeapSize                   = 5836300                                {pd product} {ergonomic}
    uintx NonProfiledCodeHeapSize                  = 122910970                              {pd product} {ergonomic}
    uintx ProfiledCodeHeapSize                     = 122910970                              {pd product} {ergonomic}
    uintx ReservedCodeCacheSize                    = 251658240                              {pd product} {ergonomic}
     bool SegmentedCodeCache                       = true                                      {product} {ergonomic}
     bool UseCompressedClassPointers               = true                                 {lp64_product} {ergonomic}
     bool UseCompressedOops                        = true                                 {lp64_product} {ergonomic}
     bool UseG1GC                                  = true                                      {product} {ergonomic}
     bool UseLargePagesIndividualAllocation        = false                                  {pd product} {ergonomic}

Logging:
Log output configuration:
 #0: stdout all=warning uptime,level,tags
 #1: stderr all=off uptime,level,tags

Environment Variables:
PATH=C:\windows\system32;C:\windows;C:\windows\System32\Wbem;C:\windows\System32\WindowsPowerShell\v1.0\;C:\windows\System32\OpenSSH\;C:\Program Files\Git\cmd;C:\Users\musta\AppData\Roaming\nvm;C:\Program Files\nodejs;C:\Users\musta\AppData\Local\Microsoft\WindowsApps;C:\Users\musta\AppData\Local\Programs\Microsoft VS Code\bin;C:\Users\musta\AppData\Roaming\npm;C:\Users\musta\AppData\Roaming\nvm;C:\Program Files\nodejs;C:\MinGW\bin;
USERNAME=musta
OS=Windows_NT
PROCESSOR_IDENTIFIER=Intel64 Family 6 Model 142 Stepping 10, GenuineIntel



---------------  S Y S T E M  ---------------

OS: Windows 10 , 64 bit Build 19041 (10.0.19041.1503)
OS uptime: 6 days 1:21 hours

CPU:total 8 (initial active 8) (4 cores per cpu, 2 threads per core) family 6 model 142 stepping 10 microcode 0xb4, cmov, cx8, fxsr, mmx, sse, sse2, sse3, ssse3, sse4.1, sse4.2, popcnt, avx, avx2, aes, clmul, erms, rtm, 3dnowpref, lzcnt, ht, tsc, tscinvbit, bmi1, bmi2, adx, fma

Memory: 4k page, system-wide physical 16243M (2952M free)
TotalPageFile size 19783M (AvailPageFile size 282M)
current process WorkingSet (physical memory assigned to process): 668M, peak: 673M
current process commit charge ("private bytes"): 763M, peak: 1103M

vm_info: OpenJDK 64-Bit Server VM (11.0.10+0-b96-7249189) for windows-amd64 JRE (11.0.10+0-b96-7249189), built on Mar 31 2021 21:44:00 by "builder" with MS VC++ 14.0 (VS2015)

END.
