#
# There is insufficient memory for the Java Runtime Environment to continue.
# Native memory allocation (malloc) failed to allocate 1103056 bytes for Chunk::new
# Possible reasons:
#   The system is out of physical RAM or swap space
#   The process is running with CompressedOops enabled, and the Java Heap may be blocking the growth of the native heap
# Possible solutions:
#   Reduce memory load on the system
#   Increase physical memory or swap space
#   Check if swap backing store is full
#   Decrease Java heap size (-Xmx/-Xms)
#   Decrease number of Java threads
#   Decrease Java thread stack sizes (-Xss)
#   Set larger code cache with -XX:ReservedCodeCacheSize=
#   JVM is running with Unscaled Compressed Oops mode in which the Java heap is
#     placed in the first 4GB address space. The Java Heap base address is the
#     maximum limit for the native heap growth. Please use -XX:HeapBaseMinAddress
#     to set the Java Heap base and to place the Java Heap above 4GB virtual address.
# This output file may be truncated or incomplete.
#
#  Out of Memory Error (./src/hotspot/share/memory/arena.cpp:197), pid=25516, tid=17412
#
# JRE version: OpenJDK Runtime Environment (11.0.10) (build 11.0.10+0-b96-7249189)
# Java VM: OpenJDK 64-Bit Server VM (11.0.10+0-b96-7249189, mixed mode, tiered, compressed oops, g1 gc, windows-amd64)
# No core dump will be written. Minidumps are not enabled by default on client versions of Windows
#

---------------  S U M M A R Y ------------

Command Line: --add-opens=java.base/java.util=ALL-UNNAMED --add-opens=java.base/java.lang=ALL-UNNAMED --add-opens=java.base/java.lang.invoke=ALL-UNNAMED --add-opens=java.base/java.util=ALL-UNNAMED --add-opens=java.prefs/java.util.prefs=ALL-UNNAMED --add-opens=java.prefs/java.util.prefs=ALL-UNNAMED --add-opens=java.base/java.nio.charset=ALL-UNNAMED --add-opens=java.base/java.net=ALL-UNNAMED --add-opens=java.base/java.util.concurrent.atomic=ALL-UNNAMED -Xmx2048m -Dfile.encoding=UTF-8 -Duser.country=US -Duser.language=en -Duser.variant org.gradle.launcher.daemon.bootstrap.GradleDaemon 7.0.2

Host: Intel(R) Core(TM) i5-8350U CPU @ 1.70GHz, 8 cores, 15G,  Windows 10 , 64 bit Build 19041 (10.0.19041.1503)
Time: Wed Mar  2 14:16:37 2022 Eastern Standard Time elapsed time: 930.302013 seconds (0d 0h 15m 30s)

---------------  T H R E A D  ---------------

Current thread (0x00000136c646f800):  JavaThread "C2 CompilerThread1" daemon [_thread_in_native, id=17412, stack(0x0000000ef8300000,0x0000000ef8400000)]


Current CompileTask:
C2: 930302 16874       4       org.gradle.internal.operations.DefaultBuildOperationRunner$BuildOperationTrackingListener::start (53 bytes)

Stack: [0x0000000ef8300000,0x0000000ef8400000]
Native frames: (J=compiled Java code, j=interpreted, Vv=VM code, C=native code)
V  [jvm.dll+0x5ecfaa]
V  [jvm.dll+0x722bd5]
V  [jvm.dll+0x72412d]
V  [jvm.dll+0x7247e3]
V  [jvm.dll+0x242928]
V  [jvm.dll+0xbc4fc]
V  [jvm.dll+0xbca0c]
V  [jvm.dll+0x352d3b]
V  [jvm.dll+0x320ad3]
V  [jvm.dll+0x31ffca]
V  [jvm.dll+0x1fb602]
V  [jvm.dll+0x1fa7f4]
V  [jvm.dll+0x18354c]
V  [jvm.dll+0x208ee7]
V  [jvm.dll+0x207731]
V  [jvm.dll+0x6eb1cf]
V  [jvm.dll+0x6e3d45]
V  [jvm.dll+0x5ebe96]
C  [ucrtbase.dll+0x21bb2]
C  [KERNEL32.DLL+0x17034]
C  [ntdll.dll+0x52651]


---------------  P R O C E S S  ---------------

Threads class SMR info:
_java_thread_list=0x00000136d2e4c1d0, length=59, elements={
0x00000136aa2f1000, 0x00000136c4fc1000, 0x00000136c4fc4800, 0x00000136c5028800,
0x00000136c502b000, 0x00000136c502c800, 0x00000136c5032000, 0x00000136c5039000,
0x00000136c5044000, 0x00000136c51ad000, 0x00000136c7191800, 0x00000136c5385800,
0x00000136c6573000, 0x00000136c7552000, 0x00000136c754f800, 0x00000136c7551000,
0x00000136c754d000, 0x00000136c754e000, 0x00000136c7553800, 0x00000136c754e800,
0x00000136c7b47800, 0x00000136c7b42800, 0x00000136c7b46000, 0x00000136c7b48800,
0x00000136c7b46800, 0x00000136c7b43800, 0x00000136c7b4b000, 0x00000136c7b51800,
0x00000136cbae8800, 0x00000136d01d2800, 0x00000136d01d1800, 0x00000136d01d4000,
0x00000136d01d8000, 0x00000136d01d7800, 0x00000136c793c800, 0x00000136cbae6000,
0x00000136cbae7000, 0x00000136cbae3800, 0x00000136cbae5800, 0x00000136cbae4800,
0x00000136cbae1800, 0x00000136cbae8000, 0x00000136cbae2000, 0x00000136cbaec800,
0x00000136cbaee800, 0x00000136cbaef000, 0x00000136c646f800, 0x00000136cbaeb000,
0x00000136cbae9800, 0x00000136d270d800, 0x00000136cbaf0000, 0x00000136cbaea000,
0x00000136d01cd800, 0x00000136d01ce800, 0x00000136d01cf000, 0x00000136d01cb000,
0x00000136d01d0000, 0x00000136d01cc000, 0x00000136d01d5000
}

Java Threads: ( => current thread )
  0x00000136aa2f1000 JavaThread "main" [_thread_blocked, id=24288, stack(0x0000000ef5b00000,0x0000000ef5c00000)]
  0x00000136c4fc1000 JavaThread "Reference Handler" daemon [_thread_blocked, id=19492, stack(0x0000000ef6200000,0x0000000ef6300000)]
  0x00000136c4fc4800 JavaThread "Finalizer" daemon [_thread_blocked, id=22332, stack(0x0000000ef6300000,0x0000000ef6400000)]
  0x00000136c5028800 JavaThread "Signal Dispatcher" daemon [_thread_blocked, id=7840, stack(0x0000000ef6400000,0x0000000ef6500000)]
  0x00000136c502b000 JavaThread "Attach Listener" daemon [_thread_blocked, id=21456, stack(0x0000000ef6500000,0x0000000ef6600000)]
  0x00000136c502c800 JavaThread "Service Thread" daemon [_thread_blocked, id=18364, stack(0x0000000ef6600000,0x0000000ef6700000)]
  0x00000136c5032000 JavaThread "C2 CompilerThread0" daemon [_thread_in_native, id=26440, stack(0x0000000ef6700000,0x0000000ef6800000)]
  0x00000136c5039000 JavaThread "C1 CompilerThread0" daemon [_thread_blocked, id=27416, stack(0x0000000ef6800000,0x0000000ef6900000)]
  0x00000136c5044000 JavaThread "Sweeper thread" daemon [_thread_blocked, id=26312, stack(0x0000000ef6900000,0x0000000ef6a00000)]
  0x00000136c51ad000 JavaThread "Common-Cleaner" daemon [_thread_blocked, id=19640, stack(0x0000000ef6a00000,0x0000000ef6b00000)]
  0x00000136c7191800 JavaThread "Daemon health stats" [_thread_blocked, id=21272, stack(0x0000000ef7300000,0x0000000ef7400000)]
  0x00000136c5385800 JavaThread "Incoming local TCP Connector on port 50380" [_thread_in_native, id=19628, stack(0x0000000ef6c00000,0x0000000ef6d00000)]
  0x00000136c6573000 JavaThread "Daemon periodic checks" [_thread_blocked, id=27532, stack(0x0000000ef6d00000,0x0000000ef6e00000)]
  0x00000136c7552000 JavaThread "Cache worker for file hash cache (C:\Users\musta\.gradle\caches\7.0.2\fileHashes)" [_thread_blocked, id=15400, stack(0x0000000ef7b00000,0x0000000ef7c00000)]
  0x00000136c754f800 JavaThread "File lock request listener" [_thread_in_native, id=18092, stack(0x0000000ef7c00000,0x0000000ef7d00000)]
  0x00000136c7551000 JavaThread "Cache worker for journal cache (C:\Users\musta\.gradle\caches\journal-1)" [_thread_blocked, id=26488, stack(0x0000000ef8000000,0x0000000ef8100000)]
  0x00000136c754d000 JavaThread "File watcher server" daemon [_thread_in_native, id=4316, stack(0x0000000ef8400000,0x0000000ef8500000)]
  0x00000136c754e000 JavaThread "File watcher consumer" daemon [_thread_blocked, id=23988, stack(0x0000000ef8500000,0x0000000ef8600000)]
  0x00000136c7553800 JavaThread "jar transforms" [_thread_blocked, id=13056, stack(0x0000000ef8600000,0x0000000ef8700000)]
  0x00000136c754e800 JavaThread "jar transforms Thread 2" [_thread_blocked, id=25028, stack(0x0000000ef8700000,0x0000000ef8800000)]
  0x00000136c7b47800 JavaThread "jar transforms Thread 3" [_thread_blocked, id=17604, stack(0x0000000ef8800000,0x0000000ef8900000)]
  0x00000136c7b42800 JavaThread "jar transforms Thread 4" [_thread_blocked, id=8776, stack(0x0000000ef8900000,0x0000000ef8a00000)]
  0x00000136c7b46000 JavaThread "jar transforms Thread 5" [_thread_blocked, id=16028, stack(0x0000000ef8a00000,0x0000000ef8b00000)]
  0x00000136c7b48800 JavaThread "jar transforms Thread 6" [_thread_blocked, id=21992, stack(0x0000000ef8b00000,0x0000000ef8c00000)]
  0x00000136c7b46800 JavaThread "jar transforms Thread 7" [_thread_blocked, id=20512, stack(0x0000000ef8c00000,0x0000000ef8d00000)]
  0x00000136c7b43800 JavaThread "jar transforms Thread 8" [_thread_blocked, id=2580, stack(0x0000000ef8d00000,0x0000000ef8e00000)]
  0x00000136c7b4b000 JavaThread "Cache worker for execution history cache (C:\Users\musta\.gradle\caches\7.0.2\executionHistory)" [_thread_blocked, id=27428, stack(0x0000000ef9100000,0x0000000ef9200000)]
  0x00000136c7b51800 JavaThread "Cache worker for file content cache (C:\Users\musta\.gradle\caches\7.0.2\fileContent)" [_thread_blocked, id=11208, stack(0x0000000ef9200000,0x0000000ef9300000)]
  0x00000136cbae8800 JavaThread "Memory manager" [_thread_blocked, id=9268, stack(0x0000000ef9e00000,0x0000000ef9f00000)]
  0x00000136d01d2800 JavaThread "RMI Scheduler(0)" daemon [_thread_blocked, id=12796, stack(0x0000000ef8e00000,0x0000000ef8f00000)]
  0x00000136d01d1800 JavaThread "RMI GC Daemon" daemon [_thread_blocked, id=14684, stack(0x0000000efac00000,0x0000000efad00000)]
  0x00000136d01d4000 JavaThread "RMI TCP Accept-0" daemon [_thread_in_native, id=3676, stack(0x0000000efae00000,0x0000000efaf00000)]
  0x00000136d01d8000 JavaThread "RMI Reaper" [_thread_blocked, id=27192, stack(0x0000000efaf00000,0x0000000efb000000)]
  0x00000136d01d7800 JavaThread "Cache worker for Java compile cache (C:\Users\musta\.gradle\caches\7.0.2\javaCompile)" [_thread_blocked, id=7980, stack(0x0000000ef5900000,0x0000000ef5a00000)]
  0x00000136c793c800 JavaThread "ForkJoinPool.commonPool-worker-3" daemon [_thread_blocked, id=20304, stack(0x0000000efb900000,0x0000000efba00000)]
  0x00000136cbae6000 JavaThread "Daemon Thread 2" [_thread_blocked, id=3596, stack(0x0000000ef5800000,0x0000000ef5900000)]
  0x00000136cbae7000 JavaThread "Handler for socket connection from /127.0.0.1:50380 to /127.0.0.1:52152" [_thread_in_native, id=20688, stack(0x0000000ef5a00000,0x0000000ef5b00000)]
  0x00000136cbae3800 JavaThread "Cancel handler" [_thread_blocked, id=132, stack(0x0000000ef7400000,0x0000000ef7500000)]
  0x00000136cbae5800 JavaThread "Daemon worker Thread 2" [_thread_in_Java, id=1376, stack(0x0000000ef7500000,0x0000000ef7600000)]
  0x00000136cbae4800 JavaThread "Asynchronous log dispatcher for DefaultDaemonConnection: socket connection from /127.0.0.1:50380 to /127.0.0.1:52152" [_thread_blocked, id=25032, stack(0x0000000ef7600000,0x0000000ef7700000)]
  0x00000136cbae1800 JavaThread "Stdin handler" [_thread_blocked, id=15476, stack(0x0000000ef7700000,0x0000000ef7800000)]
  0x00000136cbae8000 JavaThread "Daemon client event forwarder" [_thread_blocked, id=20316, stack(0x0000000ef7800000,0x0000000ef7900000)]
  0x00000136cbae2000 JavaThread "Cache worker for file hash cache (C:\Users\musta\AndroidStudioProjects\Flixster\.gradle\7.0.2\fileHashes)" [_thread_blocked, id=15700, stack(0x0000000ef7900000,0x0000000ef7a00000)]
  0x00000136cbaec800 JavaThread "Cache worker for checksums cache (C:\Users\musta\AndroidStudioProjects\Flixster\.gradle\checksums)" [_thread_blocked, id=15732, stack(0x0000000ef7a00000,0x0000000ef7b00000)]
  0x00000136cbaee800 JavaThread "Cache worker for cache directory md-supplier (C:\Users\musta\.gradle\caches\7.0.2\md-supplier)" [_thread_blocked, id=20440, stack(0x0000000ef8100000,0x0000000ef8200000)]
  0x00000136cbaef000 JavaThread "Cache worker for cache directory md-rule (C:\Users\musta\.gradle\caches\7.0.2\md-rule)" [_thread_blocked, id=25300, stack(0x0000000ef8200000,0x0000000ef8300000)]
=>0x00000136c646f800 JavaThread "C2 CompilerThread1" daemon [_thread_in_native, id=17412, stack(0x0000000ef8300000,0x0000000ef8400000)]
  0x00000136cbaeb000 JavaThread "Cache worker for dependencies-accessors (C:\Users\musta\AndroidStudioProjects\Flixster\.gradle\7.0.2\dependencies-accessors)" [_thread_blocked, id=18496, stack(0x0000000ef8f00000,0x0000000ef9000000)]
  0x00000136cbae9800 JavaThread "Cache worker for Build Output Cleanup Cache (C:\Users\musta\AndroidStudioProjects\Flixster\.gradle\buildOutputCleanup)" [_thread_blocked, id=25732, stack(0x0000000ef9000000,0x0000000ef9100000)]
  0x00000136d270d800 JavaThread "C2 CompilerThread2" daemon [_thread_in_native, id=27560, stack(0x0000000ef9300000,0x0000000ef9400000)]
  0x00000136cbaf0000 JavaThread "Build operations" [_thread_blocked, id=25944, stack(0x0000000ef9400000,0x0000000ef9500000)]
  0x00000136cbaea000 JavaThread "Build operations Thread 2" [_thread_blocked, id=25424, stack(0x0000000ef9500000,0x0000000ef9600000)]
  0x00000136d01cd800 JavaThread "Build operations Thread 3" [_thread_blocked, id=26348, stack(0x0000000ef9600000,0x0000000ef9700000)]
  0x00000136d01ce800 JavaThread "Build operations Thread 4" [_thread_blocked, id=15808, stack(0x0000000ef9700000,0x0000000ef9800000)]
  0x00000136d01cf000 JavaThread "Build operations Thread 5" [_thread_blocked, id=7640, stack(0x0000000ef9800000,0x0000000ef9900000)]
  0x00000136d01cb000 JavaThread "Build operations Thread 6" [_thread_blocked, id=11284, stack(0x0000000ef9900000,0x0000000ef9a00000)]
  0x00000136d01d0000 JavaThread "Build operations Thread 7" [_thread_blocked, id=2384, stack(0x0000000ef9a00000,0x0000000ef9b00000)]
  0x00000136d01cc000 JavaThread "Build operations Thread 8" [_thread_blocked, id=17820, stack(0x0000000ef9b00000,0x0000000ef9c00000)]
  0x00000136d01d5000 JavaThread "build event listener" [_thread_blocked, id=11336, stack(0x0000000ef9c00000,0x0000000ef9d00000)]

Other Threads:
  0x00000136c4fbc000 VMThread "VM Thread" [stack: 0x0000000ef6100000,0x0000000ef6200000] [id=9460]
  0x00000136c51ff000 WatcherThread [stack: 0x0000000ef6b00000,0x0000000ef6c00000] [id=27220]
  0x00000136aa30c000 GCTaskThread "GC Thread#0" [stack: 0x0000000ef5c00000,0x0000000ef5d00000] [id=15896]
  0x00000136c5e88800 GCTaskThread "GC Thread#1" [stack: 0x0000000ef6e00000,0x0000000ef6f00000] [id=27296]
  0x00000136c60e9000 GCTaskThread "GC Thread#2" [stack: 0x0000000ef6f00000,0x0000000ef7000000] [id=25868]
  0x00000136c62dd000 GCTaskThread "GC Thread#3" [stack: 0x0000000ef7000000,0x0000000ef7100000] [id=14752]
  0x00000136c615f000 GCTaskThread "GC Thread#4" [stack: 0x0000000ef7100000,0x0000000ef7200000] [id=27024]
  0x00000136c5a5c000 GCTaskThread "GC Thread#5" [stack: 0x0000000ef7200000,0x0000000ef7300000] [id=17052]
  0x00000136c60e2800 GCTaskThread "GC Thread#6" [stack: 0x0000000ef7d00000,0x0000000ef7e00000] [id=16324]
  0x00000136c8910800 GCTaskThread "GC Thread#7" [stack: 0x0000000ef7e00000,0x0000000ef7f00000] [id=4964]
  0x00000136aa33c800 ConcurrentGCThread "G1 Main Marker" [stack: 0x0000000ef5d00000,0x0000000ef5e00000] [id=3320]
  0x00000136aa33e000 ConcurrentGCThread "G1 Conc#0" [stack: 0x0000000ef5e00000,0x0000000ef5f00000] [id=26204]
  0x00000136c50fe000 ConcurrentGCThread "G1 Conc#1" [stack: 0x0000000ef7f00000,0x0000000ef8000000] [id=25724]
  0x00000136aa3cd800 ConcurrentGCThread "G1 Refine#0" [stack: 0x0000000ef5f00000,0x0000000ef6000000] [id=18764]
  0x00000136cd856800 ConcurrentGCThread "G1 Refine#1" [stack: 0x0000000ef9d00000,0x0000000ef9e00000] [id=2660]
  0x00000136c460c800 ConcurrentGCThread "G1 Young RemSet Sampling" [stack: 0x0000000ef6000000,0x0000000ef6100000] [id=11496]

Threads with active compile tasks:
C2 CompilerThread0 930365 16523       4       org.gradle.internal.instantiation.generator.AbstractClassGenerator::inspectType (560 bytes)
C2 CompilerThread1 930365 16874       4       org.gradle.internal.operations.DefaultBuildOperationRunner$BuildOperationTrackingListener::start (53 bytes)
C2 CompilerThread2 930365 16747       4       org.gradle.internal.operations.DefaultBuildOperationRunner::execute (140 bytes)

VM state:not at safepoint (normal execution)

VM Mutex/Monitor currently owned by a thread: None

Heap address: 0x0000000080000000, size: 2048 MB, Compressed Oops mode: 32-bit
Narrow klass base: 0x0000000000000000, Narrow klass shift: 3
Compressed class space size: 1073741824 Address: 0x0000000100000000

Heap:
 garbage-first heap   total 260096K, used 218254K [0x0000000080000000, 0x0000000100000000)
  region size 1024K, 70 young (71680K), 5 survivors (5120K)
 Metaspace       used 132792K, capacity 137241K, committed 137472K, reserved 1167360K
  class space    used 17532K, capacity 19174K, committed 19200K, reserved 1048576K
Heap Regions: E=young(eden), S=young(survivor), O=old, HS=humongous(starts), HC=humongous(continues), CS=collection set, F=free, A=archive, TAMS=top-at-mark-start (previous, next)
|   0|0x0000000080000000, 0x0000000080100000, 0x0000000080100000|100%|HS|  |TAMS 0x0000000080100000, 0x0000000080000000| Complete 
|   1|0x0000000080100000, 0x0000000080200000, 0x0000000080200000|100%|HC|  |TAMS 0x0000000080200000, 0x0000000080100000| Complete 
|   2|0x0000000080200000, 0x0000000080300000, 0x0000000080300000|100%| O|  |TAMS 0x0000000080300000, 0x0000000080200000| Untracked 
|   3|0x0000000080300000, 0x0000000080400000, 0x0000000080400000|100%|HS|  |TAMS 0x0000000080400000, 0x0000000080300000| Complete 
|   4|0x0000000080400000, 0x0000000080500000, 0x0000000080500000|100%|HC|  |TAMS 0x0000000080500000, 0x0000000080400000| Complete 
|   5|0x0000000080500000, 0x0000000080600000, 0x0000000080600000|100%|HC|  |TAMS 0x0000000080600000, 0x0000000080500000| Complete 
|   6|0x0000000080600000, 0x0000000080700000, 0x0000000080700000|100%| O|  |TAMS 0x0000000080700000, 0x0000000080600000| Untracked 
|   7|0x0000000080700000, 0x0000000080800000, 0x0000000080800000|100%| O|  |TAMS 0x0000000080800000, 0x0000000080700000| Untracked 
|   8|0x0000000080800000, 0x0000000080900000, 0x0000000080900000|100%| O|  |TAMS 0x0000000080900000, 0x0000000080800000| Untracked 
|   9|0x0000000080900000, 0x0000000080a00000, 0x0000000080a00000|100%|HS|  |TAMS 0x0000000080a00000, 0x0000000080900000| Complete 
|  10|0x0000000080a00000, 0x0000000080b00000, 0x0000000080b00000|100%|HC|  |TAMS 0x0000000080b00000, 0x0000000080a00000| Complete 
|  11|0x0000000080b00000, 0x0000000080c00000, 0x0000000080c00000|100%|HC|  |TAMS 0x0000000080c00000, 0x0000000080b00000| Complete 
|  12|0x0000000080c00000, 0x0000000080d00000, 0x0000000080d00000|100%|HS|  |TAMS 0x0000000080d00000, 0x0000000080c00000| Complete 
|  13|0x0000000080d00000, 0x0000000080e00000, 0x0000000080e00000|100%|HC|  |TAMS 0x0000000080e00000, 0x0000000080d00000| Complete 
|  14|0x0000000080e00000, 0x0000000080f00000, 0x0000000080f00000|100%|HC|  |TAMS 0x0000000080f00000, 0x0000000080e00000| Complete 
|  15|0x0000000080f00000, 0x0000000081000000, 0x0000000081000000|100%|HC|  |TAMS 0x0000000081000000, 0x0000000080f00000| Complete 
|  16|0x0000000081000000, 0x0000000081100000, 0x0000000081100000|100%|HC|  |TAMS 0x0000000081100000, 0x0000000081000000| Complete 
|  17|0x0000000081100000, 0x0000000081200000, 0x0000000081200000|100%| O|  |TAMS 0x0000000081200000, 0x0000000081100000| Untracked 
|  18|0x0000000081200000, 0x0000000081300000, 0x0000000081300000|100%| O|  |TAMS 0x0000000081300000, 0x0000000081200000| Untracked 
|  19|0x0000000081300000, 0x0000000081400000, 0x0000000081400000|100%| O|  |TAMS 0x0000000081400000, 0x0000000081300000| Untracked 
|  20|0x0000000081400000, 0x0000000081500000, 0x0000000081500000|100%| O|  |TAMS 0x0000000081500000, 0x0000000081400000| Untracked 
|  21|0x0000000081500000, 0x0000000081600000, 0x0000000081600000|100%| O|  |TAMS 0x0000000081600000, 0x0000000081500000| Untracked 
|  22|0x0000000081600000, 0x0000000081700000, 0x0000000081700000|100%| O|  |TAMS 0x0000000081700000, 0x0000000081600000| Untracked 
|  23|0x0000000081700000, 0x0000000081800000, 0x0000000081800000|100%| O|  |TAMS 0x0000000081800000, 0x0000000081700000| Untracked 
|  24|0x0000000081800000, 0x0000000081900000, 0x0000000081900000|100%| O|  |TAMS 0x0000000081900000, 0x0000000081800000| Untracked 
|  25|0x0000000081900000, 0x0000000081a00000, 0x0000000081a00000|100%| O|  |TAMS 0x0000000081a00000, 0x0000000081900000| Untracked 
|  26|0x0000000081a00000, 0x0000000081b00000, 0x0000000081b00000|100%|HS|  |TAMS 0x0000000081b00000, 0x0000000081a00000| Complete 
|  27|0x0000000081b00000, 0x0000000081c00000, 0x0000000081c00000|100%|HC|  |TAMS 0x0000000081c00000, 0x0000000081b00000| Complete 
|  28|0x0000000081c00000, 0x0000000081d00000, 0x0000000081d00000|100%|HC|  |TAMS 0x0000000081d00000, 0x0000000081c00000| Complete 
|  29|0x0000000081d00000, 0x0000000081e00000, 0x0000000081e00000|100%|HS|  |TAMS 0x0000000081e00000, 0x0000000081d00000| Complete 
|  30|0x0000000081e00000, 0x0000000081f00000, 0x0000000081f00000|100%|HC|  |TAMS 0x0000000081f00000, 0x0000000081e00000| Complete 
|  31|0x0000000081f00000, 0x0000000082000000, 0x0000000082000000|100%|HC|  |TAMS 0x0000000082000000, 0x0000000081f00000| Complete 
|  32|0x0000000082000000, 0x0000000082100000, 0x0000000082100000|100%|HC|  |TAMS 0x0000000082100000, 0x0000000082000000| Complete 
|  33|0x0000000082100000, 0x0000000082200000, 0x0000000082200000|100%|HC|  |TAMS 0x0000000082200000, 0x0000000082100000| Complete 
|  34|0x0000000082200000, 0x0000000082300000, 0x0000000082300000|100%| O|  |TAMS 0x0000000082300000, 0x0000000082200000| Untracked 
|  35|0x0000000082300000, 0x0000000082400000, 0x0000000082400000|100%| O|  |TAMS 0x0000000082400000, 0x0000000082300000| Untracked 
|  36|0x0000000082400000, 0x0000000082500000, 0x0000000082500000|100%| O|  |TAMS 0x0000000082500000, 0x0000000082400000| Untracked 
|  37|0x0000000082500000, 0x0000000082600000, 0x0000000082600000|100%| O|  |TAMS 0x0000000082600000, 0x0000000082500000| Untracked 
|  38|0x0000000082600000, 0x0000000082700000, 0x0000000082700000|100%| O|  |TAMS 0x0000000082700000, 0x0000000082600000| Untracked 
|  39|0x0000000082700000, 0x0000000082800000, 0x0000000082800000|100%| O|  |TAMS 0x0000000082800000, 0x0000000082700000| Untracked 
|  40|0x0000000082800000, 0x0000000082900000, 0x0000000082900000|100%| O|  |TAMS 0x0000000082900000, 0x0000000082800000| Untracked 
|  41|0x0000000082900000, 0x0000000082a00000, 0x0000000082a00000|100%| O|  |TAMS 0x0000000082a00000, 0x0000000082900000| Untracked 
|  42|0x0000000082a00000, 0x0000000082b00000, 0x0000000082b00000|100%| O|  |TAMS 0x0000000082b00000, 0x0000000082a00000| Untracked 
|  43|0x0000000082b00000, 0x0000000082c00000, 0x0000000082c00000|100%|HS|  |TAMS 0x0000000082c00000, 0x0000000082b00000| Complete 
|  44|0x0000000082c00000, 0x0000000082d00000, 0x0000000082d00000|100%|HS|  |TAMS 0x0000000082d00000, 0x0000000082c00000| Complete 
|  45|0x0000000082d00000, 0x0000000082e00000, 0x0000000082e00000|100%|HS|  |TAMS 0x0000000082e00000, 0x0000000082d00000| Complete 
|  46|0x0000000082e00000, 0x0000000082f00000, 0x0000000082f00000|100%|HS|  |TAMS 0x0000000082f00000, 0x0000000082e00000| Complete 
|  47|0x0000000082f00000, 0x0000000083000000, 0x0000000083000000|100%|HC|  |TAMS 0x0000000083000000, 0x0000000082f00000| Complete 
|  48|0x0000000083000000, 0x0000000083100000, 0x0000000083100000|100%|HC|  |TAMS 0x0000000083100000, 0x0000000083000000| Complete 
|  49|0x0000000083100000, 0x0000000083200000, 0x0000000083200000|100%|HS|  |TAMS 0x0000000083200000, 0x0000000083100000| Complete 
|  50|0x0000000083200000, 0x0000000083300000, 0x0000000083300000|100%|HC|  |TAMS 0x0000000083300000, 0x0000000083200000| Complete 
|  51|0x0000000083300000, 0x0000000083400000, 0x0000000083400000|100%| O|  |TAMS 0x0000000083400000, 0x0000000083300000| Untracked 
|  52|0x0000000083400000, 0x0000000083500000, 0x0000000083500000|100%| O|  |TAMS 0x0000000083500000, 0x0000000083400000| Untracked 
|  53|0x0000000083500000, 0x0000000083600000, 0x0000000083600000|100%| O|  |TAMS 0x0000000083600000, 0x0000000083500000| Untracked 
|  54|0x0000000083600000, 0x0000000083700000, 0x0000000083700000|100%| O|  |TAMS 0x0000000083700000, 0x0000000083600000| Untracked 
|  55|0x0000000083700000, 0x0000000083800000, 0x0000000083800000|100%| O|  |TAMS 0x0000000083800000, 0x0000000083700000| Untracked 
|  56|0x0000000083800000, 0x0000000083900000, 0x0000000083900000|100%| O|  |TAMS 0x0000000083900000, 0x0000000083800000| Untracked 
|  57|0x0000000083900000, 0x0000000083a00000, 0x0000000083a00000|100%| O|  |TAMS 0x0000000083a00000, 0x0000000083900000| Untracked 
|  58|0x0000000083a00000, 0x0000000083b00000, 0x0000000083b00000|100%| O|  |TAMS 0x0000000083b00000, 0x0000000083a00000| Untracked 
|  59|0x0000000083b00000, 0x0000000083c00000, 0x0000000083c00000|100%| O|  |TAMS 0x0000000083c00000, 0x0000000083b00000| Untracked 
|  60|0x0000000083c00000, 0x0000000083d00000, 0x0000000083d00000|100%| O|  |TAMS 0x0000000083d00000, 0x0000000083c00000| Untracked 
|  61|0x0000000083d00000, 0x0000000083e00000, 0x0000000083e00000|100%| O|  |TAMS 0x0000000083e00000, 0x0000000083d00000| Untracked 
|  62|0x0000000083e00000, 0x0000000083f00000, 0x0000000083f00000|100%| O|  |TAMS 0x0000000083f00000, 0x0000000083e00000| Untracked 
|  63|0x0000000083f00000, 0x0000000084000000, 0x0000000084000000|100%| O|  |TAMS 0x0000000084000000, 0x0000000083f00000| Untracked 
|  64|0x0000000084000000, 0x0000000084100000, 0x0000000084100000|100%| O|  |TAMS 0x0000000084100000, 0x0000000084000000| Untracked 
|  65|0x0000000084100000, 0x0000000084200000, 0x0000000084200000|100%| O|  |TAMS 0x0000000084200000, 0x0000000084100000| Untracked 
|  66|0x0000000084200000, 0x0000000084300000, 0x0000000084300000|100%| O|  |TAMS 0x0000000084300000, 0x0000000084200000| Untracked 
|  67|0x0000000084300000, 0x0000000084400000, 0x0000000084400000|100%| O|  |TAMS 0x0000000084400000, 0x0000000084300000| Untracked 
|  68|0x0000000084400000, 0x0000000084500000, 0x0000000084500000|100%| O|  |TAMS 0x0000000084500000, 0x0000000084400000| Untracked 
|  69|0x0000000084500000, 0x0000000084600000, 0x0000000084600000|100%| O|  |TAMS 0x0000000084600000, 0x0000000084500000| Untracked 
|  70|0x0000000084600000, 0x0000000084700000, 0x0000000084700000|100%| O|  |TAMS 0x0000000084700000, 0x0000000084600000| Untracked 
|  71|0x0000000084700000, 0x0000000084800000, 0x0000000084800000|100%| O|  |TAMS 0x0000000084800000, 0x0000000084700000| Untracked 
|  72|0x0000000084800000, 0x0000000084900000, 0x0000000084900000|100%| O|  |TAMS 0x0000000084900000, 0x0000000084800000| Untracked 
|  73|0x0000000084900000, 0x0000000084a00000, 0x0000000084a00000|100%| O|  |TAMS 0x0000000084a00000, 0x0000000084900000| Untracked 
|  74|0x0000000084a00000, 0x0000000084b00000, 0x0000000084b00000|100%| O|  |TAMS 0x0000000084b00000, 0x0000000084a00000| Untracked 
|  75|0x0000000084b00000, 0x0000000084c00000, 0x0000000084c00000|100%| O|  |TAMS 0x0000000084c00000, 0x0000000084b00000| Untracked 
|  76|0x0000000084c00000, 0x0000000084d00000, 0x0000000084d00000|100%| O|  |TAMS 0x0000000084d00000, 0x0000000084c00000| Untracked 
|  77|0x0000000084d00000, 0x0000000084e00000, 0x0000000084e00000|100%| O|  |TAMS 0x0000000084e00000, 0x0000000084d00000| Untracked 
|  78|0x0000000084e00000, 0x0000000084f00000, 0x0000000084f00000|100%| O|  |TAMS 0x0000000084f00000, 0x0000000084e00000| Untracked 
|  79|0x0000000084f00000, 0x0000000085000000, 0x0000000085000000|100%| O|  |TAMS 0x0000000085000000, 0x0000000084f00000| Untracked 
|  80|0x0000000085000000, 0x0000000085100000, 0x0000000085100000|100%| O|  |TAMS 0x0000000085100000, 0x0000000085000000| Untracked 
|  81|0x0000000085100000, 0x0000000085200000, 0x0000000085200000|100%| O|  |TAMS 0x0000000085200000, 0x0000000085100000| Untracked 
|  82|0x0000000085200000, 0x0000000085300000, 0x0000000085300000|100%| O|  |TAMS 0x0000000085300000, 0x0000000085200000| Untracked 
|  83|0x0000000085300000, 0x0000000085400000, 0x0000000085400000|100%| O|  |TAMS 0x0000000085400000, 0x0000000085300000| Untracked 
|  84|0x0000000085400000, 0x0000000085500000, 0x0000000085500000|100%| O|  |TAMS 0x0000000085500000, 0x0000000085400000| Untracked 
|  85|0x0000000085500000, 0x0000000085600000, 0x0000000085600000|100%| O|  |TAMS 0x0000000085600000, 0x0000000085500000| Untracked 
|  86|0x0000000085600000, 0x0000000085700000, 0x0000000085700000|100%| O|  |TAMS 0x0000000085700000, 0x0000000085600000| Untracked 
|  87|0x0000000085700000, 0x0000000085800000, 0x0000000085800000|100%| O|  |TAMS 0x0000000085800000, 0x0000000085700000| Untracked 
|  88|0x0000000085800000, 0x0000000085900000, 0x0000000085900000|100%| O|  |TAMS 0x0000000085900000, 0x0000000085800000| Untracked 
|  89|0x0000000085900000, 0x0000000085a00000, 0x0000000085a00000|100%| O|  |TAMS 0x0000000085a00000, 0x0000000085900000| Untracked 
|  90|0x0000000085a00000, 0x0000000085b00000, 0x0000000085b00000|100%| O|  |TAMS 0x0000000085b00000, 0x0000000085a00000| Untracked 
|  91|0x0000000085b00000, 0x0000000085c00000, 0x0000000085c00000|100%| O|  |TAMS 0x0000000085c00000, 0x0000000085b00000| Untracked 
|  92|0x0000000085c00000, 0x0000000085d00000, 0x0000000085d00000|100%| O|  |TAMS 0x0000000085d00000, 0x0000000085c00000| Untracked 
|  93|0x0000000085d00000, 0x0000000085e00000, 0x0000000085e00000|100%| O|  |TAMS 0x0000000085e00000, 0x0000000085d00000| Untracked 
|  94|0x0000000085e00000, 0x0000000085f00000, 0x0000000085f00000|100%| O|  |TAMS 0x0000000085f00000, 0x0000000085e00000| Untracked 
|  95|0x0000000085f00000, 0x0000000086000000, 0x0000000086000000|100%| O|  |TAMS 0x0000000086000000, 0x0000000085f00000| Untracked 
|  96|0x0000000086000000, 0x0000000086100000, 0x0000000086100000|100%| O|  |TAMS 0x0000000086100000, 0x0000000086000000| Untracked 
|  97|0x0000000086100000, 0x0000000086200000, 0x0000000086200000|100%| O|  |TAMS 0x0000000086200000, 0x0000000086100000| Untracked 
|  98|0x0000000086200000, 0x0000000086300000, 0x0000000086300000|100%| O|  |TAMS 0x0000000086300000, 0x0000000086200000| Untracked 
|  99|0x0000000086300000, 0x0000000086400000, 0x0000000086400000|100%| O|  |TAMS 0x0000000086400000, 0x0000000086300000| Untracked 
| 100|0x0000000086400000, 0x0000000086500000, 0x0000000086500000|100%| O|  |TAMS 0x0000000086500000, 0x0000000086400000| Untracked 
| 101|0x0000000086500000, 0x0000000086600000, 0x0000000086600000|100%| O|  |TAMS 0x0000000086600000, 0x0000000086500000| Untracked 
| 102|0x0000000086600000, 0x0000000086700000, 0x0000000086700000|100%| O|  |TAMS 0x0000000086700000, 0x0000000086600000| Untracked 
| 103|0x0000000086700000, 0x0000000086800000, 0x0000000086800000|100%| O|  |TAMS 0x0000000086800000, 0x0000000086700000| Untracked 
| 104|0x0000000086800000, 0x0000000086900000, 0x0000000086900000|100%| O|  |TAMS 0x0000000086900000, 0x0000000086800000| Untracked 
| 105|0x0000000086900000, 0x0000000086a00000, 0x0000000086a00000|100%| O|  |TAMS 0x0000000086a00000, 0x0000000086900000| Untracked 
| 106|0x0000000086a00000, 0x0000000086b00000, 0x0000000086b00000|100%| O|  |TAMS 0x0000000086b00000, 0x0000000086a00000| Untracked 
| 107|0x0000000086b00000, 0x0000000086c00000, 0x0000000086c00000|100%| O|  |TAMS 0x0000000086c00000, 0x0000000086b00000| Untracked 
| 108|0x0000000086c00000, 0x0000000086d00000, 0x0000000086d00000|100%| O|  |TAMS 0x0000000086d00000, 0x0000000086c00000| Untracked 
| 109|0x0000000086d00000, 0x0000000086e00000, 0x0000000086e00000|100%| O|  |TAMS 0x0000000086e00000, 0x0000000086d00000| Untracked 
| 110|0x0000000086e00000, 0x0000000086f00000, 0x0000000086f00000|100%| O|  |TAMS 0x0000000086f00000, 0x0000000086e00000| Untracked 
| 111|0x0000000086f00000, 0x0000000087000000, 0x0000000087000000|100%| O|  |TAMS 0x0000000087000000, 0x0000000086f00000| Untracked 
| 112|0x0000000087000000, 0x0000000087100000, 0x0000000087100000|100%| O|  |TAMS 0x0000000087100000, 0x0000000087000000| Untracked 
| 113|0x0000000087100000, 0x0000000087200000, 0x0000000087200000|100%| O|  |TAMS 0x0000000087200000, 0x0000000087100000| Untracked 
| 114|0x0000000087200000, 0x0000000087300000, 0x0000000087300000|100%| O|  |TAMS 0x0000000087300000, 0x0000000087200000| Untracked 
| 115|0x0000000087300000, 0x0000000087400000, 0x0000000087400000|100%| O|  |TAMS 0x0000000087400000, 0x0000000087300000| Untracked 
| 116|0x0000000087400000, 0x0000000087500000, 0x0000000087500000|100%| O|  |TAMS 0x0000000087500000, 0x0000000087400000| Untracked 
| 117|0x0000000087500000, 0x0000000087600000, 0x0000000087600000|100%| O|  |TAMS 0x0000000087600000, 0x0000000087500000| Untracked 
| 118|0x0000000087600000, 0x0000000087700000, 0x0000000087700000|100%| O|  |TAMS 0x0000000087700000, 0x0000000087600000| Untracked 
| 119|0x0000000087700000, 0x0000000087800000, 0x0000000087800000|100%| O|  |TAMS 0x0000000087800000, 0x0000000087700000| Untracked 
| 120|0x0000000087800000, 0x0000000087900000, 0x0000000087900000|100%| O|  |TAMS 0x0000000087900000, 0x0000000087800000| Untracked 
| 121|0x0000000087900000, 0x0000000087a00000, 0x0000000087a00000|100%| O|  |TAMS 0x0000000087a00000, 0x0000000087900000| Untracked 
| 122|0x0000000087a00000, 0x0000000087b00000, 0x0000000087b00000|100%| O|  |TAMS 0x0000000087b00000, 0x0000000087a00000| Untracked 
| 123|0x0000000087b00000, 0x0000000087c00000, 0x0000000087c00000|100%| O|  |TAMS 0x0000000087c00000, 0x0000000087b00000| Untracked 
| 124|0x0000000087c00000, 0x0000000087d00000, 0x0000000087d00000|100%| O|  |TAMS 0x0000000087d00000, 0x0000000087c00000| Untracked 
| 125|0x0000000087d00000, 0x0000000087e00000, 0x0000000087e00000|100%| O|  |TAMS 0x0000000087e00000, 0x0000000087d00000| Untracked 
| 126|0x0000000087e00000, 0x0000000087f00000, 0x0000000087f00000|100%| O|  |TAMS 0x0000000087f00000, 0x0000000087e00000| Untracked 
| 127|0x0000000087f00000, 0x0000000088000000, 0x0000000088000000|100%| O|  |TAMS 0x0000000088000000, 0x0000000087f00000| Untracked 
| 128|0x0000000088000000, 0x0000000088100000, 0x0000000088100000|100%| O|  |TAMS 0x0000000088100000, 0x0000000088000000| Untracked 
| 129|0x0000000088100000, 0x0000000088200000, 0x0000000088200000|100%| O|  |TAMS 0x0000000088200000, 0x0000000088100000| Untracked 
| 130|0x0000000088200000, 0x0000000088300000, 0x0000000088300000|100%| O|  |TAMS 0x0000000088300000, 0x0000000088200000| Untracked 
| 131|0x0000000088300000, 0x0000000088400000, 0x0000000088400000|100%| O|  |TAMS 0x0000000088400000, 0x0000000088300000| Untracked 
| 132|0x0000000088400000, 0x0000000088500000, 0x0000000088500000|100%| O|  |TAMS 0x0000000088500000, 0x0000000088400000| Untracked 
| 133|0x0000000088500000, 0x0000000088600000, 0x0000000088600000|100%| O|  |TAMS 0x0000000088600000, 0x0000000088500000| Untracked 
| 134|0x0000000088600000, 0x0000000088700000, 0x0000000088700000|100%| O|  |TAMS 0x0000000088700000, 0x0000000088600000| Untracked 
| 135|0x0000000088700000, 0x0000000088800000, 0x0000000088800000|100%|HS|  |TAMS 0x0000000088700000, 0x0000000088700000| Complete 
| 136|0x0000000088800000, 0x0000000088900000, 0x0000000088900000|100%|HC|  |TAMS 0x0000000088800000, 0x0000000088800000| Complete 
| 137|0x0000000088900000, 0x0000000088a00000, 0x0000000088a00000|100%|HS|  |TAMS 0x0000000088900000, 0x0000000088900000| Complete 
| 138|0x0000000088a00000, 0x0000000088b00000, 0x0000000088b00000|100%|HC|  |TAMS 0x0000000088a00000, 0x0000000088a00000| Complete 
| 139|0x0000000088b00000, 0x0000000088c00000, 0x0000000088c00000|100%|HS|  |TAMS 0x0000000088b00000, 0x0000000088b00000| Complete 
| 140|0x0000000088c00000, 0x0000000088d00000, 0x0000000088d00000|100%|HC|  |TAMS 0x0000000088c00000, 0x0000000088c00000| Complete 
| 141|0x0000000088d00000, 0x0000000088e00000, 0x0000000088e00000|100%|HS|  |TAMS 0x0000000088d00000, 0x0000000088d00000| Complete 
| 142|0x0000000088e00000, 0x0000000088f00000, 0x0000000088f00000|100%|HC|  |TAMS 0x0000000088e00000, 0x0000000088e00000| Complete 
| 143|0x0000000088f00000, 0x0000000089000000, 0x0000000089000000|100%|HS|  |TAMS 0x0000000088f00000, 0x0000000088f00000| Complete 
| 144|0x0000000089000000, 0x0000000089100000, 0x0000000089100000|100%|HC|  |TAMS 0x0000000089000000, 0x0000000089000000| Complete 
| 145|0x0000000089100000, 0x0000000089200000, 0x0000000089200000|100%|HS|  |TAMS 0x0000000089100000, 0x0000000089100000| Complete 
| 146|0x0000000089200000, 0x0000000089200000, 0x0000000089300000|  0%| F|  |TAMS 0x0000000089200000, 0x0000000089200000| Untracked 
| 147|0x0000000089300000, 0x0000000089300000, 0x0000000089400000|  0%| F|  |TAMS 0x0000000089300000, 0x0000000089300000| Untracked 
| 148|0x0000000089400000, 0x0000000089400000, 0x0000000089500000|  0%| F|  |TAMS 0x0000000089400000, 0x0000000089400000| Untracked 
| 149|0x0000000089500000, 0x0000000089500000, 0x0000000089600000|  0%| F|  |TAMS 0x0000000089500000, 0x0000000089500000| Untracked 
| 150|0x0000000089600000, 0x0000000089600000, 0x0000000089700000|  0%| F|  |TAMS 0x0000000089600000, 0x0000000089600000| Untracked 
| 151|0x0000000089700000, 0x0000000089700000, 0x0000000089800000|  0%| F|  |TAMS 0x0000000089700000, 0x0000000089700000| Untracked 
| 152|0x0000000089800000, 0x0000000089800000, 0x0000000089900000|  0%| F|  |TAMS 0x0000000089800000, 0x0000000089800000| Untracked 
| 153|0x0000000089900000, 0x0000000089900000, 0x0000000089a00000|  0%| F|  |TAMS 0x0000000089900000, 0x0000000089900000| Untracked 
| 154|0x0000000089a00000, 0x0000000089a00000, 0x0000000089b00000|  0%| F|  |TAMS 0x0000000089a00000, 0x0000000089a00000| Untracked 
| 155|0x0000000089b00000, 0x0000000089b00000, 0x0000000089c00000|  0%| F|  |TAMS 0x0000000089b00000, 0x0000000089b00000| Untracked 
| 156|0x0000000089c00000, 0x0000000089c00000, 0x0000000089d00000|  0%| F|  |TAMS 0x0000000089c00000, 0x0000000089c00000| Untracked 
| 157|0x0000000089d00000, 0x0000000089d00000, 0x0000000089e00000|  0%| F|  |TAMS 0x0000000089d00000, 0x0000000089d00000| Untracked 
| 158|0x0000000089e00000, 0x0000000089e00000, 0x0000000089f00000|  0%| F|  |TAMS 0x0000000089e00000, 0x0000000089e00000| Untracked 
| 159|0x0000000089f00000, 0x0000000089f00000, 0x000000008a000000|  0%| F|  |TAMS 0x0000000089f00000, 0x0000000089f00000| Untracked 
| 160|0x000000008a000000, 0x000000008a000000, 0x000000008a100000|  0%| F|  |TAMS 0x000000008a000000, 0x000000008a000000| Untracked 
| 161|0x000000008a100000, 0x000000008a100000, 0x000000008a200000|  0%| F|  |TAMS 0x000000008a100000, 0x000000008a100000| Untracked 
| 162|0x000000008a200000, 0x000000008a200000, 0x000000008a300000|  0%| F|  |TAMS 0x000000008a200000, 0x000000008a200000| Untracked 
| 163|0x000000008a300000, 0x000000008a300000, 0x000000008a400000|  0%| F|  |TAMS 0x000000008a300000, 0x000000008a300000| Untracked 
| 164|0x000000008a400000, 0x000000008a400000, 0x000000008a500000|  0%| F|  |TAMS 0x000000008a400000, 0x000000008a400000| Untracked 
| 165|0x000000008a500000, 0x000000008a500000, 0x000000008a600000|  0%| F|  |TAMS 0x000000008a500000, 0x000000008a500000| Untracked 
| 166|0x000000008a600000, 0x000000008a600000, 0x000000008a700000|  0%| F|  |TAMS 0x000000008a600000, 0x000000008a600000| Untracked 
| 167|0x000000008a700000, 0x000000008a700000, 0x000000008a800000|  0%| F|  |TAMS 0x000000008a700000, 0x000000008a700000| Untracked 
| 168|0x000000008a800000, 0x000000008a800000, 0x000000008a900000|  0%| F|  |TAMS 0x000000008a800000, 0x000000008a800000| Untracked 
| 169|0x000000008a900000, 0x000000008a900000, 0x000000008aa00000|  0%| F|  |TAMS 0x000000008a900000, 0x000000008a900000| Untracked 
| 170|0x000000008aa00000, 0x000000008aa00000, 0x000000008ab00000|  0%| F|  |TAMS 0x000000008aa00000, 0x000000008aa00000| Untracked 
| 171|0x000000008ab00000, 0x000000008ab00000, 0x000000008ac00000|  0%| F|  |TAMS 0x000000008ab00000, 0x000000008ab00000| Untracked 
| 172|0x000000008ac00000, 0x000000008ac00000, 0x000000008ad00000|  0%| F|  |TAMS 0x000000008ac00000, 0x000000008ac00000| Untracked 
| 173|0x000000008ad00000, 0x000000008ad00000, 0x000000008ae00000|  0%| F|  |TAMS 0x000000008ad00000, 0x000000008ad00000| Untracked 
| 174|0x000000008ae00000, 0x000000008ae00000, 0x000000008af00000|  0%| F|  |TAMS 0x000000008ae00000, 0x000000008ae00000| Untracked 
| 175|0x000000008af00000, 0x000000008af00000, 0x000000008b000000|  0%| F|  |TAMS 0x000000008af00000, 0x000000008af00000| Untracked 
| 176|0x000000008b000000, 0x000000008b000000, 0x000000008b100000|  0%| F|  |TAMS 0x000000008b000000, 0x000000008b000000| Untracked 
| 177|0x000000008b100000, 0x000000008b100000, 0x000000008b200000|  0%| F|  |TAMS 0x000000008b100000, 0x000000008b100000| Untracked 
| 178|0x000000008b200000, 0x000000008b200000, 0x000000008b300000|  0%| F|  |TAMS 0x000000008b200000, 0x000000008b200000| Untracked 
| 179|0x000000008b300000, 0x000000008b300000, 0x000000008b400000|  0%| F|  |TAMS 0x000000008b300000, 0x000000008b300000| Untracked 
| 180|0x000000008b400000, 0x000000008b400000, 0x000000008b500000|  0%| F|  |TAMS 0x000000008b400000, 0x000000008b400000| Untracked 
| 181|0x000000008b500000, 0x000000008b500000, 0x000000008b600000|  0%| F|  |TAMS 0x000000008b500000, 0x000000008b500000| Untracked 
| 182|0x000000008b600000, 0x000000008b6239f8, 0x000000008b700000| 13%| S|CS|TAMS 0x000000008b600000, 0x000000008b600000| Complete 
| 183|0x000000008b700000, 0x000000008b800000, 0x000000008b800000|100%| S|CS|TAMS 0x000000008b700000, 0x000000008b700000| Complete 
| 184|0x000000008b800000, 0x000000008b900000, 0x000000008b900000|100%| S|CS|TAMS 0x000000008b800000, 0x000000008b800000| Complete 
| 185|0x000000008b900000, 0x000000008ba00000, 0x000000008ba00000|100%| S|CS|TAMS 0x000000008b900000, 0x000000008b900000| Complete 
| 186|0x000000008ba00000, 0x000000008bb00000, 0x000000008bb00000|100%| S|CS|TAMS 0x000000008ba00000, 0x000000008ba00000| Complete 
| 187|0x000000008bb00000, 0x000000008bb00000, 0x000000008bc00000|  0%| F|  |TAMS 0x000000008bb00000, 0x000000008bb00000| Untracked 
| 188|0x000000008bc00000, 0x000000008bc00000, 0x000000008bd00000|  0%| F|  |TAMS 0x000000008bc00000, 0x000000008bc00000| Untracked 
| 189|0x000000008bd00000, 0x000000008bd95c58, 0x000000008be00000| 58%| E|  |TAMS 0x000000008bd00000, 0x000000008bd00000| Complete 
| 190|0x000000008be00000, 0x000000008bf00000, 0x000000008bf00000|100%| E|CS|TAMS 0x000000008be00000, 0x000000008be00000| Complete 
| 191|0x000000008bf00000, 0x000000008c000000, 0x000000008c000000|100%| E|CS|TAMS 0x000000008bf00000, 0x000000008bf00000| Complete 
| 192|0x000000008c000000, 0x000000008c100000, 0x000000008c100000|100%| E|CS|TAMS 0x000000008c000000, 0x000000008c000000| Complete 
| 193|0x000000008c100000, 0x000000008c200000, 0x000000008c200000|100%| E|CS|TAMS 0x000000008c100000, 0x000000008c100000| Complete 
| 194|0x000000008c200000, 0x000000008c300000, 0x000000008c300000|100%| E|CS|TAMS 0x000000008c200000, 0x000000008c200000| Complete 
| 195|0x000000008c300000, 0x000000008c400000, 0x000000008c400000|100%| E|CS|TAMS 0x000000008c300000, 0x000000008c300000| Complete 
| 196|0x000000008c400000, 0x000000008c500000, 0x000000008c500000|100%| E|CS|TAMS 0x000000008c400000, 0x000000008c400000| Complete 
| 197|0x000000008c500000, 0x000000008c600000, 0x000000008c600000|100%| E|CS|TAMS 0x000000008c500000, 0x000000008c500000| Complete 
| 198|0x000000008c600000, 0x000000008c700000, 0x000000008c700000|100%| E|CS|TAMS 0x000000008c600000, 0x000000008c600000| Complete 
| 199|0x000000008c700000, 0x000000008c800000, 0x000000008c800000|100%| E|CS|TAMS 0x000000008c700000, 0x000000008c700000| Complete 
| 200|0x000000008c800000, 0x000000008c900000, 0x000000008c900000|100%| E|CS|TAMS 0x000000008c800000, 0x000000008c800000| Complete 
| 201|0x000000008c900000, 0x000000008ca00000, 0x000000008ca00000|100%| E|CS|TAMS 0x000000008c900000, 0x000000008c900000| Complete 
| 202|0x000000008ca00000, 0x000000008cb00000, 0x000000008cb00000|100%| E|CS|TAMS 0x000000008ca00000, 0x000000008ca00000| Complete 
| 203|0x000000008cb00000, 0x000000008cc00000, 0x000000008cc00000|100%| E|CS|TAMS 0x000000008cb00000, 0x000000008cb00000| Complete 
| 204|0x000000008cc00000, 0x000000008cd00000, 0x000000008cd00000|100%| E|CS|TAMS 0x000000008cc00000, 0x000000008cc00000| Complete 
| 205|0x000000008cd00000, 0x000000008ce00000, 0x000000008ce00000|100%| E|CS|TAMS 0x000000008cd00000, 0x000000008cd00000| Complete 
| 206|0x000000008ce00000, 0x000000008cf00000, 0x000000008cf00000|100%| E|CS|TAMS 0x000000008ce00000, 0x000000008ce00000| Complete 
| 207|0x000000008cf00000, 0x000000008d000000, 0x000000008d000000|100%| E|CS|TAMS 0x000000008cf00000, 0x000000008cf00000| Complete 
| 208|0x000000008d000000, 0x000000008d100000, 0x000000008d100000|100%| E|CS|TAMS 0x000000008d000000, 0x000000008d000000| Complete 
| 209|0x000000008d100000, 0x000000008d200000, 0x000000008d200000|100%| E|CS|TAMS 0x000000008d100000, 0x000000008d100000| Complete 
| 210|0x000000008d200000, 0x000000008d300000, 0x000000008d300000|100%| E|CS|TAMS 0x000000008d200000, 0x000000008d200000| Complete 
| 211|0x000000008d300000, 0x000000008d400000, 0x000000008d400000|100%| E|CS|TAMS 0x000000008d300000, 0x000000008d300000| Complete 
| 212|0x000000008d400000, 0x000000008d500000, 0x000000008d500000|100%| E|CS|TAMS 0x000000008d400000, 0x000000008d400000| Complete 
| 213|0x000000008d500000, 0x000000008d600000, 0x000000008d600000|100%| E|CS|TAMS 0x000000008d500000, 0x000000008d500000| Complete 
| 214|0x000000008d600000, 0x000000008d700000, 0x000000008d700000|100%| E|CS|TAMS 0x000000008d600000, 0x000000008d600000| Complete 
| 215|0x000000008d700000, 0x000000008d800000, 0x000000008d800000|100%| E|CS|TAMS 0x000000008d700000, 0x000000008d700000| Complete 
| 216|0x000000008d800000, 0x000000008d900000, 0x000000008d900000|100%| E|CS|TAMS 0x000000008d800000, 0x000000008d800000| Complete 
| 217|0x000000008d900000, 0x000000008da00000, 0x000000008da00000|100%| E|CS|TAMS 0x000000008d900000, 0x000000008d900000| Complete 
| 218|0x000000008da00000, 0x000000008db00000, 0x000000008db00000|100%| E|CS|TAMS 0x000000008da00000, 0x000000008da00000| Complete 
| 219|0x000000008db00000, 0x000000008dc00000, 0x000000008dc00000|100%| E|CS|TAMS 0x000000008db00000, 0x000000008db00000| Complete 
| 220|0x000000008dc00000, 0x000000008dd00000, 0x000000008dd00000|100%| E|CS|TAMS 0x000000008dc00000, 0x000000008dc00000| Complete 
| 221|0x000000008dd00000, 0x000000008de00000, 0x000000008de00000|100%| E|CS|TAMS 0x000000008dd00000, 0x000000008dd00000| Complete 
| 222|0x000000008de00000, 0x000000008df00000, 0x000000008df00000|100%| E|CS|TAMS 0x000000008de00000, 0x000000008de00000| Complete 
| 223|0x000000008df00000, 0x000000008e000000, 0x000000008e000000|100%| E|  |TAMS 0x000000008df00000, 0x000000008df00000| Complete 
| 224|0x000000008e000000, 0x000000008e100000, 0x000000008e100000|100%| E|CS|TAMS 0x000000008e000000, 0x000000008e000000| Complete 
| 225|0x000000008e100000, 0x000000008e200000, 0x000000008e200000|100%| E|CS|TAMS 0x000000008e100000, 0x000000008e100000| Complete 
| 226|0x000000008e200000, 0x000000008e300000, 0x000000008e300000|100%| E|CS|TAMS 0x000000008e200000, 0x000000008e200000| Complete 
| 227|0x000000008e300000, 0x000000008e400000, 0x000000008e400000|100%| E|CS|TAMS 0x000000008e300000, 0x000000008e300000| Complete 
| 228|0x000000008e400000, 0x000000008e500000, 0x000000008e500000|100%| E|CS|TAMS 0x000000008e400000, 0x000000008e400000| Complete 
| 229|0x000000008e500000, 0x000000008e600000, 0x000000008e600000|100%| E|CS|TAMS 0x000000008e500000, 0x000000008e500000| Complete 
| 230|0x000000008e600000, 0x000000008e700000, 0x000000008e700000|100%| E|CS|TAMS 0x000000008e600000, 0x000000008e600000| Complete 
| 231|0x000000008e700000, 0x000000008e800000, 0x000000008e800000|100%| E|CS|TAMS 0x000000008e700000, 0x000000008e700000| Complete 
| 232|0x000000008e800000, 0x000000008e900000, 0x000000008e900000|100%| E|CS|TAMS 0x000000008e800000, 0x000000008e800000| Complete 
| 233|0x000000008e900000, 0x000000008ea00000, 0x000000008ea00000|100%| E|CS|TAMS 0x000000008e900000, 0x000000008e900000| Complete 
| 234|0x000000008ea00000, 0x000000008eb00000, 0x000000008eb00000|100%| E|CS|TAMS 0x000000008ea00000, 0x000000008ea00000| Complete 
| 235|0x000000008eb00000, 0x000000008ec00000, 0x000000008ec00000|100%| E|CS|TAMS 0x000000008eb00000, 0x000000008eb00000| Complete 
| 236|0x000000008ec00000, 0x000000008ed00000, 0x000000008ed00000|100%| E|CS|TAMS 0x000000008ec00000, 0x000000008ec00000| Complete 
| 237|0x000000008ed00000, 0x000000008ee00000, 0x000000008ee00000|100%| E|CS|TAMS 0x000000008ed00000, 0x000000008ed00000| Complete 
| 238|0x000000008ee00000, 0x000000008ef00000, 0x000000008ef00000|100%| E|CS|TAMS 0x000000008ee00000, 0x000000008ee00000| Complete 
| 239|0x000000008ef00000, 0x000000008f000000, 0x000000008f000000|100%| E|CS|TAMS 0x000000008ef00000, 0x000000008ef00000| Complete 
| 240|0x000000008f000000, 0x000000008f100000, 0x000000008f100000|100%| E|CS|TAMS 0x000000008f000000, 0x000000008f000000| Complete 
| 241|0x000000008f100000, 0x000000008f200000, 0x000000008f200000|100%| E|CS|TAMS 0x000000008f100000, 0x000000008f100000| Complete 
| 242|0x000000008f200000, 0x000000008f300000, 0x000000008f300000|100%| E|CS|TAMS 0x000000008f200000, 0x000000008f200000| Complete 
| 243|0x000000008f300000, 0x000000008f400000, 0x000000008f400000|100%| E|CS|TAMS 0x000000008f300000, 0x000000008f300000| Complete 
| 244|0x000000008f400000, 0x000000008f500000, 0x000000008f500000|100%| E|CS|TAMS 0x000000008f400000, 0x000000008f400000| Complete 
| 245|0x000000008f500000, 0x000000008f600000, 0x000000008f600000|100%| E|CS|TAMS 0x000000008f500000, 0x000000008f500000| Complete 
| 246|0x000000008f600000, 0x000000008f700000, 0x000000008f700000|100%| E|CS|TAMS 0x000000008f600000, 0x000000008f600000| Complete 
| 247|0x000000008f700000, 0x000000008f800000, 0x000000008f800000|100%| E|CS|TAMS 0x000000008f700000, 0x000000008f700000| Complete 
| 248|0x000000008f800000, 0x000000008f900000, 0x000000008f900000|100%| E|CS|TAMS 0x000000008f800000, 0x000000008f800000| Complete 
| 249|0x000000008f900000, 0x000000008fa00000, 0x000000008fa00000|100%| E|CS|TAMS 0x000000008f900000, 0x000000008f900000| Complete 
| 250|0x000000008fa00000, 0x000000008fb00000, 0x000000008fb00000|100%| E|CS|TAMS 0x000000008fa00000, 0x000000008fa00000| Complete 
| 251|0x000000008fb00000, 0x000000008fc00000, 0x000000008fc00000|100%| E|CS|TAMS 0x000000008fb00000, 0x000000008fb00000| Complete 
| 252|0x000000008fc00000, 0x000000008fd00000, 0x000000008fd00000|100%| E|CS|TAMS 0x000000008fc00000, 0x000000008fc00000| Complete 
| 253|0x000000008fd00000, 0x000000008fe00000, 0x000000008fe00000|100%| E|CS|TAMS 0x000000008fd00000, 0x000000008fd00000| Complete 

Card table byte_map: [0x00000136bd510000,0x00000136bd910000] _byte_map_base: 0x00000136bd110000

Marking Bits (Prev, Next): (CMBitMap*) 0x00000136aa333e70, (CMBitMap*) 0x00000136aa333e38
 Prev Bits: [0x00000136bfd10000, 0x00000136c1d10000)
 Next Bits: [0x00000136bdd10000, 0x00000136bfd10000)

Polling page: 0x00000136a9ad0000

Metaspace:

Usage:
  Non-class:    115.30 MB capacity,   112.56 MB ( 98%) used,     2.28 MB (  2%) free+waste,   475.06 KB ( <1%) overhead. 
      Class:     18.72 MB capacity,    17.12 MB ( 91%) used,     1.38 MB (  7%) free+waste,   224.19 KB (  1%) overhead. 
       Both:    134.02 MB capacity,   129.68 MB ( 97%) used,     3.66 MB (  3%) free+waste,   699.25 KB ( <1%) overhead. 

Virtual space:
  Non-class space:      116.00 MB reserved,     115.50 MB (>99%) committed 
      Class space:        1.00 GB reserved,      18.75 MB (  2%) committed 
             Both:        1.11 GB reserved,     134.25 MB ( 12%) committed 

Chunk freelists:
   Non-Class:  13.00 KB
       Class:  26.00 KB
        Both:  39.00 KB

MaxMetaspaceSize: 17179869184.00 GB
CompressedClassSpaceSize: 1.00 GB

CodeHeap 'non-profiled nmethods': size=120000Kb used=11266Kb max_used=11266Kb free=108733Kb
 bounds [0x00000136b58b0000, 0x00000136b63c0000, 0x00000136bcde0000]
CodeHeap 'profiled nmethods': size=120000Kb used=38005Kb max_used=38005Kb free=81994Kb
 bounds [0x00000136ae380000, 0x00000136b08a0000, 0x00000136b58b0000]
CodeHeap 'non-nmethods': size=5760Kb used=2411Kb max_used=2476Kb free=3349Kb
 bounds [0x00000136adde0000, 0x00000136ae050000, 0x00000136ae380000]
 total_blobs=17826 nmethods=16773 adapters=963
 compilation: enabled
              stopped_count=0, restarted_count=0
 full_count=0

Compilation events (20 events):
Event: 930.218 Thread 0x00000136c5039000 16920       3       org.codehaus.groovy.runtime.InvokerHelper::invokeMethod (66 bytes)
Event: 930.220 Thread 0x00000136c5039000 nmethod 16920 0x00000136b0891810 code [0x00000136b0891bc0, 0x00000136b0893d08]
Event: 930.238 Thread 0x00000136c5039000 16921   !   3       jdk.internal.reflect.GeneratedMethodAccessor72::invoke (66 bytes)
Event: 930.238 Thread 0x00000136c5039000 nmethod 16921 0x00000136b0894410 code [0x00000136b0894640, 0x00000136b0894d58]
Event: 930.238 Thread 0x00000136c5039000 16922       3       org.gradle.configuration.internal.DefaultListenerBuildOperationDecorator$Operation::<init> (15 bytes)
Event: 930.238 Thread 0x00000136c5039000 nmethod 16922 0x00000136b0895090 code [0x00000136b0895240, 0x00000136b0895458]
Event: 930.238 Thread 0x00000136c5039000 16923       3       org.gradle.configuration.internal.DefaultListenerBuildOperationDecorator$Operation::description (49 bytes)
Event: 930.239 Thread 0x00000136c5039000 nmethod 16923 0x00000136b0895510 code [0x00000136b08957c0, 0x00000136b0896558]
Event: 930.239 Thread 0x00000136c5039000 16924       3       org.gradle.configuration.internal.ExecuteListenerBuildOperationType$DetailsImpl::<init> (15 bytes)
Event: 930.240 Thread 0x00000136c5039000 nmethod 16924 0x00000136b0896990 code [0x00000136b0896b40, 0x00000136b0896d58]
Event: 930.241 Thread 0x00000136c5039000 16925       3       org.gradle.api.internal.artifacts.ivyservice.resolveengine.result.ComponentResultSerializer::read (74 bytes)
Event: 930.242 Thread 0x00000136c5039000 nmethod 16925 0x00000136b0896e10 code [0x00000136b0897060, 0x00000136b0897728]
Event: 930.247 Thread 0x00000136c5039000 16926       3       org.gradle.api.internal.artifacts.ivyservice.resolveengine.result.CachingComponentSelectionDescriptorFactory$$Lambda$815/0x0000000100ad9440::get$Lambda (9 bytes)
Event: 930.247 Thread 0x00000136c5039000 nmethod 16926 0x00000136b0897b10 code [0x00000136b0897ce0, 0x00000136b0897f38]
Event: 930.247 Thread 0x00000136c5039000 16928       3       org.gradle.api.internal.artifacts.ivyservice.resolveengine.result.ResolvedVariantResultSerializer::readCapabilities (82 bytes)
Event: 930.250 Thread 0x00000136c5039000 nmethod 16928 0x00000136b0898010 code [0x00000136b08982e0, 0x00000136b0899198]
Event: 930.250 Thread 0x00000136c5039000 16927       3       org.gradle.api.internal.artifacts.ivyservice.resolveengine.result.CachingComponentSelectionDescriptorFactory$$Lambda$815/0x0000000100ad9440::<init> (10 bytes)
Event: 930.250 Thread 0x00000136c5039000 nmethod 16927 0x00000136b0899710 code [0x00000136b08998c0, 0x00000136b0899a78]
Event: 930.253 Thread 0x00000136c5039000 16931   !   3       org.gradle.api.internal.artifacts.ivyservice.resolveengine.result.CachingComponentSelectionDescriptorFactory::newDescriptor (45 bytes)
Event: 930.255 Thread 0x00000136c5039000 nmethod 16931 0x00000136b0899b10 code [0x00000136b0899e80, 0x00000136b089b958]

GC Heap History (20 events):
Event: 15.122 GC heap before
{Heap before GC invocations=14 (full 0):
 garbage-first heap   total 260096K, used 182134K [0x0000000080000000, 0x0000000100000000)
  region size 1024K, 101 young (103424K), 12 survivors (12288K)
 Metaspace       used 83375K, capacity 85695K, committed 85888K, reserved 1124352K
  class space    used 10827K, capacity 11622K, committed 11648K, reserved 1048576K
}
Event: 15.137 GC heap after
{Heap after GC invocations=15 (full 0):
 garbage-first heap   total 260096K, used 96479K [0x0000000080000000, 0x0000000100000000)
  region size 1024K, 12 young (12288K), 12 survivors (12288K)
 Metaspace       used 83375K, capacity 85695K, committed 85888K, reserved 1124352K
  class space    used 10827K, capacity 11622K, committed 11648K, reserved 1048576K
}
Event: 16.377 GC heap before
{Heap before GC invocations=15 (full 0):
 garbage-first heap   total 260096K, used 188639K [0x0000000080000000, 0x0000000100000000)
  region size 1024K, 102 young (104448K), 12 survivors (12288K)
 Metaspace       used 92187K, capacity 94566K, committed 94720K, reserved 1130496K
  class space    used 11934K, capacity 12729K, committed 12800K, reserved 1048576K
}
Event: 16.390 GC heap after
{Heap after GC invocations=16 (full 0):
 garbage-first heap   total 260096K, used 101567K [0x0000000080000000, 0x0000000100000000)
  region size 1024K, 11 young (11264K), 11 survivors (11264K)
 Metaspace       used 92187K, capacity 94566K, committed 94720K, reserved 1130496K
  class space    used 11934K, capacity 12729K, committed 12800K, reserved 1048576K
}
Event: 17.545 GC heap before
{Heap before GC invocations=16 (full 0):
 garbage-first heap   total 260096K, used 193727K [0x0000000080000000, 0x0000000100000000)
  region size 1024K, 102 young (104448K), 11 survivors (11264K)
 Metaspace       used 97317K, capacity 100197K, committed 100224K, reserved 1136640K
  class space    used 12630K, capacity 13692K, committed 13696K, reserved 1048576K
}
Event: 17.558 GC heap after
{Heap after GC invocations=17 (full 0):
 garbage-first heap   total 260096K, used 107369K [0x0000000080000000, 0x0000000100000000)
  region size 1024K, 12 young (12288K), 12 survivors (12288K)
 Metaspace       used 97317K, capacity 100197K, committed 100224K, reserved 1136640K
  class space    used 12630K, capacity 13692K, committed 13696K, reserved 1048576K
}
Event: 19.280 GC heap before
{Heap before GC invocations=17 (full 0):
 garbage-first heap   total 260096K, used 198505K [0x0000000080000000, 0x0000000100000000)
  region size 1024K, 102 young (104448K), 12 survivors (12288K)
 Metaspace       used 105516K, capacity 108374K, committed 108416K, reserved 1142784K
  class space    used 13641K, capacity 14687K, committed 14720K, reserved 1048576K
}
Event: 19.291 GC heap after
{Heap after GC invocations=18 (full 0):
 garbage-first heap   total 260096K, used 112932K [0x0000000080000000, 0x0000000100000000)
  region size 1024K, 12 young (12288K), 12 survivors (12288K)
 Metaspace       used 105516K, capacity 108374K, committed 108416K, reserved 1142784K
  class space    used 13641K, capacity 14687K, committed 14720K, reserved 1048576K
}
Event: 20.025 GC heap before
{Heap before GC invocations=18 (full 0):
 garbage-first heap   total 260096K, used 204068K [0x0000000080000000, 0x0000000100000000)
  region size 1024K, 102 young (104448K), 12 survivors (12288K)
 Metaspace       used 112044K, capacity 115061K, committed 115328K, reserved 1148928K
  class space    used 14512K, capacity 15666K, committed 15744K, reserved 1048576K
}
Event: 20.037 GC heap after
{Heap after GC invocations=19 (full 0):
 garbage-first heap   total 260096K, used 117217K [0x0000000080000000, 0x0000000100000000)
  region size 1024K, 10 young (10240K), 10 survivors (10240K)
 Metaspace       used 112044K, capacity 115061K, committed 115328K, reserved 1148928K
  class space    used 14512K, capacity 15666K, committed 15744K, reserved 1048576K
}
Event: 54.707 GC heap before
{Heap before GC invocations=19 (full 0):
 garbage-first heap   total 260096K, used 207329K [0x0000000080000000, 0x0000000100000000)
  region size 1024K, 99 young (101376K), 10 survivors (10240K)
 Metaspace       used 115742K, capacity 119189K, committed 119424K, reserved 1153024K
  class space    used 14941K, capacity 16236K, committed 16256K, reserved 1048576K
}
Event: 54.721 GC heap after
{Heap after GC invocations=20 (full 0):
 garbage-first heap   total 260096K, used 125840K [0x0000000080000000, 0x0000000100000000)
  region size 1024K, 13 young (13312K), 13 survivors (13312K)
 Metaspace       used 115742K, capacity 119189K, committed 119424K, reserved 1153024K
  class space    used 14941K, capacity 16236K, committed 16256K, reserved 1048576K
}
Event: 55.120 GC heap before
{Heap before GC invocations=20 (full 0):
 garbage-first heap   total 260096K, used 157584K [0x0000000080000000, 0x0000000100000000)
  region size 1024K, 46 young (47104K), 13 survivors (13312K)
 Metaspace       used 116404K, capacity 119804K, committed 119896K, reserved 1153024K
  class space    used 15052K, capacity 16360K, committed 16384K, reserved 1048576K
}
Event: 55.136 GC heap after
{Heap after GC invocations=21 (full 0):
 garbage-first heap   total 260096K, used 127840K [0x0000000080000000, 0x0000000100000000)
  region size 1024K, 3 young (3072K), 3 survivors (3072K)
 Metaspace       used 116404K, capacity 119804K, committed 119896K, reserved 1153024K
  class space    used 15052K, capacity 16360K, committed 16384K, reserved 1048576K
}
Event: 62.281 GC heap before
{Heap before GC invocations=22 (full 0):
 garbage-first heap   total 260096K, used 208736K [0x0000000080000000, 0x0000000100000000)
  region size 1024K, 83 young (84992K), 3 survivors (3072K)
 Metaspace       used 120215K, capacity 123664K, committed 123904K, reserved 1157120K
  class space    used 15512K, capacity 16760K, committed 16896K, reserved 1048576K
}
Event: 62.289 GC heap after
{Heap after GC invocations=23 (full 0):
 garbage-first heap   total 260096K, used 133459K [0x0000000080000000, 0x0000000100000000)
  region size 1024K, 9 young (9216K), 9 survivors (9216K)
 Metaspace       used 120215K, capacity 123664K, committed 123904K, reserved 1157120K
  class space    used 15512K, capacity 16760K, committed 16896K, reserved 1048576K
}
Event: 62.986 GC heap before
{Heap before GC invocations=23 (full 0):
 garbage-first heap   total 260096K, used 210259K [0x0000000080000000, 0x0000000100000000)
  region size 1024K, 85 young (87040K), 9 survivors (9216K)
 Metaspace       used 123758K, capacity 127450K, committed 127488K, reserved 1159168K
  class space    used 16040K, capacity 17407K, committed 17408K, reserved 1048576K
}
Event: 62.997 GC heap after
{Heap after GC invocations=24 (full 0):
 garbage-first heap   total 260096K, used 138957K [0x0000000080000000, 0x0000000100000000)
  region size 1024K, 6 young (6144K), 6 survivors (6144K)
 Metaspace       used 123758K, capacity 127450K, committed 127488K, reserved 1159168K
  class space    used 16040K, capacity 17407K, committed 17408K, reserved 1048576K
}
Event: 64.100 GC heap before
{Heap before GC invocations=25 (full 0):
 garbage-first heap   total 260096K, used 205517K [0x0000000080000000, 0x0000000100000000)
  region size 1024K, 73 young (74752K), 6 survivors (6144K)
 Metaspace       used 130896K, capacity 135099K, committed 135168K, reserved 1165312K
  class space    used 17325K, capacity 18889K, committed 18944K, reserved 1048576K
}
Event: 64.113 GC heap after
{Heap after GC invocations=26 (full 0):
 garbage-first heap   total 260096K, used 142478K [0x0000000080000000, 0x0000000100000000)
  region size 1024K, 5 young (5120K), 5 survivors (5120K)
 Metaspace       used 130896K, capacity 135099K, committed 135168K, reserved 1165312K
  class space    used 17325K, capacity 18889K, committed 18944K, reserved 1048576K
}

Deoptimization events (20 events):
Event: 929.470 Thread 0x00000136cbae5800 Uncommon trap: trap_request=0xffffff4d fr.pc=0x00000136b5fcdab0 relative=0x00000000000005f0
Event: 929.470 Thread 0x00000136cbae5800 Uncommon trap: reason=unstable_if action=reinterpret pc=0x00000136b5fcdab0 method=java.lang.ThreadLocal$ThreadLocalMap.remove(Ljava/lang/ThreadLocal;)V @ 26 c2
Event: 929.470 Thread 0x00000136cbae5800 DEOPT PACKING pc=0x00000136b5fcdab0 sp=0x0000000ef75fa840
Event: 929.470 Thread 0x00000136cbae5800 DEOPT UNPACKING pc=0x00000136ade078af sp=0x0000000ef75fa788 mode 2
Event: 929.471 Thread 0x00000136cbae5800 Uncommon trap: trap_request=0xffffffc6 fr.pc=0x00000136b614faf8 relative=0x0000000000001738
Event: 929.471 Thread 0x00000136cbae5800 Uncommon trap: reason=bimorphic_or_optimized_type_check action=maybe_recompile pc=0x00000136b614faf8 method=java.util.Collections$SetFromMap.add(Ljava/lang/Object;)Z @ 8 c2
Event: 929.471 Thread 0x00000136cbae5800 DEOPT PACKING pc=0x00000136b614faf8 sp=0x0000000ef75faff0
Event: 929.471 Thread 0x00000136cbae5800 DEOPT UNPACKING pc=0x00000136ade078af sp=0x0000000ef75faf50 mode 2
Event: 929.471 Thread 0x00000136cbae5800 Uncommon trap: trap_request=0xffffffc6 fr.pc=0x00000136b614faf8 relative=0x0000000000001738
Event: 929.471 Thread 0x00000136cbae5800 Uncommon trap: reason=bimorphic_or_optimized_type_check action=maybe_recompile pc=0x00000136b614faf8 method=java.util.Collections$SetFromMap.add(Ljava/lang/Object;)Z @ 8 c2
Event: 929.471 Thread 0x00000136cbae5800 DEOPT PACKING pc=0x00000136b614faf8 sp=0x0000000ef75f9520
Event: 929.471 Thread 0x00000136cbae5800 DEOPT UNPACKING pc=0x00000136ade078af sp=0x0000000ef75f9480 mode 2
Event: 929.480 Thread 0x00000136cbae5800 Uncommon trap: trap_request=0xffffffc6 fr.pc=0x00000136b614faf8 relative=0x0000000000001738
Event: 929.480 Thread 0x00000136cbae5800 Uncommon trap: reason=bimorphic_or_optimized_type_check action=maybe_recompile pc=0x00000136b614faf8 method=java.util.Collections$SetFromMap.add(Ljava/lang/Object;)Z @ 8 c2
Event: 929.480 Thread 0x00000136cbae5800 DEOPT PACKING pc=0x00000136b614faf8 sp=0x0000000ef75fab40
Event: 929.480 Thread 0x00000136cbae5800 DEOPT UNPACKING pc=0x00000136ade078af sp=0x0000000ef75faaa0 mode 2
Event: 929.480 Thread 0x00000136cbae5800 Uncommon trap: trap_request=0xffffffc6 fr.pc=0x00000136b614faf8 relative=0x0000000000001738
Event: 929.480 Thread 0x00000136cbae5800 Uncommon trap: reason=bimorphic_or_optimized_type_check action=maybe_recompile pc=0x00000136b614faf8 method=java.util.Collections$SetFromMap.add(Ljava/lang/Object;)Z @ 8 c2
Event: 929.480 Thread 0x00000136cbae5800 DEOPT PACKING pc=0x00000136b614faf8 sp=0x0000000ef75fa1c0
Event: 929.480 Thread 0x00000136cbae5800 DEOPT UNPACKING pc=0x00000136ade078af sp=0x0000000ef75fa120 mode 2

Classes redefined (0 events):
No events

Internal exceptions (20 events):
Event: 929.397 Thread 0x00000136cbae5800 Exception <a 'java/lang/ClassNotFoundException'{0x000000008dc48528}: org/jetbrains/plugins/gradle/tooling/builder/ScalaModelBuilderImplCustomizer> (0x000000008dc48528) thrown at [./src/hotspot/share/classfile/systemDictionary.cpp, line 231]
Event: 929.403 Thread 0x00000136cbae5800 Exception <a 'java/lang/ClassNotFoundException'{0x000000008dca7d00}: org/jetbrains/plugins/gradle/tooling/builder/ExternalProjectBuilderImpl$1BeanInfo> (0x000000008dca7d00) thrown at [./src/hotspot/share/classfile/systemDictionary.cpp, line 231]
Event: 929.403 Thread 0x00000136cbae5800 Exception <a 'java/lang/ClassNotFoundException'{0x000000008dcb1db8}: org/jetbrains/plugins/gradle/tooling/builder/ExternalProjectBuilderImpl$1Customizer> (0x000000008dcb1db8) thrown at [./src/hotspot/share/classfile/systemDictionary.cpp, line 231]
Event: 929.407 Thread 0x00000136cbae5800 Exception <a 'java/lang/ClassNotFoundException'{0x000000008db03cb0}: org/jetbrains/plugins/gradle/tooling/builder/ExternalProjectBuilderImplBeanInfo> (0x000000008db03cb0) thrown at [./src/hotspot/share/classfile/systemDictionary.cpp, line 231]
Event: 929.407 Thread 0x00000136cbae5800 Exception <a 'java/lang/ClassNotFoundException'{0x000000008db0dbb0}: org/jetbrains/plugins/gradle/tooling/builder/ExternalProjectBuilderImplCustomizer> (0x000000008db0dbb0) thrown at [./src/hotspot/share/classfile/systemDictionary.cpp, line 231]
Event: 929.412 Thread 0x00000136cbae5800 Exception <a 'java/lang/ClassNotFoundException'{0x000000008db57fc0}: org/jetbrains/plugins/gradle/tooling/builder/DependencyGraphModelBuilderImplBeanInfo> (0x000000008db57fc0) thrown at [./src/hotspot/share/classfile/systemDictionary.cpp, line 231]
Event: 929.412 Thread 0x00000136cbae5800 Exception <a 'java/lang/ClassNotFoundException'{0x000000008db62128}: org/jetbrains/plugins/gradle/tooling/builder/DependencyGraphModelBuilderImplCustomizer> (0x000000008db62128) thrown at [./src/hotspot/share/classfile/systemDictionary.cpp, line 231]
Event: 929.415 Thread 0x00000136cbae5800 Exception <a 'java/lang/ClassNotFoundException'{0x000000008dba3ab8}: org/jetbrains/plugins/gradle/tooling/builder/ExternalTestsModelBuilderImplBeanInfo> (0x000000008dba3ab8) thrown at [./src/hotspot/share/classfile/systemDictionary.cpp, line 231]
Event: 929.415 Thread 0x00000136cbae5800 Exception <a 'java/lang/ClassNotFoundException'{0x000000008dbadb80}: org/jetbrains/plugins/gradle/tooling/builder/ExternalTestsModelBuilderImplCustomizer> (0x000000008dbadb80) thrown at [./src/hotspot/share/classfile/systemDictionary.cpp, line 231]
Event: 929.419 Thread 0x00000136cbae5800 Exception <a 'java/lang/ClassNotFoundException'{0x000000008dbf6730}: org/jetbrains/plugins/gradle/tooling/builder/ProjectExtensionsDataBuilderImplBeanInfo> (0x000000008dbf6730) thrown at [./src/hotspot/share/classfile/systemDictionary.cpp, line 231]
Event: 929.420 Thread 0x00000136cbae5800 Exception <a 'java/lang/ClassNotFoundException'{0x000000008da00d58}: org/jetbrains/plugins/gradle/tooling/builder/ProjectExtensionsDataBuilderImplCustomizer> (0x000000008da00d58) thrown at [./src/hotspot/share/classfile/systemDictionary.cpp, line 231]
Event: 929.423 Thread 0x00000136cbae5800 Exception <a 'java/lang/ClassNotFoundException'{0x000000008da31f98}: org/jetbrains/plugins/gradle/tooling/builder/IntelliJSettingsBuilderBeanInfo> (0x000000008da31f98) thrown at [./src/hotspot/share/classfile/systemDictionary.cpp, line 231]
Event: 929.423 Thread 0x00000136cbae5800 Exception <a 'java/lang/ClassNotFoundException'{0x000000008da3be50}: org/jetbrains/plugins/gradle/tooling/builder/IntelliJSettingsBuilderCustomizer> (0x000000008da3be50) thrown at [./src/hotspot/share/classfile/systemDictionary.cpp, line 231]
Event: 929.425 Thread 0x00000136cbae5800 Exception <a 'java/lang/ClassNotFoundException'{0x000000008da6d648}: org/jetbrains/plugins/gradle/tooling/builder/IntelliJProjectSettingsBuilderBeanInfo> (0x000000008da6d648) thrown at [./src/hotspot/share/classfile/systemDictionary.cpp, line 231]
Event: 929.426 Thread 0x00000136cbae5800 Exception <a 'java/lang/ClassNotFoundException'{0x000000008da77730}: org/jetbrains/plugins/gradle/tooling/builder/IntelliJProjectSettingsBuilderCustomizer> (0x000000008da77730) thrown at [./src/hotspot/share/classfile/systemDictionary.cpp, line 231]
Event: 929.755 Thread 0x00000136cbae5800 Exception <a 'sun/nio/fs/WindowsException'{0x000000008c792970}> (0x000000008c792970) thrown at [./src/hotspot/share/prims/jni.cpp, line 615]
Event: 930.071 Thread 0x00000136cbae5800 Exception <a 'java/lang/ClassNotFoundException'{0x000000008bf6aba0}: org/jetbrains/plugins/gradle/model/web/WebConfigurationBeanInfo> (0x000000008bf6aba0) thrown at [./src/hotspot/share/classfile/systemDictionary.cpp, line 231]
Event: 930.072 Thread 0x00000136cbae5800 Exception <a 'java/lang/ClassNotFoundException'{0x000000008bf7a5a0}: org/jetbrains/plugins/gradle/model/web/WebConfigurationCustomizer> (0x000000008bf7a5a0) thrown at [./src/hotspot/share/classfile/systemDictionary.cpp, line 231]
Event: 930.079 Thread 0x00000136cbae5800 Exception <a 'java/lang/ClassNotFoundException'{0x000000008bfa9768}: org/jetbrains/plugins/gradle/model/scala/ScalaModelBeanInfo> (0x000000008bfa9768) thrown at [./src/hotspot/share/classfile/systemDictionary.cpp, line 231]
Event: 930.079 Thread 0x00000136cbae5800 Exception <a 'java/lang/ClassNotFoundException'{0x000000008bfb8cc8}: org/jetbrains/plugins/gradle/model/scala/ScalaModelCustomizer> (0x000000008bfb8cc8) thrown at [./src/hotspot/share/classfile/systemDictionary.cpp, line 231]

Events (20 events):
Event: 930.071 loading class org/jetbrains/plugins/gradle/model/web/WebConfigurationBeanInfo
Event: 930.071 loading class org/jetbrains/plugins/gradle/model/web/WebConfigurationBeanInfo done
Event: 930.071 loading class org/jetbrains/plugins/gradle/model/web/WebConfigurationBeanInfo
Event: 930.071 loading class org/jetbrains/plugins/gradle/model/web/WebConfigurationBeanInfo done
Event: 930.071 loading class org/jetbrains/plugins/gradle/model/web/WebConfigurationCustomizer
Event: 930.071 loading class org/jetbrains/plugins/gradle/model/web/WebConfigurationCustomizer done
Event: 930.072 loading class org/jetbrains/plugins/gradle/model/web/WebConfigurationCustomizer
Event: 930.072 loading class org/jetbrains/plugins/gradle/model/web/WebConfigurationCustomizer done
Event: 930.077 loading class groovy/runtime/metaclass/org/jetbrains/plugins/gradle/model/scala/ScalaModelMetaClass
Event: 930.077 loading class groovy/runtime/metaclass/org/jetbrains/plugins/gradle/model/scala/ScalaModelMetaClass done
Event: 930.078 loading class org/jetbrains/plugins/gradle/model/scala/ScalaModelBeanInfo
Event: 930.078 loading class org/jetbrains/plugins/gradle/model/scala/ScalaModelBeanInfo done
Event: 930.079 loading class org/jetbrains/plugins/gradle/model/scala/ScalaModelBeanInfo
Event: 930.079 loading class org/jetbrains/plugins/gradle/model/scala/ScalaModelBeanInfo done
Event: 930.079 loading class org/jetbrains/plugins/gradle/model/scala/ScalaModelCustomizer
Event: 930.079 loading class org/jetbrains/plugins/gradle/model/scala/ScalaModelCustomizer done
Event: 930.079 loading class org/jetbrains/plugins/gradle/model/scala/ScalaModelCustomizer
Event: 930.079 loading class org/jetbrains/plugins/gradle/model/scala/ScalaModelCustomizer done
Event: 930.222 Executing VM operation: RevokeBias
Event: 930.222 Executing VM operation: RevokeBias done


Dynamic libraries:
0x00007ff70b500000 - 0x00007ff70b50a000 	C:\Program Files\Android\Android Studio\jre\bin\java.exe
0x00007ffcb91f0000 - 0x00007ffcb93e5000 	C:\windows\SYSTEM32\ntdll.dll
0x00007ffc98b20000 - 0x00007ffc98b36000 	C:\Program Files\Avast Software\Avast\aswhook.dll
0x00007ffcb7910000 - 0x00007ffcb79ce000 	C:\windows\System32\KERNEL32.DLL
0x00007ffcb6b00000 - 0x00007ffcb6dc8000 	C:\windows\System32\KERNELBASE.dll
0x00007ffcb6900000 - 0x00007ffcb6a00000 	C:\windows\System32\ucrtbase.dll
0x00007ffcaca40000 - 0x00007ffcaca59000 	C:\Program Files\Android\Android Studio\jre\bin\jli.dll
0x00007ffc9ea70000 - 0x00007ffc9ea87000 	C:\Program Files\Android\Android Studio\jre\bin\VCRUNTIME140.dll
0x00007ffcb79d0000 - 0x00007ffcb7b70000 	C:\windows\System32\USER32.dll
0x00007ffcb6f00000 - 0x00007ffcb6f22000 	C:\windows\System32\win32u.dll
0x00007ffcb5ca0000 - 0x00007ffcb5f3a000 	C:\windows\WinSxS\amd64_microsoft.windows.common-controls_6595b64144ccf1df_6.0.19041.1110_none_60b5254171f9507e\COMCTL32.dll
0x00007ffcb73e0000 - 0x00007ffcb740b000 	C:\windows\System32\GDI32.dll
0x00007ffcb7470000 - 0x00007ffcb750e000 	C:\windows\System32\msvcrt.dll
0x00007ffcb7130000 - 0x00007ffcb723d000 	C:\windows\System32\gdi32full.dll
0x00007ffcb6dd0000 - 0x00007ffcb6e6d000 	C:\windows\System32\msvcp_win.dll
0x00007ffcb9180000 - 0x00007ffcb91b0000 	C:\windows\System32\IMM32.DLL
0x00007ffc975c0000 - 0x00007ffc9765d000 	C:\Program Files\Android\Android Studio\jre\bin\msvcp140.dll
0x00007ffc45310000 - 0x00007ffc45ddf000 	C:\Program Files\Android\Android Studio\jre\bin\server\jvm.dll
0x00007ffcb9020000 - 0x00007ffcb90ce000 	C:\windows\System32\ADVAPI32.dll
0x00007ffcb7510000 - 0x00007ffcb75ac000 	C:\windows\System32\sechost.dll
0x00007ffcb7de0000 - 0x00007ffcb7f05000 	C:\windows\System32\RPCRT4.dll
0x00007ffcb7c40000 - 0x00007ffcb7c48000 	C:\windows\System32\PSAPI.DLL
0x00007ffc9ff30000 - 0x00007ffc9ff39000 	C:\windows\SYSTEM32\WSOCK32.dll
0x00007ffcb7c50000 - 0x00007ffcb7cbb000 	C:\windows\System32\WS2_32.dll
0x00007ffc9f820000 - 0x00007ffc9f847000 	C:\windows\SYSTEM32\WINMM.dll
0x00007ffcacf30000 - 0x00007ffcacf3a000 	C:\windows\SYSTEM32\VERSION.dll
0x00007ffcb4b30000 - 0x00007ffcb4b42000 	C:\windows\SYSTEM32\kernel.appcore.dll
0x00007ffcaeb40000 - 0x00007ffcaeb51000 	C:\Program Files\Android\Android Studio\jre\bin\verify.dll
0x00007ffcb6220000 - 0x00007ffcb6404000 	C:\windows\SYSTEM32\DBGHELP.DLL
0x00007ffcb6050000 - 0x00007ffcb607c000 	C:\windows\SYSTEM32\dbgcore.DLL
0x00007ffcb6e70000 - 0x00007ffcb6ef2000 	C:\windows\System32\bcryptPrimitives.dll
0x00007ffcaeb10000 - 0x00007ffcaeb39000 	C:\Program Files\Android\Android Studio\jre\bin\java.dll
0x00007ffcaeb00000 - 0x00007ffcaeb0b000 	C:\Program Files\Android\Android Studio\jre\bin\jimage.dll
0x00007ffcaeae0000 - 0x00007ffcaeaf8000 	C:\Program Files\Android\Android Studio\jre\bin\zip.dll
0x00007ffcb8370000 - 0x00007ffcb8ab4000 	C:\windows\System32\SHELL32.dll
0x00007ffcb4380000 - 0x00007ffcb4b14000 	C:\windows\SYSTEM32\windows.storage.dll
0x00007ffcb75b0000 - 0x00007ffcb7905000 	C:\windows\System32\combase.dll
0x00007ffcb5c00000 - 0x00007ffcb5c2e000 	C:\windows\SYSTEM32\Wldp.dll
0x00007ffcb7cc0000 - 0x00007ffcb7d6d000 	C:\windows\System32\SHCORE.dll
0x00007ffcb7410000 - 0x00007ffcb7465000 	C:\windows\System32\shlwapi.dll
0x00007ffcb6840000 - 0x00007ffcb685f000 	C:\windows\SYSTEM32\profapi.dll
0x00007ffcaeac0000 - 0x00007ffcaeada000 	C:\Program Files\Android\Android Studio\jre\bin\net.dll
0x00007ffca1980000 - 0x00007ffca1a8c000 	C:\windows\SYSTEM32\WINHTTP.dll
0x00007ffcb5ad0000 - 0x00007ffcb5b3a000 	C:\windows\system32\mswsock.dll
0x00007ffcadf00000 - 0x00007ffcadf14000 	C:\Program Files\Android\Android Studio\jre\bin\nio.dll
0x00007ffc9a520000 - 0x00007ffc9a547000 	C:\Users\musta\.gradle\native\8bec1ad78214c89d9ad589b4d07fe93259594b29d510b10fafb7a158f7737e5d\windows-amd64\native-platform.dll
0x00007ffc7dc10000 - 0x00007ffc7dd4d000 	C:\Users\musta\.gradle\native\53dbd7edfb1c66fb8903c78663c9afc45aea4f116125fa6feffd364cf09443e8\windows-amd64\native-platform-file-events.dll
0x00007ffcadd50000 - 0x00007ffcadd5a000 	C:\Program Files\Android\Android Studio\jre\bin\management.dll
0x00007ffcacf40000 - 0x00007ffcacf4c000 	C:\Program Files\Android\Android Studio\jre\bin\management_ext.dll
0x00007ffcb65b0000 - 0x00007ffcb65c8000 	C:\windows\SYSTEM32\CRYPTSP.dll
0x00007ffcb5300000 - 0x00007ffcb5334000 	C:\windows\system32\rsaenh.dll
0x00007ffcb6f30000 - 0x00007ffcb6f57000 	C:\windows\System32\bcrypt.dll
0x00007ffcb6800000 - 0x00007ffcb682e000 	C:\windows\SYSTEM32\USERENV.dll
0x00007ffcb5bc0000 - 0x00007ffcb5bcc000 	C:\windows\SYSTEM32\CRYPTBASE.dll
0x00007ffcb5650000 - 0x00007ffcb568b000 	C:\windows\SYSTEM32\IPHLPAPI.DLL
0x00007ffcb7c30000 - 0x00007ffcb7c38000 	C:\windows\System32\NSI.dll
0x00007ffcaae60000 - 0x00007ffcaae77000 	C:\windows\SYSTEM32\dhcpcsvc6.DLL
0x00007ffcaad90000 - 0x00007ffcaadad000 	C:\windows\SYSTEM32\dhcpcsvc.DLL
0x00007ffcb5690000 - 0x00007ffcb575b000 	C:\windows\SYSTEM32\DNSAPI.dll
0x00007ffca1e30000 - 0x00007ffca1e57000 	C:\Program Files\Android\Android Studio\jre\bin\sunec.dll
0x00007ffca0d00000 - 0x00007ffca0d0a000 	C:\Windows\System32\rasadhlp.dll
0x00007ffca17c0000 - 0x00007ffca183f000 	C:\windows\System32\fwpuclnt.dll
0x00007ffc99b80000 - 0x00007ffc99b9e000 	C:\Users\musta\AppData\Local\Temp\native-platform5126948038625935141dir\native-platform.dll
0x00007ffcaca10000 - 0x00007ffcaca18000 	C:\Program Files\Android\Android Studio\jre\bin\rmi.dll
0x00007ffc8a950000 - 0x00007ffc8a967000 	C:\windows\system32\napinsp.dll
0x00007ffc8a970000 - 0x00007ffc8a98b000 	C:\windows\system32\pnrpnsp.dll
0x00007ffc8a990000 - 0x00007ffc8a9a5000 	C:\windows\system32\wshbth.dll
0x00007ffcaeaa0000 - 0x00007ffcaeabd000 	C:\windows\system32\NLAapi.dll
0x00007ffc8b520000 - 0x00007ffc8b532000 	C:\windows\System32\winrnr.dll

dbghelp: loaded successfully - version: 4.0.5 - missing functions: none
symbol engine: initialized successfully - sym options: 0x614 - pdb path: .;C:\Program Files\Android\Android Studio\jre\bin;C:\windows\SYSTEM32;C:\Program Files\Avast Software\Avast;C:\windows\WinSxS\amd64_microsoft.windows.common-controls_6595b64144ccf1df_6.0.19041.1110_none_60b5254171f9507e;C:\Program Files\Android\Android Studio\jre\bin\server;C:\Users\musta\.gradle\native\8bec1ad78214c89d9ad589b4d07fe93259594b29d510b10fafb7a158f7737e5d\windows-amd64;C:\Users\musta\.gradle\native\53dbd7edfb1c66fb8903c78663c9afc45aea4f116125fa6feffd364cf09443e8\windows-amd64;C:\Users\musta\AppData\Local\Temp\native-platform5126948038625935141dir

VM Arguments:
jvm_args: --add-opens=java.base/java.util=ALL-UNNAMED --add-opens=java.base/java.lang=ALL-UNNAMED --add-opens=java.base/java.lang.invoke=ALL-UNNAMED --add-opens=java.base/java.util=ALL-UNNAMED --add-opens=java.prefs/java.util.prefs=ALL-UNNAMED --add-opens=java.prefs/java.util.prefs=ALL-UNNAMED --add-opens=java.base/java.nio.charset=ALL-UNNAMED --add-opens=java.base/java.net=ALL-UNNAMED --add-opens=java.base/java.util.concurrent.atomic=ALL-UNNAMED -Xmx2048m -Dfile.encoding=UTF-8 -Duser.country=US -Duser.language=en -Duser.variant 
java_command: org.gradle.launcher.daemon.bootstrap.GradleDaemon 7.0.2
java_class_path (initial): C:\Users\musta\.gradle\wrapper\dists\gradle-7.0.2-bin\857tjihv64xamwrf0h14cai3r\gradle-7.0.2\lib\gradle-launcher-7.0.2.jar
Launcher Type: SUN_STANDARD

[Global flags]
     intx CICompilerCount                          = 4                                         {product} {ergonomic}
     uint ConcGCThreads                            = 2                                         {product} {ergonomic}
     uint G1ConcRefinementThreads                  = 8                                         {product} {ergonomic}
   size_t G1HeapRegionSize                         = 1048576                                   {product} {ergonomic}
    uintx GCDrainStackTargetSize                   = 64                                        {product} {ergonomic}
   size_t InitialHeapSize                          = 266338304                                 {product} {ergonomic}
   size_t MarkStackSize                            = 4194304                                   {product} {ergonomic}
   size_t MaxHeapSize                              = 2147483648                                {product} {command line}
   size_t MaxNewSize                               = 1287651328                                {product} {ergonomic}
   size_t MinHeapDeltaBytes                        = 1048576                                   {product} {ergonomic}
    uintx NonNMethodCodeHeapSize                   = 5836300                                {pd product} {ergonomic}
    uintx NonProfiledCodeHeapSize                  = 122910970                              {pd product} {ergonomic}
    uintx ProfiledCodeHeapSize                     = 122910970                              {pd product} {ergonomic}
    uintx ReservedCodeCacheSize                    = 251658240                              {pd product} {ergonomic}
     bool SegmentedCodeCache                       = true                                      {product} {ergonomic}
     bool UseCompressedClassPointers               = true                                 {lp64_product} {ergonomic}
     bool UseCompressedOops                        = true                                 {lp64_product} {ergonomic}
     bool UseG1GC                                  = true                                      {product} {ergonomic}
     bool UseLargePagesIndividualAllocation        = false                                  {pd product} {ergonomic}

Logging:
Log output configuration:
 #0: stdout all=warning uptime,level,tags
 #1: stderr all=off uptime,level,tags

Environment Variables:
PATH=C:\windows\system32;C:\windows;C:\windows\System32\Wbem;C:\windows\System32\WindowsPowerShell\v1.0\;C:\windows\System32\OpenSSH\;C:\Program Files\Git\cmd;C:\Users\musta\AppData\Roaming\nvm;C:\Program Files\nodejs;C:\Users\musta\AppData\Local\Microsoft\WindowsApps;C:\Users\musta\AppData\Local\Programs\Microsoft VS Code\bin;C:\Users\musta\AppData\Roaming\npm;C:\Users\musta\AppData\Roaming\nvm;C:\Program Files\nodejs;C:\MinGW\bin;
USERNAME=musta
OS=Windows_NT
PROCESSOR_IDENTIFIER=Intel64 Family 6 Model 142 Stepping 10, GenuineIntel



---------------  S Y S T E M  ---------------

OS: Windows 10 , 64 bit Build 19041 (10.0.19041.1503)
OS uptime: 4 days 1:14 hours

CPU:total 8 (initial active 8) (4 cores per cpu, 2 threads per core) family 6 model 142 stepping 10 microcode 0xb4, cmov, cx8, fxsr, mmx, sse, sse2, sse3, ssse3, sse4.1, sse4.2, popcnt, avx, avx2, aes, clmul, erms, rtm, 3dnowpref, lzcnt, ht, tsc, tscinvbit, bmi1, bmi2, adx, fma

Memory: 4k page, system-wide physical 16243M (2708M free)
TotalPageFile size 19783M (AvailPageFile size 10M)
current process WorkingSet (physical memory assigned to process): 607M, peak: 613M
current process commit charge ("private bytes"): 647M, peak: 653M

vm_info: OpenJDK 64-Bit Server VM (11.0.10+0-b96-7249189) for windows-amd64 JRE (11.0.10+0-b96-7249189), built on Mar 31 2021 21:44:00 by "builder" with MS VC++ 14.0 (VS2015)

END.
