#
# There is insufficient memory for the Java Runtime Environment to continue.
# Native memory allocation (malloc) failed to allocate 1107856 bytes for Chunk::new
# Possible reasons:
#   The system is out of physical RAM or swap space
#   The process is running with CompressedOops enabled, and the Java Heap may be blocking the growth of the native heap
# Possible solutions:
#   Reduce memory load on the system
#   Increase physical memory or swap space
#   Check if swap backing store is full
#   Decrease Java heap size (-Xmx/-Xms)
#   Decrease number of Java threads
#   Decrease Java thread stack sizes (-Xss)
#   Set larger code cache with -XX:ReservedCodeCacheSize=
#   JVM is running with Unscaled Compressed Oops mode in which the Java heap is
#     placed in the first 4GB address space. The Java Heap base address is the
#     maximum limit for the native heap growth. Please use -XX:HeapBaseMinAddress
#     to set the Java Heap base and to place the Java Heap above 4GB virtual address.
# This output file may be truncated or incomplete.
#
#  Out of Memory Error (./src/hotspot/share/memory/arena.cpp:197), pid=27148, tid=3852
#
# JRE version: OpenJDK Runtime Environment (11.0.10) (build 11.0.10+0-b96-7249189)
# Java VM: OpenJDK 64-Bit Server VM (11.0.10+0-b96-7249189, mixed mode, tiered, compressed oops, g1 gc, windows-amd64)
# No core dump will be written. Minidumps are not enabled by default on client versions of Windows
#

---------------  S U M M A R Y ------------

Command Line: --add-opens=java.base/java.util=ALL-UNNAMED --add-opens=java.base/java.lang=ALL-UNNAMED --add-opens=java.base/java.lang.invoke=ALL-UNNAMED --add-opens=java.base/java.util=ALL-UNNAMED --add-opens=java.prefs/java.util.prefs=ALL-UNNAMED --add-opens=java.prefs/java.util.prefs=ALL-UNNAMED --add-opens=java.base/java.nio.charset=ALL-UNNAMED --add-opens=java.base/java.net=ALL-UNNAMED --add-opens=java.base/java.util.concurrent.atomic=ALL-UNNAMED -Xmx2048m -Dfile.encoding=UTF-8 -Duser.country=US -Duser.language=en -Duser.variant org.gradle.launcher.daemon.bootstrap.GradleDaemon 7.0.2

Host: Intel(R) Core(TM) i5-8350U CPU @ 1.70GHz, 8 cores, 15G,  Windows 10 , 64 bit Build 19041 (10.0.19041.1503)
Time: Wed Mar  2 14:23:01 2022 Eastern Standard Time elapsed time: 8.005342 seconds (0d 0h 0m 8s)

---------------  T H R E A D  ---------------

Current thread (0x000001f116a1a800):  JavaThread "C2 CompilerThread2" daemon [_thread_in_native, id=3852, stack(0x000000d28ba00000,0x000000d28bb00000)]


Current CompileTask:
C2:   8005 6746       4       java.lang.Class::getMethodsRecursive (99 bytes)

Stack: [0x000000d28ba00000,0x000000d28bb00000]
Native frames: (J=compiled Java code, j=interpreted, Vv=VM code, C=native code)
V  [jvm.dll+0x5ecfaa]
V  [jvm.dll+0x722bd5]
V  [jvm.dll+0x72412d]
V  [jvm.dll+0x7247e3]
V  [jvm.dll+0x242928]
V  [jvm.dll+0xbc4fc]
V  [jvm.dll+0xbca0c]
V  [jvm.dll+0x352d3b]
V  [jvm.dll+0x320ad3]
V  [jvm.dll+0x31ffca]
V  [jvm.dll+0x1fb602]
V  [jvm.dll+0x1fa7f4]
V  [jvm.dll+0x18354c]
V  [jvm.dll+0x208ee7]
V  [jvm.dll+0x207731]
V  [jvm.dll+0x6eb1cf]
V  [jvm.dll+0x6e3d45]
V  [jvm.dll+0x5ebe96]
C  [ucrtbase.dll+0x21bb2]
C  [KERNEL32.DLL+0x17034]
C  [ntdll.dll+0x52651]


---------------  P R O C E S S  ---------------

Threads class SMR info:
_java_thread_list=0x000001f119008dc0, length=53, elements={
0x000001f1782e0800, 0x000001f113030000, 0x000001f11303d000, 0x000001f113098800,
0x000001f11309a000, 0x000001f11309c000, 0x000001f11309f800, 0x000001f1130b1000,
0x000001f1130b2000, 0x000001f11320a800, 0x000001f114fff800, 0x000001f1151a1000,
0x000001f115066800, 0x000001f114b74000, 0x000001f1160a0800, 0x000001f115adf000,
0x000001f1145aa800, 0x000001f1158bc800, 0x000001f114bfd000, 0x000001f1145a9000,
0x000001f1145a6800, 0x000001f1145a8000, 0x000001f1145a7800, 0x000001f115893000,
0x000001f115736800, 0x000001f115738800, 0x000001f11573a800, 0x000001f115737000,
0x000001f115739800, 0x000001f115738000, 0x000001f115735800, 0x000001f115734800,
0x000001f11573c000, 0x000001f116a1a800, 0x000001f11573d800, 0x000001f11573e800,
0x000001f11573f000, 0x000001f115741000, 0x000001f11573b000, 0x000001f115740000,
0x000001f115742800, 0x000001f115743800, 0x000001f1185ea000, 0x000001f1185ec800,
0x000001f1185ed800, 0x000001f1185e8800, 0x000001f1185ee800, 0x000001f1185eb000,
0x000001f1185ef000, 0x000001f1185ec000, 0x000001f1185e9800, 0x000001f1185f3000,
0x000001f1185f2800
}

Java Threads: ( => current thread )
  0x000001f1782e0800 JavaThread "main" [_thread_blocked, id=3096, stack(0x000000d288a00000,0x000000d288b00000)]
  0x000001f113030000 JavaThread "Reference Handler" daemon [_thread_blocked, id=15176, stack(0x000000d289100000,0x000000d289200000)]
  0x000001f11303d000 JavaThread "Finalizer" daemon [_thread_blocked, id=16332, stack(0x000000d289200000,0x000000d289300000)]
  0x000001f113098800 JavaThread "Signal Dispatcher" daemon [_thread_blocked, id=18624, stack(0x000000d289300000,0x000000d289400000)]
  0x000001f11309a000 JavaThread "Attach Listener" daemon [_thread_blocked, id=13764, stack(0x000000d289400000,0x000000d289500000)]
  0x000001f11309c000 JavaThread "Service Thread" daemon [_thread_blocked, id=9304, stack(0x000000d289500000,0x000000d289600000)]
  0x000001f11309f800 JavaThread "C2 CompilerThread0" daemon [_thread_in_native, id=13876, stack(0x000000d289600000,0x000000d289700000)]
  0x000001f1130b1000 JavaThread "C1 CompilerThread0" daemon [_thread_in_native, id=7580, stack(0x000000d289700000,0x000000d289800000)]
  0x000001f1130b2000 JavaThread "Sweeper thread" daemon [_thread_blocked, id=6536, stack(0x000000d289800000,0x000000d289900000)]
  0x000001f11320a800 JavaThread "Common-Cleaner" daemon [_thread_blocked, id=23316, stack(0x000000d289900000,0x000000d289a00000)]
  0x000001f114fff800 JavaThread "Daemon health stats" [_thread_blocked, id=3120, stack(0x000000d28a200000,0x000000d28a300000)]
  0x000001f1151a1000 JavaThread "Incoming local TCP Connector on port 52455" [_thread_in_native, id=19200, stack(0x000000d289b00000,0x000000d289c00000)]
  0x000001f115066800 JavaThread "Daemon periodic checks" [_thread_blocked, id=23560, stack(0x000000d28a100000,0x000000d28a200000)]
  0x000001f114b74000 JavaThread "Daemon" [_thread_blocked, id=25688, stack(0x000000d28a300000,0x000000d28a400000)]
  0x000001f1160a0800 JavaThread "Handler for socket connection from /127.0.0.1:52455 to /127.0.0.1:52456" [_thread_in_native, id=23708, stack(0x000000d28a400000,0x000000d28a500000)]
  0x000001f115adf000 JavaThread "Cancel handler" [_thread_blocked, id=17812, stack(0x000000d28a500000,0x000000d28a600000)]
  0x000001f1145aa800 JavaThread "Daemon worker" [_thread_in_Java, id=23488, stack(0x000000d28a600000,0x000000d28a700000)]
  0x000001f1158bc800 JavaThread "Asynchronous log dispatcher for DefaultDaemonConnection: socket connection from /127.0.0.1:52455 to /127.0.0.1:52456" [_thread_blocked, id=18784, stack(0x000000d28a700000,0x000000d28a800000)]
  0x000001f114bfd000 JavaThread "Stdin handler" [_thread_blocked, id=19248, stack(0x000000d28a800000,0x000000d28a900000)]
  0x000001f1145a9000 JavaThread "Daemon client event forwarder" [_thread_blocked, id=25160, stack(0x000000d28a900000,0x000000d28aa00000)]
  0x000001f1145a6800 JavaThread "Cache worker for file hash cache (C:\Users\musta\.gradle\caches\7.0.2\fileHashes)" [_thread_blocked, id=27204, stack(0x000000d28aa00000,0x000000d28ab00000)]
  0x000001f1145a8000 JavaThread "File lock request listener" [_thread_in_native, id=26160, stack(0x000000d28ab00000,0x000000d28ac00000)]
  0x000001f1145a7800 JavaThread "Cache worker for journal cache (C:\Users\musta\.gradle\caches\journal-1)" [_thread_blocked, id=26892, stack(0x000000d28af00000,0x000000d28b000000)]
  0x000001f115893000 JavaThread "C2 CompilerThread1" daemon [_thread_in_native, id=24720, stack(0x000000d28b000000,0x000000d28b100000)]
  0x000001f115736800 JavaThread "Cache worker for file hash cache (C:\Users\musta\AndroidStudioProjects\Flixster\.gradle\7.0.2\fileHashes)" [_thread_blocked, id=11884, stack(0x000000d28b100000,0x000000d28b200000)]
  0x000001f115738800 JavaThread "File watcher server" daemon [_thread_in_native, id=24520, stack(0x000000d28b200000,0x000000d28b300000)]
  0x000001f11573a800 JavaThread "File watcher consumer" daemon [_thread_blocked, id=3244, stack(0x000000d28b300000,0x000000d28b400000)]
  0x000001f115737000 JavaThread "jar transforms" [_thread_blocked, id=24244, stack(0x000000d28b400000,0x000000d28b500000)]
  0x000001f115739800 JavaThread "jar transforms Thread 2" [_thread_blocked, id=23304, stack(0x000000d28b500000,0x000000d28b600000)]
  0x000001f115738000 JavaThread "jar transforms Thread 3" [_thread_blocked, id=26028, stack(0x000000d28b600000,0x000000d28b700000)]
  0x000001f115735800 JavaThread "jar transforms Thread 4" [_thread_blocked, id=21232, stack(0x000000d28b700000,0x000000d28b800000)]
  0x000001f115734800 JavaThread "jar transforms Thread 5" [_thread_blocked, id=11532, stack(0x000000d28b800000,0x000000d28b900000)]
  0x000001f11573c000 JavaThread "jar transforms Thread 6" [_thread_blocked, id=6348, stack(0x000000d28b900000,0x000000d28ba00000)]
=>0x000001f116a1a800 JavaThread "C2 CompilerThread2" daemon [_thread_in_native, id=3852, stack(0x000000d28ba00000,0x000000d28bb00000)]
  0x000001f11573d800 JavaThread "jar transforms Thread 7" [_thread_blocked, id=13212, stack(0x000000d28bb00000,0x000000d28bc00000)]
  0x000001f11573e800 JavaThread "jar transforms Thread 8" [_thread_blocked, id=26280, stack(0x000000d28bc00000,0x000000d28bd00000)]
  0x000001f11573f000 JavaThread "Cache worker for checksums cache (C:\Users\musta\AndroidStudioProjects\Flixster\.gradle\checksums)" [_thread_blocked, id=13736, stack(0x000000d28bd00000,0x000000d28be00000)]
  0x000001f115741000 JavaThread "Cache worker for cache directory md-supplier (C:\Users\musta\.gradle\caches\7.0.2\md-supplier)" [_thread_blocked, id=21260, stack(0x000000d28be00000,0x000000d28bf00000)]
  0x000001f11573b000 JavaThread "Cache worker for cache directory md-rule (C:\Users\musta\.gradle\caches\7.0.2\md-rule)" [_thread_blocked, id=22412, stack(0x000000d28bf00000,0x000000d28c000000)]
  0x000001f115740000 JavaThread "Cache worker for execution history cache (C:\Users\musta\.gradle\caches\7.0.2\executionHistory)" [_thread_blocked, id=22772, stack(0x000000d28c000000,0x000000d28c100000)]
  0x000001f115742800 JavaThread "Cache worker for file content cache (C:\Users\musta\.gradle\caches\7.0.2\fileContent)" [_thread_blocked, id=18940, stack(0x000000d28c100000,0x000000d28c200000)]
  0x000001f115743800 JavaThread "Cache worker for dependencies-accessors (C:\Users\musta\AndroidStudioProjects\Flixster\.gradle\7.0.2\dependencies-accessors)" [_thread_blocked, id=12532, stack(0x000000d28c200000,0x000000d28c300000)]
  0x000001f1185ea000 JavaThread "Cache worker for Build Output Cleanup Cache (C:\Users\musta\AndroidStudioProjects\Flixster\.gradle\buildOutputCleanup)" [_thread_blocked, id=26936, stack(0x000000d28c300000,0x000000d28c400000)]
  0x000001f1185ec800 JavaThread "Build operations" [_thread_blocked, id=9596, stack(0x000000d28c400000,0x000000d28c500000)]
  0x000001f1185ed800 JavaThread "Build operations Thread 2" [_thread_blocked, id=24088, stack(0x000000d28c500000,0x000000d28c600000)]
  0x000001f1185e8800 JavaThread "Build operations Thread 3" [_thread_blocked, id=26132, stack(0x000000d28c600000,0x000000d28c700000)]
  0x000001f1185ee800 JavaThread "Build operations Thread 4" [_thread_blocked, id=6860, stack(0x000000d28c700000,0x000000d28c800000)]
  0x000001f1185eb000 JavaThread "Build operations Thread 5" [_thread_blocked, id=20628, stack(0x000000d28c800000,0x000000d28c900000)]
  0x000001f1185ef000 JavaThread "Build operations Thread 6" [_thread_blocked, id=21748, stack(0x000000d28c900000,0x000000d28ca00000)]
  0x000001f1185ec000 JavaThread "Build operations Thread 7" [_thread_blocked, id=14064, stack(0x000000d28ca00000,0x000000d28cb00000)]
  0x000001f1185e9800 JavaThread "Build operations Thread 8" [_thread_blocked, id=22272, stack(0x000000d28cb00000,0x000000d28cc00000)]
  0x000001f1185f3000 JavaThread "Memory manager" [_thread_blocked, id=2972, stack(0x000000d28cc00000,0x000000d28cd00000)]
  0x000001f1185f2800 JavaThread "build event listener" [_thread_blocked, id=20752, stack(0x000000d28cd00000,0x000000d28ce00000)]

Other Threads:
  0x000001f11302c800 VMThread "VM Thread" [stack: 0x000000d289000000,0x000000d289100000] [id=21196]
  0x000001f113215800 WatcherThread [stack: 0x000000d289a00000,0x000000d289b00000] [id=13084]
  0x000001f1782fb000 GCTaskThread "GC Thread#0" [stack: 0x000000d288b00000,0x000000d288c00000] [id=8076]
  0x000001f114087800 GCTaskThread "GC Thread#1" [stack: 0x000000d289c00000,0x000000d289d00000] [id=24308]
  0x000001f113fc5800 GCTaskThread "GC Thread#2" [stack: 0x000000d289d00000,0x000000d289e00000] [id=1976]
  0x000001f113e54800 GCTaskThread "GC Thread#3" [stack: 0x000000d289e00000,0x000000d289f00000] [id=24660]
  0x000001f114092800 GCTaskThread "GC Thread#4" [stack: 0x000000d289f00000,0x000000d28a000000] [id=11648]
  0x000001f113efb000 GCTaskThread "GC Thread#5" [stack: 0x000000d28a000000,0x000000d28a100000] [id=19312]
  0x000001f11534a000 GCTaskThread "GC Thread#6" [stack: 0x000000d28ac00000,0x000000d28ad00000] [id=25436]
  0x000001f114719800 GCTaskThread "GC Thread#7" [stack: 0x000000d28ad00000,0x000000d28ae00000] [id=1260]
  0x000001f17832d000 ConcurrentGCThread "G1 Main Marker" [stack: 0x000000d288c00000,0x000000d288d00000] [id=16368]
  0x000001f17832e000 ConcurrentGCThread "G1 Conc#0" [stack: 0x000000d288d00000,0x000000d288e00000] [id=6920]
  0x000001f114bab800 ConcurrentGCThread "G1 Conc#1" [stack: 0x000000d28ae00000,0x000000d28af00000] [id=19420]
  0x000001f17f5fe800 ConcurrentGCThread "G1 Refine#0" [stack: 0x000000d288e00000,0x000000d288f00000] [id=18676]
  0x000001f17f5ff800 ConcurrentGCThread "G1 Young RemSet Sampling" [stack: 0x000000d288f00000,0x000000d289000000] [id=15832]

Threads with active compile tasks:
C2 CompilerThread0   8035 6765       4       java.beans.MethodRef::set (58 bytes)
C1 CompilerThread0   8035 6801       2       java.util.ArrayList::toArray (57 bytes)
C2 CompilerThread1   8035 6780       4       java.lang.reflect.Method::getGenericReturnType (20 bytes)
C2 CompilerThread2   8035 6746       4       java.lang.Class::getMethodsRecursive (99 bytes)

VM state:not at safepoint (normal execution)

VM Mutex/Monitor currently owned by a thread: None

Heap address: 0x0000000080000000, size: 2048 MB, Compressed Oops mode: 32-bit
Narrow klass base: 0x0000000000000000, Narrow klass shift: 3
Compressed class space size: 1073741824 Address: 0x0000000100000000

Heap:
 garbage-first heap   total 260096K, used 146586K [0x0000000080000000, 0x0000000100000000)
  region size 1024K, 74 young (75776K), 9 survivors (9216K)
 Metaspace       used 67444K, capacity 69330K, committed 69376K, reserved 1110016K
  class space    used 8581K, capacity 9216K, committed 9216K, reserved 1048576K
Heap Regions: E=young(eden), S=young(survivor), O=old, HS=humongous(starts), HC=humongous(continues), CS=collection set, F=free, A=archive, TAMS=top-at-mark-start (previous, next)
|   0|0x0000000080000000, 0x0000000080100000, 0x0000000080100000|100%|HS|  |TAMS 0x0000000080100000, 0x0000000080000000| Complete 
|   1|0x0000000080100000, 0x0000000080200000, 0x0000000080200000|100%|HC|  |TAMS 0x0000000080200000, 0x0000000080100000| Complete 
|   2|0x0000000080200000, 0x0000000080300000, 0x0000000080300000|100%| O|  |TAMS 0x0000000080300000, 0x0000000080200000| Untracked 
|   3|0x0000000080300000, 0x0000000080400000, 0x0000000080400000|100%|HS|  |TAMS 0x0000000080400000, 0x0000000080300000| Complete 
|   4|0x0000000080400000, 0x0000000080500000, 0x0000000080500000|100%|HC|  |TAMS 0x0000000080500000, 0x0000000080400000| Complete 
|   5|0x0000000080500000, 0x0000000080600000, 0x0000000080600000|100%|HC|  |TAMS 0x0000000080600000, 0x0000000080500000| Complete 
|   6|0x0000000080600000, 0x0000000080700000, 0x0000000080700000|100%| O|  |TAMS 0x0000000080700000, 0x0000000080600000| Untracked 
|   7|0x0000000080700000, 0x0000000080800000, 0x0000000080800000|100%| O|  |TAMS 0x0000000080800000, 0x0000000080700000| Untracked 
|   8|0x0000000080800000, 0x0000000080900000, 0x0000000080900000|100%| O|  |TAMS 0x0000000080900000, 0x0000000080800000| Untracked 
|   9|0x0000000080900000, 0x0000000080a00000, 0x0000000080a00000|100%|HS|  |TAMS 0x0000000080a00000, 0x0000000080900000| Complete 
|  10|0x0000000080a00000, 0x0000000080b00000, 0x0000000080b00000|100%|HC|  |TAMS 0x0000000080b00000, 0x0000000080a00000| Complete 
|  11|0x0000000080b00000, 0x0000000080c00000, 0x0000000080c00000|100%|HC|  |TAMS 0x0000000080c00000, 0x0000000080b00000| Complete 
|  12|0x0000000080c00000, 0x0000000080d00000, 0x0000000080d00000|100%|HS|  |TAMS 0x0000000080d00000, 0x0000000080c00000| Complete 
|  13|0x0000000080d00000, 0x0000000080e00000, 0x0000000080e00000|100%|HC|  |TAMS 0x0000000080e00000, 0x0000000080d00000| Complete 
|  14|0x0000000080e00000, 0x0000000080f00000, 0x0000000080f00000|100%|HC|  |TAMS 0x0000000080f00000, 0x0000000080e00000| Complete 
|  15|0x0000000080f00000, 0x0000000081000000, 0x0000000081000000|100%|HC|  |TAMS 0x0000000081000000, 0x0000000080f00000| Complete 
|  16|0x0000000081000000, 0x0000000081100000, 0x0000000081100000|100%|HC|  |TAMS 0x0000000081100000, 0x0000000081000000| Complete 
|  17|0x0000000081100000, 0x0000000081200000, 0x0000000081200000|100%| O|  |TAMS 0x0000000081200000, 0x0000000081100000| Untracked 
|  18|0x0000000081200000, 0x0000000081300000, 0x0000000081300000|100%| O|  |TAMS 0x0000000081300000, 0x0000000081200000| Untracked 
|  19|0x0000000081300000, 0x0000000081400000, 0x0000000081400000|100%| O|  |TAMS 0x0000000081400000, 0x0000000081300000| Untracked 
|  20|0x0000000081400000, 0x0000000081500000, 0x0000000081500000|100%| O|  |TAMS 0x0000000081500000, 0x0000000081400000| Untracked 
|  21|0x0000000081500000, 0x0000000081600000, 0x0000000081600000|100%| O|  |TAMS 0x0000000081600000, 0x0000000081500000| Untracked 
|  22|0x0000000081600000, 0x0000000081700000, 0x0000000081700000|100%| O|  |TAMS 0x0000000081700000, 0x0000000081600000| Untracked 
|  23|0x0000000081700000, 0x0000000081800000, 0x0000000081800000|100%| O|  |TAMS 0x0000000081800000, 0x0000000081700000| Untracked 
|  24|0x0000000081800000, 0x0000000081900000, 0x0000000081900000|100%| O|  |TAMS 0x0000000081900000, 0x0000000081800000| Untracked 
|  25|0x0000000081900000, 0x0000000081a00000, 0x0000000081a00000|100%| O|  |TAMS 0x0000000081a00000, 0x0000000081900000| Untracked 
|  26|0x0000000081a00000, 0x0000000081b00000, 0x0000000081b00000|100%|HS|  |TAMS 0x0000000081a00000, 0x0000000081a00000| Complete 
|  27|0x0000000081b00000, 0x0000000081c00000, 0x0000000081c00000|100%|HS|  |TAMS 0x0000000081b00000, 0x0000000081b00000| Complete 
|  28|0x0000000081c00000, 0x0000000081d00000, 0x0000000081d00000|100%|HS|  |TAMS 0x0000000081c00000, 0x0000000081c00000| Complete 
|  29|0x0000000081d00000, 0x0000000081e00000, 0x0000000081e00000|100%|HS|  |TAMS 0x0000000081e00000, 0x0000000081d00000| Complete 
|  30|0x0000000081e00000, 0x0000000081f00000, 0x0000000081f00000|100%|HC|  |TAMS 0x0000000081f00000, 0x0000000081e00000| Complete 
|  31|0x0000000081f00000, 0x0000000082000000, 0x0000000082000000|100%|HC|  |TAMS 0x0000000082000000, 0x0000000081f00000| Complete 
|  32|0x0000000082000000, 0x0000000082100000, 0x0000000082100000|100%|HC|  |TAMS 0x0000000082100000, 0x0000000082000000| Complete 
|  33|0x0000000082100000, 0x0000000082200000, 0x0000000082200000|100%|HC|  |TAMS 0x0000000082200000, 0x0000000082100000| Complete 
|  34|0x0000000082200000, 0x0000000082300000, 0x0000000082300000|100%|HS|  |TAMS 0x0000000082300000, 0x0000000082200000| Complete 
|  35|0x0000000082300000, 0x0000000082400000, 0x0000000082400000|100%|HC|  |TAMS 0x0000000082400000, 0x0000000082300000| Complete 
|  36|0x0000000082400000, 0x0000000082500000, 0x0000000082500000|100%|HC|  |TAMS 0x0000000082500000, 0x0000000082400000| Complete 
|  37|0x0000000082500000, 0x0000000082600000, 0x0000000082600000|100%| O|  |TAMS 0x0000000082500000, 0x0000000082500000| Untracked 
|  38|0x0000000082600000, 0x0000000082700000, 0x0000000082700000|100%| O|  |TAMS 0x0000000082700000, 0x0000000082600000| Untracked 
|  39|0x0000000082700000, 0x0000000082800000, 0x0000000082800000|100%| O|  |TAMS 0x0000000082800000, 0x0000000082700000| Untracked 
|  40|0x0000000082800000, 0x0000000082900000, 0x0000000082900000|100%| O|  |TAMS 0x0000000082900000, 0x0000000082800000| Untracked 
|  41|0x0000000082900000, 0x0000000082a00000, 0x0000000082a00000|100%| O|  |TAMS 0x0000000082a00000, 0x0000000082900000| Untracked 
|  42|0x0000000082a00000, 0x0000000082b00000, 0x0000000082b00000|100%| O|  |TAMS 0x0000000082a99e00, 0x0000000082a00000| Untracked 
|  43|0x0000000082b00000, 0x0000000082c00000, 0x0000000082c00000|100%|HS|  |TAMS 0x0000000082b00000, 0x0000000082b00000| Complete 
|  44|0x0000000082c00000, 0x0000000082d00000, 0x0000000082d00000|100%|HC|  |TAMS 0x0000000082c00000, 0x0000000082c00000| Complete 
|  45|0x0000000082d00000, 0x0000000082e00000, 0x0000000082e00000|100%|HC|  |TAMS 0x0000000082d00000, 0x0000000082d00000| Complete 
|  46|0x0000000082e00000, 0x0000000082f00000, 0x0000000082f00000|100%| O|  |TAMS 0x0000000082e00000, 0x0000000082e00000| Untracked 
|  47|0x0000000082f00000, 0x0000000083000000, 0x0000000083000000|100%| O|  |TAMS 0x0000000082f00000, 0x0000000082f00000| Untracked 
|  48|0x0000000083000000, 0x0000000083100000, 0x0000000083100000|100%| O|  |TAMS 0x0000000083000000, 0x0000000083000000| Untracked 
|  49|0x0000000083100000, 0x0000000083200000, 0x0000000083200000|100%| O|  |TAMS 0x0000000083100000, 0x0000000083100000| Untracked 
|  50|0x0000000083200000, 0x0000000083300000, 0x0000000083300000|100%| O|  |TAMS 0x0000000083200000, 0x0000000083200000| Untracked 
|  51|0x0000000083300000, 0x0000000083400000, 0x0000000083400000|100%| O|  |TAMS 0x0000000083300000, 0x0000000083300000| Untracked 
|  52|0x0000000083400000, 0x0000000083500000, 0x0000000083500000|100%| O|  |TAMS 0x0000000083400000, 0x0000000083400000| Untracked 
|  53|0x0000000083500000, 0x0000000083600000, 0x0000000083600000|100%| O|  |TAMS 0x0000000083500000, 0x0000000083500000| Untracked 
|  54|0x0000000083600000, 0x0000000083700000, 0x0000000083700000|100%| O|  |TAMS 0x0000000083600000, 0x0000000083600000| Untracked 
|  55|0x0000000083700000, 0x0000000083800000, 0x0000000083800000|100%| O|  |TAMS 0x0000000083700000, 0x0000000083700000| Untracked 
|  56|0x0000000083800000, 0x0000000083900000, 0x0000000083900000|100%| O|  |TAMS 0x0000000083800000, 0x0000000083800000| Untracked 
|  57|0x0000000083900000, 0x0000000083a00000, 0x0000000083a00000|100%|HS|  |TAMS 0x0000000083900000, 0x0000000083900000| Complete 
|  58|0x0000000083a00000, 0x0000000083b00000, 0x0000000083b00000|100%|HC|  |TAMS 0x0000000083a00000, 0x0000000083a00000| Complete 
|  59|0x0000000083b00000, 0x0000000083c00000, 0x0000000083c00000|100%| O|  |TAMS 0x0000000083b00000, 0x0000000083b00000| Untracked 
|  60|0x0000000083c00000, 0x0000000083d00000, 0x0000000083d00000|100%| O|  |TAMS 0x0000000083c00000, 0x0000000083c00000| Untracked 
|  61|0x0000000083d00000, 0x0000000083e00000, 0x0000000083e00000|100%| O|  |TAMS 0x0000000083d00000, 0x0000000083d00000| Untracked 
|  62|0x0000000083e00000, 0x0000000083f00000, 0x0000000083f00000|100%| O|  |TAMS 0x0000000083e00000, 0x0000000083e00000| Untracked 
|  63|0x0000000083f00000, 0x0000000084000000, 0x0000000084000000|100%| O|  |TAMS 0x0000000083f00000, 0x0000000083f00000| Untracked 
|  64|0x0000000084000000, 0x0000000084100000, 0x0000000084100000|100%| O|  |TAMS 0x0000000084000000, 0x0000000084000000| Untracked 
|  65|0x0000000084100000, 0x0000000084200000, 0x0000000084200000|100%| O|  |TAMS 0x0000000084100000, 0x0000000084100000| Untracked 
|  66|0x0000000084200000, 0x0000000084300000, 0x0000000084300000|100%| O|  |TAMS 0x0000000084200000, 0x0000000084200000| Untracked 
|  67|0x0000000084300000, 0x0000000084400000, 0x0000000084400000|100%| O|  |TAMS 0x0000000084300000, 0x0000000084300000| Untracked 
|  68|0x0000000084400000, 0x0000000084500000, 0x0000000084500000|100%| O|  |TAMS 0x0000000084400000, 0x0000000084400000| Untracked 
|  69|0x0000000084500000, 0x00000000845f3a00, 0x0000000084600000| 95%| O|  |TAMS 0x0000000084500000, 0x0000000084500000| Untracked 
|  70|0x0000000084600000, 0x0000000084700000, 0x0000000084700000|100%|HS|  |TAMS 0x0000000084600000, 0x0000000084600000| Complete 
|  71|0x0000000084700000, 0x0000000084700000, 0x0000000084800000|  0%| F|  |TAMS 0x0000000084700000, 0x0000000084700000| Untracked 
|  72|0x0000000084800000, 0x0000000084800000, 0x0000000084900000|  0%| F|  |TAMS 0x0000000084800000, 0x0000000084800000| Untracked 
|  73|0x0000000084900000, 0x0000000084900000, 0x0000000084a00000|  0%| F|  |TAMS 0x0000000084900000, 0x0000000084900000| Untracked 
|  74|0x0000000084a00000, 0x0000000084a00000, 0x0000000084b00000|  0%| F|  |TAMS 0x0000000084a00000, 0x0000000084a00000| Untracked 
|  75|0x0000000084b00000, 0x0000000084b00000, 0x0000000084c00000|  0%| F|  |TAMS 0x0000000084b00000, 0x0000000084b00000| Untracked 
|  76|0x0000000084c00000, 0x0000000084c00000, 0x0000000084d00000|  0%| F|  |TAMS 0x0000000084c00000, 0x0000000084c00000| Untracked 
|  77|0x0000000084d00000, 0x0000000084d00000, 0x0000000084e00000|  0%| F|  |TAMS 0x0000000084d00000, 0x0000000084d00000| Untracked 
|  78|0x0000000084e00000, 0x0000000084e00000, 0x0000000084f00000|  0%| F|  |TAMS 0x0000000084e00000, 0x0000000084e00000| Untracked 
|  79|0x0000000084f00000, 0x0000000084f00000, 0x0000000085000000|  0%| F|  |TAMS 0x0000000084f00000, 0x0000000084f00000| Untracked 
|  80|0x0000000085000000, 0x0000000085000000, 0x0000000085100000|  0%| F|  |TAMS 0x0000000085000000, 0x0000000085000000| Untracked 
|  81|0x0000000085100000, 0x0000000085100000, 0x0000000085200000|  0%| F|  |TAMS 0x0000000085100000, 0x0000000085100000| Untracked 
|  82|0x0000000085200000, 0x0000000085200000, 0x0000000085300000|  0%| F|  |TAMS 0x0000000085200000, 0x0000000085200000| Untracked 
|  83|0x0000000085300000, 0x0000000085300000, 0x0000000085400000|  0%| F|  |TAMS 0x0000000085300000, 0x0000000085300000| Untracked 
|  84|0x0000000085400000, 0x0000000085400000, 0x0000000085500000|  0%| F|  |TAMS 0x0000000085400000, 0x0000000085400000| Untracked 
|  85|0x0000000085500000, 0x0000000085500000, 0x0000000085600000|  0%| F|  |TAMS 0x0000000085500000, 0x0000000085500000| Untracked 
|  86|0x0000000085600000, 0x0000000085600000, 0x0000000085700000|  0%| F|  |TAMS 0x0000000085600000, 0x0000000085600000| Untracked 
|  87|0x0000000085700000, 0x0000000085700000, 0x0000000085800000|  0%| F|  |TAMS 0x0000000085700000, 0x0000000085700000| Untracked 
|  88|0x0000000085800000, 0x0000000085800000, 0x0000000085900000|  0%| F|  |TAMS 0x0000000085800000, 0x0000000085800000| Untracked 
|  89|0x0000000085900000, 0x0000000085900000, 0x0000000085a00000|  0%| F|  |TAMS 0x0000000085900000, 0x0000000085900000| Untracked 
|  90|0x0000000085a00000, 0x0000000085a00000, 0x0000000085b00000|  0%| F|  |TAMS 0x0000000085a00000, 0x0000000085a00000| Untracked 
|  91|0x0000000085b00000, 0x0000000085b00000, 0x0000000085c00000|  0%| F|  |TAMS 0x0000000085b00000, 0x0000000085b00000| Untracked 
|  92|0x0000000085c00000, 0x0000000085c00000, 0x0000000085d00000|  0%| F|  |TAMS 0x0000000085c00000, 0x0000000085c00000| Untracked 
|  93|0x0000000085d00000, 0x0000000085d00000, 0x0000000085e00000|  0%| F|  |TAMS 0x0000000085d00000, 0x0000000085d00000| Untracked 
|  94|0x0000000085e00000, 0x0000000085e00000, 0x0000000085f00000|  0%| F|  |TAMS 0x0000000085e00000, 0x0000000085e00000| Untracked 
|  95|0x0000000085f00000, 0x0000000085f00000, 0x0000000086000000|  0%| F|  |TAMS 0x0000000085f00000, 0x0000000085f00000| Untracked 
|  96|0x0000000086000000, 0x0000000086000000, 0x0000000086100000|  0%| F|  |TAMS 0x0000000086000000, 0x0000000086000000| Untracked 
|  97|0x0000000086100000, 0x0000000086100000, 0x0000000086200000|  0%| F|  |TAMS 0x0000000086100000, 0x0000000086100000| Untracked 
|  98|0x0000000086200000, 0x0000000086200000, 0x0000000086300000|  0%| F|  |TAMS 0x0000000086200000, 0x0000000086200000| Untracked 
|  99|0x0000000086300000, 0x0000000086300000, 0x0000000086400000|  0%| F|  |TAMS 0x0000000086300000, 0x0000000086300000| Untracked 
| 100|0x0000000086400000, 0x0000000086400000, 0x0000000086500000|  0%| F|  |TAMS 0x0000000086400000, 0x0000000086400000| Untracked 
| 101|0x0000000086500000, 0x0000000086500000, 0x0000000086600000|  0%| F|  |TAMS 0x0000000086500000, 0x0000000086500000| Untracked 
| 102|0x0000000086600000, 0x0000000086600000, 0x0000000086700000|  0%| F|  |TAMS 0x0000000086600000, 0x0000000086600000| Untracked 
| 103|0x0000000086700000, 0x0000000086700000, 0x0000000086800000|  0%| F|  |TAMS 0x0000000086700000, 0x0000000086700000| Untracked 
| 104|0x0000000086800000, 0x0000000086800000, 0x0000000086900000|  0%| F|  |TAMS 0x0000000086800000, 0x0000000086800000| Untracked 
| 105|0x0000000086900000, 0x0000000086900000, 0x0000000086a00000|  0%| F|  |TAMS 0x0000000086900000, 0x0000000086900000| Untracked 
| 106|0x0000000086a00000, 0x0000000086a00000, 0x0000000086b00000|  0%| F|  |TAMS 0x0000000086a00000, 0x0000000086a00000| Untracked 
| 107|0x0000000086b00000, 0x0000000086b00000, 0x0000000086c00000|  0%| F|  |TAMS 0x0000000086b00000, 0x0000000086b00000| Untracked 
| 108|0x0000000086c00000, 0x0000000086c00000, 0x0000000086d00000|  0%| F|  |TAMS 0x0000000086c00000, 0x0000000086c00000| Untracked 
| 109|0x0000000086d00000, 0x0000000086d00000, 0x0000000086e00000|  0%| F|  |TAMS 0x0000000086d00000, 0x0000000086d00000| Untracked 
| 110|0x0000000086e00000, 0x0000000086e00000, 0x0000000086f00000|  0%| F|  |TAMS 0x0000000086e00000, 0x0000000086e00000| Untracked 
| 111|0x0000000086f00000, 0x0000000086f00000, 0x0000000087000000|  0%| F|  |TAMS 0x0000000086f00000, 0x0000000086f00000| Untracked 
| 112|0x0000000087000000, 0x0000000087000000, 0x0000000087100000|  0%| F|  |TAMS 0x0000000087000000, 0x0000000087000000| Untracked 
| 113|0x0000000087100000, 0x0000000087100000, 0x0000000087200000|  0%| F|  |TAMS 0x0000000087100000, 0x0000000087100000| Untracked 
| 114|0x0000000087200000, 0x0000000087200000, 0x0000000087300000|  0%| F|  |TAMS 0x0000000087200000, 0x0000000087200000| Untracked 
| 115|0x0000000087300000, 0x0000000087300000, 0x0000000087400000|  0%| F|  |TAMS 0x0000000087300000, 0x0000000087300000| Untracked 
| 116|0x0000000087400000, 0x0000000087400000, 0x0000000087500000|  0%| F|  |TAMS 0x0000000087400000, 0x0000000087400000| Untracked 
| 117|0x0000000087500000, 0x0000000087500000, 0x0000000087600000|  0%| F|  |TAMS 0x0000000087500000, 0x0000000087500000| Untracked 
| 118|0x0000000087600000, 0x0000000087600000, 0x0000000087700000|  0%| F|  |TAMS 0x0000000087600000, 0x0000000087600000| Untracked 
| 119|0x0000000087700000, 0x0000000087700000, 0x0000000087800000|  0%| F|  |TAMS 0x0000000087700000, 0x0000000087700000| Untracked 
| 120|0x0000000087800000, 0x0000000087800000, 0x0000000087900000|  0%| F|  |TAMS 0x0000000087800000, 0x0000000087800000| Untracked 
| 121|0x0000000087900000, 0x0000000087900000, 0x0000000087a00000|  0%| F|  |TAMS 0x0000000087900000, 0x0000000087900000| Untracked 
| 122|0x0000000087a00000, 0x0000000087a00000, 0x0000000087b00000|  0%| F|  |TAMS 0x0000000087a00000, 0x0000000087a00000| Untracked 
| 123|0x0000000087b00000, 0x0000000087b00000, 0x0000000087c00000|  0%| F|  |TAMS 0x0000000087b00000, 0x0000000087b00000| Untracked 
| 124|0x0000000087c00000, 0x0000000087c00000, 0x0000000087d00000|  0%| F|  |TAMS 0x0000000087c00000, 0x0000000087c00000| Untracked 
| 125|0x0000000087d00000, 0x0000000087d00000, 0x0000000087e00000|  0%| F|  |TAMS 0x0000000087d00000, 0x0000000087d00000| Untracked 
| 126|0x0000000087e00000, 0x0000000087e00000, 0x0000000087f00000|  0%| F|  |TAMS 0x0000000087e00000, 0x0000000087e00000| Untracked 
| 127|0x0000000087f00000, 0x0000000087f00000, 0x0000000088000000|  0%| F|  |TAMS 0x0000000087f00000, 0x0000000087f00000| Untracked 
| 128|0x0000000088000000, 0x0000000088000000, 0x0000000088100000|  0%| F|  |TAMS 0x0000000088000000, 0x0000000088000000| Untracked 
| 129|0x0000000088100000, 0x0000000088100000, 0x0000000088200000|  0%| F|  |TAMS 0x0000000088100000, 0x0000000088100000| Untracked 
| 130|0x0000000088200000, 0x0000000088200000, 0x0000000088300000|  0%| F|  |TAMS 0x0000000088200000, 0x0000000088200000| Untracked 
| 131|0x0000000088300000, 0x0000000088300000, 0x0000000088400000|  0%| F|  |TAMS 0x0000000088300000, 0x0000000088300000| Untracked 
| 132|0x0000000088400000, 0x0000000088400000, 0x0000000088500000|  0%| F|  |TAMS 0x0000000088400000, 0x0000000088400000| Untracked 
| 133|0x0000000088500000, 0x0000000088500000, 0x0000000088600000|  0%| F|  |TAMS 0x0000000088500000, 0x0000000088500000| Untracked 
| 134|0x0000000088600000, 0x0000000088600000, 0x0000000088700000|  0%| F|  |TAMS 0x0000000088600000, 0x0000000088600000| Untracked 
| 135|0x0000000088700000, 0x00000000887331c8, 0x0000000088800000| 19%| S|CS|TAMS 0x0000000088700000, 0x0000000088700000| Complete 
| 136|0x0000000088800000, 0x0000000088900000, 0x0000000088900000|100%| S|CS|TAMS 0x0000000088800000, 0x0000000088800000| Complete 
| 137|0x0000000088900000, 0x0000000088a00000, 0x0000000088a00000|100%| S|CS|TAMS 0x0000000088900000, 0x0000000088900000| Complete 
| 138|0x0000000088a00000, 0x0000000088b00000, 0x0000000088b00000|100%| S|CS|TAMS 0x0000000088a00000, 0x0000000088a00000| Complete 
| 139|0x0000000088b00000, 0x0000000088c00000, 0x0000000088c00000|100%| S|CS|TAMS 0x0000000088b00000, 0x0000000088b00000| Complete 
| 140|0x0000000088c00000, 0x0000000088d00000, 0x0000000088d00000|100%| S|CS|TAMS 0x0000000088c00000, 0x0000000088c00000| Complete 
| 141|0x0000000088d00000, 0x0000000088e00000, 0x0000000088e00000|100%| S|CS|TAMS 0x0000000088d00000, 0x0000000088d00000| Complete 
| 142|0x0000000088e00000, 0x0000000088f00000, 0x0000000088f00000|100%| S|CS|TAMS 0x0000000088e00000, 0x0000000088e00000| Complete 
| 143|0x0000000088f00000, 0x0000000089000000, 0x0000000089000000|100%| S|CS|TAMS 0x0000000088f00000, 0x0000000088f00000| Complete 
| 144|0x0000000089000000, 0x0000000089000000, 0x0000000089100000|  0%| F|  |TAMS 0x0000000089000000, 0x0000000089000000| Untracked 
| 145|0x0000000089100000, 0x0000000089100000, 0x0000000089200000|  0%| F|  |TAMS 0x0000000089100000, 0x0000000089100000| Untracked 
| 146|0x0000000089200000, 0x0000000089200000, 0x0000000089300000|  0%| F|  |TAMS 0x0000000089200000, 0x0000000089200000| Untracked 
| 147|0x0000000089300000, 0x0000000089300000, 0x0000000089400000|  0%| F|  |TAMS 0x0000000089300000, 0x0000000089300000| Untracked 
| 148|0x0000000089400000, 0x0000000089400000, 0x0000000089500000|  0%| F|  |TAMS 0x0000000089400000, 0x0000000089400000| Untracked 
| 149|0x0000000089500000, 0x0000000089500000, 0x0000000089600000|  0%| F|  |TAMS 0x0000000089500000, 0x0000000089500000| Untracked 
| 150|0x0000000089600000, 0x0000000089600000, 0x0000000089700000|  0%| F|  |TAMS 0x0000000089600000, 0x0000000089600000| Untracked 
| 151|0x0000000089700000, 0x0000000089700000, 0x0000000089800000|  0%| F|  |TAMS 0x0000000089700000, 0x0000000089700000| Untracked 
| 152|0x0000000089800000, 0x0000000089800000, 0x0000000089900000|  0%| F|  |TAMS 0x0000000089800000, 0x0000000089800000| Untracked 
| 153|0x0000000089900000, 0x0000000089900000, 0x0000000089a00000|  0%| F|  |TAMS 0x0000000089900000, 0x0000000089900000| Untracked 
| 154|0x0000000089a00000, 0x0000000089a00000, 0x0000000089b00000|  0%| F|  |TAMS 0x0000000089a00000, 0x0000000089a00000| Untracked 
| 155|0x0000000089b00000, 0x0000000089b00000, 0x0000000089c00000|  0%| F|  |TAMS 0x0000000089b00000, 0x0000000089b00000| Untracked 
| 156|0x0000000089c00000, 0x0000000089c00000, 0x0000000089d00000|  0%| F|  |TAMS 0x0000000089c00000, 0x0000000089c00000| Untracked 
| 157|0x0000000089d00000, 0x0000000089d00000, 0x0000000089e00000|  0%| F|  |TAMS 0x0000000089d00000, 0x0000000089d00000| Untracked 
| 158|0x0000000089e00000, 0x0000000089e00000, 0x0000000089f00000|  0%| F|  |TAMS 0x0000000089e00000, 0x0000000089e00000| Untracked 
| 159|0x0000000089f00000, 0x0000000089f00000, 0x000000008a000000|  0%| F|  |TAMS 0x0000000089f00000, 0x0000000089f00000| Untracked 
| 160|0x000000008a000000, 0x000000008a000000, 0x000000008a100000|  0%| F|  |TAMS 0x000000008a000000, 0x000000008a000000| Untracked 
| 161|0x000000008a100000, 0x000000008a100000, 0x000000008a200000|  0%| F|  |TAMS 0x000000008a100000, 0x000000008a100000| Untracked 
| 162|0x000000008a200000, 0x000000008a200000, 0x000000008a300000|  0%| F|  |TAMS 0x000000008a200000, 0x000000008a200000| Untracked 
| 163|0x000000008a300000, 0x000000008a300000, 0x000000008a400000|  0%| F|  |TAMS 0x000000008a300000, 0x000000008a300000| Untracked 
| 164|0x000000008a400000, 0x000000008a400000, 0x000000008a500000|  0%| F|  |TAMS 0x000000008a400000, 0x000000008a400000| Untracked 
| 165|0x000000008a500000, 0x000000008a500000, 0x000000008a600000|  0%| F|  |TAMS 0x000000008a500000, 0x000000008a500000| Untracked 
| 166|0x000000008a600000, 0x000000008a600000, 0x000000008a700000|  0%| F|  |TAMS 0x000000008a600000, 0x000000008a600000| Untracked 
| 167|0x000000008a700000, 0x000000008a700000, 0x000000008a800000|  0%| F|  |TAMS 0x000000008a700000, 0x000000008a700000| Untracked 
| 168|0x000000008a800000, 0x000000008a800000, 0x000000008a900000|  0%| F|  |TAMS 0x000000008a800000, 0x000000008a800000| Untracked 
| 169|0x000000008a900000, 0x000000008a900000, 0x000000008aa00000|  0%| F|  |TAMS 0x000000008a900000, 0x000000008a900000| Untracked 
| 170|0x000000008aa00000, 0x000000008aa00000, 0x000000008ab00000|  0%| F|  |TAMS 0x000000008aa00000, 0x000000008aa00000| Untracked 
| 171|0x000000008ab00000, 0x000000008ab00000, 0x000000008ac00000|  0%| F|  |TAMS 0x000000008ab00000, 0x000000008ab00000| Untracked 
| 172|0x000000008ac00000, 0x000000008ac00000, 0x000000008ad00000|  0%| F|  |TAMS 0x000000008ac00000, 0x000000008ac00000| Untracked 
| 173|0x000000008ad00000, 0x000000008ad00000, 0x000000008ae00000|  0%| F|  |TAMS 0x000000008ad00000, 0x000000008ad00000| Untracked 
| 174|0x000000008ae00000, 0x000000008ae00000, 0x000000008af00000|  0%| F|  |TAMS 0x000000008ae00000, 0x000000008ae00000| Untracked 
| 175|0x000000008af00000, 0x000000008af00000, 0x000000008b000000|  0%| F|  |TAMS 0x000000008af00000, 0x000000008af00000| Untracked 
| 176|0x000000008b000000, 0x000000008b000000, 0x000000008b100000|  0%| F|  |TAMS 0x000000008b000000, 0x000000008b000000| Untracked 
| 177|0x000000008b100000, 0x000000008b100000, 0x000000008b200000|  0%| F|  |TAMS 0x000000008b100000, 0x000000008b100000| Untracked 
| 178|0x000000008b200000, 0x000000008b200000, 0x000000008b300000|  0%| F|  |TAMS 0x000000008b200000, 0x000000008b200000| Untracked 
| 179|0x000000008b300000, 0x000000008b300000, 0x000000008b400000|  0%| F|  |TAMS 0x000000008b300000, 0x000000008b300000| Untracked 
| 180|0x000000008b400000, 0x000000008b400000, 0x000000008b500000|  0%| F|  |TAMS 0x000000008b400000, 0x000000008b400000| Untracked 
| 181|0x000000008b500000, 0x000000008b500000, 0x000000008b600000|  0%| F|  |TAMS 0x000000008b500000, 0x000000008b500000| Untracked 
| 182|0x000000008b600000, 0x000000008b600000, 0x000000008b700000|  0%| F|  |TAMS 0x000000008b600000, 0x000000008b600000| Untracked 
| 183|0x000000008b700000, 0x000000008b700000, 0x000000008b800000|  0%| F|  |TAMS 0x000000008b700000, 0x000000008b700000| Untracked 
| 184|0x000000008b800000, 0x000000008b800000, 0x000000008b900000|  0%| F|  |TAMS 0x000000008b800000, 0x000000008b800000| Untracked 
| 185|0x000000008b900000, 0x000000008b900000, 0x000000008ba00000|  0%| F|  |TAMS 0x000000008b900000, 0x000000008b900000| Untracked 
| 186|0x000000008ba00000, 0x000000008ba00000, 0x000000008bb00000|  0%| F|  |TAMS 0x000000008ba00000, 0x000000008ba00000| Untracked 
| 187|0x000000008bb00000, 0x000000008bb00000, 0x000000008bc00000|  0%| F|  |TAMS 0x000000008bb00000, 0x000000008bb00000| Untracked 
| 188|0x000000008bc00000, 0x000000008bc80800, 0x000000008bd00000| 50%| E|  |TAMS 0x000000008bc00000, 0x000000008bc00000| Complete 
| 189|0x000000008bd00000, 0x000000008be00000, 0x000000008be00000|100%| E|CS|TAMS 0x000000008bd00000, 0x000000008bd00000| Complete 
| 190|0x000000008be00000, 0x000000008bf00000, 0x000000008bf00000|100%| E|CS|TAMS 0x000000008be00000, 0x000000008be00000| Complete 
| 191|0x000000008bf00000, 0x000000008c000000, 0x000000008c000000|100%| E|CS|TAMS 0x000000008bf00000, 0x000000008bf00000| Complete 
| 192|0x000000008c000000, 0x000000008c100000, 0x000000008c100000|100%| E|CS|TAMS 0x000000008c000000, 0x000000008c000000| Complete 
| 193|0x000000008c100000, 0x000000008c200000, 0x000000008c200000|100%| E|CS|TAMS 0x000000008c100000, 0x000000008c100000| Complete 
| 194|0x000000008c200000, 0x000000008c300000, 0x000000008c300000|100%| E|CS|TAMS 0x000000008c200000, 0x000000008c200000| Complete 
| 195|0x000000008c300000, 0x000000008c400000, 0x000000008c400000|100%| E|CS|TAMS 0x000000008c300000, 0x000000008c300000| Complete 
| 196|0x000000008c400000, 0x000000008c500000, 0x000000008c500000|100%| E|CS|TAMS 0x000000008c400000, 0x000000008c400000| Complete 
| 197|0x000000008c500000, 0x000000008c600000, 0x000000008c600000|100%| E|CS|TAMS 0x000000008c500000, 0x000000008c500000| Complete 
| 198|0x000000008c600000, 0x000000008c700000, 0x000000008c700000|100%| E|CS|TAMS 0x000000008c600000, 0x000000008c600000| Complete 
| 199|0x000000008c700000, 0x000000008c800000, 0x000000008c800000|100%| E|CS|TAMS 0x000000008c700000, 0x000000008c700000| Complete 
| 200|0x000000008c800000, 0x000000008c900000, 0x000000008c900000|100%| E|CS|TAMS 0x000000008c800000, 0x000000008c800000| Complete 
| 201|0x000000008c900000, 0x000000008ca00000, 0x000000008ca00000|100%| E|CS|TAMS 0x000000008c900000, 0x000000008c900000| Complete 
| 202|0x000000008ca00000, 0x000000008cb00000, 0x000000008cb00000|100%| E|CS|TAMS 0x000000008ca00000, 0x000000008ca00000| Complete 
| 203|0x000000008cb00000, 0x000000008cc00000, 0x000000008cc00000|100%| E|CS|TAMS 0x000000008cb00000, 0x000000008cb00000| Complete 
| 204|0x000000008cc00000, 0x000000008cd00000, 0x000000008cd00000|100%| E|CS|TAMS 0x000000008cc00000, 0x000000008cc00000| Complete 
| 205|0x000000008cd00000, 0x000000008ce00000, 0x000000008ce00000|100%| E|CS|TAMS 0x000000008cd00000, 0x000000008cd00000| Complete 
| 206|0x000000008ce00000, 0x000000008cf00000, 0x000000008cf00000|100%| E|CS|TAMS 0x000000008ce00000, 0x000000008ce00000| Complete 
| 207|0x000000008cf00000, 0x000000008d000000, 0x000000008d000000|100%| E|CS|TAMS 0x000000008cf00000, 0x000000008cf00000| Complete 
| 208|0x000000008d000000, 0x000000008d100000, 0x000000008d100000|100%| E|CS|TAMS 0x000000008d000000, 0x000000008d000000| Complete 
| 209|0x000000008d100000, 0x000000008d200000, 0x000000008d200000|100%| E|CS|TAMS 0x000000008d100000, 0x000000008d100000| Complete 
| 210|0x000000008d200000, 0x000000008d300000, 0x000000008d300000|100%| E|CS|TAMS 0x000000008d200000, 0x000000008d200000| Complete 
| 211|0x000000008d300000, 0x000000008d400000, 0x000000008d400000|100%| E|CS|TAMS 0x000000008d300000, 0x000000008d300000| Complete 
| 212|0x000000008d400000, 0x000000008d500000, 0x000000008d500000|100%| E|CS|TAMS 0x000000008d400000, 0x000000008d400000| Complete 
| 213|0x000000008d500000, 0x000000008d600000, 0x000000008d600000|100%| E|CS|TAMS 0x000000008d500000, 0x000000008d500000| Complete 
| 214|0x000000008d600000, 0x000000008d700000, 0x000000008d700000|100%| E|CS|TAMS 0x000000008d600000, 0x000000008d600000| Complete 
| 215|0x000000008d700000, 0x000000008d800000, 0x000000008d800000|100%| E|CS|TAMS 0x000000008d700000, 0x000000008d700000| Complete 
| 216|0x000000008d800000, 0x000000008d900000, 0x000000008d900000|100%| E|CS|TAMS 0x000000008d800000, 0x000000008d800000| Complete 
| 217|0x000000008d900000, 0x000000008da00000, 0x000000008da00000|100%| E|CS|TAMS 0x000000008d900000, 0x000000008d900000| Complete 
| 218|0x000000008da00000, 0x000000008db00000, 0x000000008db00000|100%| E|CS|TAMS 0x000000008da00000, 0x000000008da00000| Complete 
| 219|0x000000008db00000, 0x000000008dc00000, 0x000000008dc00000|100%| E|CS|TAMS 0x000000008db00000, 0x000000008db00000| Complete 
| 220|0x000000008dc00000, 0x000000008dd00000, 0x000000008dd00000|100%| E|CS|TAMS 0x000000008dc00000, 0x000000008dc00000| Complete 
| 221|0x000000008dd00000, 0x000000008de00000, 0x000000008de00000|100%| E|CS|TAMS 0x000000008dd00000, 0x000000008dd00000| Complete 
| 222|0x000000008de00000, 0x000000008df00000, 0x000000008df00000|100%| E|CS|TAMS 0x000000008de00000, 0x000000008de00000| Complete 
| 223|0x000000008df00000, 0x000000008e000000, 0x000000008e000000|100%| E|CS|TAMS 0x000000008df00000, 0x000000008df00000| Complete 
| 224|0x000000008e000000, 0x000000008e100000, 0x000000008e100000|100%| E|CS|TAMS 0x000000008e000000, 0x000000008e000000| Complete 
| 225|0x000000008e100000, 0x000000008e200000, 0x000000008e200000|100%| E|CS|TAMS 0x000000008e100000, 0x000000008e100000| Complete 
| 226|0x000000008e200000, 0x000000008e300000, 0x000000008e300000|100%| E|CS|TAMS 0x000000008e200000, 0x000000008e200000| Complete 
| 227|0x000000008e300000, 0x000000008e400000, 0x000000008e400000|100%| E|CS|TAMS 0x000000008e300000, 0x000000008e300000| Complete 
| 228|0x000000008e400000, 0x000000008e500000, 0x000000008e500000|100%| E|CS|TAMS 0x000000008e400000, 0x000000008e400000| Complete 
| 229|0x000000008e500000, 0x000000008e600000, 0x000000008e600000|100%| E|CS|TAMS 0x000000008e500000, 0x000000008e500000| Complete 
| 230|0x000000008e600000, 0x000000008e700000, 0x000000008e700000|100%| E|CS|TAMS 0x000000008e600000, 0x000000008e600000| Complete 
| 231|0x000000008e700000, 0x000000008e800000, 0x000000008e800000|100%| E|CS|TAMS 0x000000008e700000, 0x000000008e700000| Complete 
| 232|0x000000008e800000, 0x000000008e900000, 0x000000008e900000|100%| E|CS|TAMS 0x000000008e800000, 0x000000008e800000| Complete 
| 233|0x000000008e900000, 0x000000008ea00000, 0x000000008ea00000|100%| E|CS|TAMS 0x000000008e900000, 0x000000008e900000| Complete 
| 234|0x000000008ea00000, 0x000000008eb00000, 0x000000008eb00000|100%| E|CS|TAMS 0x000000008ea00000, 0x000000008ea00000| Complete 
| 235|0x000000008eb00000, 0x000000008ec00000, 0x000000008ec00000|100%| E|CS|TAMS 0x000000008eb00000, 0x000000008eb00000| Complete 
| 236|0x000000008ec00000, 0x000000008ed00000, 0x000000008ed00000|100%| E|CS|TAMS 0x000000008ec00000, 0x000000008ec00000| Complete 
| 237|0x000000008ed00000, 0x000000008ee00000, 0x000000008ee00000|100%| E|CS|TAMS 0x000000008ed00000, 0x000000008ed00000| Complete 
| 238|0x000000008ee00000, 0x000000008ef00000, 0x000000008ef00000|100%| E|CS|TAMS 0x000000008ee00000, 0x000000008ee00000| Complete 
| 239|0x000000008ef00000, 0x000000008f000000, 0x000000008f000000|100%| E|CS|TAMS 0x000000008ef00000, 0x000000008ef00000| Complete 
| 240|0x000000008f000000, 0x000000008f100000, 0x000000008f100000|100%| E|CS|TAMS 0x000000008f000000, 0x000000008f000000| Complete 
| 241|0x000000008f100000, 0x000000008f200000, 0x000000008f200000|100%| E|CS|TAMS 0x000000008f100000, 0x000000008f100000| Complete 
| 242|0x000000008f200000, 0x000000008f300000, 0x000000008f300000|100%| E|CS|TAMS 0x000000008f200000, 0x000000008f200000| Complete 
| 243|0x000000008f300000, 0x000000008f400000, 0x000000008f400000|100%| E|CS|TAMS 0x000000008f300000, 0x000000008f300000| Complete 
| 244|0x000000008f400000, 0x000000008f500000, 0x000000008f500000|100%| E|CS|TAMS 0x000000008f400000, 0x000000008f400000| Complete 
| 245|0x000000008f500000, 0x000000008f600000, 0x000000008f600000|100%| E|CS|TAMS 0x000000008f500000, 0x000000008f500000| Complete 
| 246|0x000000008f600000, 0x000000008f700000, 0x000000008f700000|100%| E|CS|TAMS 0x000000008f600000, 0x000000008f600000| Complete 
| 247|0x000000008f700000, 0x000000008f800000, 0x000000008f800000|100%| E|CS|TAMS 0x000000008f700000, 0x000000008f700000| Complete 
| 248|0x000000008f800000, 0x000000008f900000, 0x000000008f900000|100%| E|CS|TAMS 0x000000008f800000, 0x000000008f800000| Complete 
| 249|0x000000008f900000, 0x000000008fa00000, 0x000000008fa00000|100%| E|CS|TAMS 0x000000008f900000, 0x000000008f900000| Complete 
| 250|0x000000008fa00000, 0x000000008fb00000, 0x000000008fb00000|100%| E|CS|TAMS 0x000000008fa00000, 0x000000008fa00000| Complete 
| 251|0x000000008fb00000, 0x000000008fc00000, 0x000000008fc00000|100%| E|CS|TAMS 0x000000008fb00000, 0x000000008fb00000| Complete 
| 252|0x000000008fc00000, 0x000000008fd00000, 0x000000008fd00000|100%| E|CS|TAMS 0x000000008fc00000, 0x000000008fc00000| Complete 
| 253|0x000000008fd00000, 0x000000008fe00000, 0x000000008fe00000|100%| E|CS|TAMS 0x000000008fd00000, 0x000000008fd00000| Complete 

Card table byte_map: [0x000001f17c500000,0x000001f17c900000] _byte_map_base: 0x000001f17c100000

Marking Bits (Prev, Next): (CMBitMap*) 0x000001f178323ff0, (CMBitMap*) 0x000001f178323fb8
 Prev Bits: [0x000001f10f000000, 0x000001f111000000)
 Next Bits: [0x000001f17cd00000, 0x000001f17ed00000)

Polling page: 0x000001f176490000

Metaspace:

Usage:
  Non-class:     58.71 MB capacity,    57.49 MB ( 98%) used,     1.04 MB (  2%) free+waste,   174.44 KB ( <1%) overhead. 
      Class:      9.00 MB capacity,     8.38 MB ( 93%) used,   550.83 KB (  6%) free+waste,    82.19 KB ( <1%) overhead. 
       Both:     67.71 MB capacity,    65.88 MB ( 97%) used,     1.58 MB (  2%) free+waste,   256.63 KB ( <1%) overhead. 

Virtual space:
  Non-class space:       60.00 MB reserved,      58.75 MB ( 98%) committed 
      Class space:        1.00 GB reserved,       9.00 MB ( <1%) committed 
             Both:        1.06 GB reserved,      67.75 MB (  6%) committed 

Chunk freelists:
   Non-Class:  45.00 KB
       Class:  0 bytes
        Both:  45.00 KB

MaxMetaspaceSize: 17179869184.00 GB
CompressedClassSpaceSize: 1.00 GB

CodeHeap 'non-profiled nmethods': size=120000Kb used=4198Kb max_used=4198Kb free=115801Kb
 bounds [0x000001f107ad0000, 0x000001f107ef0000, 0x000001f10f000000]
CodeHeap 'profiled nmethods': size=120000Kb used=14390Kb max_used=14390Kb free=105609Kb
 bounds [0x000001f1005a0000, 0x000001f1013b0000, 0x000001f107ad0000]
CodeHeap 'non-nmethods': size=5760Kb used=2266Kb max_used=2312Kb free=3493Kb
 bounds [0x000001f100000000, 0x000001f100270000, 0x000001f1005a0000]
 total_blobs=7639 nmethods=6779 adapters=771
 compilation: enabled
              stopped_count=0, restarted_count=0
 full_count=0

Compilation events (20 events):
Event: 7.979 Thread 0x000001f1130b1000 6775       3       org.codehaus.groovy.reflection.CachedClass$3::initValue (5 bytes)
Event: 7.979 Thread 0x000001f1130b1000 nmethod 6775 0x000001f10138db90 code [0x000001f10138dd40, 0x000001f10138de88]
Event: 7.979 Thread 0x000001f1130b1000 6776       3       org.codehaus.groovy.reflection.CachedClass$3$$Lambda$281/0x0000000100451040::run (8 bytes)
Event: 7.979 Thread 0x000001f1130b1000 nmethod 6776 0x000001f10138df10 code [0x000001f10138e0c0, 0x000001f10138e1e8]
Event: 7.984 Thread 0x000001f1130b1000 6777       3       com.sun.beans.introspect.PropertyInfo::get (495 bytes)
Event: 7.988 Thread 0x000001f115893000 nmethod 6731 0x000001f107edeb90 code [0x000001f107edee60, 0x000001f107ee19d0]
Event: 7.988 Thread 0x000001f115893000 6779       4       com.sun.beans.introspect.MethodInfo$MethodOrder::compare (167 bytes)
Event: 7.988 Thread 0x000001f11309f800 nmethod 6760 0x000001f107ee3390 code [0x000001f107ee35a0, 0x000001f107ee4428]
Event: 7.989 Thread 0x000001f11309f800 6765       4       java.beans.MethodRef::set (58 bytes)
Event: 7.993 Thread 0x000001f1130b1000 nmethod 6777 0x000001f10138e310 code [0x000001f10138efe0, 0x000001f101397ec8]
Event: 7.993 Thread 0x000001f1130b1000 6778       2       com.sun.beans.introspect.MethodInfo$MethodOrder::compare (13 bytes)
Event: 7.993 Thread 0x000001f1130b1000 nmethod 6778 0x000001f10139a990 code [0x000001f10139ab40, 0x000001f10139acc8]
Event: 7.996 Thread 0x000001f1130b1000 6783       3       java.lang.Character::isLowerCase (5 bytes)
Event: 7.996 Thread 0x000001f1130b1000 nmethod 6783 0x000001f10139ad90 code [0x000001f10139af80, 0x000001f10139b358]
Event: 7.996 Thread 0x000001f1130b1000 6784       3       java.lang.Character::isLowerCase (28 bytes)
Event: 7.996 Thread 0x000001f1130b1000 nmethod 6784 0x000001f10139b490 code [0x000001f10139b680, 0x000001f10139b9f8]
Event: 7.997 Thread 0x000001f1130b1000 6785       3       java.lang.CharacterDataLatin1::isLowerCase (20 bytes)
Event: 7.997 Thread 0x000001f1130b1000 nmethod 6785 0x000001f10139bb10 code [0x000001f10139bce0, 0x000001f10139bed8]
Event: 8.001 Thread 0x000001f115893000 nmethod 6779 0x000001f107ee4a10 code [0x000001f107ee4c20, 0x000001f107ee5720]
Event: 8.001 Thread 0x000001f115893000 6781       4       java.util.Hashtable$Enumerator::hasMoreElements (53 bytes)

GC Heap History (14 events):
Event: 0.764 GC heap before
{Heap before GC invocations=0 (full 0):
 garbage-first heap   total 260096K, used 29696K [0x0000000080000000, 0x0000000100000000)
  region size 1024K, 24 young (24576K), 0 survivors (0K)
 Metaspace       used 9793K, capacity 9986K, committed 10112K, reserved 1058816K
  class space    used 1021K, capacity 1102K, committed 1152K, reserved 1048576K
}
Event: 0.769 GC heap after
{Heap after GC invocations=1 (full 0):
 garbage-first heap   total 260096K, used 9103K [0x0000000080000000, 0x0000000100000000)
  region size 1024K, 3 young (3072K), 3 survivors (3072K)
 Metaspace       used 9793K, capacity 9986K, committed 10112K, reserved 1058816K
  class space    used 1021K, capacity 1102K, committed 1152K, reserved 1048576K
}
Event: 2.385 GC heap before
{Heap before GC invocations=1 (full 0):
 garbage-first heap   total 260096K, used 105359K [0x0000000080000000, 0x0000000100000000)
  region size 1024K, 98 young (100352K), 3 survivors (3072K)
 Metaspace       used 20591K, capacity 21117K, committed 21248K, reserved 1067008K
  class space    used 2520K, capacity 2731K, committed 2816K, reserved 1048576K
}
Event: 2.395 GC heap after
{Heap after GC invocations=2 (full 0):
 garbage-first heap   total 260096K, used 16630K [0x0000000080000000, 0x0000000100000000)
  region size 1024K, 11 young (11264K), 11 survivors (11264K)
 Metaspace       used 20591K, capacity 21117K, committed 21248K, reserved 1067008K
  class space    used 2520K, capacity 2731K, committed 2816K, reserved 1048576K
}
Event: 2.967 GC heap before
{Heap before GC invocations=3 (full 0):
 garbage-first heap   total 260096K, used 83190K [0x0000000080000000, 0x0000000100000000)
  region size 1024K, 67 young (68608K), 11 survivors (11264K)
 Metaspace       used 26178K, capacity 26917K, committed 27008K, reserved 1073152K
  class space    used 3438K, capacity 3697K, committed 3712K, reserved 1048576K
}
Event: 2.977 GC heap after
{Heap after GC invocations=4 (full 0):
 garbage-first heap   total 260096K, used 31618K [0x0000000080000000, 0x0000000100000000)
  region size 1024K, 5 young (5120K), 5 survivors (5120K)
 Metaspace       used 26178K, capacity 26917K, committed 27008K, reserved 1073152K
  class space    used 3438K, capacity 3697K, committed 3712K, reserved 1048576K
}
Event: 3.743 GC heap before
{Heap before GC invocations=4 (full 0):
 garbage-first heap   total 260096K, used 92034K [0x0000000080000000, 0x0000000100000000)
  region size 1024K, 65 young (66560K), 5 survivors (5120K)
 Metaspace       used 34828K, capacity 35727K, committed 35840K, reserved 1081344K
  class space    used 4556K, capacity 4899K, committed 4992K, reserved 1048576K
}
Event: 3.754 GC heap after
{Heap after GC invocations=5 (full 0):
 garbage-first heap   total 260096K, used 35313K [0x0000000080000000, 0x0000000100000000)
  region size 1024K, 9 young (9216K), 9 survivors (9216K)
 Metaspace       used 34828K, capacity 35727K, committed 35840K, reserved 1081344K
  class space    used 4556K, capacity 4899K, committed 4992K, reserved 1048576K
}
Event: 4.831 GC heap before
{Heap before GC invocations=6 (full 0):
 garbage-first heap   total 260096K, used 146929K [0x0000000080000000, 0x0000000100000000)
  region size 1024K, 107 young (109568K), 9 survivors (9216K)
 Metaspace       used 43946K, capacity 45254K, committed 45440K, reserved 1089536K
  class space    used 5536K, capacity 5976K, committed 6016K, reserved 1048576K
}
Event: 4.850 GC heap after
{Heap after GC invocations=7 (full 0):
 garbage-first heap   total 260096K, used 52282K [0x0000000080000000, 0x0000000100000000)
  region size 1024K, 13 young (13312K), 13 survivors (13312K)
 Metaspace       used 43946K, capacity 45254K, committed 45440K, reserved 1089536K
  class space    used 5536K, capacity 5976K, committed 6016K, reserved 1048576K
}
Event: 6.110 GC heap before
{Heap before GC invocations=8 (full 0):
 garbage-first heap   total 260096K, used 174138K [0x0000000080000000, 0x0000000100000000)
  region size 1024K, 127 young (130048K), 13 survivors (13312K)
 Metaspace       used 49629K, capacity 51064K, committed 51200K, reserved 1093632K
  class space    used 6355K, capacity 6836K, committed 6912K, reserved 1048576K
}
Event: 6.126 GC heap after
{Heap after GC invocations=9 (full 0):
 garbage-first heap   total 260096K, used 69835K [0x0000000080000000, 0x0000000100000000)
  region size 1024K, 12 young (12288K), 12 survivors (12288K)
 Metaspace       used 49629K, capacity 51064K, committed 51200K, reserved 1093632K
  class space    used 6355K, capacity 6836K, committed 6912K, reserved 1048576K
}
Event: 7.427 GC heap before
{Heap before GC invocations=9 (full 0):
 garbage-first heap   total 260096K, used 183499K [0x0000000080000000, 0x0000000100000000)
  region size 1024K, 122 young (124928K), 12 survivors (12288K)
 Metaspace       used 63206K, capacity 65022K, committed 65280K, reserved 1105920K
  class space    used 8036K, capacity 8660K, committed 8704K, reserved 1048576K
}
Event: 7.439 GC heap after
{Heap after GC invocations=10 (full 0):
 garbage-first heap   total 260096K, used 80026K [0x0000000080000000, 0x0000000100000000)
  region size 1024K, 9 young (9216K), 9 survivors (9216K)
 Metaspace       used 63206K, capacity 65022K, committed 65280K, reserved 1105920K
  class space    used 8036K, capacity 8660K, committed 8704K, reserved 1048576K
}

Deoptimization events (20 events):
Event: 7.686 Thread 0x000001f1145aa800 Uncommon trap: trap_request=0xffffff4d fr.pc=0x000001f107b77604 relative=0x00000000000005c4
Event: 7.686 Thread 0x000001f1145aa800 Uncommon trap: reason=unstable_if action=reinterpret pc=0x000001f107b77604 method=java.lang.String.replace(CC)Ljava/lang/String; @ 2 c2
Event: 7.686 Thread 0x000001f1145aa800 DEOPT PACKING pc=0x000001f107b77604 sp=0x000000d28a6f84b0
Event: 7.686 Thread 0x000001f1145aa800 DEOPT UNPACKING pc=0x000001f1000278af sp=0x000000d28a6f8460 mode 2
Event: 7.721 Thread 0x000001f1145aa800 Uncommon trap: trap_request=0xffffff4d fr.pc=0x000001f107dff3f4 relative=0x0000000000000214
Event: 7.721 Thread 0x000001f1145aa800 Uncommon trap: reason=unstable_if action=reinterpret pc=0x000001f107dff3f4 method=java.lang.invoke.LambdaForm$BasicType.basicType(C)Ljava/lang/invoke/LambdaForm$BasicType; @ 1 c2
Event: 7.721 Thread 0x000001f1145aa800 DEOPT PACKING pc=0x000001f107dff3f4 sp=0x000000d28a6f83a0
Event: 7.721 Thread 0x000001f1145aa800 DEOPT UNPACKING pc=0x000001f1000278af sp=0x000000d28a6f8288 mode 2
Event: 7.960 Thread 0x000001f1145aa800 Uncommon trap: trap_request=0xffffff4d fr.pc=0x000001f107ca0700 relative=0x0000000000000340
Event: 7.960 Thread 0x000001f1145aa800 Uncommon trap: reason=unstable_if action=reinterpret pc=0x000001f107ca0700 method=java.util.StringJoiner.add(Ljava/lang/CharSequence;)Ljava/util/StringJoiner; @ 33 c2
Event: 7.960 Thread 0x000001f1145aa800 DEOPT PACKING pc=0x000001f107ca0700 sp=0x000000d28a6f6100
Event: 7.960 Thread 0x000001f1145aa800 DEOPT UNPACKING pc=0x000001f1000278af sp=0x000000d28a6f60b0 mode 2
Event: 7.970 Thread 0x000001f1145aa800 Uncommon trap: trap_request=0xffffff4d fr.pc=0x000001f107edb1d8 relative=0x0000000000000518
Event: 7.970 Thread 0x000001f1145aa800 Uncommon trap: reason=unstable_if action=reinterpret pc=0x000001f107edb1d8 method=groovy.lang.MetaClassImpl.filterPropertyMethod(Ljava/lang/Object;ZZ)Ljava/lang/Object; @ 60 c2
Event: 7.970 Thread 0x000001f1145aa800 DEOPT PACKING pc=0x000001f107edb1d8 sp=0x000000d28a6f85b0
Event: 7.970 Thread 0x000001f1145aa800 DEOPT UNPACKING pc=0x000001f1000278af sp=0x000000d28a6f8510 mode 2
Event: 7.983 Thread 0x000001f1145aa800 Uncommon trap: trap_request=0xfffffff4 fr.pc=0x000001f107d034e8 relative=0x00000000000009c8
Event: 7.983 Thread 0x000001f1145aa800 Uncommon trap: reason=null_check action=make_not_entrant pc=0x000001f107d034e8 method=com.sun.beans.introspect.MethodInfo$MethodOrder.compare(Ljava/lang/reflect/Method;Ljava/lang/reflect/Method;)I @ 133 c2
Event: 7.983 Thread 0x000001f1145aa800 DEOPT PACKING pc=0x000001f107d034e8 sp=0x000000d28a6f41d0
Event: 7.983 Thread 0x000001f1145aa800 DEOPT UNPACKING pc=0x000001f1000278af sp=0x000000d28a6f4100 mode 2

Classes redefined (0 events):
No events

Internal exceptions (20 events):
Event: 7.959 Thread 0x000001f1145aa800 Exception <a 'java/lang/ClassNotFoundException'{0x000000008cdec958}: com/android/build/gradle/BaseExtensionBeanInfo> (0x000000008cdec958) thrown at [./src/hotspot/share/classfile/systemDictionary.cpp, line 231]
Event: 7.960 Thread 0x000001f1145aa800 Exception <a 'java/lang/ClassNotFoundException'{0x000000008cc03928}: com/android/build/gradle/BaseExtensionCustomizer> (0x000000008cc03928) thrown at [./src/hotspot/share/classfile/systemDictionary.cpp, line 231]
Event: 7.961 Thread 0x000001f1145aa800 Exception <a 'java/lang/ClassNotFoundException'{0x000000008cc72cd0}: com/android/build/gradle/TestedExtensionCustomizer> (0x000000008cc72cd0) thrown at [./src/hotspot/share/classfile/systemDictionary.cpp, line 231]
Event: 7.963 Thread 0x000001f1145aa800 Exception <a 'java/lang/ClassNotFoundException'{0x000000008cca4d38}: com/android/build/gradle/AbstractAppExtensionCustomizer> (0x000000008cca4d38) thrown at [./src/hotspot/share/classfile/systemDictionary.cpp, line 231]
Event: 7.963 Thread 0x000001f1145aa800 Exception <a 'java/lang/ClassNotFoundException'{0x000000008ccd1a38}: com/android/build/gradle/AppExtensionCustomizer> (0x000000008ccd1a38) thrown at [./src/hotspot/share/classfile/systemDictionary.cpp, line 231]
Event: 7.964 Thread 0x000001f1145aa800 Exception <a 'java/lang/ClassNotFoundException'{0x000000008cb01420}: com/android/build/gradle/internal/dsl/BaseAppModuleExtensionCustomizer> (0x000000008cb01420) thrown at [./src/hotspot/share/classfile/systemDictionary.cpp, line 231]
Event: 7.967 Thread 0x000001f1145aa800 Exception <a 'java/lang/ClassNotFoundException'{0x000000008cbd0198}: com/android/build/gradle/internal/dsl/BaseAppModuleExtension_DecoratedCustomizer> (0x000000008cbd0198) thrown at [./src/hotspot/share/classfile/systemDictionary.cpp, line 231]
Event: 7.981 Thread 0x000001f1145aa800 Exception <a 'java/lang/ClassNotFoundException'{0x000000008c834ab0}: com/android/build/gradle/internal/dsl/DefaultConfig_DecoratedBeanInfo> (0x000000008c834ab0) thrown at [./src/hotspot/share/classfile/systemDictionary.cpp, line 231]
Event: 7.981 Thread 0x000001f1145aa800 Exception <a 'java/lang/ClassNotFoundException'{0x000000008c84f0c0}: com/android/build/gradle/internal/dsl/DefaultConfigBeanInfo> (0x000000008c84f0c0) thrown at [./src/hotspot/share/classfile/systemDictionary.cpp, line 231]
Event: 7.981 Thread 0x000001f1145aa800 Exception <a 'java/lang/ClassNotFoundException'{0x000000008c8684b0}: com/android/build/gradle/internal/dsl/BaseFlavorBeanInfo> (0x000000008c8684b0) thrown at [./src/hotspot/share/classfile/systemDictionary.cpp, line 231]
Event: 7.982 Thread 0x000001f1145aa800 Exception <a 'java/lang/ClassNotFoundException'{0x000000008c881960}: com/android/builder/core/AbstractProductFlavorBeanInfo> (0x000000008c881960) thrown at [./src/hotspot/share/classfile/systemDictionary.cpp, line 231]
Event: 7.982 Thread 0x000001f1145aa800 Exception <a 'java/lang/ClassNotFoundException'{0x000000008c89ac80}: com/android/builder/internal/BaseConfigImplBeanInfo> (0x000000008c89ac80) thrown at [./src/hotspot/share/classfile/systemDictionary.cpp, line 231]
Event: 7.983 Thread 0x000001f1145aa800 Exception <a 'java/lang/ClassNotFoundException'{0x000000008c8b3d68}: com/android/builder/internal/BaseConfigImplCustomizer> (0x000000008c8b3d68) thrown at [./src/hotspot/share/classfile/systemDictionary.cpp, line 231]
Event: 7.983 Thread 0x000001f1145aa800 Implicit null exception at 0x000001f107d02e8e to 0x000001f107d034d4
Event: 7.985 Thread 0x000001f1145aa800 Exception <a 'java/lang/ClassNotFoundException'{0x000000008c8eb870}: com/android/builder/core/AbstractProductFlavorCustomizer> (0x000000008c8eb870) thrown at [./src/hotspot/share/classfile/systemDictionary.cpp, line 231]
Event: 7.987 Thread 0x000001f1145aa800 Exception <a 'java/lang/ClassNotFoundException'{0x000000008c73d918}: com/android/build/gradle/internal/dsl/BaseFlavorCustomizer> (0x000000008c73d918) thrown at [./src/hotspot/share/classfile/systemDictionary.cpp, line 231]
Event: 7.990 Thread 0x000001f1145aa800 Exception <a 'java/lang/ClassNotFoundException'{0x000000008c7b5418}: com/android/build/gradle/internal/dsl/DefaultConfigCustomizer> (0x000000008c7b5418) thrown at [./src/hotspot/share/classfile/systemDictionary.cpp, line 231]
Event: 7.991 Thread 0x000001f1145aa800 Exception <a 'java/lang/ClassNotFoundException'{0x000000008c7e87a0}: com/android/build/gradle/internal/dsl/DefaultConfig_DecoratedCustomizer> (0x000000008c7e87a0) thrown at [./src/hotspot/share/classfile/systemDictionary.cpp, line 231]
Event: 8.000 Thread 0x000001f1145aa800 Exception <a 'java/lang/ClassNotFoundException'{0x000000008c52cf80}: org/gradle/api/internal/NamedDomainObjectContainerConfigureDelegateBeanInfo> (0x000000008c52cf80) thrown at [./src/hotspot/share/classfile/systemDictionary.cpp, line 231]
Event: 8.001 Thread 0x000001f1145aa800 Exception <a 'java/lang/ClassNotFoundException'{0x000000008c564478}: org/gradle/api/internal/NamedDomainObjectContainerConfigureDelegateCustomizer> (0x000000008c564478) thrown at [./src/hotspot/share/classfile/systemDictionary.cpp, line 231]

Events (20 events):
Event: 7.999 loading class org/gradle/api/internal/NamedDomainObjectContainerConfigureDelegateBeanInfo
Event: 7.999 loading class org/gradle/api/internal/NamedDomainObjectContainerConfigureDelegateBeanInfo done
Event: 8.000 loading class org/gradle/api/internal/NamedDomainObjectContainerConfigureDelegateBeanInfo
Event: 8.000 loading class org/gradle/api/internal/NamedDomainObjectContainerConfigureDelegateBeanInfo done
Event: 8.000 loading class org/gradle/api/internal/NamedDomainObjectContainerConfigureDelegateBeanInfo
Event: 8.000 loading class org/gradle/api/internal/NamedDomainObjectContainerConfigureDelegateBeanInfo done
Event: 8.000 loading class org/gradle/api/internal/NamedDomainObjectContainerConfigureDelegateBeanInfo
Event: 8.000 loading class org/gradle/api/internal/NamedDomainObjectContainerConfigureDelegateBeanInfo done
Event: 8.001 loading class org/gradle/api/internal/NamedDomainObjectContainerConfigureDelegateCustomizer
Event: 8.001 loading class org/gradle/api/internal/NamedDomainObjectContainerConfigureDelegateCustomizer done
Event: 8.001 loading class org/gradle/api/internal/NamedDomainObjectContainerConfigureDelegateCustomizer
Event: 8.001 loading class org/gradle/api/internal/NamedDomainObjectContainerConfigureDelegateCustomizer done
Event: 8.001 loading class org/gradle/api/internal/NamedDomainObjectContainerConfigureDelegateCustomizer
Event: 8.001 loading class org/gradle/api/internal/NamedDomainObjectContainerConfigureDelegateCustomizer done
Event: 8.001 loading class org/gradle/api/internal/NamedDomainObjectContainerConfigureDelegateCustomizer
Event: 8.001 loading class org/gradle/api/internal/NamedDomainObjectContainerConfigureDelegateCustomizer done
Event: 8.002 loading class groovy/runtime/metaclass/build_9aus7a9yd7c27fog8y4ihe2mk$_run_closure1$_closure4$_closure7MetaClass
Event: 8.002 loading class groovy/runtime/metaclass/build_9aus7a9yd7c27fog8y4ihe2mk$_run_closure1$_closure4$_closure7MetaClass done
Event: 8.003 loading class groovy/runtime/metaclass/org/gradle/api/internal/FactoryNamedDomainObjectContainer_DecoratedMetaClass
Event: 8.003 loading class groovy/runtime/metaclass/org/gradle/api/internal/FactoryNamedDomainObjectContainer_DecoratedMetaClass done


Dynamic libraries:
0x00007ff70b500000 - 0x00007ff70b50a000 	C:\Program Files\Android\Android Studio\jre\bin\java.exe
0x00007ffcb91f0000 - 0x00007ffcb93e5000 	C:\windows\SYSTEM32\ntdll.dll
0x00007ffc98b20000 - 0x00007ffc98b36000 	C:\Program Files\Avast Software\Avast\aswhook.dll
0x00007ffcb7910000 - 0x00007ffcb79ce000 	C:\windows\System32\KERNEL32.DLL
0x00007ffcb6b00000 - 0x00007ffcb6dc8000 	C:\windows\System32\KERNELBASE.dll
0x00007ffcb6900000 - 0x00007ffcb6a00000 	C:\windows\System32\ucrtbase.dll
0x00007ffcaca40000 - 0x00007ffcaca59000 	C:\Program Files\Android\Android Studio\jre\bin\jli.dll
0x00007ffc9ea70000 - 0x00007ffc9ea87000 	C:\Program Files\Android\Android Studio\jre\bin\VCRUNTIME140.dll
0x00007ffcb79d0000 - 0x00007ffcb7b70000 	C:\windows\System32\USER32.dll
0x00007ffcb6f00000 - 0x00007ffcb6f22000 	C:\windows\System32\win32u.dll
0x00007ffcb5ca0000 - 0x00007ffcb5f3a000 	C:\windows\WinSxS\amd64_microsoft.windows.common-controls_6595b64144ccf1df_6.0.19041.1110_none_60b5254171f9507e\COMCTL32.dll
0x00007ffcb73e0000 - 0x00007ffcb740b000 	C:\windows\System32\GDI32.dll
0x00007ffcb7470000 - 0x00007ffcb750e000 	C:\windows\System32\msvcrt.dll
0x00007ffcb7130000 - 0x00007ffcb723d000 	C:\windows\System32\gdi32full.dll
0x00007ffcb6dd0000 - 0x00007ffcb6e6d000 	C:\windows\System32\msvcp_win.dll
0x00007ffcb9180000 - 0x00007ffcb91b0000 	C:\windows\System32\IMM32.DLL
0x00007ffc975c0000 - 0x00007ffc9765d000 	C:\Program Files\Android\Android Studio\jre\bin\msvcp140.dll
0x00007ffc45310000 - 0x00007ffc45ddf000 	C:\Program Files\Android\Android Studio\jre\bin\server\jvm.dll
0x00007ffcb9020000 - 0x00007ffcb90ce000 	C:\windows\System32\ADVAPI32.dll
0x00007ffcb7510000 - 0x00007ffcb75ac000 	C:\windows\System32\sechost.dll
0x00007ffcb7de0000 - 0x00007ffcb7f05000 	C:\windows\System32\RPCRT4.dll
0x00007ffcb7c40000 - 0x00007ffcb7c48000 	C:\windows\System32\PSAPI.DLL
0x00007ffc9ff30000 - 0x00007ffc9ff39000 	C:\windows\SYSTEM32\WSOCK32.dll
0x00007ffcacf30000 - 0x00007ffcacf3a000 	C:\windows\SYSTEM32\VERSION.dll
0x00007ffc9f820000 - 0x00007ffc9f847000 	C:\windows\SYSTEM32\WINMM.dll
0x00007ffcb7c50000 - 0x00007ffcb7cbb000 	C:\windows\System32\WS2_32.dll
0x00007ffcb4b30000 - 0x00007ffcb4b42000 	C:\windows\SYSTEM32\kernel.appcore.dll
0x00007ffcaeb40000 - 0x00007ffcaeb51000 	C:\Program Files\Android\Android Studio\jre\bin\verify.dll
0x00007ffcb6220000 - 0x00007ffcb6404000 	C:\windows\SYSTEM32\DBGHELP.DLL
0x00007ffcb6050000 - 0x00007ffcb607c000 	C:\windows\SYSTEM32\dbgcore.DLL
0x00007ffcb6e70000 - 0x00007ffcb6ef2000 	C:\windows\System32\bcryptPrimitives.dll
0x00007ffcaeb10000 - 0x00007ffcaeb39000 	C:\Program Files\Android\Android Studio\jre\bin\java.dll
0x00007ffcaeb00000 - 0x00007ffcaeb0b000 	C:\Program Files\Android\Android Studio\jre\bin\jimage.dll
0x00007ffcaeae0000 - 0x00007ffcaeaf8000 	C:\Program Files\Android\Android Studio\jre\bin\zip.dll
0x00007ffcb8370000 - 0x00007ffcb8ab4000 	C:\windows\System32\SHELL32.dll
0x00007ffcb4380000 - 0x00007ffcb4b14000 	C:\windows\SYSTEM32\windows.storage.dll
0x00007ffcb75b0000 - 0x00007ffcb7905000 	C:\windows\System32\combase.dll
0x00007ffcb5c00000 - 0x00007ffcb5c2e000 	C:\windows\SYSTEM32\Wldp.dll
0x00007ffcb7cc0000 - 0x00007ffcb7d6d000 	C:\windows\System32\SHCORE.dll
0x00007ffcb7410000 - 0x00007ffcb7465000 	C:\windows\System32\shlwapi.dll
0x00007ffcb6840000 - 0x00007ffcb685f000 	C:\windows\SYSTEM32\profapi.dll
0x00007ffcaeac0000 - 0x00007ffcaeada000 	C:\Program Files\Android\Android Studio\jre\bin\net.dll
0x00007ffca1980000 - 0x00007ffca1a8c000 	C:\windows\SYSTEM32\WINHTTP.dll
0x00007ffcb5ad0000 - 0x00007ffcb5b3a000 	C:\windows\system32\mswsock.dll
0x00007ffcadf00000 - 0x00007ffcadf14000 	C:\Program Files\Android\Android Studio\jre\bin\nio.dll
0x00007ffc9a520000 - 0x00007ffc9a547000 	C:\Users\musta\.gradle\native\8bec1ad78214c89d9ad589b4d07fe93259594b29d510b10fafb7a158f7737e5d\windows-amd64\native-platform.dll
0x00007ffc7dc10000 - 0x00007ffc7dd4d000 	C:\Users\musta\.gradle\native\53dbd7edfb1c66fb8903c78663c9afc45aea4f116125fa6feffd364cf09443e8\windows-amd64\native-platform-file-events.dll
0x00007ffcadd50000 - 0x00007ffcadd5a000 	C:\Program Files\Android\Android Studio\jre\bin\management.dll
0x00007ffcacf40000 - 0x00007ffcacf4c000 	C:\Program Files\Android\Android Studio\jre\bin\management_ext.dll
0x00007ffcb65b0000 - 0x00007ffcb65c8000 	C:\windows\SYSTEM32\CRYPTSP.dll
0x00007ffcb5300000 - 0x00007ffcb5334000 	C:\windows\system32\rsaenh.dll
0x00007ffcb6f30000 - 0x00007ffcb6f57000 	C:\windows\System32\bcrypt.dll
0x00007ffcb6800000 - 0x00007ffcb682e000 	C:\windows\SYSTEM32\USERENV.dll
0x00007ffcb5bc0000 - 0x00007ffcb5bcc000 	C:\windows\SYSTEM32\CRYPTBASE.dll
0x00007ffcb5650000 - 0x00007ffcb568b000 	C:\windows\SYSTEM32\IPHLPAPI.DLL
0x00007ffcb7c30000 - 0x00007ffcb7c38000 	C:\windows\System32\NSI.dll
0x00007ffcaae60000 - 0x00007ffcaae77000 	C:\windows\SYSTEM32\dhcpcsvc6.DLL
0x00007ffcaad90000 - 0x00007ffcaadad000 	C:\windows\SYSTEM32\dhcpcsvc.DLL
0x00007ffcb5690000 - 0x00007ffcb575b000 	C:\windows\SYSTEM32\DNSAPI.dll

dbghelp: loaded successfully - version: 4.0.5 - missing functions: none
symbol engine: initialized successfully - sym options: 0x614 - pdb path: .;C:\Program Files\Android\Android Studio\jre\bin;C:\windows\SYSTEM32;C:\Program Files\Avast Software\Avast;C:\windows\WinSxS\amd64_microsoft.windows.common-controls_6595b64144ccf1df_6.0.19041.1110_none_60b5254171f9507e;C:\Program Files\Android\Android Studio\jre\bin\server;C:\Users\musta\.gradle\native\8bec1ad78214c89d9ad589b4d07fe93259594b29d510b10fafb7a158f7737e5d\windows-amd64;C:\Users\musta\.gradle\native\53dbd7edfb1c66fb8903c78663c9afc45aea4f116125fa6feffd364cf09443e8\windows-amd64

VM Arguments:
jvm_args: --add-opens=java.base/java.util=ALL-UNNAMED --add-opens=java.base/java.lang=ALL-UNNAMED --add-opens=java.base/java.lang.invoke=ALL-UNNAMED --add-opens=java.base/java.util=ALL-UNNAMED --add-opens=java.prefs/java.util.prefs=ALL-UNNAMED --add-opens=java.prefs/java.util.prefs=ALL-UNNAMED --add-opens=java.base/java.nio.charset=ALL-UNNAMED --add-opens=java.base/java.net=ALL-UNNAMED --add-opens=java.base/java.util.concurrent.atomic=ALL-UNNAMED -Xmx2048m -Dfile.encoding=UTF-8 -Duser.country=US -Duser.language=en -Duser.variant 
java_command: org.gradle.launcher.daemon.bootstrap.GradleDaemon 7.0.2
java_class_path (initial): C:\Users\musta\.gradle\wrapper\dists\gradle-7.0.2-bin\857tjihv64xamwrf0h14cai3r\gradle-7.0.2\lib\gradle-launcher-7.0.2.jar
Launcher Type: SUN_STANDARD

[Global flags]
     intx CICompilerCount                          = 4                                         {product} {ergonomic}
     uint ConcGCThreads                            = 2                                         {product} {ergonomic}
     uint G1ConcRefinementThreads                  = 8                                         {product} {ergonomic}
   size_t G1HeapRegionSize                         = 1048576                                   {product} {ergonomic}
    uintx GCDrainStackTargetSize                   = 64                                        {product} {ergonomic}
   size_t InitialHeapSize                          = 266338304                                 {product} {ergonomic}
   size_t MarkStackSize                            = 4194304                                   {product} {ergonomic}
   size_t MaxHeapSize                              = 2147483648                                {product} {command line}
   size_t MaxNewSize                               = 1287651328                                {product} {ergonomic}
   size_t MinHeapDeltaBytes                        = 1048576                                   {product} {ergonomic}
    uintx NonNMethodCodeHeapSize                   = 5836300                                {pd product} {ergonomic}
    uintx NonProfiledCodeHeapSize                  = 122910970                              {pd product} {ergonomic}
    uintx ProfiledCodeHeapSize                     = 122910970                              {pd product} {ergonomic}
    uintx ReservedCodeCacheSize                    = 251658240                              {pd product} {ergonomic}
     bool SegmentedCodeCache                       = true                                      {product} {ergonomic}
     bool UseCompressedClassPointers               = true                                 {lp64_product} {ergonomic}
     bool UseCompressedOops                        = true                                 {lp64_product} {ergonomic}
     bool UseG1GC                                  = true                                      {product} {ergonomic}
     bool UseLargePagesIndividualAllocation        = false                                  {pd product} {ergonomic}

Logging:
Log output configuration:
 #0: stdout all=warning uptime,level,tags
 #1: stderr all=off uptime,level,tags

Environment Variables:
PATH=C:\windows\system32;C:\windows;C:\windows\System32\Wbem;C:\windows\System32\WindowsPowerShell\v1.0\;C:\windows\System32\OpenSSH\;C:\Program Files\Git\cmd;C:\Users\musta\AppData\Roaming\nvm;C:\Program Files\nodejs;C:\Users\musta\AppData\Local\Microsoft\WindowsApps;C:\Users\musta\AppData\Local\Programs\Microsoft VS Code\bin;C:\Users\musta\AppData\Roaming\npm;C:\Users\musta\AppData\Roaming\nvm;C:\Program Files\nodejs;C:\MinGW\bin;
USERNAME=musta
OS=Windows_NT
PROCESSOR_IDENTIFIER=Intel64 Family 6 Model 142 Stepping 10, GenuineIntel



---------------  S Y S T E M  ---------------

OS: Windows 10 , 64 bit Build 19041 (10.0.19041.1503)
OS uptime: 4 days 1:20 hours

CPU:total 8 (initial active 8) (4 cores per cpu, 2 threads per core) family 6 model 142 stepping 10 microcode 0xb4, cmov, cx8, fxsr, mmx, sse, sse2, sse3, ssse3, sse4.1, sse4.2, popcnt, avx, avx2, aes, clmul, erms, rtm, 3dnowpref, lzcnt, ht, tsc, tscinvbit, bmi1, bmi2, adx, fma

Memory: 4k page, system-wide physical 16243M (2710M free)
TotalPageFile size 19783M (AvailPageFile size 7M)
current process WorkingSet (physical memory assigned to process): 422M, peak: 422M
current process commit charge ("private bytes"): 507M, peak: 507M

vm_info: OpenJDK 64-Bit Server VM (11.0.10+0-b96-7249189) for windows-amd64 JRE (11.0.10+0-b96-7249189), built on Mar 31 2021 21:44:00 by "builder" with MS VC++ 14.0 (VS2015)

END.
